

================================================================
== Vitis HLS Report for 'fir'
================================================================
* Date:           Thu Jun  4 17:02:56 2026

* Version:        2025.2 (Build 6295257 on Nov 12 2025)
* Project:        04_ap-shift-reg_script
* Solution:       hls (Vivado IP Flow Target)
* Product family: zynq
* Target device:  xc7z020-clg484-3


================================================================
== Performance Estimates
================================================================
+ Timing: 
    * Summary: 
    +--------+----------+----------+------------+
    |  Clock |  Target  | Estimated| Uncertainty|
    +--------+----------+----------+------------+
    |ap_clk  |  10.00 ns|  2.686 ns|     2.70 ns|
    +--------+----------+----------+------------+

+ Latency: 
    * Summary: 
    +---------+---------+----------+----------+-----+-----+---------+
    |  Latency (cycles) |  Latency (absolute) |  Interval | Pipeline|
    |   min   |   max   |    min   |    max   | min | max |   Type  |
    +---------+---------+----------+----------+-----+-----+---------+
    |       56|       56|  0.560 us|  0.560 us|   57|   57|       no|
    +---------+---------+----------+----------+-----+-----+---------+

    + Detail: 
        * Instance: 
        N/A

        * Loop: 
        +------------+---------+---------+----------+-----------+-----------+------+----------+
        |            |  Latency (cycles) | Iteration|  Initiation Interval  | Trip |          |
        |  Loop Name |   min   |   max   |  Latency |  achieved |   target  | Count| Pipelined|
        +------------+---------+---------+----------+-----------+-----------+------+----------+
        |- mac_loop  |       55|       55|         5|          -|          -|    11|        no|
        +------------+---------+---------+----------+-----------+-----------+------+----------+

============================================================
+ Verbose Summary: Synthesis Manager
============================================================
InlineROM: 1
ExposeGlobal: 0
============================================================
+ Verbose Summary: CDFG Model
============================================================
IsTopModel: 1
ResetActiveHigh: 1
IsCombinational: 0
IsDatapathOnly: 0
HasWiredReturn: 1
HasMFsm: 0
HasVarLatency: 1
IsPipeline: 0
IsRtlPipelined: 0
IsInstanceOverlapped: 0
IsDontTouch: 0
HasImplIP: 0
IsGatedGlobalClock: 0


============================================================
+ Verbose Summary: Schedule
============================================================
* Number of FSM states : 6
* Pipeline : 0
* Dataflow Pipeline: 0

* FSM state transitions: 
1 --> 2 
2 --> 3 
3 --> 4 
4 --> 5 
5 --> 6 
6 --> 2 

* FSM state operations: 

State 1 <SV = 0> <Delay = 1.19>
ST_1 : Operation 7 [1/1] (0.00ns)   --->   "%acc = alloca i32 1" [fir.cpp:12]   --->   Operation 7 'alloca' 'acc' <Predicate = true> <Delay = 0.00>
ST_1 : Operation 8 [1/1] (0.00ns)   --->   "%i = alloca i32 1" [fir.cpp:18]   --->   Operation 8 'alloca' 'i' <Predicate = true> <Delay = 0.00>
ST_1 : Operation 9 [1/1] (0.00ns)   --->   "%spectopmodule_ln5 = spectopmodule void @_ssdm_op_SpecTopModule, void @empty_1" [fir.cpp:5]   --->   Operation 9 'spectopmodule' 'spectopmodule_ln5' <Predicate = true> <Delay = 0.00>
ST_1 : Operation 10 [1/1] (0.00ns)   --->   "%specbitsmap_ln0 = specbitsmap void @_ssdm_op_SpecBitsMap, i32 %y"   --->   Operation 10 'specbitsmap' 'specbitsmap_ln0' <Predicate = true> <Delay = 0.00>
ST_1 : Operation 11 [1/1] (0.00ns)   --->   "%specinterface_ln0 = specinterface void @_ssdm_op_SpecInterface, i32 %y, void @empty, i32 0, i32 0, void @empty_0, i32 0, i32 0, void @empty_0, void @empty_0, void @empty_0, i32 0, i32 0, i32 0, i32 0, void @empty_0, void @empty_0, i32 4294967295, i32 0, i32 0, i32 0"   --->   Operation 11 'specinterface' 'specinterface_ln0' <Predicate = true> <Delay = 0.00>
ST_1 : Operation 12 [1/1] (0.00ns)   --->   "%specbitsmap_ln0 = specbitsmap void @_ssdm_op_SpecBitsMap, i12 %x"   --->   Operation 12 'specbitsmap' 'specbitsmap_ln0' <Predicate = true> <Delay = 0.00>
ST_1 : Operation 13 [1/1] (0.00ns)   --->   "%specinterface_ln0 = specinterface void @_ssdm_op_SpecInterface, i12 %x, void @empty, i32 0, i32 0, void @empty_0, i32 0, i32 0, void @empty_0, void @empty_0, void @empty_0, i32 0, i32 0, i32 0, i32 0, void @empty_0, void @empty_0, i32 4294967295, i32 0, i32 0, i32 0"   --->   Operation 13 'specinterface' 'specinterface_ln0' <Predicate = true> <Delay = 0.00>
ST_1 : Operation 14 [1/1] (0.00ns)   --->   "%x_read = read i12 @_ssdm_op_Read.ap_auto.i12, i12 %x" [fir.cpp:5]   --->   Operation 14 'read' 'x_read' <Predicate = true> <Delay = 0.00>
ST_1 : Operation 15 [1/1] (1.19ns)   --->   "%p_02 = memshiftread i12 @_ssdm_op_MemShiftRead.[11 x i12]P0A, i12 0, i12 %x_read, i1 1" [fir.cpp:15]   --->   Operation 15 'memshiftread' 'p_02' <Predicate = true> <Delay = 1.19> <CoreInst = "ShiftReg">   --->   Core 76 'ShiftReg' <Latency = 0> <II = 1> <Delay = 1.19> <Storage> <Opcode : 'load' 'memshiftread'> <Ports = 1> <Width = 12> <Depth = 11> <ShiftMem>
ST_1 : Operation 16 [1/1] (1.14ns)   --->   "%store_ln18 = store i4 0, i4 %i" [fir.cpp:18]   --->   Operation 16 'store' 'store_ln18' <Predicate = true> <Delay = 1.14>
ST_1 : Operation 17 [1/1] (1.14ns)   --->   "%store_ln12 = store i26 0, i26 %acc" [fir.cpp:12]   --->   Operation 17 'store' 'store_ln12' <Predicate = true> <Delay = 1.14>
ST_1 : Operation 18 [1/1] (0.00ns)   --->   "%br_ln18 = br void %for.inc" [fir.cpp:18]   --->   Operation 18 'br' 'br_ln18' <Predicate = true> <Delay = 0.00>

State 2 <SV = 1> <Delay = 2.55>
ST_2 : Operation 19 [1/1] (0.00ns)   --->   "%i_1 = load i4 %i" [fir.cpp:18]   --->   Operation 19 'load' 'i_1' <Predicate = true> <Delay = 0.00>
ST_2 : Operation 20 [1/1] (1.40ns)   --->   "%icmp_ln18 = icmp_eq  i4 %i_1, i4 11" [fir.cpp:18]   --->   Operation 20 'icmp' 'icmp_ln18' <Predicate = true> <Delay = 1.40> <CoreInst = "Cmp">   --->   Core 9 'Cmp' <Latency = 0> <II = 1> <Delay = 1.40> <FuncUnit> <Opcode : 'seteq' 'setne' 'setle' 'setge' 'setlt' 'setgt'> <InPorts = 2> <OutPorts = 1>
ST_2 : Operation 21 [1/1] (1.40ns)   --->   "%add_ln18 = add i4 %i_1, i4 1" [fir.cpp:18]   --->   Operation 21 'add' 'add_ln18' <Predicate = true> <Delay = 1.40> <CoreInst = "Adder">   --->   Core 1 'Adder' <Latency = 0> <II = 1> <Delay = 1.40> <FuncUnit> <Opcode : 'add' 'sub'> <InPorts = 2> <OutPorts = 1>
ST_2 : Operation 22 [1/1] (0.00ns)   --->   "%br_ln18 = br i1 %icmp_ln18, void %for.inc.split, void %for.end" [fir.cpp:18]   --->   Operation 22 'br' 'br_ln18' <Predicate = true> <Delay = 0.00>
ST_2 : Operation 23 [1/1] (0.00ns)   --->   "%zext_ln18 = zext i4 %i_1" [fir.cpp:18]   --->   Operation 23 'zext' 'zext_ln18' <Predicate = (!icmp_ln18)> <Delay = 0.00>
ST_2 : Operation 24 [1/1] (0.00ns)   --->   "%shift_reg_addr = getelementptr i12 %shift_reg, i64 0, i64 %zext_ln18" [fir.cpp:20]   --->   Operation 24 'getelementptr' 'shift_reg_addr' <Predicate = (!icmp_ln18)> <Delay = 0.00>
ST_2 : Operation 25 [1/1] (0.00ns)   --->   "%c_addr = getelementptr i10 %c, i64 0, i64 %zext_ln18" [fir.cpp:20]   --->   Operation 25 'getelementptr' 'c_addr' <Predicate = (!icmp_ln18)> <Delay = 0.00>
ST_2 : Operation 26 [2/2] (1.56ns)   --->   "%c_load = load i4 %c_addr" [fir.cpp:20]   --->   Operation 26 'load' 'c_load' <Predicate = (!icmp_ln18)> <Delay = 1.56> <CoreInst = "ROM">   --->   Core 94 'ROM' <Latency = 1> <II = 1> <Delay = 1.56> <Storage> <Opcode : 'load'> <Ports = 0> <Width = 10> <Depth = 11> <ROM>
ST_2 : Operation 27 [1/1] (1.14ns)   --->   "%store_ln18 = store i4 %add_ln18, i4 %i" [fir.cpp:18]   --->   Operation 27 'store' 'store_ln18' <Predicate = (!icmp_ln18)> <Delay = 1.14>
ST_2 : Operation 28 [1/1] (0.00ns)   --->   "%acc_load_1 = load i26 %acc" [fir.cpp:25]   --->   Operation 28 'load' 'acc_load_1' <Predicate = (icmp_ln18)> <Delay = 0.00>
ST_2 : Operation 29 [1/1] (0.00ns)   --->   "%sext_ln25 = sext i26 %acc_load_1" [fir.cpp:25]   --->   Operation 29 'sext' 'sext_ln25' <Predicate = (icmp_ln18)> <Delay = 0.00>
ST_2 : Operation 30 [1/1] (0.00ns)   --->   "%write_ln25 = write void @_ssdm_op_Write.ap_auto.i32P0A, i32 %y, i32 %sext_ln25" [fir.cpp:25]   --->   Operation 30 'write' 'write_ln25' <Predicate = (icmp_ln18)> <Delay = 0.00>
ST_2 : Operation 31 [1/1] (0.00ns)   --->   "%ret_ln26 = ret" [fir.cpp:26]   --->   Operation 31 'ret' 'ret_ln26' <Predicate = (icmp_ln18)> <Delay = 0.00>

State 3 <SV = 2> <Delay = 2.49>
ST_3 : Operation 32 [1/1] (1.19ns)   --->   "%p_0 = memshiftread i12 @_ssdm_op_MemShiftRead.[11 x i12]P0A, i4 %shift_reg_addr, i12 0, i1 0" [fir.cpp:20]   --->   Operation 32 'memshiftread' 'p_0' <Predicate = true> <Delay = 1.19> <CoreInst = "ShiftReg">   --->   Core 76 'ShiftReg' <Latency = 0> <II = 1> <Delay = 1.19> <Storage> <Opcode : 'load' 'memshiftread'> <Ports = 1> <Width = 12> <Depth = 11> <ShiftMem>
ST_3 : Operation 33 [1/1] (0.00ns)   --->   "%zext_ln20 = zext i12 %p_0" [fir.cpp:20]   --->   Operation 33 'zext' 'zext_ln20' <Predicate = true> <Delay = 0.00>
ST_3 : Operation 34 [1/2] ( I:1.56ns O:1.56ns )   --->   "%c_load = load i4 %c_addr" [fir.cpp:20]   --->   Operation 34 'load' 'c_load' <Predicate = true> <Delay = 1.56> <CoreInst = "ROM">   --->   Core 94 'ROM' <Latency = 1> <II = 1> <Delay = 1.56> <Storage> <Opcode : 'load'> <Ports = 0> <Width = 10> <Depth = 11> <ROM>
ST_3 : Operation 35 [1/1] (0.00ns)   --->   "%sext_ln20 = sext i10 %c_load" [fir.cpp:20]   --->   Operation 35 'sext' 'sext_ln20' <Predicate = true> <Delay = 0.00>
ST_3 : Operation 36 [3/3] (0.93ns) (grouped into DSP with root node acc_1)   --->   "%mul_ln20 = mul i22 %zext_ln20, i22 %sext_ln20" [fir.cpp:20]   --->   Operation 36 'mul' 'mul_ln20' <Predicate = true> <Delay = 0.93> <CoreInst = "DSP48">   --->   Core 116 'DSP48' <Latency = 3> <II = 1> <Delay = 1.59> <IPBlock> <Opcode : 'add' 'sub' 'mul' 'select'> <InPorts = 0> <OutPorts = 1> <Sync> <CReg>

State 4 <SV = 3> <Delay = 0.93>
ST_4 : Operation 37 [2/3] (0.93ns) (grouped into DSP with root node acc_1)   --->   "%mul_ln20 = mul i22 %zext_ln20, i22 %sext_ln20" [fir.cpp:20]   --->   Operation 37 'mul' 'mul_ln20' <Predicate = true> <Delay = 0.93> <CoreInst = "DSP48">   --->   Core 116 'DSP48' <Latency = 3> <II = 1> <Delay = 1.59> <IPBlock> <Opcode : 'add' 'sub' 'mul' 'select'> <InPorts = 0> <OutPorts = 1> <Sync> <CReg>

State 5 <SV = 4> <Delay = 1.54>
ST_5 : Operation 38 [1/1] (0.00ns)   --->   "%acc_load = load i26 %acc" [fir.cpp:20]   --->   Operation 38 'load' 'acc_load' <Predicate = true> <Delay = 0.00>
ST_5 : Operation 39 [1/3] (0.00ns) (grouped into DSP with root node acc_1)   --->   "%mul_ln20 = mul i22 %zext_ln20, i22 %sext_ln20" [fir.cpp:20]   --->   Operation 39 'mul' 'mul_ln20' <Predicate = true> <Delay = 0.00> <CoreInst = "DSP48">   --->   Core 116 'DSP48' <Latency = 3> <II = 1> <Delay = 1.59> <IPBlock> <Opcode : 'add' 'sub' 'mul' 'select'> <InPorts = 0> <OutPorts = 1> <Sync> <CReg>
ST_5 : Operation 40 [1/1] (0.00ns) (grouped into DSP with root node acc_1)   --->   "%sext_ln20_1 = sext i22 %mul_ln20" [fir.cpp:20]   --->   Operation 40 'sext' 'sext_ln20_1' <Predicate = true> <Delay = 0.00>
ST_5 : Operation 41 [2/2] (1.54ns) (root node of the DSP)   --->   "%acc_1 = add i26 %sext_ln20_1, i26 %acc_load" [fir.cpp:20]   --->   Operation 41 'add' 'acc_1' <Predicate = true> <Delay = 1.54> <CoreInst = "DSP48">   --->   Core 116 'DSP48' <Latency = 3> <II = 1> <Delay = 1.59> <IPBlock> <Opcode : 'add' 'sub' 'mul' 'select'> <InPorts = 0> <OutPorts = 1> <Sync> <CReg>

State 6 <SV = 5> <Delay = 2.68>
ST_6 : Operation 42 [1/1] (0.00ns)   --->   "%speclooptripcount_ln12 = speclooptripcount void @_ssdm_op_SpecLoopTripCount, i64 11, i64 11, i64 11" [fir.cpp:12]   --->   Operation 42 'speclooptripcount' 'speclooptripcount_ln12' <Predicate = true> <Delay = 0.00>
ST_6 : Operation 43 [1/1] (0.00ns)   --->   "%specloopname_ln18 = specloopname void @_ssdm_op_SpecLoopName, void @empty_2" [fir.cpp:18]   --->   Operation 43 'specloopname' 'specloopname_ln18' <Predicate = true> <Delay = 0.00>
ST_6 : Operation 44 [1/2] (1.54ns) (root node of the DSP)   --->   "%acc_1 = add i26 %sext_ln20_1, i26 %acc_load" [fir.cpp:20]   --->   Operation 44 'add' 'acc_1' <Predicate = true> <Delay = 1.54> <CoreInst = "DSP48">   --->   Core 116 'DSP48' <Latency = 3> <II = 1> <Delay = 1.59> <IPBlock> <Opcode : 'add' 'sub' 'mul' 'select'> <InPorts = 0> <OutPorts = 1> <Sync> <CReg>
ST_6 : Operation 45 [1/1] (1.14ns)   --->   "%store_ln12 = store i26 %acc_1, i26 %acc" [fir.cpp:12]   --->   Operation 45 'store' 'store_ln12' <Predicate = true> <Delay = 1.14>
ST_6 : Operation 46 [1/1] (0.00ns)   --->   "%br_ln18 = br void %for.inc" [fir.cpp:18]   --->   Operation 46 'br' 'br_ln18' <Predicate = true> <Delay = 0.00>


============================================================
+ Verbose Summary: Timing violations
============================================================
Target clock period: 10.000ns, clock uncertainty: 2.700ns.

 <State 1>: 1.192ns
The critical path consists of the following:
	wire read operation ('x_read', fir.cpp:5) on port 'x' (fir.cpp:5) [11]  (0.000 ns)
	'memshiftread' operation 12 bit ('p_02', fir.cpp:15) [12]  (1.192 ns)

 <State 2>: 2.552ns
The critical path consists of the following:
	'load' operation 4 bit ('i', fir.cpp:18) on local variable 'i', fir.cpp:18 [17]  (0.000 ns)
	'icmp' operation 1 bit ('icmp_ln18', fir.cpp:18) [18]  (1.406 ns)
	'store' operation ('store_ln18', fir.cpp:18) of variable 'add_ln18', fir.cpp:18 4 bit on local variable 'i', fir.cpp:18 [35]  (1.146 ns)

 <State 3>: 2.496ns
The critical path consists of the following:
	'load' operation 10 bit ('c_load', fir.cpp:20) on array 'c' [30]  (1.566 ns)
	'mul' operation 22 bit of DSP[34] ('mul_ln20', fir.cpp:20) [32]  (0.930 ns)

 <State 4>: 0.930ns
The critical path consists of the following:
	'mul' operation 22 bit of DSP[34] ('mul_ln20', fir.cpp:20) [32]  (0.930 ns)

 <State 5>: 1.540ns
The critical path consists of the following:
	'load' operation 26 bit ('acc_load', fir.cpp:20) on local variable 'acc', fir.cpp:12 [22]  (0.000 ns)
	'add' operation 26 bit of DSP[34] ('acc', fir.cpp:20) [34]  (1.540 ns)

 <State 6>: 2.686ns
The critical path consists of the following:
	'add' operation 26 bit of DSP[34] ('acc', fir.cpp:20) [34]  (1.540 ns)
	'store' operation ('store_ln12', fir.cpp:12) of variable 'acc', fir.cpp:20 26 bit on local variable 'acc', fir.cpp:12 [36]  (1.146 ns)


============================================================
+ Verbose Summary: Binding
============================================================
N/A
* FSMD analyzer results:
  - Output states:
 - Input state : 
  - Chain level:
	State 1
	State 2
	State 3
	State 4
	State 5
	State 6


============================================================
+ Verbose Summary: Datapath Resource usage 
============================================================
N/A
