
*** Running vivado
    with args -log spmv_0.vds -m64 -product Vivado -mode batch -messageDb vivado.pb -notrace -source spmv_0.tcl



****** Vivado v2025.2 (64-bit)
  **** SW Build 6299465 on Fri Nov 14 19:35:11 GMT 2025
  **** IP Build 6300035 on Fri Nov 14 10:48:45 MST 2025
  **** SharedData Build 6298862 on Thu Nov 13 04:50:51 MST 2025
  **** Start of session at: Mon Jun 15 12:36:34 2026
    ** Copyright 1986-2022 Xilinx, Inc. All Rights Reserved.
    ** Copyright 2022-2025 Advanced Micro Devices, Inc. All Rights Reserved.

source spmv_0.tcl -notrace
INFO: [IP_Flow 19-234] Refreshing IP repositories
INFO: [IP_Flow 19-1700] Loaded user IP repository 'c:/Users/stefa/Workspace/01-UNICAL/HLS/HLS_projects/build/project02_SpMV/09_partial-sums/ip_repo'.
INFO: [IP_Flow 19-2313] Loaded Vivado IP repository 'D:/Softwares/AMD-Design/2025.2/Vivado/data/ip'.
WARNING: [IP_Flow 19-4995] The host OS only allows 260 characters in a normal path. The IP cache path is more than 80 characters. If you experience issues with IP caching, please consider changing the IP cache to a location with a shorter path. Alternately consider using the OS subst command to map part of the path to a drive letter. 
Current IP cache path is c:/Users/stefa/Workspace/01-UNICAL/HLS/HLS_projects/build/project02_SpMV/09_partial-sums/vivado_prj/vivado_prj.cache/ip 
Command: synth_design -top spmv_0 -part xc7z020clg484-3 -incremental_mode off -mode out_of_context
Starting synth_design
Attempting to get a license for feature 'Synthesis' and/or device 'xc7z020'
INFO: [Common 17-349] Got license for feature 'Synthesis' and/or device 'xc7z020'
INFO: [Device 21-403] Loading part xc7z020clg484-3
INFO: [Synth 8-7079] Multithreading enabled for synth_design using a maximum of 2 processes.
INFO: [Synth 8-7078] Launching helper process for spawning children vivado processes
INFO: [Synth 8-7075] Helper process launched with PID 14880
---------------------------------------------------------------------------------
Starting RTL Elaboration : Time (s): cpu = 00:00:05 ; elapsed = 00:00:05 . Memory (MB): peak = 1315.891 ; gain = 539.910
---------------------------------------------------------------------------------
INFO: [Synth 8-638] synthesizing module 'spmv_0' [c:/Users/stefa/Workspace/01-UNICAL/HLS/HLS_projects/build/project02_SpMV/09_partial-sums/vivado_prj/vivado_prj.gen/sources_1/ip/spmv_0/synth/spmv_0.vhd:229]
INFO: [Synth 8-3491] module 'spmv' declared at 'c:/Users/stefa/Workspace/01-UNICAL/HLS/HLS_projects/build/project02_SpMV/09_partial-sums/vivado_prj/vivado_prj.gen/sources_1/ip/spmv_0/hdl/vhdl/spmv.vhd:11' bound to instance 'U0' of component 'spmv' [c:/Users/stefa/Workspace/01-UNICAL/HLS/HLS_projects/build/project02_SpMV/09_partial-sums/vivado_prj/vivado_prj.gen/sources_1/ip/spmv_0/synth/spmv_0.vhd:883]
INFO: [Synth 8-638] synthesizing module 'spmv' [c:/Users/stefa/Workspace/01-UNICAL/HLS/HLS_projects/build/project02_SpMV/09_partial-sums/vivado_prj/vivado_prj.gen/sources_1/ip/spmv_0/hdl/vhdl/spmv.vhd:184]
INFO: [Synth 8-3491] module 'spmv_spmv_Pipeline_L2_1' declared at 'c:/Users/stefa/Workspace/01-UNICAL/HLS/HLS_projects/build/project02_SpMV/09_partial-sums/vivado_prj/vivado_prj.gen/sources_1/ip/spmv_0/hdl/vhdl/spmv_spmv_Pipeline_L2_1.vhd:11' bound to instance 'grp_spmv_Pipeline_L2_1_fu_1128' of component 'spmv_spmv_Pipeline_L2_1' [c:/Users/stefa/Workspace/01-UNICAL/HLS/HLS_projects/build/project02_SpMV/09_partial-sums/vivado_prj/vivado_prj.gen/sources_1/ip/spmv_0/hdl/vhdl/spmv.vhd:567]
INFO: [Synth 8-638] synthesizing module 'spmv_spmv_Pipeline_L2_1' [c:/Users/stefa/Workspace/01-UNICAL/HLS/HLS_projects/build/project02_SpMV/09_partial-sums/vivado_prj/vivado_prj.gen/sources_1/ip/spmv_0/hdl/vhdl/spmv_spmv_Pipeline_L2_1.vhd:180]
	Parameter ID bound to: 1 - type: integer 
	Parameter NUM_STAGE bound to: 1 - type: integer 
	Parameter CASE0 bound to: 7'b0000000 
	Parameter din0_WIDTH bound to: 10 - type: integer 
	Parameter CASE1 bound to: 7'b0000001 
	Parameter din1_WIDTH bound to: 10 - type: integer 
	Parameter CASE2 bound to: 7'b0000010 
	Parameter din2_WIDTH bound to: 10 - type: integer 
	Parameter CASE3 bound to: 7'b0000011 
	Parameter din3_WIDTH bound to: 10 - type: integer 
	Parameter CASE4 bound to: 7'b0000100 
	Parameter din4_WIDTH bound to: 10 - type: integer 
	Parameter CASE5 bound to: 7'b0000101 
	Parameter din5_WIDTH bound to: 10 - type: integer 
	Parameter CASE6 bound to: 7'b0000110 
	Parameter din6_WIDTH bound to: 10 - type: integer 
	Parameter CASE7 bound to: 7'b0000111 
	Parameter din7_WIDTH bound to: 10 - type: integer 
	Parameter CASE8 bound to: 7'b0001000 
	Parameter din8_WIDTH bound to: 10 - type: integer 
	Parameter CASE9 bound to: 7'b0001001 
	Parameter din9_WIDTH bound to: 10 - type: integer 
	Parameter CASE10 bound to: 7'b0001010 
	Parameter din10_WIDTH bound to: 10 - type: integer 
	Parameter CASE11 bound to: 7'b0001011 
	Parameter din11_WIDTH bound to: 10 - type: integer 
	Parameter CASE12 bound to: 7'b0001100 
	Parameter din12_WIDTH bound to: 10 - type: integer 
	Parameter CASE13 bound to: 7'b0001101 
	Parameter din13_WIDTH bound to: 10 - type: integer 
	Parameter CASE14 bound to: 7'b0001110 
	Parameter din14_WIDTH bound to: 10 - type: integer 
	Parameter CASE15 bound to: 7'b0001111 
	Parameter din15_WIDTH bound to: 10 - type: integer 
	Parameter CASE16 bound to: 7'b0010000 
	Parameter din16_WIDTH bound to: 10 - type: integer 
	Parameter CASE17 bound to: 7'b0010001 
	Parameter din17_WIDTH bound to: 10 - type: integer 
	Parameter CASE18 bound to: 7'b0010010 
	Parameter din18_WIDTH bound to: 10 - type: integer 
	Parameter CASE19 bound to: 7'b0010011 
	Parameter din19_WIDTH bound to: 10 - type: integer 
	Parameter CASE20 bound to: 7'b0010100 
	Parameter din20_WIDTH bound to: 10 - type: integer 
	Parameter CASE21 bound to: 7'b0010101 
	Parameter din21_WIDTH bound to: 10 - type: integer 
	Parameter CASE22 bound to: 7'b0010110 
	Parameter din22_WIDTH bound to: 10 - type: integer 
	Parameter CASE23 bound to: 7'b0010111 
	Parameter din23_WIDTH bound to: 10 - type: integer 
	Parameter CASE24 bound to: 7'b0011000 
	Parameter din24_WIDTH bound to: 10 - type: integer 
	Parameter CASE25 bound to: 7'b0011001 
	Parameter din25_WIDTH bound to: 10 - type: integer 
	Parameter CASE26 bound to: 7'b0011010 
	Parameter din26_WIDTH bound to: 10 - type: integer 
	Parameter CASE27 bound to: 7'b0011011 
	Parameter din27_WIDTH bound to: 10 - type: integer 
	Parameter CASE28 bound to: 7'b0011100 
	Parameter din28_WIDTH bound to: 10 - type: integer 
	Parameter CASE29 bound to: 7'b0011101 
	Parameter din29_WIDTH bound to: 10 - type: integer 
	Parameter CASE30 bound to: 7'b0011110 
	Parameter din30_WIDTH bound to: 10 - type: integer 
	Parameter CASE31 bound to: 7'b0011111 
	Parameter din31_WIDTH bound to: 10 - type: integer 
	Parameter CASE32 bound to: 7'b0100000 
	Parameter din32_WIDTH bound to: 10 - type: integer 
	Parameter CASE33 bound to: 7'b0100001 
	Parameter din33_WIDTH bound to: 10 - type: integer 
	Parameter CASE34 bound to: 7'b0100010 
	Parameter din34_WIDTH bound to: 10 - type: integer 
	Parameter CASE35 bound to: 7'b0100011 
	Parameter din35_WIDTH bound to: 10 - type: integer 
	Parameter CASE36 bound to: 7'b0100100 
	Parameter din36_WIDTH bound to: 10 - type: integer 
	Parameter CASE37 bound to: 7'b0100101 
	Parameter din37_WIDTH bound to: 10 - type: integer 
	Parameter CASE38 bound to: 7'b0100110 
	Parameter din38_WIDTH bound to: 10 - type: integer 
	Parameter CASE39 bound to: 7'b0100111 
	Parameter din39_WIDTH bound to: 10 - type: integer 
	Parameter CASE40 bound to: 7'b0101000 
	Parameter din40_WIDTH bound to: 10 - type: integer 
	Parameter CASE41 bound to: 7'b0101001 
	Parameter din41_WIDTH bound to: 10 - type: integer 
	Parameter CASE42 bound to: 7'b0101010 
	Parameter din42_WIDTH bound to: 10 - type: integer 
	Parameter CASE43 bound to: 7'b0101011 
	Parameter din43_WIDTH bound to: 10 - type: integer 
	Parameter CASE44 bound to: 7'b0101100 
	Parameter din44_WIDTH bound to: 10 - type: integer 
	Parameter CASE45 bound to: 7'b0101101 
	Parameter din45_WIDTH bound to: 10 - type: integer 
	Parameter CASE46 bound to: 7'b0101110 
	Parameter din46_WIDTH bound to: 10 - type: integer 
	Parameter CASE47 bound to: 7'b0101111 
	Parameter din47_WIDTH bound to: 10 - type: integer 
	Parameter CASE48 bound to: 7'b0110000 
	Parameter din48_WIDTH bound to: 10 - type: integer 
	Parameter CASE49 bound to: 7'b0110001 
	Parameter din49_WIDTH bound to: 10 - type: integer 
	Parameter CASE50 bound to: 7'b0110010 
	Parameter din50_WIDTH bound to: 10 - type: integer 
	Parameter CASE51 bound to: 7'b0110011 
	Parameter din51_WIDTH bound to: 10 - type: integer 
	Parameter CASE52 bound to: 7'b0110100 
	Parameter din52_WIDTH bound to: 10 - type: integer 
	Parameter CASE53 bound to: 7'b0110101 
	Parameter din53_WIDTH bound to: 10 - type: integer 
	Parameter CASE54 bound to: 7'b0110110 
	Parameter din54_WIDTH bound to: 10 - type: integer 
	Parameter CASE55 bound to: 7'b0110111 
	Parameter din55_WIDTH bound to: 10 - type: integer 
	Parameter CASE56 bound to: 7'b0111000 
	Parameter din56_WIDTH bound to: 10 - type: integer 
	Parameter CASE57 bound to: 7'b0111001 
	Parameter din57_WIDTH bound to: 10 - type: integer 
	Parameter CASE58 bound to: 7'b0111010 
	Parameter din58_WIDTH bound to: 10 - type: integer 
	Parameter CASE59 bound to: 7'b0111011 
	Parameter din59_WIDTH bound to: 10 - type: integer 
	Parameter CASE60 bound to: 7'b0111100 
	Parameter din60_WIDTH bound to: 10 - type: integer 
	Parameter CASE61 bound to: 7'b0111101 
	Parameter din61_WIDTH bound to: 10 - type: integer 
	Parameter CASE62 bound to: 7'b0111110 
	Parameter din62_WIDTH bound to: 10 - type: integer 
	Parameter CASE63 bound to: 7'b0111111 
	Parameter din63_WIDTH bound to: 10 - type: integer 
	Parameter CASE64 bound to: 7'b1000000 
	Parameter din64_WIDTH bound to: 10 - type: integer 
	Parameter CASE65 bound to: 7'b1000001 
	Parameter din65_WIDTH bound to: 10 - type: integer 
	Parameter CASE66 bound to: 7'b1000010 
	Parameter din66_WIDTH bound to: 10 - type: integer 
	Parameter CASE67 bound to: 7'b1000011 
	Parameter din67_WIDTH bound to: 10 - type: integer 
	Parameter CASE68 bound to: 7'b1000100 
	Parameter din68_WIDTH bound to: 10 - type: integer 
	Parameter CASE69 bound to: 7'b1000101 
	Parameter din69_WIDTH bound to: 10 - type: integer 
	Parameter CASE70 bound to: 7'b1000110 
	Parameter din70_WIDTH bound to: 10 - type: integer 
	Parameter CASE71 bound to: 7'b1000111 
	Parameter din71_WIDTH bound to: 10 - type: integer 
	Parameter CASE72 bound to: 7'b1001000 
	Parameter din72_WIDTH bound to: 10 - type: integer 
	Parameter CASE73 bound to: 7'b1001001 
	Parameter din73_WIDTH bound to: 10 - type: integer 
	Parameter CASE74 bound to: 7'b1001010 
	Parameter din74_WIDTH bound to: 10 - type: integer 
	Parameter CASE75 bound to: 7'b1001011 
	Parameter din75_WIDTH bound to: 10 - type: integer 
	Parameter CASE76 bound to: 7'b1001100 
	Parameter din76_WIDTH bound to: 10 - type: integer 
	Parameter CASE77 bound to: 7'b1001101 
	Parameter din77_WIDTH bound to: 10 - type: integer 
	Parameter CASE78 bound to: 7'b1001110 
	Parameter din78_WIDTH bound to: 10 - type: integer 
	Parameter CASE79 bound to: 7'b1001111 
	Parameter din79_WIDTH bound to: 10 - type: integer 
	Parameter CASE80 bound to: 7'b1010000 
	Parameter din80_WIDTH bound to: 10 - type: integer 
	Parameter CASE81 bound to: 7'b1010001 
	Parameter din81_WIDTH bound to: 10 - type: integer 
	Parameter CASE82 bound to: 7'b1010010 
	Parameter din82_WIDTH bound to: 10 - type: integer 
	Parameter CASE83 bound to: 7'b1010011 
	Parameter din83_WIDTH bound to: 10 - type: integer 
	Parameter CASE84 bound to: 7'b1010100 
	Parameter din84_WIDTH bound to: 10 - type: integer 
	Parameter CASE85 bound to: 7'b1010101 
	Parameter din85_WIDTH bound to: 10 - type: integer 
	Parameter CASE86 bound to: 7'b1010110 
	Parameter din86_WIDTH bound to: 10 - type: integer 
	Parameter CASE87 bound to: 7'b1010111 
	Parameter din87_WIDTH bound to: 10 - type: integer 
	Parameter CASE88 bound to: 7'b1011000 
	Parameter din88_WIDTH bound to: 10 - type: integer 
	Parameter CASE89 bound to: 7'b1011001 
	Parameter din89_WIDTH bound to: 10 - type: integer 
	Parameter CASE90 bound to: 7'b1011010 
	Parameter din90_WIDTH bound to: 10 - type: integer 
	Parameter CASE91 bound to: 7'b1011011 
	Parameter din91_WIDTH bound to: 10 - type: integer 
	Parameter CASE92 bound to: 7'b1011100 
	Parameter din92_WIDTH bound to: 10 - type: integer 
	Parameter CASE93 bound to: 7'b1011101 
	Parameter din93_WIDTH bound to: 10 - type: integer 
	Parameter CASE94 bound to: 7'b1011110 
	Parameter din94_WIDTH bound to: 10 - type: integer 
	Parameter CASE95 bound to: 7'b1011111 
	Parameter din95_WIDTH bound to: 10 - type: integer 
	Parameter CASE96 bound to: 7'b1100000 
	Parameter din96_WIDTH bound to: 10 - type: integer 
	Parameter CASE97 bound to: 7'b1100001 
	Parameter din97_WIDTH bound to: 10 - type: integer 
	Parameter CASE98 bound to: 7'b1100010 
	Parameter din98_WIDTH bound to: 10 - type: integer 
	Parameter CASE99 bound to: 7'b1100011 
	Parameter din99_WIDTH bound to: 10 - type: integer 
	Parameter CASE100 bound to: 7'b1100100 
	Parameter din100_WIDTH bound to: 10 - type: integer 
	Parameter CASE101 bound to: 7'b1100101 
	Parameter din101_WIDTH bound to: 10 - type: integer 
	Parameter CASE102 bound to: 7'b1100110 
	Parameter din102_WIDTH bound to: 10 - type: integer 
	Parameter CASE103 bound to: 7'b1100111 
	Parameter din103_WIDTH bound to: 10 - type: integer 
	Parameter CASE104 bound to: 7'b1101000 
	Parameter din104_WIDTH bound to: 10 - type: integer 
	Parameter CASE105 bound to: 7'b1101001 
	Parameter din105_WIDTH bound to: 10 - type: integer 
	Parameter CASE106 bound to: 7'b1101010 
	Parameter din106_WIDTH bound to: 10 - type: integer 
	Parameter CASE107 bound to: 7'b1101011 
	Parameter din107_WIDTH bound to: 10 - type: integer 
	Parameter CASE108 bound to: 7'b1101100 
	Parameter din108_WIDTH bound to: 10 - type: integer 
	Parameter CASE109 bound to: 7'b1101101 
	Parameter din109_WIDTH bound to: 10 - type: integer 
	Parameter CASE110 bound to: 7'b1101110 
	Parameter din110_WIDTH bound to: 10 - type: integer 
	Parameter CASE111 bound to: 7'b1101111 
	Parameter din111_WIDTH bound to: 10 - type: integer 
	Parameter CASE112 bound to: 7'b1110000 
	Parameter din112_WIDTH bound to: 10 - type: integer 
	Parameter CASE113 bound to: 7'b1110001 
	Parameter din113_WIDTH bound to: 10 - type: integer 
	Parameter CASE114 bound to: 7'b1110010 
	Parameter din114_WIDTH bound to: 10 - type: integer 
	Parameter CASE115 bound to: 7'b1110011 
	Parameter din115_WIDTH bound to: 10 - type: integer 
	Parameter CASE116 bound to: 7'b1110100 
	Parameter din116_WIDTH bound to: 10 - type: integer 
	Parameter CASE117 bound to: 7'b1110101 
	Parameter din117_WIDTH bound to: 10 - type: integer 
	Parameter CASE118 bound to: 7'b1110110 
	Parameter din118_WIDTH bound to: 10 - type: integer 
	Parameter CASE119 bound to: 7'b1110111 
	Parameter din119_WIDTH bound to: 10 - type: integer 
	Parameter CASE120 bound to: 7'b1111000 
	Parameter din120_WIDTH bound to: 10 - type: integer 
	Parameter CASE121 bound to: 7'b1111001 
	Parameter din121_WIDTH bound to: 10 - type: integer 
	Parameter CASE122 bound to: 7'b1111010 
	Parameter din122_WIDTH bound to: 10 - type: integer 
	Parameter CASE123 bound to: 7'b1111011 
	Parameter din123_WIDTH bound to: 10 - type: integer 
	Parameter CASE124 bound to: 7'b1111100 
	Parameter din124_WIDTH bound to: 10 - type: integer 
	Parameter CASE125 bound to: 7'b1111101 
	Parameter din125_WIDTH bound to: 10 - type: integer 
	Parameter CASE126 bound to: 7'b1111110 
	Parameter din126_WIDTH bound to: 10 - type: integer 
	Parameter CASE127 bound to: 7'b1111111 
	Parameter din127_WIDTH bound to: 10 - type: integer 
	Parameter def_WIDTH bound to: 10 - type: integer 
	Parameter sel_WIDTH bound to: 7 - type: integer 
	Parameter dout_WIDTH bound to: 10 - type: integer 
INFO: [Synth 8-3491] module 'spmv_sparsemux_257_7_10_1_1' declared at 'c:/Users/stefa/Workspace/01-UNICAL/HLS/HLS_projects/build/project02_SpMV/09_partial-sums/vivado_prj/vivado_prj.gen/sources_1/ip/spmv_0/hdl/vhdl/spmv_sparsemux_257_7_10_1_1.vhd:11' bound to instance 'sparsemux_257_7_10_1_1_U1' of component 'spmv_sparsemux_257_7_10_1_1' [c:/Users/stefa/Workspace/01-UNICAL/HLS/HLS_projects/build/project02_SpMV/09_partial-sums/vivado_prj/vivado_prj.gen/sources_1/ip/spmv_0/hdl/vhdl/spmv_spmv_Pipeline_L2_1.vhd:973]
INFO: [Synth 8-638] synthesizing module 'spmv_sparsemux_257_7_10_1_1' [c:/Users/stefa/Workspace/01-UNICAL/HLS/HLS_projects/build/project02_SpMV/09_partial-sums/vivado_prj/vivado_prj.gen/sources_1/ip/spmv_0/hdl/vhdl/spmv_sparsemux_257_7_10_1_1.vhd:798]
INFO: [Synth 8-226] default block is never used [c:/Users/stefa/Workspace/01-UNICAL/HLS/HLS_projects/build/project02_SpMV/09_partial-sums/vivado_prj/vivado_prj.gen/sources_1/ip/spmv_0/hdl/vhdl/spmv_sparsemux_257_7_10_1_1.vhd:808]
INFO: [Synth 8-256] done synthesizing module 'spmv_sparsemux_257_7_10_1_1' (0#1) [c:/Users/stefa/Workspace/01-UNICAL/HLS/HLS_projects/build/project02_SpMV/09_partial-sums/vivado_prj/vivado_prj.gen/sources_1/ip/spmv_0/hdl/vhdl/spmv_sparsemux_257_7_10_1_1.vhd:798]
	Parameter ID bound to: 1 - type: integer 
	Parameter NUM_STAGE bound to: 1 - type: integer 
	Parameter CASE0 bound to: 7'b0000000 
	Parameter din0_WIDTH bound to: 10 - type: integer 
	Parameter CASE1 bound to: 7'b0000001 
	Parameter din1_WIDTH bound to: 10 - type: integer 
	Parameter CASE2 bound to: 7'b0000010 
	Parameter din2_WIDTH bound to: 10 - type: integer 
	Parameter CASE3 bound to: 7'b0000011 
	Parameter din3_WIDTH bound to: 10 - type: integer 
	Parameter CASE4 bound to: 7'b0000100 
	Parameter din4_WIDTH bound to: 10 - type: integer 
	Parameter CASE5 bound to: 7'b0000101 
	Parameter din5_WIDTH bound to: 10 - type: integer 
	Parameter CASE6 bound to: 7'b0000110 
	Parameter din6_WIDTH bound to: 10 - type: integer 
	Parameter CASE7 bound to: 7'b0000111 
	Parameter din7_WIDTH bound to: 10 - type: integer 
	Parameter CASE8 bound to: 7'b0001000 
	Parameter din8_WIDTH bound to: 10 - type: integer 
	Parameter CASE9 bound to: 7'b0001001 
	Parameter din9_WIDTH bound to: 10 - type: integer 
	Parameter CASE10 bound to: 7'b0001010 
	Parameter din10_WIDTH bound to: 10 - type: integer 
	Parameter CASE11 bound to: 7'b0001011 
	Parameter din11_WIDTH bound to: 10 - type: integer 
	Parameter CASE12 bound to: 7'b0001100 
	Parameter din12_WIDTH bound to: 10 - type: integer 
	Parameter CASE13 bound to: 7'b0001101 
	Parameter din13_WIDTH bound to: 10 - type: integer 
	Parameter CASE14 bound to: 7'b0001110 
	Parameter din14_WIDTH bound to: 10 - type: integer 
	Parameter CASE15 bound to: 7'b0001111 
	Parameter din15_WIDTH bound to: 10 - type: integer 
	Parameter CASE16 bound to: 7'b0010000 
	Parameter din16_WIDTH bound to: 10 - type: integer 
	Parameter CASE17 bound to: 7'b0010001 
	Parameter din17_WIDTH bound to: 10 - type: integer 
	Parameter CASE18 bound to: 7'b0010010 
	Parameter din18_WIDTH bound to: 10 - type: integer 
	Parameter CASE19 bound to: 7'b0010011 
	Parameter din19_WIDTH bound to: 10 - type: integer 
	Parameter CASE20 bound to: 7'b0010100 
	Parameter din20_WIDTH bound to: 10 - type: integer 
	Parameter CASE21 bound to: 7'b0010101 
	Parameter din21_WIDTH bound to: 10 - type: integer 
	Parameter CASE22 bound to: 7'b0010110 
	Parameter din22_WIDTH bound to: 10 - type: integer 
	Parameter CASE23 bound to: 7'b0010111 
	Parameter din23_WIDTH bound to: 10 - type: integer 
	Parameter CASE24 bound to: 7'b0011000 
	Parameter din24_WIDTH bound to: 10 - type: integer 
	Parameter CASE25 bound to: 7'b0011001 
	Parameter din25_WIDTH bound to: 10 - type: integer 
	Parameter CASE26 bound to: 7'b0011010 
	Parameter din26_WIDTH bound to: 10 - type: integer 
	Parameter CASE27 bound to: 7'b0011011 
	Parameter din27_WIDTH bound to: 10 - type: integer 
	Parameter CASE28 bound to: 7'b0011100 
	Parameter din28_WIDTH bound to: 10 - type: integer 
	Parameter CASE29 bound to: 7'b0011101 
	Parameter din29_WIDTH bound to: 10 - type: integer 
	Parameter CASE30 bound to: 7'b0011110 
	Parameter din30_WIDTH bound to: 10 - type: integer 
	Parameter CASE31 bound to: 7'b0011111 
	Parameter din31_WIDTH bound to: 10 - type: integer 
	Parameter CASE32 bound to: 7'b0100000 
	Parameter din32_WIDTH bound to: 10 - type: integer 
	Parameter CASE33 bound to: 7'b0100001 
	Parameter din33_WIDTH bound to: 10 - type: integer 
	Parameter CASE34 bound to: 7'b0100010 
	Parameter din34_WIDTH bound to: 10 - type: integer 
	Parameter CASE35 bound to: 7'b0100011 
	Parameter din35_WIDTH bound to: 10 - type: integer 
	Parameter CASE36 bound to: 7'b0100100 
	Parameter din36_WIDTH bound to: 10 - type: integer 
	Parameter CASE37 bound to: 7'b0100101 
	Parameter din37_WIDTH bound to: 10 - type: integer 
	Parameter CASE38 bound to: 7'b0100110 
	Parameter din38_WIDTH bound to: 10 - type: integer 
	Parameter CASE39 bound to: 7'b0100111 
	Parameter din39_WIDTH bound to: 10 - type: integer 
	Parameter CASE40 bound to: 7'b0101000 
	Parameter din40_WIDTH bound to: 10 - type: integer 
	Parameter CASE41 bound to: 7'b0101001 
	Parameter din41_WIDTH bound to: 10 - type: integer 
	Parameter CASE42 bound to: 7'b0101010 
	Parameter din42_WIDTH bound to: 10 - type: integer 
	Parameter CASE43 bound to: 7'b0101011 
	Parameter din43_WIDTH bound to: 10 - type: integer 
	Parameter CASE44 bound to: 7'b0101100 
	Parameter din44_WIDTH bound to: 10 - type: integer 
	Parameter CASE45 bound to: 7'b0101101 
	Parameter din45_WIDTH bound to: 10 - type: integer 
	Parameter CASE46 bound to: 7'b0101110 
	Parameter din46_WIDTH bound to: 10 - type: integer 
	Parameter CASE47 bound to: 7'b0101111 
	Parameter din47_WIDTH bound to: 10 - type: integer 
	Parameter CASE48 bound to: 7'b0110000 
	Parameter din48_WIDTH bound to: 10 - type: integer 
	Parameter CASE49 bound to: 7'b0110001 
	Parameter din49_WIDTH bound to: 10 - type: integer 
	Parameter CASE50 bound to: 7'b0110010 
	Parameter din50_WIDTH bound to: 10 - type: integer 
	Parameter CASE51 bound to: 7'b0110011 
	Parameter din51_WIDTH bound to: 10 - type: integer 
	Parameter CASE52 bound to: 7'b0110100 
	Parameter din52_WIDTH bound to: 10 - type: integer 
	Parameter CASE53 bound to: 7'b0110101 
	Parameter din53_WIDTH bound to: 10 - type: integer 
	Parameter CASE54 bound to: 7'b0110110 
	Parameter din54_WIDTH bound to: 10 - type: integer 
	Parameter CASE55 bound to: 7'b0110111 
	Parameter din55_WIDTH bound to: 10 - type: integer 
	Parameter CASE56 bound to: 7'b0111000 
	Parameter din56_WIDTH bound to: 10 - type: integer 
	Parameter CASE57 bound to: 7'b0111001 
	Parameter din57_WIDTH bound to: 10 - type: integer 
	Parameter CASE58 bound to: 7'b0111010 
	Parameter din58_WIDTH bound to: 10 - type: integer 
	Parameter CASE59 bound to: 7'b0111011 
	Parameter din59_WIDTH bound to: 10 - type: integer 
	Parameter CASE60 bound to: 7'b0111100 
	Parameter din60_WIDTH bound to: 10 - type: integer 
	Parameter CASE61 bound to: 7'b0111101 
	Parameter din61_WIDTH bound to: 10 - type: integer 
	Parameter CASE62 bound to: 7'b0111110 
	Parameter din62_WIDTH bound to: 10 - type: integer 
	Parameter CASE63 bound to: 7'b0111111 
	Parameter din63_WIDTH bound to: 10 - type: integer 
	Parameter CASE64 bound to: 7'b1000000 
	Parameter din64_WIDTH bound to: 10 - type: integer 
	Parameter CASE65 bound to: 7'b1000001 
	Parameter din65_WIDTH bound to: 10 - type: integer 
	Parameter CASE66 bound to: 7'b1000010 
	Parameter din66_WIDTH bound to: 10 - type: integer 
	Parameter CASE67 bound to: 7'b1000011 
	Parameter din67_WIDTH bound to: 10 - type: integer 
	Parameter CASE68 bound to: 7'b1000100 
	Parameter din68_WIDTH bound to: 10 - type: integer 
	Parameter CASE69 bound to: 7'b1000101 
	Parameter din69_WIDTH bound to: 10 - type: integer 
	Parameter CASE70 bound to: 7'b1000110 
	Parameter din70_WIDTH bound to: 10 - type: integer 
	Parameter CASE71 bound to: 7'b1000111 
	Parameter din71_WIDTH bound to: 10 - type: integer 
	Parameter CASE72 bound to: 7'b1001000 
	Parameter din72_WIDTH bound to: 10 - type: integer 
	Parameter CASE73 bound to: 7'b1001001 
	Parameter din73_WIDTH bound to: 10 - type: integer 
	Parameter CASE74 bound to: 7'b1001010 
	Parameter din74_WIDTH bound to: 10 - type: integer 
	Parameter CASE75 bound to: 7'b1001011 
	Parameter din75_WIDTH bound to: 10 - type: integer 
	Parameter CASE76 bound to: 7'b1001100 
	Parameter din76_WIDTH bound to: 10 - type: integer 
	Parameter CASE77 bound to: 7'b1001101 
	Parameter din77_WIDTH bound to: 10 - type: integer 
	Parameter CASE78 bound to: 7'b1001110 
	Parameter din78_WIDTH bound to: 10 - type: integer 
	Parameter CASE79 bound to: 7'b1001111 
	Parameter din79_WIDTH bound to: 10 - type: integer 
	Parameter CASE80 bound to: 7'b1010000 
	Parameter din80_WIDTH bound to: 10 - type: integer 
	Parameter CASE81 bound to: 7'b1010001 
	Parameter din81_WIDTH bound to: 10 - type: integer 
	Parameter CASE82 bound to: 7'b1010010 
	Parameter din82_WIDTH bound to: 10 - type: integer 
	Parameter CASE83 bound to: 7'b1010011 
	Parameter din83_WIDTH bound to: 10 - type: integer 
	Parameter CASE84 bound to: 7'b1010100 
	Parameter din84_WIDTH bound to: 10 - type: integer 
	Parameter CASE85 bound to: 7'b1010101 
	Parameter din85_WIDTH bound to: 10 - type: integer 
	Parameter CASE86 bound to: 7'b1010110 
	Parameter din86_WIDTH bound to: 10 - type: integer 
	Parameter CASE87 bound to: 7'b1010111 
	Parameter din87_WIDTH bound to: 10 - type: integer 
	Parameter CASE88 bound to: 7'b1011000 
	Parameter din88_WIDTH bound to: 10 - type: integer 
	Parameter CASE89 bound to: 7'b1011001 
	Parameter din89_WIDTH bound to: 10 - type: integer 
	Parameter CASE90 bound to: 7'b1011010 
	Parameter din90_WIDTH bound to: 10 - type: integer 
	Parameter CASE91 bound to: 7'b1011011 
	Parameter din91_WIDTH bound to: 10 - type: integer 
	Parameter CASE92 bound to: 7'b1011100 
	Parameter din92_WIDTH bound to: 10 - type: integer 
	Parameter CASE93 bound to: 7'b1011101 
	Parameter din93_WIDTH bound to: 10 - type: integer 
	Parameter CASE94 bound to: 7'b1011110 
	Parameter din94_WIDTH bound to: 10 - type: integer 
	Parameter CASE95 bound to: 7'b1011111 
	Parameter din95_WIDTH bound to: 10 - type: integer 
	Parameter CASE96 bound to: 7'b1100000 
	Parameter din96_WIDTH bound to: 10 - type: integer 
	Parameter CASE97 bound to: 7'b1100001 
	Parameter din97_WIDTH bound to: 10 - type: integer 
	Parameter CASE98 bound to: 7'b1100010 
	Parameter din98_WIDTH bound to: 10 - type: integer 
	Parameter CASE99 bound to: 7'b1100011 
	Parameter din99_WIDTH bound to: 10 - type: integer 
	Parameter CASE100 bound to: 7'b1100100 
	Parameter din100_WIDTH bound to: 10 - type: integer 
	Parameter CASE101 bound to: 7'b1100101 
	Parameter din101_WIDTH bound to: 10 - type: integer 
	Parameter CASE102 bound to: 7'b1100110 
	Parameter din102_WIDTH bound to: 10 - type: integer 
	Parameter CASE103 bound to: 7'b1100111 
	Parameter din103_WIDTH bound to: 10 - type: integer 
	Parameter CASE104 bound to: 7'b1101000 
	Parameter din104_WIDTH bound to: 10 - type: integer 
	Parameter CASE105 bound to: 7'b1101001 
	Parameter din105_WIDTH bound to: 10 - type: integer 
	Parameter CASE106 bound to: 7'b1101010 
	Parameter din106_WIDTH bound to: 10 - type: integer 
	Parameter CASE107 bound to: 7'b1101011 
	Parameter din107_WIDTH bound to: 10 - type: integer 
	Parameter CASE108 bound to: 7'b1101100 
	Parameter din108_WIDTH bound to: 10 - type: integer 
	Parameter CASE109 bound to: 7'b1101101 
	Parameter din109_WIDTH bound to: 10 - type: integer 
	Parameter CASE110 bound to: 7'b1101110 
	Parameter din110_WIDTH bound to: 10 - type: integer 
	Parameter CASE111 bound to: 7'b1101111 
	Parameter din111_WIDTH bound to: 10 - type: integer 
	Parameter CASE112 bound to: 7'b1110000 
	Parameter din112_WIDTH bound to: 10 - type: integer 
	Parameter CASE113 bound to: 7'b1110001 
	Parameter din113_WIDTH bound to: 10 - type: integer 
	Parameter CASE114 bound to: 7'b1110010 
	Parameter din114_WIDTH bound to: 10 - type: integer 
	Parameter CASE115 bound to: 7'b1110011 
	Parameter din115_WIDTH bound to: 10 - type: integer 
	Parameter CASE116 bound to: 7'b1110100 
	Parameter din116_WIDTH bound to: 10 - type: integer 
	Parameter CASE117 bound to: 7'b1110101 
	Parameter din117_WIDTH bound to: 10 - type: integer 
	Parameter CASE118 bound to: 7'b1110110 
	Parameter din118_WIDTH bound to: 10 - type: integer 
	Parameter CASE119 bound to: 7'b1110111 
	Parameter din119_WIDTH bound to: 10 - type: integer 
	Parameter CASE120 bound to: 7'b1111000 
	Parameter din120_WIDTH bound to: 10 - type: integer 
	Parameter CASE121 bound to: 7'b1111001 
	Parameter din121_WIDTH bound to: 10 - type: integer 
	Parameter CASE122 bound to: 7'b1111010 
	Parameter din122_WIDTH bound to: 10 - type: integer 
	Parameter CASE123 bound to: 7'b1111011 
	Parameter din123_WIDTH bound to: 10 - type: integer 
	Parameter CASE124 bound to: 7'b1111100 
	Parameter din124_WIDTH bound to: 10 - type: integer 
	Parameter CASE125 bound to: 7'b1111101 
	Parameter din125_WIDTH bound to: 10 - type: integer 
	Parameter CASE126 bound to: 7'b1111110 
	Parameter din126_WIDTH bound to: 10 - type: integer 
	Parameter CASE127 bound to: 7'b1111111 
	Parameter din127_WIDTH bound to: 10 - type: integer 
	Parameter def_WIDTH bound to: 10 - type: integer 
	Parameter sel_WIDTH bound to: 7 - type: integer 
	Parameter dout_WIDTH bound to: 10 - type: integer 
INFO: [Synth 8-3491] module 'spmv_sparsemux_257_7_10_1_1' declared at 'c:/Users/stefa/Workspace/01-UNICAL/HLS/HLS_projects/build/project02_SpMV/09_partial-sums/vivado_prj/vivado_prj.gen/sources_1/ip/spmv_0/hdl/vhdl/spmv_sparsemux_257_7_10_1_1.vhd:11' bound to instance 'sparsemux_257_7_10_1_1_U2' of component 'spmv_sparsemux_257_7_10_1_1' [c:/Users/stefa/Workspace/01-UNICAL/HLS/HLS_projects/build/project02_SpMV/09_partial-sums/vivado_prj/vivado_prj.gen/sources_1/ip/spmv_0/hdl/vhdl/spmv_spmv_Pipeline_L2_1.vhd:1369]
	Parameter ID bound to: 1 - type: integer 
	Parameter NUM_STAGE bound to: 4 - type: integer 
	Parameter din0_WIDTH bound to: 10 - type: integer 
	Parameter din1_WIDTH bound to: 8 - type: integer 
	Parameter din2_WIDTH bound to: 32 - type: integer 
	Parameter dout_WIDTH bound to: 32 - type: integer 
INFO: [Synth 8-3491] module 'spmv_mac_muladd_10s_8s_32s_32_4_1' declared at 'c:/Users/stefa/Workspace/01-UNICAL/HLS/HLS_projects/build/project02_SpMV/09_partial-sums/vivado_prj/vivado_prj.gen/sources_1/ip/spmv_0/hdl/vhdl/spmv_mac_muladd_10s_8s_32s_32_4_1.vhd:59' bound to instance 'mac_muladd_10s_8s_32s_32_4_1_U3' of component 'spmv_mac_muladd_10s_8s_32s_32_4_1' [c:/Users/stefa/Workspace/01-UNICAL/HLS/HLS_projects/build/project02_SpMV/09_partial-sums/vivado_prj/vivado_prj.gen/sources_1/ip/spmv_0/hdl/vhdl/spmv_spmv_Pipeline_L2_1.vhd:1765]
INFO: [Synth 8-638] synthesizing module 'spmv_mac_muladd_10s_8s_32s_32_4_1' [c:/Users/stefa/Workspace/01-UNICAL/HLS/HLS_projects/build/project02_SpMV/09_partial-sums/vivado_prj/vivado_prj.gen/sources_1/ip/spmv_0/hdl/vhdl/spmv_mac_muladd_10s_8s_32s_32_4_1.vhd:77]
INFO: [Synth 8-3491] module 'spmv_mac_muladd_10s_8s_32s_32_4_1_DSP48_0' declared at 'c:/Users/stefa/Workspace/01-UNICAL/HLS/HLS_projects/build/project02_SpMV/09_partial-sums/vivado_prj/vivado_prj.gen/sources_1/ip/spmv_0/hdl/vhdl/spmv_mac_muladd_10s_8s_32s_32_4_1.vhd:10' bound to instance 'spmv_mac_muladd_10s_8s_32s_32_4_1_DSP48_0_U' of component 'spmv_mac_muladd_10s_8s_32s_32_4_1_DSP48_0' [c:/Users/stefa/Workspace/01-UNICAL/HLS/HLS_projects/build/project02_SpMV/09_partial-sums/vivado_prj/vivado_prj.gen/sources_1/ip/spmv_0/hdl/vhdl/spmv_mac_muladd_10s_8s_32s_32_4_1.vhd:92]
INFO: [Synth 8-638] synthesizing module 'spmv_mac_muladd_10s_8s_32s_32_4_1_DSP48_0' [c:/Users/stefa/Workspace/01-UNICAL/HLS/HLS_projects/build/project02_SpMV/09_partial-sums/vivado_prj/vivado_prj.gen/sources_1/ip/spmv_0/hdl/vhdl/spmv_mac_muladd_10s_8s_32s_32_4_1.vhd:22]
INFO: [Synth 8-256] done synthesizing module 'spmv_mac_muladd_10s_8s_32s_32_4_1_DSP48_0' (0#1) [c:/Users/stefa/Workspace/01-UNICAL/HLS/HLS_projects/build/project02_SpMV/09_partial-sums/vivado_prj/vivado_prj.gen/sources_1/ip/spmv_0/hdl/vhdl/spmv_mac_muladd_10s_8s_32s_32_4_1.vhd:22]
INFO: [Synth 8-256] done synthesizing module 'spmv_mac_muladd_10s_8s_32s_32_4_1' (0#1) [c:/Users/stefa/Workspace/01-UNICAL/HLS/HLS_projects/build/project02_SpMV/09_partial-sums/vivado_prj/vivado_prj.gen/sources_1/ip/spmv_0/hdl/vhdl/spmv_mac_muladd_10s_8s_32s_32_4_1.vhd:77]
	Parameter ID bound to: 1 - type: integer 
	Parameter NUM_STAGE bound to: 4 - type: integer 
	Parameter din0_WIDTH bound to: 10 - type: integer 
	Parameter din1_WIDTH bound to: 8 - type: integer 
	Parameter din2_WIDTH bound to: 32 - type: integer 
	Parameter dout_WIDTH bound to: 32 - type: integer 
INFO: [Synth 8-3491] module 'spmv_mac_muladd_10s_8s_32s_32_4_1' declared at 'c:/Users/stefa/Workspace/01-UNICAL/HLS/HLS_projects/build/project02_SpMV/09_partial-sums/vivado_prj/vivado_prj.gen/sources_1/ip/spmv_0/hdl/vhdl/spmv_mac_muladd_10s_8s_32s_32_4_1.vhd:59' bound to instance 'mac_muladd_10s_8s_32s_32_4_1_U4' of component 'spmv_mac_muladd_10s_8s_32s_32_4_1' [c:/Users/stefa/Workspace/01-UNICAL/HLS/HLS_projects/build/project02_SpMV/09_partial-sums/vivado_prj/vivado_prj.gen/sources_1/ip/spmv_0/hdl/vhdl/spmv_spmv_Pipeline_L2_1.vhd:1782]
INFO: [Synth 8-3491] module 'spmv_flow_control_loop_pipe_sequential_init' declared at 'c:/Users/stefa/Workspace/01-UNICAL/HLS/HLS_projects/build/project02_SpMV/09_partial-sums/vivado_prj/vivado_prj.gen/sources_1/ip/spmv_0/hdl/vhdl/spmv_flow_control_loop_pipe_sequential_init.vhd:13' bound to instance 'flow_control_loop_pipe_sequential_init_U' of component 'spmv_flow_control_loop_pipe_sequential_init' [c:/Users/stefa/Workspace/01-UNICAL/HLS/HLS_projects/build/project02_SpMV/09_partial-sums/vivado_prj/vivado_prj.gen/sources_1/ip/spmv_0/hdl/vhdl/spmv_spmv_Pipeline_L2_1.vhd:1799]
INFO: [Synth 8-638] synthesizing module 'spmv_flow_control_loop_pipe_sequential_init' [c:/Users/stefa/Workspace/01-UNICAL/HLS/HLS_projects/build/project02_SpMV/09_partial-sums/vivado_prj/vivado_prj.gen/sources_1/ip/spmv_0/hdl/vhdl/spmv_flow_control_loop_pipe_sequential_init.vhd:39]
INFO: [Synth 8-256] done synthesizing module 'spmv_flow_control_loop_pipe_sequential_init' (0#1) [c:/Users/stefa/Workspace/01-UNICAL/HLS/HLS_projects/build/project02_SpMV/09_partial-sums/vivado_prj/vivado_prj.gen/sources_1/ip/spmv_0/hdl/vhdl/spmv_flow_control_loop_pipe_sequential_init.vhd:39]
INFO: [Synth 8-256] done synthesizing module 'spmv_spmv_Pipeline_L2_1' (0#1) [c:/Users/stefa/Workspace/01-UNICAL/HLS/HLS_projects/build/project02_SpMV/09_partial-sums/vivado_prj/vivado_prj.gen/sources_1/ip/spmv_0/hdl/vhdl/spmv_spmv_Pipeline_L2_1.vhd:180]
INFO: [Synth 8-256] done synthesizing module 'spmv' (0#1) [c:/Users/stefa/Workspace/01-UNICAL/HLS/HLS_projects/build/project02_SpMV/09_partial-sums/vivado_prj/vivado_prj.gen/sources_1/ip/spmv_0/hdl/vhdl/spmv.vhd:184]
INFO: [Synth 8-256] done synthesizing module 'spmv_0' (0#1) [c:/Users/stefa/Workspace/01-UNICAL/HLS/HLS_projects/build/project02_SpMV/09_partial-sums/vivado_prj/vivado_prj.gen/sources_1/ip/spmv_0/synth/spmv_0.vhd:229]
INFO: [Synth 8-4490] FSM extraction disabled for register 'ap_CS_fsm_reg' through user attribute
INFO: [Synth 8-7129] Port ap_done_int in module spmv_flow_control_loop_pipe_sequential_init is either unconnected or has no load
INFO: [Synth 8-7129] Port rst in module spmv_mac_muladd_10s_8s_32s_32_4_1_DSP48_0 is either unconnected or has no load
INFO: [Synth 8-7129] Port def[9] in module spmv_sparsemux_257_7_10_1_1 is either unconnected or has no load
INFO: [Synth 8-7129] Port def[8] in module spmv_sparsemux_257_7_10_1_1 is either unconnected or has no load
INFO: [Synth 8-7129] Port def[7] in module spmv_sparsemux_257_7_10_1_1 is either unconnected or has no load
INFO: [Synth 8-7129] Port def[6] in module spmv_sparsemux_257_7_10_1_1 is either unconnected or has no load
INFO: [Synth 8-7129] Port def[5] in module spmv_sparsemux_257_7_10_1_1 is either unconnected or has no load
INFO: [Synth 8-7129] Port def[4] in module spmv_sparsemux_257_7_10_1_1 is either unconnected or has no load
INFO: [Synth 8-7129] Port def[3] in module spmv_sparsemux_257_7_10_1_1 is either unconnected or has no load
INFO: [Synth 8-7129] Port def[2] in module spmv_sparsemux_257_7_10_1_1 is either unconnected or has no load
INFO: [Synth 8-7129] Port def[1] in module spmv_sparsemux_257_7_10_1_1 is either unconnected or has no load
INFO: [Synth 8-7129] Port def[0] in module spmv_sparsemux_257_7_10_1_1 is either unconnected or has no load
INFO: [Synth 8-7129] Port col_idx_0_q0[31] in module spmv_spmv_Pipeline_L2_1 is either unconnected or has no load
INFO: [Synth 8-7129] Port col_idx_0_q0[30] in module spmv_spmv_Pipeline_L2_1 is either unconnected or has no load
INFO: [Synth 8-7129] Port col_idx_0_q0[29] in module spmv_spmv_Pipeline_L2_1 is either unconnected or has no load
INFO: [Synth 8-7129] Port col_idx_0_q0[28] in module spmv_spmv_Pipeline_L2_1 is either unconnected or has no load
INFO: [Synth 8-7129] Port col_idx_0_q0[27] in module spmv_spmv_Pipeline_L2_1 is either unconnected or has no load
INFO: [Synth 8-7129] Port col_idx_0_q0[26] in module spmv_spmv_Pipeline_L2_1 is either unconnected or has no load
INFO: [Synth 8-7129] Port col_idx_0_q0[25] in module spmv_spmv_Pipeline_L2_1 is either unconnected or has no load
INFO: [Synth 8-7129] Port col_idx_0_q0[24] in module spmv_spmv_Pipeline_L2_1 is either unconnected or has no load
INFO: [Synth 8-7129] Port col_idx_0_q0[23] in module spmv_spmv_Pipeline_L2_1 is either unconnected or has no load
INFO: [Synth 8-7129] Port col_idx_0_q0[22] in module spmv_spmv_Pipeline_L2_1 is either unconnected or has no load
INFO: [Synth 8-7129] Port col_idx_0_q0[21] in module spmv_spmv_Pipeline_L2_1 is either unconnected or has no load
INFO: [Synth 8-7129] Port col_idx_0_q0[20] in module spmv_spmv_Pipeline_L2_1 is either unconnected or has no load
INFO: [Synth 8-7129] Port col_idx_0_q0[19] in module spmv_spmv_Pipeline_L2_1 is either unconnected or has no load
INFO: [Synth 8-7129] Port col_idx_0_q0[18] in module spmv_spmv_Pipeline_L2_1 is either unconnected or has no load
INFO: [Synth 8-7129] Port col_idx_0_q0[17] in module spmv_spmv_Pipeline_L2_1 is either unconnected or has no load
INFO: [Synth 8-7129] Port col_idx_0_q0[16] in module spmv_spmv_Pipeline_L2_1 is either unconnected or has no load
INFO: [Synth 8-7129] Port col_idx_0_q0[15] in module spmv_spmv_Pipeline_L2_1 is either unconnected or has no load
INFO: [Synth 8-7129] Port col_idx_0_q0[14] in module spmv_spmv_Pipeline_L2_1 is either unconnected or has no load
INFO: [Synth 8-7129] Port col_idx_0_q0[13] in module spmv_spmv_Pipeline_L2_1 is either unconnected or has no load
INFO: [Synth 8-7129] Port col_idx_0_q0[12] in module spmv_spmv_Pipeline_L2_1 is either unconnected or has no load
INFO: [Synth 8-7129] Port col_idx_0_q0[11] in module spmv_spmv_Pipeline_L2_1 is either unconnected or has no load
INFO: [Synth 8-7129] Port col_idx_0_q0[10] in module spmv_spmv_Pipeline_L2_1 is either unconnected or has no load
INFO: [Synth 8-7129] Port col_idx_0_q0[9] in module spmv_spmv_Pipeline_L2_1 is either unconnected or has no load
INFO: [Synth 8-7129] Port col_idx_0_q0[8] in module spmv_spmv_Pipeline_L2_1 is either unconnected or has no load
INFO: [Synth 8-7129] Port col_idx_0_q0[7] in module spmv_spmv_Pipeline_L2_1 is either unconnected or has no load
INFO: [Synth 8-7129] Port col_idx_0_q1[31] in module spmv_spmv_Pipeline_L2_1 is either unconnected or has no load
INFO: [Synth 8-7129] Port col_idx_0_q1[30] in module spmv_spmv_Pipeline_L2_1 is either unconnected or has no load
INFO: [Synth 8-7129] Port col_idx_0_q1[29] in module spmv_spmv_Pipeline_L2_1 is either unconnected or has no load
INFO: [Synth 8-7129] Port col_idx_0_q1[28] in module spmv_spmv_Pipeline_L2_1 is either unconnected or has no load
INFO: [Synth 8-7129] Port col_idx_0_q1[27] in module spmv_spmv_Pipeline_L2_1 is either unconnected or has no load
INFO: [Synth 8-7129] Port col_idx_0_q1[26] in module spmv_spmv_Pipeline_L2_1 is either unconnected or has no load
INFO: [Synth 8-7129] Port col_idx_0_q1[25] in module spmv_spmv_Pipeline_L2_1 is either unconnected or has no load
INFO: [Synth 8-7129] Port col_idx_0_q1[24] in module spmv_spmv_Pipeline_L2_1 is either unconnected or has no load
INFO: [Synth 8-7129] Port col_idx_0_q1[23] in module spmv_spmv_Pipeline_L2_1 is either unconnected or has no load
INFO: [Synth 8-7129] Port col_idx_0_q1[22] in module spmv_spmv_Pipeline_L2_1 is either unconnected or has no load
INFO: [Synth 8-7129] Port col_idx_0_q1[21] in module spmv_spmv_Pipeline_L2_1 is either unconnected or has no load
INFO: [Synth 8-7129] Port col_idx_0_q1[20] in module spmv_spmv_Pipeline_L2_1 is either unconnected or has no load
INFO: [Synth 8-7129] Port col_idx_0_q1[19] in module spmv_spmv_Pipeline_L2_1 is either unconnected or has no load
INFO: [Synth 8-7129] Port col_idx_0_q1[18] in module spmv_spmv_Pipeline_L2_1 is either unconnected or has no load
INFO: [Synth 8-7129] Port col_idx_0_q1[17] in module spmv_spmv_Pipeline_L2_1 is either unconnected or has no load
INFO: [Synth 8-7129] Port col_idx_0_q1[16] in module spmv_spmv_Pipeline_L2_1 is either unconnected or has no load
INFO: [Synth 8-7129] Port col_idx_0_q1[15] in module spmv_spmv_Pipeline_L2_1 is either unconnected or has no load
INFO: [Synth 8-7129] Port col_idx_0_q1[14] in module spmv_spmv_Pipeline_L2_1 is either unconnected or has no load
INFO: [Synth 8-7129] Port col_idx_0_q1[13] in module spmv_spmv_Pipeline_L2_1 is either unconnected or has no load
INFO: [Synth 8-7129] Port col_idx_0_q1[12] in module spmv_spmv_Pipeline_L2_1 is either unconnected or has no load
INFO: [Synth 8-7129] Port col_idx_0_q1[11] in module spmv_spmv_Pipeline_L2_1 is either unconnected or has no load
INFO: [Synth 8-7129] Port col_idx_0_q1[10] in module spmv_spmv_Pipeline_L2_1 is either unconnected or has no load
INFO: [Synth 8-7129] Port col_idx_0_q1[9] in module spmv_spmv_Pipeline_L2_1 is either unconnected or has no load
INFO: [Synth 8-7129] Port col_idx_0_q1[8] in module spmv_spmv_Pipeline_L2_1 is either unconnected or has no load
INFO: [Synth 8-7129] Port col_idx_0_q1[7] in module spmv_spmv_Pipeline_L2_1 is either unconnected or has no load
INFO: [Synth 8-7129] Port col_idx_1_q0[31] in module spmv_spmv_Pipeline_L2_1 is either unconnected or has no load
INFO: [Synth 8-7129] Port col_idx_1_q0[30] in module spmv_spmv_Pipeline_L2_1 is either unconnected or has no load
INFO: [Synth 8-7129] Port col_idx_1_q0[29] in module spmv_spmv_Pipeline_L2_1 is either unconnected or has no load
INFO: [Synth 8-7129] Port col_idx_1_q0[28] in module spmv_spmv_Pipeline_L2_1 is either unconnected or has no load
INFO: [Synth 8-7129] Port col_idx_1_q0[27] in module spmv_spmv_Pipeline_L2_1 is either unconnected or has no load
INFO: [Synth 8-7129] Port col_idx_1_q0[26] in module spmv_spmv_Pipeline_L2_1 is either unconnected or has no load
INFO: [Synth 8-7129] Port col_idx_1_q0[25] in module spmv_spmv_Pipeline_L2_1 is either unconnected or has no load
INFO: [Synth 8-7129] Port col_idx_1_q0[24] in module spmv_spmv_Pipeline_L2_1 is either unconnected or has no load
INFO: [Synth 8-7129] Port col_idx_1_q0[23] in module spmv_spmv_Pipeline_L2_1 is either unconnected or has no load
INFO: [Synth 8-7129] Port col_idx_1_q0[22] in module spmv_spmv_Pipeline_L2_1 is either unconnected or has no load
INFO: [Synth 8-7129] Port col_idx_1_q0[21] in module spmv_spmv_Pipeline_L2_1 is either unconnected or has no load
INFO: [Synth 8-7129] Port col_idx_1_q0[20] in module spmv_spmv_Pipeline_L2_1 is either unconnected or has no load
INFO: [Synth 8-7129] Port col_idx_1_q0[19] in module spmv_spmv_Pipeline_L2_1 is either unconnected or has no load
INFO: [Synth 8-7129] Port col_idx_1_q0[18] in module spmv_spmv_Pipeline_L2_1 is either unconnected or has no load
INFO: [Synth 8-7129] Port col_idx_1_q0[17] in module spmv_spmv_Pipeline_L2_1 is either unconnected or has no load
INFO: [Synth 8-7129] Port col_idx_1_q0[16] in module spmv_spmv_Pipeline_L2_1 is either unconnected or has no load
INFO: [Synth 8-7129] Port col_idx_1_q0[15] in module spmv_spmv_Pipeline_L2_1 is either unconnected or has no load
INFO: [Synth 8-7129] Port col_idx_1_q0[14] in module spmv_spmv_Pipeline_L2_1 is either unconnected or has no load
INFO: [Synth 8-7129] Port col_idx_1_q0[13] in module spmv_spmv_Pipeline_L2_1 is either unconnected or has no load
INFO: [Synth 8-7129] Port col_idx_1_q0[12] in module spmv_spmv_Pipeline_L2_1 is either unconnected or has no load
INFO: [Synth 8-7129] Port col_idx_1_q0[11] in module spmv_spmv_Pipeline_L2_1 is either unconnected or has no load
INFO: [Synth 8-7129] Port col_idx_1_q0[10] in module spmv_spmv_Pipeline_L2_1 is either unconnected or has no load
INFO: [Synth 8-7129] Port col_idx_1_q0[9] in module spmv_spmv_Pipeline_L2_1 is either unconnected or has no load
INFO: [Synth 8-7129] Port col_idx_1_q0[8] in module spmv_spmv_Pipeline_L2_1 is either unconnected or has no load
INFO: [Synth 8-7129] Port col_idx_1_q0[7] in module spmv_spmv_Pipeline_L2_1 is either unconnected or has no load
INFO: [Synth 8-7129] Port col_idx_1_q1[31] in module spmv_spmv_Pipeline_L2_1 is either unconnected or has no load
INFO: [Synth 8-7129] Port col_idx_1_q1[30] in module spmv_spmv_Pipeline_L2_1 is either unconnected or has no load
INFO: [Synth 8-7129] Port col_idx_1_q1[29] in module spmv_spmv_Pipeline_L2_1 is either unconnected or has no load
INFO: [Synth 8-7129] Port col_idx_1_q1[28] in module spmv_spmv_Pipeline_L2_1 is either unconnected or has no load
INFO: [Synth 8-7129] Port col_idx_1_q1[27] in module spmv_spmv_Pipeline_L2_1 is either unconnected or has no load
INFO: [Synth 8-7129] Port col_idx_1_q1[26] in module spmv_spmv_Pipeline_L2_1 is either unconnected or has no load
INFO: [Synth 8-7129] Port col_idx_1_q1[25] in module spmv_spmv_Pipeline_L2_1 is either unconnected or has no load
INFO: [Synth 8-7129] Port col_idx_1_q1[24] in module spmv_spmv_Pipeline_L2_1 is either unconnected or has no load
INFO: [Synth 8-7129] Port col_idx_1_q1[23] in module spmv_spmv_Pipeline_L2_1 is either unconnected or has no load
INFO: [Synth 8-7129] Port col_idx_1_q1[22] in module spmv_spmv_Pipeline_L2_1 is either unconnected or has no load
INFO: [Synth 8-7129] Port col_idx_1_q1[21] in module spmv_spmv_Pipeline_L2_1 is either unconnected or has no load
INFO: [Synth 8-7129] Port col_idx_1_q1[20] in module spmv_spmv_Pipeline_L2_1 is either unconnected or has no load
INFO: [Synth 8-7129] Port col_idx_1_q1[19] in module spmv_spmv_Pipeline_L2_1 is either unconnected or has no load
INFO: [Common 17-14] Message 'Synth 8-7129' appears 100 times and further instances of the messages will be disabled. Use the Tcl command set_msg_config to change the current settings.
---------------------------------------------------------------------------------
Finished RTL Elaboration : Time (s): cpu = 00:00:07 ; elapsed = 00:00:07 . Memory (MB): peak = 1444.906 ; gain = 668.926
---------------------------------------------------------------------------------
---------------------------------------------------------------------------------
Start Handling Custom Attributes
---------------------------------------------------------------------------------
---------------------------------------------------------------------------------
Finished Handling Custom Attributes : Time (s): cpu = 00:00:07 ; elapsed = 00:00:07 . Memory (MB): peak = 1444.906 ; gain = 668.926
---------------------------------------------------------------------------------
---------------------------------------------------------------------------------
Finished RTL Optimization Phase 1 : Time (s): cpu = 00:00:07 ; elapsed = 00:00:07 . Memory (MB): peak = 1444.906 ; gain = 668.926
---------------------------------------------------------------------------------
Netlist sorting complete. Time (s): cpu = 00:00:00 ; elapsed = 00:00:00.037 . Memory (MB): peak = 1444.906 ; gain = 0.000
INFO: [Project 1-570] Preparing netlist for logic optimization

Processing XDC Constraints
Initializing timing engine
Parsing XDC File [c:/Users/stefa/Workspace/01-UNICAL/HLS/HLS_projects/build/project02_SpMV/09_partial-sums/vivado_prj/vivado_prj.gen/sources_1/ip/spmv_0/constraints/spmv_ooc.xdc] for cell 'U0'
Finished Parsing XDC File [c:/Users/stefa/Workspace/01-UNICAL/HLS/HLS_projects/build/project02_SpMV/09_partial-sums/vivado_prj/vivado_prj.gen/sources_1/ip/spmv_0/constraints/spmv_ooc.xdc] for cell 'U0'
Parsing XDC File [C:/Users/stefa/Workspace/01-UNICAL/HLS/HLS_projects/build/project02_SpMV/09_partial-sums/vivado_prj/vivado_prj.runs/spmv_0_synth_1/dont_touch.xdc]
Finished Parsing XDC File [C:/Users/stefa/Workspace/01-UNICAL/HLS/HLS_projects/build/project02_SpMV/09_partial-sums/vivado_prj/vivado_prj.runs/spmv_0_synth_1/dont_touch.xdc]
Completed Processing XDC Constraints

Netlist sorting complete. Time (s): cpu = 00:00:00 ; elapsed = 00:00:00.001 . Memory (MB): peak = 1525.004 ; gain = 0.000
INFO: [Project 1-111] Unisim Transformation Summary:
No Unisim elements were transformed.

Constraint Validation Runtime : Time (s): cpu = 00:00:00 ; elapsed = 00:00:00.104 . Memory (MB): peak = 1525.004 ; gain = 0.000
INFO: [Designutils 20-5008] Incremental synthesis strategy off
---------------------------------------------------------------------------------
Finished Constraint Validation : Time (s): cpu = 00:00:14 ; elapsed = 00:00:15 . Memory (MB): peak = 1525.004 ; gain = 749.023
---------------------------------------------------------------------------------
---------------------------------------------------------------------------------
Start Loading Part and Timing Information
---------------------------------------------------------------------------------
Loading part: xc7z020clg484-3
---------------------------------------------------------------------------------
Finished Loading Part and Timing Information : Time (s): cpu = 00:00:14 ; elapsed = 00:00:15 . Memory (MB): peak = 1525.004 ; gain = 749.023
---------------------------------------------------------------------------------
---------------------------------------------------------------------------------
Start Applying 'set_property' XDC Constraints
---------------------------------------------------------------------------------
---------------------------------------------------------------------------------
Finished applying 'set_property' XDC Constraints : Time (s): cpu = 00:00:14 ; elapsed = 00:00:15 . Memory (MB): peak = 1525.004 ; gain = 749.023
---------------------------------------------------------------------------------
INFO: [Synth 8-3936] Found unconnected internal register 'p_reg_reg' and it is trimmed from '48' to '32' bits. [c:/Users/stefa/Workspace/01-UNICAL/HLS/HLS_projects/build/project02_SpMV/09_partial-sums/vivado_prj/vivado_prj.gen/sources_1/ip/spmv_0/hdl/vhdl/spmv_mac_muladd_10s_8s_32s_32_4_1.vhd:47]
INFO: [Synth 8-3936] Found unconnected internal register 'm_reg_reg' and it is trimmed from '43' to '32' bits. [c:/Users/stefa/Workspace/01-UNICAL/HLS/HLS_projects/build/project02_SpMV/09_partial-sums/vivado_prj/vivado_prj.gen/sources_1/ip/spmv_0/hdl/vhdl/spmv_mac_muladd_10s_8s_32s_32_4_1.vhd:40]
INFO: [Synth 8-4490] FSM extraction disabled for register 'ap_CS_fsm_reg' through user attribute
INFO: [Synth 8-4490] FSM extraction disabled for register 'ap_CS_fsm_reg' through user attribute
---------------------------------------------------------------------------------
Finished RTL Optimization Phase 2 : Time (s): cpu = 00:00:14 ; elapsed = 00:00:15 . Memory (MB): peak = 1525.004 ; gain = 749.023
---------------------------------------------------------------------------------
---------------------------------------------------------------------------------
Start RTL Component Statistics 
---------------------------------------------------------------------------------
Detailed RTL Component Info : 
+---Adders : 
	   2 Input   32 Bit       Adders := 2     
	   2 Input    8 Bit       Adders := 2     
+---Registers : 
	               33 Bit    Registers := 1     
	               32 Bit    Registers := 5     
	               18 Bit    Registers := 2     
	               10 Bit    Registers := 128   
	                8 Bit    Registers := 2     
	                5 Bit    Registers := 1     
	                1 Bit    Registers := 21    
+---Muxes : 
	   2 Input   32 Bit        Muxes := 8     
	   2 Input    8 Bit        Muxes := 2     
	   2 Input    7 Bit        Muxes := 2     
	   2 Input    5 Bit        Muxes := 1     
	   2 Input    3 Bit        Muxes := 1     
	   2 Input    2 Bit        Muxes := 1     
	   2 Input    1 Bit        Muxes := 7     
---------------------------------------------------------------------------------
Finished RTL Component Statistics 
---------------------------------------------------------------------------------
---------------------------------------------------------------------------------
Start Part Resource Summary
---------------------------------------------------------------------------------
Part Resources:
DSPs: 220 (col length:60)
BRAMs: 280 (col length: RAMB18 60 RAMB36 30)
---------------------------------------------------------------------------------
Finished Part Resource Summary
---------------------------------------------------------------------------------
---------------------------------------------------------------------------------
Start Cross Boundary and Area Optimization
---------------------------------------------------------------------------------
DSP Report: Generating DSP mac_muladd_10s_8s_32s_32_4_1_U4/spmv_mac_muladd_10s_8s_32s_32_4_1_DSP48_0_U/p_reg_reg, operation Mode is: (C+(A2*B2)')'.
DSP Report: register mac_muladd_10s_8s_32s_32_4_1_U4/spmv_mac_muladd_10s_8s_32s_32_4_1_DSP48_0_U/b_reg_reg is absorbed into DSP mac_muladd_10s_8s_32s_32_4_1_U4/spmv_mac_muladd_10s_8s_32s_32_4_1_DSP48_0_U/p_reg_reg.
DSP Report: register mac_muladd_10s_8s_32s_32_4_1_U4/spmv_mac_muladd_10s_8s_32s_32_4_1_DSP48_0_U/a_reg_reg is absorbed into DSP mac_muladd_10s_8s_32s_32_4_1_U4/spmv_mac_muladd_10s_8s_32s_32_4_1_DSP48_0_U/p_reg_reg.
DSP Report: register mac_muladd_10s_8s_32s_32_4_1_U4/spmv_mac_muladd_10s_8s_32s_32_4_1_DSP48_0_U/p_reg_reg is absorbed into DSP mac_muladd_10s_8s_32s_32_4_1_U4/spmv_mac_muladd_10s_8s_32s_32_4_1_DSP48_0_U/p_reg_reg.
DSP Report: register mac_muladd_10s_8s_32s_32_4_1_U4/spmv_mac_muladd_10s_8s_32s_32_4_1_DSP48_0_U/m_reg_reg is absorbed into DSP mac_muladd_10s_8s_32s_32_4_1_U4/spmv_mac_muladd_10s_8s_32s_32_4_1_DSP48_0_U/p_reg_reg.
DSP Report: operator mac_muladd_10s_8s_32s_32_4_1_U4/spmv_mac_muladd_10s_8s_32s_32_4_1_DSP48_0_U/p is absorbed into DSP mac_muladd_10s_8s_32s_32_4_1_U4/spmv_mac_muladd_10s_8s_32s_32_4_1_DSP48_0_U/p_reg_reg.
DSP Report: operator mac_muladd_10s_8s_32s_32_4_1_U4/spmv_mac_muladd_10s_8s_32s_32_4_1_DSP48_0_U/m is absorbed into DSP mac_muladd_10s_8s_32s_32_4_1_U4/spmv_mac_muladd_10s_8s_32s_32_4_1_DSP48_0_U/p_reg_reg.
DSP Report: Generating DSP mac_muladd_10s_8s_32s_32_4_1_U3/spmv_mac_muladd_10s_8s_32s_32_4_1_DSP48_0_U/p_reg_reg, operation Mode is: (C+(A2*B2)')'.
DSP Report: register mac_muladd_10s_8s_32s_32_4_1_U3/spmv_mac_muladd_10s_8s_32s_32_4_1_DSP48_0_U/b_reg_reg is absorbed into DSP mac_muladd_10s_8s_32s_32_4_1_U3/spmv_mac_muladd_10s_8s_32s_32_4_1_DSP48_0_U/p_reg_reg.
DSP Report: register mac_muladd_10s_8s_32s_32_4_1_U3/spmv_mac_muladd_10s_8s_32s_32_4_1_DSP48_0_U/a_reg_reg is absorbed into DSP mac_muladd_10s_8s_32s_32_4_1_U3/spmv_mac_muladd_10s_8s_32s_32_4_1_DSP48_0_U/p_reg_reg.
DSP Report: register mac_muladd_10s_8s_32s_32_4_1_U3/spmv_mac_muladd_10s_8s_32s_32_4_1_DSP48_0_U/p_reg_reg is absorbed into DSP mac_muladd_10s_8s_32s_32_4_1_U3/spmv_mac_muladd_10s_8s_32s_32_4_1_DSP48_0_U/p_reg_reg.
DSP Report: register mac_muladd_10s_8s_32s_32_4_1_U3/spmv_mac_muladd_10s_8s_32s_32_4_1_DSP48_0_U/m_reg_reg is absorbed into DSP mac_muladd_10s_8s_32s_32_4_1_U3/spmv_mac_muladd_10s_8s_32s_32_4_1_DSP48_0_U/p_reg_reg.
DSP Report: operator mac_muladd_10s_8s_32s_32_4_1_U3/spmv_mac_muladd_10s_8s_32s_32_4_1_DSP48_0_U/p is absorbed into DSP mac_muladd_10s_8s_32s_32_4_1_U3/spmv_mac_muladd_10s_8s_32s_32_4_1_DSP48_0_U/p_reg_reg.
DSP Report: operator mac_muladd_10s_8s_32s_32_4_1_U3/spmv_mac_muladd_10s_8s_32s_32_4_1_DSP48_0_U/m is absorbed into DSP mac_muladd_10s_8s_32s_32_4_1_U3/spmv_mac_muladd_10s_8s_32s_32_4_1_DSP48_0_U/p_reg_reg.
---------------------------------------------------------------------------------
Finished Cross Boundary and Area Optimization : Time (s): cpu = 00:00:18 ; elapsed = 00:00:19 . Memory (MB): peak = 1589.359 ; gain = 813.379
---------------------------------------------------------------------------------
 Sort Area is  mac_muladd_10s_8s_32s_32_4_1_U3/spmv_mac_muladd_10s_8s_32s_32_4_1_DSP48_0_U/p_reg_reg_2 : 0 0 : 726 726 : Used 1 time 0
 Sort Area is  mac_muladd_10s_8s_32s_32_4_1_U4/spmv_mac_muladd_10s_8s_32s_32_4_1_DSP48_0_U/p_reg_reg_0 : 0 0 : 726 726 : Used 1 time 0
---------------------------------------------------------------------------------
Start ROM, RAM, DSP, Shift Register and Retiming Reporting
---------------------------------------------------------------------------------

DSP: Preliminary Mapping Report (see note below. The ' indicates corresponding REG is set)
+------------------------------------------+---------------+--------+--------+--------+--------+--------+------+------+------+------+-------+------+------+
|Module Name                               | DSP Mapping   | A Size | B Size | C Size | D Size | P Size | AREG | BREG | CREG | DREG | ADREG | MREG | PREG | 
+------------------------------------------+---------------+--------+--------+--------+--------+--------+------+------+------+------+-------+------+------+
|spmv_mac_muladd_10s_8s_32s_32_4_1_DSP48_0 | (C+(A2*B2)')' | 10     | 8      | 32     | -      | 32     | 1    | 1    | 0    | -    | -     | 1    | 1    | 
|spmv_mac_muladd_10s_8s_32s_32_4_1_DSP48_0 | (C+(A2*B2)')' | 10     | 8      | 32     | -      | 32     | 1    | 1    | 0    | -    | -     | 1    | 1    | 
+------------------------------------------+---------------+--------+--------+--------+--------+--------+------+------+------+------+-------+------+------+

Note: The table above is a preliminary report that shows the DSPs inferred at the current stage of the synthesis flow. Some DSP may be reimplemented as non DSP primitives later in the synthesis flow. Multiple instantiated DSPs are reported only once.
---------------------------------------------------------------------------------
Finished ROM, RAM, DSP, Shift Register and Retiming Reporting
---------------------------------------------------------------------------------
---------------------------------------------------------------------------------
Start Applying XDC Timing Constraints
---------------------------------------------------------------------------------
---------------------------------------------------------------------------------
Finished Applying XDC Timing Constraints : Time (s): cpu = 00:00:23 ; elapsed = 00:00:25 . Memory (MB): peak = 1678.074 ; gain = 902.094
---------------------------------------------------------------------------------
---------------------------------------------------------------------------------
Start Timing Optimization
---------------------------------------------------------------------------------
---------------------------------------------------------------------------------
Finished Timing Optimization : Time (s): cpu = 00:00:24 ; elapsed = 00:00:25 . Memory (MB): peak = 1691.879 ; gain = 915.898
---------------------------------------------------------------------------------
---------------------------------------------------------------------------------
Start Technology Mapping
---------------------------------------------------------------------------------
---------------------------------------------------------------------------------
Finished Technology Mapping : Time (s): cpu = 00:00:24 ; elapsed = 00:00:26 . Memory (MB): peak = 1713.688 ; gain = 937.707
---------------------------------------------------------------------------------
---------------------------------------------------------------------------------
Start IO Insertion
---------------------------------------------------------------------------------
---------------------------------------------------------------------------------
Start Flattening Before IO Insertion
---------------------------------------------------------------------------------
---------------------------------------------------------------------------------
Finished Flattening Before IO Insertion
---------------------------------------------------------------------------------
---------------------------------------------------------------------------------
Start Final Netlist Cleanup
---------------------------------------------------------------------------------
---------------------------------------------------------------------------------
Finished Final Netlist Cleanup
---------------------------------------------------------------------------------
---------------------------------------------------------------------------------
Finished IO Insertion : Time (s): cpu = 00:00:28 ; elapsed = 00:00:30 . Memory (MB): peak = 1941.336 ; gain = 1165.355
---------------------------------------------------------------------------------
---------------------------------------------------------------------------------
Start Renaming Generated Instances
---------------------------------------------------------------------------------
---------------------------------------------------------------------------------
Finished Renaming Generated Instances : Time (s): cpu = 00:00:28 ; elapsed = 00:00:30 . Memory (MB): peak = 1941.336 ; gain = 1165.355
---------------------------------------------------------------------------------
---------------------------------------------------------------------------------
Start Rebuilding User Hierarchy
---------------------------------------------------------------------------------
---------------------------------------------------------------------------------
Finished Rebuilding User Hierarchy : Time (s): cpu = 00:00:28 ; elapsed = 00:00:30 . Memory (MB): peak = 1941.336 ; gain = 1165.355
---------------------------------------------------------------------------------
---------------------------------------------------------------------------------
Start Renaming Generated Ports
---------------------------------------------------------------------------------
---------------------------------------------------------------------------------
Finished Renaming Generated Ports : Time (s): cpu = 00:00:28 ; elapsed = 00:00:30 . Memory (MB): peak = 1941.336 ; gain = 1165.355
---------------------------------------------------------------------------------
---------------------------------------------------------------------------------
Start Handling Custom Attributes
---------------------------------------------------------------------------------
---------------------------------------------------------------------------------
Finished Handling Custom Attributes : Time (s): cpu = 00:00:28 ; elapsed = 00:00:30 . Memory (MB): peak = 1941.336 ; gain = 1165.355
---------------------------------------------------------------------------------
---------------------------------------------------------------------------------
Start Renaming Generated Nets
---------------------------------------------------------------------------------
---------------------------------------------------------------------------------
Finished Renaming Generated Nets : Time (s): cpu = 00:00:28 ; elapsed = 00:00:30 . Memory (MB): peak = 1941.336 ; gain = 1165.355
---------------------------------------------------------------------------------
---------------------------------------------------------------------------------
Start ROM, RAM, DSP, Shift Register and Retiming Reporting
---------------------------------------------------------------------------------

Static Shift Register Report:
+------------+------------------------------------------------------------------------+--------+-------+--------------+--------------------+-------------------+--------+---------+
|Module Name | RTL Name                                                               | Length | Width | Reset Signal | Pull out first Reg | Pull out last Reg | SRL16E | SRLC32E | 
+------------+------------------------------------------------------------------------+--------+-------+--------------+--------------------+-------------------+--------+---------+
|spmv        | grp_spmv_Pipeline_L2_1_fu_1128/icmp_ln41_reg_3300_pp0_iter4_reg_reg[0] | 4      | 1     | NO           | YES                | YES               | 1      | 0       | 
|spmv        | grp_spmv_Pipeline_L2_1_fu_1128/ap_loop_exit_ready_pp0_iter4_reg_reg    | 3      | 1     | NO           | NO                 | YES               | 1      | 0       | 
+------------+------------------------------------------------------------------------+--------+-------+--------------+--------------------+-------------------+--------+---------+

---------------------------------------------------------------------------------
Finished ROM, RAM, DSP, Shift Register and Retiming Reporting
---------------------------------------------------------------------------------
---------------------------------------------------------------------------------
Start Writing Synthesis Report
---------------------------------------------------------------------------------

DSP Final Report (the ' indicates corresponding REG is set)
+------------------------------------------+---------------+--------+--------+--------+--------+--------+------+------+------+------+-------+------+------+
|Module Name                               | DSP Mapping   | A Size | B Size | C Size | D Size | P Size | AREG | BREG | CREG | DREG | ADREG | MREG | PREG | 
+------------------------------------------+---------------+--------+--------+--------+--------+--------+------+------+------+------+-------+------+------+
|spmv_mac_muladd_10s_8s_32s_32_4_1_DSP48_0 | (C+(A'*B')')' | 30     | 18     | 48     | -      | 32     | 1    | 1    | 0    | -    | -     | 1    | 1    | 
|spmv_mac_muladd_10s_8s_32s_32_4_1_DSP48_0 | (C+(A'*B')')' | 30     | 18     | 48     | -      | 32     | 1    | 1    | 0    | -    | -     | 1    | 1    | 
+------------------------------------------+---------------+--------+--------+--------+--------+--------+------+------+------+------+-------+------+------+


Report BlackBoxes: 
+-+--------------+----------+
| |BlackBox name |Instances |
+-+--------------+----------+
+-+--------------+----------+

Report Cell Usage: 
+------+--------+------+
|      |Cell    |Count |
+------+--------+------+
|1     |CARRY4  |    34|
|2     |DSP48E1 |     2|
|3     |LUT1    |     1|
|4     |LUT2    |    41|
|5     |LUT3    |    99|
|6     |LUT4    |   106|
|7     |LUT5    |    34|
|8     |LUT6    |   684|
|9     |MUXF7   |   340|
|10    |MUXF8   |   160|
|11    |SRL16E  |     2|
|12    |FDRE    |  1536|
|13    |FDSE    |     1|
+------+--------+------+
---------------------------------------------------------------------------------
Finished Writing Synthesis Report : Time (s): cpu = 00:00:28 ; elapsed = 00:00:30 . Memory (MB): peak = 1941.336 ; gain = 1165.355
---------------------------------------------------------------------------------
Synthesis finished with 0 errors, 0 critical warnings and 0 warnings.
Synthesis Optimization Runtime : Time (s): cpu = 00:00:19 ; elapsed = 00:00:28 . Memory (MB): peak = 1941.336 ; gain = 1085.258
Synthesis Optimization Complete : Time (s): cpu = 00:00:28 ; elapsed = 00:00:30 . Memory (MB): peak = 1941.336 ; gain = 1165.355
INFO: [Project 1-571] Translating synthesized netlist
Netlist sorting complete. Time (s): cpu = 00:00:00 ; elapsed = 00:00:00.051 . Memory (MB): peak = 1943.711 ; gain = 0.000
INFO: [Netlist 29-17] Analyzing 536 Unisim elements for replacement
INFO: [Netlist 29-28] Unisim Transformation completed in 0 CPU seconds
INFO: [Project 1-570] Preparing netlist for logic optimization
INFO: [Opt 31-138] Pushed 0 inverter(s) to 0 load pin(s).
Netlist sorting complete. Time (s): cpu = 00:00:00 ; elapsed = 00:00:00.001 . Memory (MB): peak = 1946.020 ; gain = 0.000
INFO: [Project 1-111] Unisim Transformation Summary:
No Unisim elements were transformed.

Synth Design complete | Checksum: 1452ac6a
INFO: [Common 17-83] Releasing license: Synthesis
147 Infos, 1 Warnings, 0 Critical Warnings and 0 Errors encountered.
synth_design completed successfully
synth_design: Time (s): cpu = 00:00:32 ; elapsed = 00:00:35 . Memory (MB): peak = 1946.020 ; gain = 1401.895
Write ShapeDB Complete: Time (s): cpu = 00:00:00 ; elapsed = 00:00:00.004 . Memory (MB): peak = 1946.020 ; gain = 0.000
INFO: [Common 17-1381] The checkpoint 'C:/Users/stefa/Workspace/01-UNICAL/HLS/HLS_projects/build/project02_SpMV/09_partial-sums/vivado_prj/vivado_prj.runs/spmv_0_synth_1/spmv_0.dcp' has been generated.
INFO: [Coretcl 2-1648] Added synthesis output to IP cache for IP spmv_0, cache-ID = 11a0c56d28fdf748
INFO: [Coretcl 2-1174] Renamed 7 cell refs.
Write ShapeDB Complete: Time (s): cpu = 00:00:00 ; elapsed = 00:00:00.005 . Memory (MB): peak = 1946.020 ; gain = 0.000
INFO: [Common 17-1381] The checkpoint 'C:/Users/stefa/Workspace/01-UNICAL/HLS/HLS_projects/build/project02_SpMV/09_partial-sums/vivado_prj/vivado_prj.runs/spmv_0_synth_1/spmv_0.dcp' has been generated.
INFO: [Vivado 12-24828] Executing command : report_utilization -file spmv_0_utilization_synth.rpt -pb spmv_0_utilization_synth.pb
INFO: [Common 17-206] Exiting Vivado at Mon Jun 15 12:37:17 2026...
