  **** HLS Build v2025.2 6295257
INFO: [HLS 200-2005] Using work_dir C:/Users/stefa/Workspace/01-UNICAL/HLS/HLS_projects/projects/project01_FIR/fir_total-unroll/fir_total-unroll_script 
INFO: [HLS 200-2176] Writing Vitis IDE component file C:/Users/stefa/Workspace/01-UNICAL/HLS/HLS_projects/projects/project01_FIR/fir_total-unroll/fir_total-unroll_script/vitis-comp.json
INFO: [HLS 200-10] Creating and opening component 'C:/Users/stefa/Workspace/01-UNICAL/HLS/HLS_projects/projects/project01_FIR/fir_total-unroll/fir_total-unroll_script'.
INFO: [HLS 200-1505] Using default flow_target 'vivado'
Resolution: For help on HLS 200-1505 see docs.amd.com/access/sources/dita/topic?Doc_Version=2025.2%20English&url=ug1448-hls-guidance&resourceid=200-1505.html
INFO: [HLS 200-2174] Applying component config ini file hls_config.cfg
INFO: [HLS 200-1465] Applying config ini 'syn.file=fir.hpp' from hls_config.cfg(10)
INFO: [HLS 200-10] Adding design file 'C:/Users/stefa/Workspace/01-UNICAL/HLS/HLS_projects/projects/project01_FIR/fir_total-unroll/fir.hpp' to the project
INFO: [HLS 200-1465] Applying config ini 'syn.file=fir.cpp' from hls_config.cfg(11)
INFO: [HLS 200-10] Adding design file 'C:/Users/stefa/Workspace/01-UNICAL/HLS/HLS_projects/projects/project01_FIR/fir_total-unroll/fir.cpp' to the project
INFO: [HLS 200-1465] Applying config ini 'tb.file=fir_tb.cpp' from hls_config.cfg(12)
INFO: [HLS 200-10] Adding test bench file 'C:/Users/stefa/Workspace/01-UNICAL/HLS/HLS_projects/projects/project01_FIR/fir_total-unroll/fir_tb.cpp' to the project
INFO: [HLS 200-1465] Applying config ini 'syn.top=fir' from hls_config.cfg(13)
INFO: [HLS 200-1465] Applying config ini 'flow_target=vivado' from hls_config.cfg(4)
INFO: [HLS 200-1505] Using flow_target 'vivado'
Resolution: For help on HLS 200-1505 see docs.amd.com/access/sources/dita/topic?Doc_Version=2025.2%20English&url=ug1448-hls-guidance&resourceid=200-1505.html
INFO: [HLS 200-1465] Applying config ini 'part=xc7z020clg484-3' from hls_config.cfg(1)
INFO: [HLS 200-1611] Setting target device to 'xc7z020-clg484-3'
INFO: [HLS 200-1465] Applying config ini 'clock=10ns' from hls_config.cfg(7)
INFO: [SYN 201-201] Setting up clock 'default' with a period of 10ns.
INFO: [HLS 200-1465] Applying config ini 'cosim.trace_level=all' from hls_config.cfg(14)
INFO: [HLS 200-1465] Applying config ini 'package.output.format=ip_catalog' from hls_config.cfg(5)
INFO: [HLS 200-1465] Applying config ini 'syn.array_partition.throughput_driven=off' from hls_config.cfg(9)
INFO: [HLS 200-1465] Applying config ini 'syn.compile.pipeline_loops=0' from hls_config.cfg(8)
INFO: [HLS 200-2176] Writing Vitis IDE component file C:/Users/stefa/Workspace/01-UNICAL/HLS/HLS_projects/projects/project01_FIR/fir_total-unroll/fir_total-unroll_script/vitis-comp.json
INFO: [HLS 200-111] Finished File checks and directory preparation: CPU user time: 1 seconds. CPU system time: 1 seconds. Elapsed time: 4.446 seconds; current allocated memory: 142.203 MB.
INFO: [HLS 200-2191] C-Synthesis will use clang-16 as the compiler
INFO: [HLS 200-10] Analyzing design file 'fir.cpp' ... 
INFO: [HLS 200-111] Finished Source Code Analysis and Preprocessing: CPU user time: 0 seconds. CPU system time: 0 seconds. Elapsed time: 7.025 seconds; current allocated memory: 144.777 MB.
INFO: [HLS 200-777] Using interface defaults for 'Vivado' flow target.
INFO: [HLS 200-1995] There were 452 instructions in the design after the 'Compile/Link' phase of compilation. See the Design Size Report for more details (C:/Users/stefa/Workspace/01-UNICAL/HLS/HLS_projects/projects/project01_FIR/fir_total-unroll/fir_total-unroll_script/hls/syn/report/csynth_design_size.rpt:2)
INFO: [HLS 200-1995] There were 100 instructions in the design after the 'Unroll/Inline (step 1)' phase of compilation. See the Design Size Report for more details (C:/Users/stefa/Workspace/01-UNICAL/HLS/HLS_projects/projects/project01_FIR/fir_total-unroll/fir_total-unroll_script/hls/syn/report/csynth_design_size.rpt:2)
INFO: [HLS 200-1995] There were 74 instructions in the design after the 'Unroll/Inline (step 2)' phase of compilation. See the Design Size Report for more details (C:/Users/stefa/Workspace/01-UNICAL/HLS/HLS_projects/projects/project01_FIR/fir_total-unroll/fir_total-unroll_script/hls/syn/report/csynth_design_size.rpt:2)
INFO: [HLS 200-1995] There were 67 instructions in the design after the 'Unroll/Inline (step 3)' phase of compilation. See the Design Size Report for more details (C:/Users/stefa/Workspace/01-UNICAL/HLS/HLS_projects/projects/project01_FIR/fir_total-unroll/fir_total-unroll_script/hls/syn/report/csynth_design_size.rpt:2)
INFO: [HLS 200-1995] There were 67 instructions in the design after the 'Unroll/Inline (step 4)' phase of compilation. See the Design Size Report for more details (C:/Users/stefa/Workspace/01-UNICAL/HLS/HLS_projects/projects/project01_FIR/fir_total-unroll/fir_total-unroll_script/hls/syn/report/csynth_design_size.rpt:2)
INFO: [HLS 200-1995] There were 66 instructions in the design after the 'Array/Struct (step 1)' phase of compilation. See the Design Size Report for more details (C:/Users/stefa/Workspace/01-UNICAL/HLS/HLS_projects/projects/project01_FIR/fir_total-unroll/fir_total-unroll_script/hls/syn/report/csynth_design_size.rpt:2)
INFO: [HLS 200-1995] There were 66 instructions in the design after the 'Array/Struct (step 2)' phase of compilation. See the Design Size Report for more details (C:/Users/stefa/Workspace/01-UNICAL/HLS/HLS_projects/projects/project01_FIR/fir_total-unroll/fir_total-unroll_script/hls/syn/report/csynth_design_size.rpt:2)
INFO: [HLS 200-1995] There were 66 instructions in the design after the 'Array/Struct (step 3)' phase of compilation. See the Design Size Report for more details (C:/Users/stefa/Workspace/01-UNICAL/HLS/HLS_projects/projects/project01_FIR/fir_total-unroll/fir_total-unroll_script/hls/syn/report/csynth_design_size.rpt:2)
INFO: [HLS 200-1995] There were 66 instructions in the design after the 'Array/Struct (step 4)' phase of compilation. See the Design Size Report for more details (C:/Users/stefa/Workspace/01-UNICAL/HLS/HLS_projects/projects/project01_FIR/fir_total-unroll/fir_total-unroll_script/hls/syn/report/csynth_design_size.rpt:2)
INFO: [HLS 200-1995] There were 66 instructions in the design after the 'Array/Struct (step 5)' phase of compilation. See the Design Size Report for more details (C:/Users/stefa/Workspace/01-UNICAL/HLS/HLS_projects/projects/project01_FIR/fir_total-unroll/fir_total-unroll_script/hls/syn/report/csynth_design_size.rpt:2)
INFO: [HLS 200-1995] There were 66 instructions in the design after the 'Performance (step 1)' phase of compilation. See the Design Size Report for more details (C:/Users/stefa/Workspace/01-UNICAL/HLS/HLS_projects/projects/project01_FIR/fir_total-unroll/fir_total-unroll_script/hls/syn/report/csynth_design_size.rpt:2)
INFO: [HLS 200-1995] There were 66 instructions in the design after the 'Performance (step 2)' phase of compilation. See the Design Size Report for more details (C:/Users/stefa/Workspace/01-UNICAL/HLS/HLS_projects/projects/project01_FIR/fir_total-unroll/fir_total-unroll_script/hls/syn/report/csynth_design_size.rpt:2)
INFO: [HLS 200-1995] There were 66 instructions in the design after the 'Performance (step 3)' phase of compilation. See the Design Size Report for more details (C:/Users/stefa/Workspace/01-UNICAL/HLS/HLS_projects/projects/project01_FIR/fir_total-unroll/fir_total-unroll_script/hls/syn/report/csynth_design_size.rpt:2)
INFO: [HLS 200-1995] There were 66 instructions in the design after the 'Performance (step 4)' phase of compilation. See the Design Size Report for more details (C:/Users/stefa/Workspace/01-UNICAL/HLS/HLS_projects/projects/project01_FIR/fir_total-unroll/fir_total-unroll_script/hls/syn/report/csynth_design_size.rpt:2)
INFO: [HLS 200-1995] There were 69 instructions in the design after the 'HW Transforms (step 1)' phase of compilation. See the Design Size Report for more details (C:/Users/stefa/Workspace/01-UNICAL/HLS/HLS_projects/projects/project01_FIR/fir_total-unroll/fir_total-unroll_script/hls/syn/report/csynth_design_size.rpt:2)
INFO: [HLS 200-1995] There were 70 instructions in the design after the 'HW Transforms (step 2)' phase of compilation. See the Design Size Report for more details (C:/Users/stefa/Workspace/01-UNICAL/HLS/HLS_projects/projects/project01_FIR/fir_total-unroll/fir_total-unroll_script/hls/syn/report/csynth_design_size.rpt:2)
INFO: [HLS 214-186] Unrolling loop 'mac_loop' (fir.cpp:24:15) in function 'fir' completely with a factor of 11 (fir.cpp:3:0)
INFO: [HLS 214-186] Unrolling loop 'shift_loop' (fir.cpp:15:17) in function 'fir' completely with a factor of 10 (fir.cpp:3:0)
INFO: [HLS 214-248] Applying array_partition to '_ZZ3firP6ap_intILi32EE7ap_uintILi12EEE9shift_reg': Complete partitioning on dimension 1. (fir.cpp:8:0)
INFO: [HLS 200-111] Finished Compiling Optimization and Transform: CPU user time: 0 seconds. CPU system time: 0 seconds. Elapsed time: 10.409 seconds; current allocated memory: 146.605 MB.
INFO: [HLS 200-111] Finished Checking Pragmas: CPU user time: 0 seconds. CPU system time: 0 seconds. Elapsed time: 0.006 seconds; current allocated memory: 146.605 MB.
INFO: [HLS 200-10] Starting code transformations ...
INFO: [HLS 200-111] Finished Standard Transforms: CPU user time: 0 seconds. CPU system time: 0 seconds. Elapsed time: 0.092 seconds; current allocated memory: 150.172 MB.
INFO: [HLS 200-10] Checking synthesizability ...
INFO: [HLS 200-111] Finished Checking Synthesizability: CPU user time: 0 seconds. CPU system time: 0 seconds. Elapsed time: 0.028 seconds; current allocated memory: 151.508 MB.
INFO: [XFORM 203-11] Balancing expressions in function 'fir' (fir.cpp:3:1)...6 expression(s) balanced.
INFO: [HLS 200-111] Finished Loop, function and other optimizations: CPU user time: 0 seconds. CPU system time: 0 seconds. Elapsed time: 0.072 seconds; current allocated memory: 171.812 MB.
INFO: [HLS 200-111] Finished Architecture Synthesis: CPU user time: 0 seconds. CPU system time: 0 seconds. Elapsed time: 0.052 seconds; current allocated memory: 171.828 MB.
INFO: [HLS 200-10] Starting hardware synthesis ...
INFO: [HLS 200-10] Synthesizing 'fir' ...
INFO: [HLS 200-10] ----------------------------------------------------------------
INFO: [HLS 200-42] -- Implementing module 'fir' 
INFO: [HLS 200-10] ----------------------------------------------------------------
INFO: [SCHED 204-11] Starting scheduling ...
INFO: [HLS 200-486] Changing DSP latency (root=add_ln27_3) to 3 in order to utilize available DSP registers.
INFO: [HLS 200-486] Changing DSP latency (root=add_ln27_2) to 3 in order to utilize available DSP registers.
INFO: [HLS 200-486] Changing DSP latency (root=add_ln27_1) to 3 in order to utilize available DSP registers.
INFO: [HLS 200-486] Changing DSP latency (root=add_ln27) to 3 in order to utilize available DSP registers.
INFO: [SCHED 204-11] Finished scheduling.
INFO: [HLS 200-111] Finished Scheduling: CPU user time: 0 seconds. CPU system time: 0 seconds. Elapsed time: 0.192 seconds; current allocated memory: 171.828 MB.
INFO: [BIND 205-100] Starting micro-architecture generation ...
INFO: [BIND 205-101] Performing variable lifetime analysis.
INFO: [BIND 205-101] Exploring resource sharing.
INFO: [BIND 205-101] Binding ...
INFO: [BIND 205-100] Finished micro-architecture generation.
INFO: [HLS 200-111] Finished Binding: CPU user time: 0 seconds. CPU system time: 0 seconds. Elapsed time: 0.066 seconds; current allocated memory: 171.828 MB.
INFO: [HLS 200-10] ----------------------------------------------------------------
INFO: [HLS 200-10] -- Generating RTL for module 'fir' 
INFO: [HLS 200-10] ----------------------------------------------------------------
INFO: [RTGEN 206-500] Setting interface mode on port 'fir/y' to 'ap_vld'.
INFO: [RTGEN 206-500] Setting interface mode on port 'fir/x' to 'ap_none'.
INFO: [RTGEN 206-500] Setting interface mode on function 'fir' to 'ap_ctrl_hs'.
WARNING: [RTGEN 206-101] Register 'fir_ap_int_32_ap_uint_12_shift_reg_9' is power-on initialization.
WARNING: [RTGEN 206-101] Register 'fir_ap_int_32_ap_uint_12_shift_reg_8' is power-on initialization.
WARNING: [RTGEN 206-101] Register 'fir_ap_int_32_ap_uint_12_shift_reg_7' is power-on initialization.
WARNING: [RTGEN 206-101] Register 'fir_ap_int_32_ap_uint_12_shift_reg_6' is power-on initialization.
WARNING: [RTGEN 206-101] Register 'fir_ap_int_32_ap_uint_12_shift_reg_5' is power-on initialization.
WARNING: [RTGEN 206-101] Register 'fir_ap_int_32_ap_uint_12_shift_reg_4' is power-on initialization.
WARNING: [RTGEN 206-101] Register 'fir_ap_int_32_ap_uint_12_shift_reg_3' is power-on initialization.
WARNING: [RTGEN 206-101] Register 'fir_ap_int_32_ap_uint_12_shift_reg_2' is power-on initialization.
WARNING: [RTGEN 206-101] Register 'fir_ap_int_32_ap_uint_12_shift_reg_1' is power-on initialization.
WARNING: [RTGEN 206-101] Register 'fir_ap_int_32_ap_uint_12_shift_reg' is power-on initialization.
INFO: [RTGEN 206-100] Generating core module 'mac_muladd_12ns_6ns_20s_20_4_1': 1 instance(s).
INFO: [RTGEN 206-100] Generating core module 'mac_muladd_12ns_6ns_21s_21_4_1': 1 instance(s).
INFO: [RTGEN 206-100] Generating core module 'mac_muladd_12ns_8s_20s_21_4_1': 1 instance(s).
INFO: [RTGEN 206-100] Generating core module 'mac_muladd_12ns_9ns_21ns_22_4_1': 1 instance(s).
INFO: [RTGEN 206-100] Generating core module 'mul_12ns_10ns_21_1_1': 2 instance(s).
INFO: [RTGEN 206-100] Generating core module 'mul_12ns_8s_20_1_1': 1 instance(s).
INFO: [RTGEN 206-100] Finished creating RTL model for 'fir'.
INFO: [HLS 200-111] Finished Creating RTL model: CPU user time: 0 seconds. CPU system time: 0 seconds. Elapsed time: 1.512 seconds; current allocated memory: 172.332 MB.
INFO: [HLS 200-111] Finished Generating all RTL models: CPU user time: 1 seconds. CPU system time: 0 seconds. Elapsed time: 0.569 seconds; current allocated memory: 176.043 MB.
INFO: [HLS 200-2225] Wrote inferred directives to file C:/Users/stefa/Workspace/01-UNICAL/HLS/HLS_projects/projects/project01_FIR/fir_total-unroll/fir_total-unroll_script/hls/syn/inferred_directives.ini
INFO: [HLS 200-111] Finished Updating report files: CPU user time: 0 seconds. CPU system time: 1 seconds. Elapsed time: 1.009 seconds; current allocated memory: 177.762 MB.
INFO: [VHDL 208-304] Generating VHDL RTL for fir.
INFO: [VLOG 209-307] Generating Verilog RTL for fir.
INFO: [HLS 200-789] **** Estimated Fmax: 188.91 MHz
INFO: [HLS 200-112] Total CPU user time: 2 seconds. Total CPU system time: 2 seconds. Total elapsed time: 25.507 seconds; peak allocated memory: 177.863 MB.
INFO: [v++ 60-791] Total elapsed time: 0h 0m 29s
