  **** HLS Build v2025.2 6295257
INFO: [HLS 200-2005] Using work_dir C:/Users/stefa/Workspace/01-UNICAL/HLS/HLS_projects/projects/project02_SpMV/08_pipeline-unroll-2-cyclic-4-v3-L2/08_pipeline-unroll-2-cyclic-4-v3-L2_script 
INFO: [HLS 200-2176] Writing Vitis IDE component file C:/Users/stefa/Workspace/01-UNICAL/HLS/HLS_projects/projects/project02_SpMV/08_pipeline-unroll-2-cyclic-4-v3-L2/08_pipeline-unroll-2-cyclic-4-v3-L2_script/vitis-comp.json
INFO: [HLS 200-10] Creating and opening component 'C:/Users/stefa/Workspace/01-UNICAL/HLS/HLS_projects/projects/project02_SpMV/08_pipeline-unroll-2-cyclic-4-v3-L2/08_pipeline-unroll-2-cyclic-4-v3-L2_script'.
INFO: [HLS 200-1505] Using default flow_target 'vivado'
Resolution: For help on HLS 200-1505 see docs.amd.com/access/sources/dita/topic?Doc_Version=2025.2%20English&url=ug1448-hls-guidance&resourceid=200-1505.html
INFO: [HLS 200-2174] Applying component config ini file hls_config.cfg
INFO: [HLS 200-1465] Applying config ini 'syn.file=spmv.hpp' from hls_config.cfg(10)
INFO: [HLS 200-10] Adding design file 'C:/Users/stefa/Workspace/01-UNICAL/HLS/HLS_projects/projects/project02_SpMV/08_pipeline-unroll-2-cyclic-4-v3-L2/spmv.hpp' to the project
INFO: [HLS 200-1465] Applying config ini 'syn.file=spmv.cpp' from hls_config.cfg(11)
INFO: [HLS 200-10] Adding design file 'C:/Users/stefa/Workspace/01-UNICAL/HLS/HLS_projects/projects/project02_SpMV/08_pipeline-unroll-2-cyclic-4-v3-L2/spmv.cpp' to the project
INFO: [HLS 200-1465] Applying config ini 'tb.file=spmv_tb.cpp' from hls_config.cfg(12)
INFO: [HLS 200-10] Adding test bench file 'C:/Users/stefa/Workspace/01-UNICAL/HLS/HLS_projects/projects/project02_SpMV/08_pipeline-unroll-2-cyclic-4-v3-L2/spmv_tb.cpp' to the project
INFO: [HLS 200-1465] Applying config ini 'syn.top=spmv' from hls_config.cfg(13)
INFO: [HLS 200-1465] Applying config ini 'flow_target=vivado' from hls_config.cfg(4)
INFO: [HLS 200-1505] Using flow_target 'vivado'
Resolution: For help on HLS 200-1505 see docs.amd.com/access/sources/dita/topic?Doc_Version=2025.2%20English&url=ug1448-hls-guidance&resourceid=200-1505.html
INFO: [HLS 200-1465] Applying config ini 'part=xc7z020clg484-3' from hls_config.cfg(1)
INFO: [HLS 200-1611] Setting target device to 'xc7z020-clg484-3'
INFO: [HLS 200-1465] Applying config ini 'clock=10ns' from hls_config.cfg(7)
INFO: [SYN 201-201] Setting up clock 'default' with a period of 10ns.
INFO: [HLS 200-1465] Applying config ini 'cosim.trace_level=all' from hls_config.cfg(14)
INFO: [HLS 200-1465] Applying config ini 'package.output.format=ip_catalog' from hls_config.cfg(5)
INFO: [HLS 200-1465] Applying config ini 'syn.array_partition.throughput_driven=off' from hls_config.cfg(9)
INFO: [HLS 200-1465] Applying config ini 'syn.compile.pipeline_loops=0' from hls_config.cfg(8)
INFO: [HLS 200-2176] Writing Vitis IDE component file C:/Users/stefa/Workspace/01-UNICAL/HLS/HLS_projects/projects/project02_SpMV/08_pipeline-unroll-2-cyclic-4-v3-L2/08_pipeline-unroll-2-cyclic-4-v3-L2_script/vitis-comp.json
INFO: [HLS 200-111] Finished File checks and directory preparation: CPU user time: 1 seconds. CPU system time: 1 seconds. Elapsed time: 2.909 seconds; current allocated memory: 142.051 MB.
INFO: [HLS 200-2191] C-Synthesis will use clang-16 as the compiler
INFO: [HLS 200-10] Analyzing design file 'spmv.cpp' ... 
INFO: [HLS 200-111] Finished Source Code Analysis and Preprocessing: CPU user time: 0 seconds. CPU system time: 0 seconds. Elapsed time: 6.89 seconds; current allocated memory: 144.539 MB.
INFO: [HLS 200-777] Using interface defaults for 'Vivado' flow target.
INFO: [HLS 200-1995] There were 531 instructions in the design after the 'Compile/Link' phase of compilation. See the Design Size Report for more details (C:/Users/stefa/Workspace/01-UNICAL/HLS/HLS_projects/projects/project02_SpMV/08_pipeline-unroll-2-cyclic-4-v3-L2/08_pipeline-unroll-2-cyclic-4-v3-L2_script/hls/syn/report/csynth_design_size.rpt:2)
INFO: [HLS 200-1995] There were 95 instructions in the design after the 'Unroll/Inline (step 1)' phase of compilation. See the Design Size Report for more details (C:/Users/stefa/Workspace/01-UNICAL/HLS/HLS_projects/projects/project02_SpMV/08_pipeline-unroll-2-cyclic-4-v3-L2/08_pipeline-unroll-2-cyclic-4-v3-L2_script/hls/syn/report/csynth_design_size.rpt:2)
INFO: [HLS 200-1995] There were 69 instructions in the design after the 'Unroll/Inline (step 2)' phase of compilation. See the Design Size Report for more details (C:/Users/stefa/Workspace/01-UNICAL/HLS/HLS_projects/projects/project02_SpMV/08_pipeline-unroll-2-cyclic-4-v3-L2/08_pipeline-unroll-2-cyclic-4-v3-L2_script/hls/syn/report/csynth_design_size.rpt:2)
INFO: [HLS 200-1995] There were 65 instructions in the design after the 'Unroll/Inline (step 3)' phase of compilation. See the Design Size Report for more details (C:/Users/stefa/Workspace/01-UNICAL/HLS/HLS_projects/projects/project02_SpMV/08_pipeline-unroll-2-cyclic-4-v3-L2/08_pipeline-unroll-2-cyclic-4-v3-L2_script/hls/syn/report/csynth_design_size.rpt:2)
INFO: [HLS 200-1995] There were 58 instructions in the design after the 'Unroll/Inline (step 4)' phase of compilation. See the Design Size Report for more details (C:/Users/stefa/Workspace/01-UNICAL/HLS/HLS_projects/projects/project02_SpMV/08_pipeline-unroll-2-cyclic-4-v3-L2/08_pipeline-unroll-2-cyclic-4-v3-L2_script/hls/syn/report/csynth_design_size.rpt:2)
INFO: [HLS 200-1995] There were 354 instructions in the design after the 'Array/Struct (step 1)' phase of compilation. See the Design Size Report for more details (C:/Users/stefa/Workspace/01-UNICAL/HLS/HLS_projects/projects/project02_SpMV/08_pipeline-unroll-2-cyclic-4-v3-L2/08_pipeline-unroll-2-cyclic-4-v3-L2_script/hls/syn/report/csynth_design_size.rpt:2)
INFO: [HLS 200-1995] There were 211 instructions in the design after the 'Array/Struct (step 2)' phase of compilation. See the Design Size Report for more details (C:/Users/stefa/Workspace/01-UNICAL/HLS/HLS_projects/projects/project02_SpMV/08_pipeline-unroll-2-cyclic-4-v3-L2/08_pipeline-unroll-2-cyclic-4-v3-L2_script/hls/syn/report/csynth_design_size.rpt:2)
INFO: [HLS 200-1995] There were 211 instructions in the design after the 'Array/Struct (step 3)' phase of compilation. See the Design Size Report for more details (C:/Users/stefa/Workspace/01-UNICAL/HLS/HLS_projects/projects/project02_SpMV/08_pipeline-unroll-2-cyclic-4-v3-L2/08_pipeline-unroll-2-cyclic-4-v3-L2_script/hls/syn/report/csynth_design_size.rpt:2)
INFO: [HLS 200-1995] There were 211 instructions in the design after the 'Array/Struct (step 4)' phase of compilation. See the Design Size Report for more details (C:/Users/stefa/Workspace/01-UNICAL/HLS/HLS_projects/projects/project02_SpMV/08_pipeline-unroll-2-cyclic-4-v3-L2/08_pipeline-unroll-2-cyclic-4-v3-L2_script/hls/syn/report/csynth_design_size.rpt:2)
INFO: [HLS 200-1995] There were 213 instructions in the design after the 'Array/Struct (step 5)' phase of compilation. See the Design Size Report for more details (C:/Users/stefa/Workspace/01-UNICAL/HLS/HLS_projects/projects/project02_SpMV/08_pipeline-unroll-2-cyclic-4-v3-L2/08_pipeline-unroll-2-cyclic-4-v3-L2_script/hls/syn/report/csynth_design_size.rpt:2)
INFO: [HLS 200-1995] There were 213 instructions in the design after the 'Performance (step 1)' phase of compilation. See the Design Size Report for more details (C:/Users/stefa/Workspace/01-UNICAL/HLS/HLS_projects/projects/project02_SpMV/08_pipeline-unroll-2-cyclic-4-v3-L2/08_pipeline-unroll-2-cyclic-4-v3-L2_script/hls/syn/report/csynth_design_size.rpt:2)
INFO: [HLS 200-1995] There were 213 instructions in the design after the 'Performance (step 2)' phase of compilation. See the Design Size Report for more details (C:/Users/stefa/Workspace/01-UNICAL/HLS/HLS_projects/projects/project02_SpMV/08_pipeline-unroll-2-cyclic-4-v3-L2/08_pipeline-unroll-2-cyclic-4-v3-L2_script/hls/syn/report/csynth_design_size.rpt:2)
INFO: [HLS 200-1995] There were 211 instructions in the design after the 'Performance (step 3)' phase of compilation. See the Design Size Report for more details (C:/Users/stefa/Workspace/01-UNICAL/HLS/HLS_projects/projects/project02_SpMV/08_pipeline-unroll-2-cyclic-4-v3-L2/08_pipeline-unroll-2-cyclic-4-v3-L2_script/hls/syn/report/csynth_design_size.rpt:2)
INFO: [HLS 200-1995] There were 211 instructions in the design after the 'Performance (step 4)' phase of compilation. See the Design Size Report for more details (C:/Users/stefa/Workspace/01-UNICAL/HLS/HLS_projects/projects/project02_SpMV/08_pipeline-unroll-2-cyclic-4-v3-L2/08_pipeline-unroll-2-cyclic-4-v3-L2_script/hls/syn/report/csynth_design_size.rpt:2)
INFO: [HLS 200-1995] There were 487 instructions in the design after the 'HW Transforms (step 1)' phase of compilation. See the Design Size Report for more details (C:/Users/stefa/Workspace/01-UNICAL/HLS/HLS_projects/projects/project02_SpMV/08_pipeline-unroll-2-cyclic-4-v3-L2/08_pipeline-unroll-2-cyclic-4-v3-L2_script/hls/syn/report/csynth_design_size.rpt:2)
INFO: [HLS 200-1995] There were 493 instructions in the design after the 'HW Transforms (step 2)' phase of compilation. See the Design Size Report for more details (C:/Users/stefa/Workspace/01-UNICAL/HLS/HLS_projects/projects/project02_SpMV/08_pipeline-unroll-2-cyclic-4-v3-L2/08_pipeline-unroll-2-cyclic-4-v3-L2_script/hls/syn/report/csynth_design_size.rpt:2)
INFO: [HLS 214-188] Unrolling loop 'L2' (spmv.cpp:20:13) in function 'spmv' partially with a factor of 2 (spmv.cpp:9:0)
INFO: [HLS 214-178] Inlining function 'ap_int<32>::ap_int(float)' into 'spmv(ap_int<8> const*, ap_int<10> const*, int const*, int const*, ap_int<32>*)' (spmv.cpp:9:0)
INFO: [HLS 214-248] Applying array_partition to 'values': Cyclic partitioning with factor 4 on dimension 1. (spmv.cpp:9:0)
INFO: [HLS 214-248] Applying array_partition to 'x': Complete partitioning on dimension 1. (spmv.cpp:9:0)
INFO: [HLS 214-248] Applying array_partition to 'col_idx': Cyclic partitioning with factor 4 on dimension 1. (spmv.cpp:9:0)
INFO: [HLS 200-111] Finished Compiling Optimization and Transform: CPU user time: 0 seconds. CPU system time: 1 seconds. Elapsed time: 10.097 seconds; current allocated memory: 146.691 MB.
INFO: [HLS 200-111] Finished Checking Pragmas: CPU user time: 0 seconds. CPU system time: 0 seconds. Elapsed time: 0.006 seconds; current allocated memory: 146.691 MB.
INFO: [HLS 200-10] Starting code transformations ...
INFO: [HLS 200-111] Finished Standard Transforms: CPU user time: 0 seconds. CPU system time: 0 seconds. Elapsed time: 0.14 seconds; current allocated memory: 151.875 MB.
INFO: [HLS 200-10] Checking synthesizability ...
INFO: [HLS 200-111] Finished Checking Synthesizability: CPU user time: 0 seconds. CPU system time: 0 seconds. Elapsed time: 0.073 seconds; current allocated memory: 154.066 MB.
INFO: [HLS 200-111] Finished Loop, function and other optimizations: CPU user time: 1 seconds. CPU system time: 0 seconds. Elapsed time: 0.267 seconds; current allocated memory: 175.715 MB.
INFO: [HLS 200-111] Finished Architecture Synthesis: CPU user time: 0 seconds. CPU system time: 0 seconds. Elapsed time: 0.218 seconds; current allocated memory: 181.094 MB.
INFO: [HLS 200-10] Starting hardware synthesis ...
INFO: [HLS 200-10] Synthesizing 'spmv' ...
INFO: [HLS 200-10] ----------------------------------------------------------------
INFO: [HLS 200-42] -- Implementing module 'spmv_Pipeline_L2' 
INFO: [HLS 200-10] ----------------------------------------------------------------
INFO: [SCHED 204-11] Starting scheduling ...
INFO: [HLS 200-486] Changing DSP latency (root=add_ln31) to 3 in order to utilize available DSP registers.
INFO: [HLS 200-486] Changing DSP latency (root=add_ln31_1) to 3 in order to utilize available DSP registers.
INFO: [SCHED 204-61] Pipelining loop 'L2'.
WARNING: [HLS 200-880] The II Violation in module 'spmv_Pipeline_L2' (loop 'L2'): Unable to enforce a carried dependence constraint (II = 1, distance = 1, offset = 0) between 'store' operation ('add_i4_0_write_ln31', spmv.cpp:31) of variable 'add_ln31_1', spmv.cpp:31 32 bit on local variable 'add_i4_0' and 'load' operation 32 bit ('add_i4_0_load', spmv.cpp:31) on local variable 'add_i4_0'.
Resolution: For help on HLS 200-880 see docs.amd.com/access/sources/dita/topic?Doc_Version=2025.2%20English&url=ug1448-hls-guidance&resourceid=200-880.html
INFO: [HLS 200-1470] Pipelining result : Target II = 1, Final II = 2, Depth = 7, loop 'L2'
INFO: [SCHED 204-11] Finished scheduling.
INFO: [HLS 200-111] Finished Scheduling: CPU user time: 0 seconds. CPU system time: 0 seconds. Elapsed time: 0.336 seconds; current allocated memory: 187.242 MB.
INFO: [BIND 205-100] Starting micro-architecture generation ...
INFO: [BIND 205-101] Performing variable lifetime analysis.
INFO: [BIND 205-101] Exploring resource sharing.
INFO: [BIND 205-101] Binding ...
INFO: [BIND 205-100] Finished micro-architecture generation.
INFO: [HLS 200-111] Finished Binding: CPU user time: 0 seconds. CPU system time: 0 seconds. Elapsed time: 0.067 seconds; current allocated memory: 189.000 MB.
INFO: [HLS 200-10] ----------------------------------------------------------------
INFO: [HLS 200-42] -- Implementing module 'spmv' 
INFO: [HLS 200-10] ----------------------------------------------------------------
INFO: [SCHED 204-11] Starting scheduling ...
INFO: [SCHED 204-11] Finished scheduling.
INFO: [HLS 200-111] Finished Scheduling: CPU user time: 0 seconds. CPU system time: 0 seconds. Elapsed time: 0.124 seconds; current allocated memory: 191.102 MB.
INFO: [BIND 205-100] Starting micro-architecture generation ...
INFO: [BIND 205-101] Performing variable lifetime analysis.
INFO: [BIND 205-101] Exploring resource sharing.
INFO: [BIND 205-101] Binding ...
INFO: [BIND 205-100] Finished micro-architecture generation.
INFO: [HLS 200-111] Finished Binding: CPU user time: 0 seconds. CPU system time: 0 seconds. Elapsed time: 0.063 seconds; current allocated memory: 192.266 MB.
INFO: [HLS 200-10] ----------------------------------------------------------------
INFO: [HLS 200-10] -- Generating RTL for module 'spmv_Pipeline_L2' 
INFO: [HLS 200-10] ----------------------------------------------------------------
INFO: [HLS 200-1030] Apply Unified Pipeline Control on module 'spmv_Pipeline_L2' pipeline 'L2' pipeline type 'loop pipeline'
INFO: [RTGEN 206-100] Generating core module 'mac_muladd_10s_8s_32s_32_4_1': 2 instance(s).
INFO: [RTGEN 206-100] Generating core module 'sparsemux_257_7_10_1_1': 2 instance(s).
INFO: [RTGEN 206-100] Generating core module 'sparsemux_9_2_7_1_1': 2 instance(s).
INFO: [RTGEN 206-100] Generating core module 'sparsemux_9_2_8_1_1': 2 instance(s).
INFO: [RTGEN 206-100] Finished creating RTL model for 'spmv_Pipeline_L2'.
INFO: [HLS 200-111] Finished Creating RTL model: CPU user time: 0 seconds. CPU system time: 0 seconds. Elapsed time: 0.261 seconds; current allocated memory: 198.504 MB.
INFO: [HLS 200-10] ----------------------------------------------------------------
INFO: [HLS 200-10] -- Generating RTL for module 'spmv' 
INFO: [HLS 200-10] ----------------------------------------------------------------
INFO: [RTGEN 206-500] Setting interface mode on port 'spmv/values_0' to 'ap_memory'.
INFO: [RTGEN 206-500] Setting interface mode on port 'spmv/values_1' to 'ap_memory'.
INFO: [RTGEN 206-500] Setting interface mode on port 'spmv/values_2' to 'ap_memory'.
INFO: [RTGEN 206-500] Setting interface mode on port 'spmv/values_3' to 'ap_memory'.
INFO: [RTGEN 206-500] Setting interface mode on port 'spmv/x_0' to 'ap_none'.
INFO: [RTGEN 206-500] Setting interface mode on port 'spmv/x_1' to 'ap_none'.
INFO: [RTGEN 206-500] Setting interface mode on port 'spmv/x_2' to 'ap_none'.
INFO: [RTGEN 206-500] Setting interface mode on port 'spmv/x_3' to 'ap_none'.
INFO: [RTGEN 206-500] Setting interface mode on port 'spmv/x_4' to 'ap_none'.
INFO: [RTGEN 206-500] Setting interface mode on port 'spmv/x_5' to 'ap_none'.
INFO: [RTGEN 206-500] Setting interface mode on port 'spmv/x_6' to 'ap_none'.
INFO: [RTGEN 206-500] Setting interface mode on port 'spmv/x_7' to 'ap_none'.
INFO: [RTGEN 206-500] Setting interface mode on port 'spmv/x_8' to 'ap_none'.
INFO: [RTGEN 206-500] Setting interface mode on port 'spmv/x_9' to 'ap_none'.
INFO: [RTGEN 206-500] Setting interface mode on port 'spmv/x_10' to 'ap_none'.
INFO: [RTGEN 206-500] Setting interface mode on port 'spmv/x_11' to 'ap_none'.
INFO: [RTGEN 206-500] Setting interface mode on port 'spmv/x_12' to 'ap_none'.
INFO: [RTGEN 206-500] Setting interface mode on port 'spmv/x_13' to 'ap_none'.
INFO: [RTGEN 206-500] Setting interface mode on port 'spmv/x_14' to 'ap_none'.
INFO: [RTGEN 206-500] Setting interface mode on port 'spmv/x_15' to 'ap_none'.
INFO: [RTGEN 206-500] Setting interface mode on port 'spmv/x_16' to 'ap_none'.
INFO: [RTGEN 206-500] Setting interface mode on port 'spmv/x_17' to 'ap_none'.
INFO: [RTGEN 206-500] Setting interface mode on port 'spmv/x_18' to 'ap_none'.
INFO: [RTGEN 206-500] Setting interface mode on port 'spmv/x_19' to 'ap_none'.
INFO: [RTGEN 206-500] Setting interface mode on port 'spmv/x_20' to 'ap_none'.
INFO: [RTGEN 206-500] Setting interface mode on port 'spmv/x_21' to 'ap_none'.
INFO: [RTGEN 206-500] Setting interface mode on port 'spmv/x_22' to 'ap_none'.
INFO: [RTGEN 206-500] Setting interface mode on port 'spmv/x_23' to 'ap_none'.
INFO: [RTGEN 206-500] Setting interface mode on port 'spmv/x_24' to 'ap_none'.
INFO: [RTGEN 206-500] Setting interface mode on port 'spmv/x_25' to 'ap_none'.
INFO: [RTGEN 206-500] Setting interface mode on port 'spmv/x_26' to 'ap_none'.
INFO: [RTGEN 206-500] Setting interface mode on port 'spmv/x_27' to 'ap_none'.
INFO: [RTGEN 206-500] Setting interface mode on port 'spmv/x_28' to 'ap_none'.
INFO: [RTGEN 206-500] Setting interface mode on port 'spmv/x_29' to 'ap_none'.
INFO: [RTGEN 206-500] Setting interface mode on port 'spmv/x_30' to 'ap_none'.
INFO: [RTGEN 206-500] Setting interface mode on port 'spmv/x_31' to 'ap_none'.
INFO: [RTGEN 206-500] Setting interface mode on port 'spmv/x_32' to 'ap_none'.
INFO: [RTGEN 206-500] Setting interface mode on port 'spmv/x_33' to 'ap_none'.
INFO: [RTGEN 206-500] Setting interface mode on port 'spmv/x_34' to 'ap_none'.
INFO: [RTGEN 206-500] Setting interface mode on port 'spmv/x_35' to 'ap_none'.
INFO: [RTGEN 206-500] Setting interface mode on port 'spmv/x_36' to 'ap_none'.
INFO: [RTGEN 206-500] Setting interface mode on port 'spmv/x_37' to 'ap_none'.
INFO: [RTGEN 206-500] Setting interface mode on port 'spmv/x_38' to 'ap_none'.
INFO: [RTGEN 206-500] Setting interface mode on port 'spmv/x_39' to 'ap_none'.
INFO: [RTGEN 206-500] Setting interface mode on port 'spmv/x_40' to 'ap_none'.
INFO: [RTGEN 206-500] Setting interface mode on port 'spmv/x_41' to 'ap_none'.
INFO: [RTGEN 206-500] Setting interface mode on port 'spmv/x_42' to 'ap_none'.
INFO: [RTGEN 206-500] Setting interface mode on port 'spmv/x_43' to 'ap_none'.
INFO: [RTGEN 206-500] Setting interface mode on port 'spmv/x_44' to 'ap_none'.
INFO: [RTGEN 206-500] Setting interface mode on port 'spmv/x_45' to 'ap_none'.
INFO: [RTGEN 206-500] Setting interface mode on port 'spmv/x_46' to 'ap_none'.
INFO: [RTGEN 206-500] Setting interface mode on port 'spmv/x_47' to 'ap_none'.
INFO: [RTGEN 206-500] Setting interface mode on port 'spmv/x_48' to 'ap_none'.
INFO: [RTGEN 206-500] Setting interface mode on port 'spmv/x_49' to 'ap_none'.
INFO: [RTGEN 206-500] Setting interface mode on port 'spmv/x_50' to 'ap_none'.
INFO: [RTGEN 206-500] Setting interface mode on port 'spmv/x_51' to 'ap_none'.
INFO: [RTGEN 206-500] Setting interface mode on port 'spmv/x_52' to 'ap_none'.
INFO: [RTGEN 206-500] Setting interface mode on port 'spmv/x_53' to 'ap_none'.
INFO: [RTGEN 206-500] Setting interface mode on port 'spmv/x_54' to 'ap_none'.
INFO: [RTGEN 206-500] Setting interface mode on port 'spmv/x_55' to 'ap_none'.
INFO: [RTGEN 206-500] Setting interface mode on port 'spmv/x_56' to 'ap_none'.
INFO: [RTGEN 206-500] Setting interface mode on port 'spmv/x_57' to 'ap_none'.
INFO: [RTGEN 206-500] Setting interface mode on port 'spmv/x_58' to 'ap_none'.
INFO: [RTGEN 206-500] Setting interface mode on port 'spmv/x_59' to 'ap_none'.
INFO: [RTGEN 206-500] Setting interface mode on port 'spmv/x_60' to 'ap_none'.
INFO: [RTGEN 206-500] Setting interface mode on port 'spmv/x_61' to 'ap_none'.
INFO: [RTGEN 206-500] Setting interface mode on port 'spmv/x_62' to 'ap_none'.
INFO: [RTGEN 206-500] Setting interface mode on port 'spmv/x_63' to 'ap_none'.
INFO: [RTGEN 206-500] Setting interface mode on port 'spmv/x_64' to 'ap_none'.
INFO: [RTGEN 206-500] Setting interface mode on port 'spmv/x_65' to 'ap_none'.
INFO: [RTGEN 206-500] Setting interface mode on port 'spmv/x_66' to 'ap_none'.
INFO: [RTGEN 206-500] Setting interface mode on port 'spmv/x_67' to 'ap_none'.
INFO: [RTGEN 206-500] Setting interface mode on port 'spmv/x_68' to 'ap_none'.
INFO: [RTGEN 206-500] Setting interface mode on port 'spmv/x_69' to 'ap_none'.
INFO: [RTGEN 206-500] Setting interface mode on port 'spmv/x_70' to 'ap_none'.
INFO: [RTGEN 206-500] Setting interface mode on port 'spmv/x_71' to 'ap_none'.
INFO: [RTGEN 206-500] Setting interface mode on port 'spmv/x_72' to 'ap_none'.
INFO: [RTGEN 206-500] Setting interface mode on port 'spmv/x_73' to 'ap_none'.
INFO: [RTGEN 206-500] Setting interface mode on port 'spmv/x_74' to 'ap_none'.
INFO: [RTGEN 206-500] Setting interface mode on port 'spmv/x_75' to 'ap_none'.
INFO: [RTGEN 206-500] Setting interface mode on port 'spmv/x_76' to 'ap_none'.
INFO: [RTGEN 206-500] Setting interface mode on port 'spmv/x_77' to 'ap_none'.
INFO: [RTGEN 206-500] Setting interface mode on port 'spmv/x_78' to 'ap_none'.
INFO: [RTGEN 206-500] Setting interface mode on port 'spmv/x_79' to 'ap_none'.
INFO: [RTGEN 206-500] Setting interface mode on port 'spmv/x_80' to 'ap_none'.
INFO: [RTGEN 206-500] Setting interface mode on port 'spmv/x_81' to 'ap_none'.
INFO: [RTGEN 206-500] Setting interface mode on port 'spmv/x_82' to 'ap_none'.
INFO: [RTGEN 206-500] Setting interface mode on port 'spmv/x_83' to 'ap_none'.
INFO: [RTGEN 206-500] Setting interface mode on port 'spmv/x_84' to 'ap_none'.
INFO: [RTGEN 206-500] Setting interface mode on port 'spmv/x_85' to 'ap_none'.
INFO: [RTGEN 206-500] Setting interface mode on port 'spmv/x_86' to 'ap_none'.
INFO: [RTGEN 206-500] Setting interface mode on port 'spmv/x_87' to 'ap_none'.
INFO: [RTGEN 206-500] Setting interface mode on port 'spmv/x_88' to 'ap_none'.
INFO: [RTGEN 206-500] Setting interface mode on port 'spmv/x_89' to 'ap_none'.
INFO: [RTGEN 206-500] Setting interface mode on port 'spmv/x_90' to 'ap_none'.
INFO: [RTGEN 206-500] Setting interface mode on port 'spmv/x_91' to 'ap_none'.
INFO: [RTGEN 206-500] Setting interface mode on port 'spmv/x_92' to 'ap_none'.
INFO: [RTGEN 206-500] Setting interface mode on port 'spmv/x_93' to 'ap_none'.
INFO: [RTGEN 206-500] Setting interface mode on port 'spmv/x_94' to 'ap_none'.
INFO: [RTGEN 206-500] Setting interface mode on port 'spmv/x_95' to 'ap_none'.
INFO: [RTGEN 206-500] Setting interface mode on port 'spmv/x_96' to 'ap_none'.
INFO: [RTGEN 206-500] Setting interface mode on port 'spmv/x_97' to 'ap_none'.
INFO: [RTGEN 206-500] Setting interface mode on port 'spmv/x_98' to 'ap_none'.
INFO: [RTGEN 206-500] Setting interface mode on port 'spmv/x_99' to 'ap_none'.
INFO: [RTGEN 206-500] Setting interface mode on port 'spmv/x_100' to 'ap_none'.
INFO: [RTGEN 206-500] Setting interface mode on port 'spmv/x_101' to 'ap_none'.
INFO: [RTGEN 206-500] Setting interface mode on port 'spmv/x_102' to 'ap_none'.
INFO: [RTGEN 206-500] Setting interface mode on port 'spmv/x_103' to 'ap_none'.
INFO: [RTGEN 206-500] Setting interface mode on port 'spmv/x_104' to 'ap_none'.
INFO: [RTGEN 206-500] Setting interface mode on port 'spmv/x_105' to 'ap_none'.
INFO: [RTGEN 206-500] Setting interface mode on port 'spmv/x_106' to 'ap_none'.
INFO: [RTGEN 206-500] Setting interface mode on port 'spmv/x_107' to 'ap_none'.
INFO: [RTGEN 206-500] Setting interface mode on port 'spmv/x_108' to 'ap_none'.
INFO: [RTGEN 206-500] Setting interface mode on port 'spmv/x_109' to 'ap_none'.
INFO: [RTGEN 206-500] Setting interface mode on port 'spmv/x_110' to 'ap_none'.
INFO: [RTGEN 206-500] Setting interface mode on port 'spmv/x_111' to 'ap_none'.
INFO: [RTGEN 206-500] Setting interface mode on port 'spmv/x_112' to 'ap_none'.
INFO: [RTGEN 206-500] Setting interface mode on port 'spmv/x_113' to 'ap_none'.
INFO: [RTGEN 206-500] Setting interface mode on port 'spmv/x_114' to 'ap_none'.
INFO: [RTGEN 206-500] Setting interface mode on port 'spmv/x_115' to 'ap_none'.
INFO: [RTGEN 206-500] Setting interface mode on port 'spmv/x_116' to 'ap_none'.
INFO: [RTGEN 206-500] Setting interface mode on port 'spmv/x_117' to 'ap_none'.
INFO: [RTGEN 206-500] Setting interface mode on port 'spmv/x_118' to 'ap_none'.
INFO: [RTGEN 206-500] Setting interface mode on port 'spmv/x_119' to 'ap_none'.
INFO: [RTGEN 206-500] Setting interface mode on port 'spmv/x_120' to 'ap_none'.
INFO: [RTGEN 206-500] Setting interface mode on port 'spmv/x_121' to 'ap_none'.
INFO: [RTGEN 206-500] Setting interface mode on port 'spmv/x_122' to 'ap_none'.
INFO: [RTGEN 206-500] Setting interface mode on port 'spmv/x_123' to 'ap_none'.
INFO: [RTGEN 206-500] Setting interface mode on port 'spmv/x_124' to 'ap_none'.
INFO: [RTGEN 206-500] Setting interface mode on port 'spmv/x_125' to 'ap_none'.
INFO: [RTGEN 206-500] Setting interface mode on port 'spmv/x_126' to 'ap_none'.
INFO: [RTGEN 206-500] Setting interface mode on port 'spmv/x_127' to 'ap_none'.
INFO: [RTGEN 206-500] Setting interface mode on port 'spmv/col_idx_0' to 'ap_memory'.
INFO: [RTGEN 206-500] Setting interface mode on port 'spmv/col_idx_1' to 'ap_memory'.
INFO: [RTGEN 206-500] Setting interface mode on port 'spmv/col_idx_2' to 'ap_memory'.
INFO: [RTGEN 206-500] Setting interface mode on port 'spmv/col_idx_3' to 'ap_memory'.
INFO: [RTGEN 206-500] Setting interface mode on port 'spmv/row_ptr' to 'ap_memory'.
INFO: [RTGEN 206-500] Setting interface mode on port 'spmv/y' to 'ap_memory'.
INFO: [RTGEN 206-500] Setting interface mode on function 'spmv' to 'ap_ctrl_hs'.
INFO: [RTGEN 206-100] Finished creating RTL model for 'spmv'.
INFO: [HLS 200-111] Finished Creating RTL model: CPU user time: 1 seconds. CPU system time: 0 seconds. Elapsed time: 1.735 seconds; current allocated memory: 205.867 MB.
INFO: [HLS 200-111] Finished Generating all RTL models: CPU user time: 0 seconds. CPU system time: 0 seconds. Elapsed time: 0.898 seconds; current allocated memory: 212.684 MB.
INFO: [HLS 200-2225] Wrote inferred directives to file C:/Users/stefa/Workspace/01-UNICAL/HLS/HLS_projects/projects/project02_SpMV/08_pipeline-unroll-2-cyclic-4-v3-L2/08_pipeline-unroll-2-cyclic-4-v3-L2_script/hls/syn/inferred_directives.ini
INFO: [HLS 200-111] Finished Updating report files: CPU user time: 1 seconds. CPU system time: 1 seconds. Elapsed time: 1.643 seconds; current allocated memory: 221.941 MB.
INFO: [VHDL 208-304] Generating VHDL RTL for spmv.
INFO: [VLOG 209-307] Generating Verilog RTL for spmv.
INFO: [HLS 200-790] **** Loop Constraint Status: All loop constraints were NOT satisfied.
INFO: [HLS 200-789] **** Estimated Fmax: 200.88 MHz
INFO: [HLS 200-112] Total CPU user time: 4 seconds. Total CPU system time: 3 seconds. Total elapsed time: 26.444 seconds; peak allocated memory: 222.012 MB.
INFO: [v++ 60-791] Total elapsed time: 0h 0m 30s
