

================================================================
== Vitis HLS Report for 'spmv'
================================================================
* Date:           Mon Jun 15 19:52:51 2026

* Version:        2025.2 (Build 6295257 on Nov 12 2025)
* Project:        08_pipeline-unroll-2-cyclic-4-v3-L2_script
* Solution:       hls (Vivado IP Flow Target)
* Product family: zynq
* Target device:  xc7z020-clg484-3


================================================================
== Performance Estimates
================================================================
+ Timing: 
    * Summary: 
    +--------+----------+----------+------------+
    |  Clock |  Target  | Estimated| Uncertainty|
    +--------+----------+----------+------------+
    |ap_clk  |  10.00 ns|  4.978 ns|     2.70 ns|
    +--------+----------+----------+------------+

+ Latency: 
    * Summary: 
    +---------+---------+-----------+----------+------+-------+---------+
    |  Latency (cycles) |  Latency (absolute)  |   Interval   | Pipeline|
    |   min   |   max   |    min    |    max   |  min |  max  |   Type  |
    +---------+---------+-----------+----------+------+-------+---------+
    |     1537|    17665|  15.370 us|  0.177 ms|  1538|  17666|       no|
    +---------+---------+-----------+----------+------+-------+---------+

    + Detail: 
        * Instance: 
        +------------------------------+------------------+---------+---------+-----------+----------+-----+-----+-------------------+
        |                              |                  |  Latency (cycles) |  Latency (absolute)  |  Interval |      Pipeline     |
        |           Instance           |      Module      |   min   |   max   |    min    |    max   | min | max |        Type       |
        +------------------------------+------------------+---------+---------+-----------+----------+-----+-----+-------------------+
        |grp_spmv_Pipeline_L2_fu_1132  |spmv_Pipeline_L2  |        8|      134|  80.000 ns|  1.340 us|    0|    0|  loop pipeline stp|
        +------------------------------+------------------+---------+---------+-----------+----------+-----+-----+-------------------+

        * Loop: 
        +----------+---------+---------+----------+-----------+-----------+------+----------+
        |          |  Latency (cycles) | Iteration|  Initiation Interval  | Trip |          |
        | Loop Name|   min   |   max   |  Latency |  achieved |   target  | Count| Pipelined|
        +----------+---------+---------+----------+-----------+-----------+------+----------+
        |- L1      |     1536|    17664|  12 ~ 138|          -|          -|   128|        no|
        +----------+---------+---------+----------+-----------+-----------+------+----------+



================================================================
== Utilization Estimates
================================================================
* Summary: 
+-----------------+---------+-----+--------+-------+-----+
|       Name      | BRAM_18K| DSP |   FF   |  LUT  | URAM|
+-----------------+---------+-----+--------+-------+-----+
|DSP              |        -|    -|       -|      -|    -|
|Expression       |        -|    -|       0|     31|    -|
|FIFO             |        -|    -|       -|      -|    -|
|Instance         |        -|    2|     289|   1720|    -|
|Memory           |        -|    -|       -|      -|    -|
|Multiplexer      |        -|    -|       0|     34|    -|
|Register         |        -|    -|    1366|      -|    -|
+-----------------+---------+-----+--------+-------+-----+
|Total            |        0|    2|    1655|   1785|    0|
+-----------------+---------+-----+--------+-------+-----+
|Available        |      280|  220|  106400|  53200|    0|
+-----------------+---------+-----+--------+-------+-----+
|Utilization (%)  |        0|   ~0|       1|      3|    0|
+-----------------+---------+-----+--------+-------+-----+

+ Detail: 
    * Instance: 
    +------------------------------+------------------+---------+----+-----+------+-----+
    |           Instance           |      Module      | BRAM_18K| DSP|  FF |  LUT | URAM|
    +------------------------------+------------------+---------+----+-----+------+-----+
    |grp_spmv_Pipeline_L2_fu_1132  |spmv_Pipeline_L2  |        0|   2|  289|  1720|    0|
    +------------------------------+------------------+---------+----+-----+------+-----+
    |Total                         |                  |        0|   2|  289|  1720|    0|
    +------------------------------+------------------+---------+----+-----+------+-----+

    * DSP: 
    N/A

    * Memory: 
    N/A

    * FIFO: 
    N/A

    * Expression: 
    +----------------------+----------+----+---+----+------------+------------+
    |     Variable Name    | Operation| DSP| FF| LUT| Bitwidth P0| Bitwidth P1|
    +----------------------+----------+----+---+----+------------+------------+
    |add_ln20_fu_1299_p2   |         +|   0|  0|  15|           8|           1|
    |icmp_ln16_fu_1293_p2  |      icmp|   0|  0|  16|           8|           9|
    +----------------------+----------+----+---+----+------------+------------+
    |Total                 |          |   0|  0|  31|          16|          10|
    +----------------------+----------+----+---+----+------------+------------+

    * Multiplexer: 
    +------------+----+-----------+-----+-----------+
    |    Name    | LUT| Input Size| Bits| Total Bits|
    +------------+----+-----------+-----+-----------+
    |ap_NS_fsm   |  25|          6|    1|          6|
    |row_fu_318  |   9|          2|    8|         16|
    +------------+----+-----------+-----+-----------+
    |Total       |  34|          8|    9|         22|
    +------------+----+-----------+-----+-----------+

    * Register: 
    +-------------------------------------------+----+----+-----+-----------+
    |                    Name                   | FF | LUT| Bits| Const Bits|
    +-------------------------------------------+----+----+-----+-----------+
    |ap_CS_fsm                                  |   5|   0|    5|          0|
    |grp_spmv_Pipeline_L2_fu_1132_ap_start_reg  |   1|   0|    1|          0|
    |idx_reg_1995                               |  32|   0|   32|          0|
    |row_fu_318                                 |   8|   0|    8|          0|
    |row_ptr_load_reg_2000                      |  32|   0|   32|          0|
    |x_0_read_reg_1337                          |  10|   0|   10|          0|
    |x_100_read_reg_1837                        |  10|   0|   10|          0|
    |x_101_read_reg_1842                        |  10|   0|   10|          0|
    |x_102_read_reg_1847                        |  10|   0|   10|          0|
    |x_103_read_reg_1852                        |  10|   0|   10|          0|
    |x_104_read_reg_1857                        |  10|   0|   10|          0|
    |x_105_read_reg_1862                        |  10|   0|   10|          0|
    |x_106_read_reg_1867                        |  10|   0|   10|          0|
    |x_107_read_reg_1872                        |  10|   0|   10|          0|
    |x_108_read_reg_1877                        |  10|   0|   10|          0|
    |x_109_read_reg_1882                        |  10|   0|   10|          0|
    |x_10_read_reg_1387                         |  10|   0|   10|          0|
    |x_110_read_reg_1887                        |  10|   0|   10|          0|
    |x_111_read_reg_1892                        |  10|   0|   10|          0|
    |x_112_read_reg_1897                        |  10|   0|   10|          0|
    |x_113_read_reg_1902                        |  10|   0|   10|          0|
    |x_114_read_reg_1907                        |  10|   0|   10|          0|
    |x_115_read_reg_1912                        |  10|   0|   10|          0|
    |x_116_read_reg_1917                        |  10|   0|   10|          0|
    |x_117_read_reg_1922                        |  10|   0|   10|          0|
    |x_118_read_reg_1927                        |  10|   0|   10|          0|
    |x_119_read_reg_1932                        |  10|   0|   10|          0|
    |x_11_read_reg_1392                         |  10|   0|   10|          0|
    |x_120_read_reg_1937                        |  10|   0|   10|          0|
    |x_121_read_reg_1942                        |  10|   0|   10|          0|
    |x_122_read_reg_1947                        |  10|   0|   10|          0|
    |x_123_read_reg_1952                        |  10|   0|   10|          0|
    |x_124_read_reg_1957                        |  10|   0|   10|          0|
    |x_125_read_reg_1962                        |  10|   0|   10|          0|
    |x_126_read_reg_1967                        |  10|   0|   10|          0|
    |x_127_read_reg_1972                        |  10|   0|   10|          0|
    |x_12_read_reg_1397                         |  10|   0|   10|          0|
    |x_13_read_reg_1402                         |  10|   0|   10|          0|
    |x_14_read_reg_1407                         |  10|   0|   10|          0|
    |x_15_read_reg_1412                         |  10|   0|   10|          0|
    |x_16_read_reg_1417                         |  10|   0|   10|          0|
    |x_17_read_reg_1422                         |  10|   0|   10|          0|
    |x_18_read_reg_1427                         |  10|   0|   10|          0|
    |x_19_read_reg_1432                         |  10|   0|   10|          0|
    |x_1_read_reg_1342                          |  10|   0|   10|          0|
    |x_20_read_reg_1437                         |  10|   0|   10|          0|
    |x_21_read_reg_1442                         |  10|   0|   10|          0|
    |x_22_read_reg_1447                         |  10|   0|   10|          0|
    |x_23_read_reg_1452                         |  10|   0|   10|          0|
    |x_24_read_reg_1457                         |  10|   0|   10|          0|
    |x_25_read_reg_1462                         |  10|   0|   10|          0|
    |x_26_read_reg_1467                         |  10|   0|   10|          0|
    |x_27_read_reg_1472                         |  10|   0|   10|          0|
    |x_28_read_reg_1477                         |  10|   0|   10|          0|
    |x_29_read_reg_1482                         |  10|   0|   10|          0|
    |x_2_read_reg_1347                          |  10|   0|   10|          0|
    |x_30_read_reg_1487                         |  10|   0|   10|          0|
    |x_31_read_reg_1492                         |  10|   0|   10|          0|
    |x_32_read_reg_1497                         |  10|   0|   10|          0|
    |x_33_read_reg_1502                         |  10|   0|   10|          0|
    |x_34_read_reg_1507                         |  10|   0|   10|          0|
    |x_35_read_reg_1512                         |  10|   0|   10|          0|
    |x_36_read_reg_1517                         |  10|   0|   10|          0|
    |x_37_read_reg_1522                         |  10|   0|   10|          0|
    |x_38_read_reg_1527                         |  10|   0|   10|          0|
    |x_39_read_reg_1532                         |  10|   0|   10|          0|
    |x_3_read_reg_1352                          |  10|   0|   10|          0|
    |x_40_read_reg_1537                         |  10|   0|   10|          0|
    |x_41_read_reg_1542                         |  10|   0|   10|          0|
    |x_42_read_reg_1547                         |  10|   0|   10|          0|
    |x_43_read_reg_1552                         |  10|   0|   10|          0|
    |x_44_read_reg_1557                         |  10|   0|   10|          0|
    |x_45_read_reg_1562                         |  10|   0|   10|          0|
    |x_46_read_reg_1567                         |  10|   0|   10|          0|
    |x_47_read_reg_1572                         |  10|   0|   10|          0|
    |x_48_read_reg_1577                         |  10|   0|   10|          0|
    |x_49_read_reg_1582                         |  10|   0|   10|          0|
    |x_4_read_reg_1357                          |  10|   0|   10|          0|
    |x_50_read_reg_1587                         |  10|   0|   10|          0|
    |x_51_read_reg_1592                         |  10|   0|   10|          0|
    |x_52_read_reg_1597                         |  10|   0|   10|          0|
    |x_53_read_reg_1602                         |  10|   0|   10|          0|
    |x_54_read_reg_1607                         |  10|   0|   10|          0|
    |x_55_read_reg_1612                         |  10|   0|   10|          0|
    |x_56_read_reg_1617                         |  10|   0|   10|          0|
    |x_57_read_reg_1622                         |  10|   0|   10|          0|
    |x_58_read_reg_1627                         |  10|   0|   10|          0|
    |x_59_read_reg_1632                         |  10|   0|   10|          0|
    |x_5_read_reg_1362                          |  10|   0|   10|          0|
    |x_60_read_reg_1637                         |  10|   0|   10|          0|
    |x_61_read_reg_1642                         |  10|   0|   10|          0|
    |x_62_read_reg_1647                         |  10|   0|   10|          0|
    |x_63_read_reg_1652                         |  10|   0|   10|          0|
    |x_64_read_reg_1657                         |  10|   0|   10|          0|
    |x_65_read_reg_1662                         |  10|   0|   10|          0|
    |x_66_read_reg_1667                         |  10|   0|   10|          0|
    |x_67_read_reg_1672                         |  10|   0|   10|          0|
    |x_68_read_reg_1677                         |  10|   0|   10|          0|
    |x_69_read_reg_1682                         |  10|   0|   10|          0|
    |x_6_read_reg_1367                          |  10|   0|   10|          0|
    |x_70_read_reg_1687                         |  10|   0|   10|          0|
    |x_71_read_reg_1692                         |  10|   0|   10|          0|
    |x_72_read_reg_1697                         |  10|   0|   10|          0|
    |x_73_read_reg_1702                         |  10|   0|   10|          0|
    |x_74_read_reg_1707                         |  10|   0|   10|          0|
    |x_75_read_reg_1712                         |  10|   0|   10|          0|
    |x_76_read_reg_1717                         |  10|   0|   10|          0|
    |x_77_read_reg_1722                         |  10|   0|   10|          0|
    |x_78_read_reg_1727                         |  10|   0|   10|          0|
    |x_79_read_reg_1732                         |  10|   0|   10|          0|
    |x_7_read_reg_1372                          |  10|   0|   10|          0|
    |x_80_read_reg_1737                         |  10|   0|   10|          0|
    |x_81_read_reg_1742                         |  10|   0|   10|          0|
    |x_82_read_reg_1747                         |  10|   0|   10|          0|
    |x_83_read_reg_1752                         |  10|   0|   10|          0|
    |x_84_read_reg_1757                         |  10|   0|   10|          0|
    |x_85_read_reg_1762                         |  10|   0|   10|          0|
    |x_86_read_reg_1767                         |  10|   0|   10|          0|
    |x_87_read_reg_1772                         |  10|   0|   10|          0|
    |x_88_read_reg_1777                         |  10|   0|   10|          0|
    |x_89_read_reg_1782                         |  10|   0|   10|          0|
    |x_8_read_reg_1377                          |  10|   0|   10|          0|
    |x_90_read_reg_1787                         |  10|   0|   10|          0|
    |x_91_read_reg_1792                         |  10|   0|   10|          0|
    |x_92_read_reg_1797                         |  10|   0|   10|          0|
    |x_93_read_reg_1802                         |  10|   0|   10|          0|
    |x_94_read_reg_1807                         |  10|   0|   10|          0|
    |x_95_read_reg_1812                         |  10|   0|   10|          0|
    |x_96_read_reg_1817                         |  10|   0|   10|          0|
    |x_97_read_reg_1822                         |  10|   0|   10|          0|
    |x_98_read_reg_1827                         |  10|   0|   10|          0|
    |x_99_read_reg_1832                         |  10|   0|   10|          0|
    |x_9_read_reg_1382                          |  10|   0|   10|          0|
    |zext_ln16_reg_1980                         |   8|   0|   64|         56|
    +-------------------------------------------+----+----+-----+-----------+
    |Total                                      |1366|   0| 1422|         56|
    +-------------------------------------------+----+----+-----+-----------+



================================================================
== Interface
================================================================
* Summary: 
+--------------------+-----+-----+------------+--------------+--------------+
|      RTL Ports     | Dir | Bits|  Protocol  | Source Object|    C Type    |
+--------------------+-----+-----+------------+--------------+--------------+
|ap_clk              |   in|    1|  ap_ctrl_hs|          spmv|  return value|
|ap_rst              |   in|    1|  ap_ctrl_hs|          spmv|  return value|
|ap_start            |   in|    1|  ap_ctrl_hs|          spmv|  return value|
|ap_done             |  out|    1|  ap_ctrl_hs|          spmv|  return value|
|ap_idle             |  out|    1|  ap_ctrl_hs|          spmv|  return value|
|ap_ready            |  out|    1|  ap_ctrl_hs|          spmv|  return value|
|values_0_address0   |  out|    7|   ap_memory|      values_0|         array|
|values_0_ce0        |  out|    1|   ap_memory|      values_0|         array|
|values_0_q0         |   in|    8|   ap_memory|      values_0|         array|
|values_0_address1   |  out|    7|   ap_memory|      values_0|         array|
|values_0_ce1        |  out|    1|   ap_memory|      values_0|         array|
|values_0_q1         |   in|    8|   ap_memory|      values_0|         array|
|values_1_address0   |  out|    7|   ap_memory|      values_1|         array|
|values_1_ce0        |  out|    1|   ap_memory|      values_1|         array|
|values_1_q0         |   in|    8|   ap_memory|      values_1|         array|
|values_1_address1   |  out|    7|   ap_memory|      values_1|         array|
|values_1_ce1        |  out|    1|   ap_memory|      values_1|         array|
|values_1_q1         |   in|    8|   ap_memory|      values_1|         array|
|values_2_address0   |  out|    7|   ap_memory|      values_2|         array|
|values_2_ce0        |  out|    1|   ap_memory|      values_2|         array|
|values_2_q0         |   in|    8|   ap_memory|      values_2|         array|
|values_2_address1   |  out|    7|   ap_memory|      values_2|         array|
|values_2_ce1        |  out|    1|   ap_memory|      values_2|         array|
|values_2_q1         |   in|    8|   ap_memory|      values_2|         array|
|values_3_address0   |  out|    7|   ap_memory|      values_3|         array|
|values_3_ce0        |  out|    1|   ap_memory|      values_3|         array|
|values_3_q0         |   in|    8|   ap_memory|      values_3|         array|
|values_3_address1   |  out|    7|   ap_memory|      values_3|         array|
|values_3_ce1        |  out|    1|   ap_memory|      values_3|         array|
|values_3_q1         |   in|    8|   ap_memory|      values_3|         array|
|x_0                 |   in|   10|     ap_none|           x_0|       pointer|
|x_1                 |   in|   10|     ap_none|           x_1|       pointer|
|x_2                 |   in|   10|     ap_none|           x_2|       pointer|
|x_3                 |   in|   10|     ap_none|           x_3|       pointer|
|x_4                 |   in|   10|     ap_none|           x_4|       pointer|
|x_5                 |   in|   10|     ap_none|           x_5|       pointer|
|x_6                 |   in|   10|     ap_none|           x_6|       pointer|
|x_7                 |   in|   10|     ap_none|           x_7|       pointer|
|x_8                 |   in|   10|     ap_none|           x_8|       pointer|
|x_9                 |   in|   10|     ap_none|           x_9|       pointer|
|x_10                |   in|   10|     ap_none|          x_10|       pointer|
|x_11                |   in|   10|     ap_none|          x_11|       pointer|
|x_12                |   in|   10|     ap_none|          x_12|       pointer|
|x_13                |   in|   10|     ap_none|          x_13|       pointer|
|x_14                |   in|   10|     ap_none|          x_14|       pointer|
|x_15                |   in|   10|     ap_none|          x_15|       pointer|
|x_16                |   in|   10|     ap_none|          x_16|       pointer|
|x_17                |   in|   10|     ap_none|          x_17|       pointer|
|x_18                |   in|   10|     ap_none|          x_18|       pointer|
|x_19                |   in|   10|     ap_none|          x_19|       pointer|
|x_20                |   in|   10|     ap_none|          x_20|       pointer|
|x_21                |   in|   10|     ap_none|          x_21|       pointer|
|x_22                |   in|   10|     ap_none|          x_22|       pointer|
|x_23                |   in|   10|     ap_none|          x_23|       pointer|
|x_24                |   in|   10|     ap_none|          x_24|       pointer|
|x_25                |   in|   10|     ap_none|          x_25|       pointer|
|x_26                |   in|   10|     ap_none|          x_26|       pointer|
|x_27                |   in|   10|     ap_none|          x_27|       pointer|
|x_28                |   in|   10|     ap_none|          x_28|       pointer|
|x_29                |   in|   10|     ap_none|          x_29|       pointer|
|x_30                |   in|   10|     ap_none|          x_30|       pointer|
|x_31                |   in|   10|     ap_none|          x_31|       pointer|
|x_32                |   in|   10|     ap_none|          x_32|       pointer|
|x_33                |   in|   10|     ap_none|          x_33|       pointer|
|x_34                |   in|   10|     ap_none|          x_34|       pointer|
|x_35                |   in|   10|     ap_none|          x_35|       pointer|
|x_36                |   in|   10|     ap_none|          x_36|       pointer|
|x_37                |   in|   10|     ap_none|          x_37|       pointer|
|x_38                |   in|   10|     ap_none|          x_38|       pointer|
|x_39                |   in|   10|     ap_none|          x_39|       pointer|
|x_40                |   in|   10|     ap_none|          x_40|       pointer|
|x_41                |   in|   10|     ap_none|          x_41|       pointer|
|x_42                |   in|   10|     ap_none|          x_42|       pointer|
|x_43                |   in|   10|     ap_none|          x_43|       pointer|
|x_44                |   in|   10|     ap_none|          x_44|       pointer|
|x_45                |   in|   10|     ap_none|          x_45|       pointer|
|x_46                |   in|   10|     ap_none|          x_46|       pointer|
|x_47                |   in|   10|     ap_none|          x_47|       pointer|
|x_48                |   in|   10|     ap_none|          x_48|       pointer|
|x_49                |   in|   10|     ap_none|          x_49|       pointer|
|x_50                |   in|   10|     ap_none|          x_50|       pointer|
|x_51                |   in|   10|     ap_none|          x_51|       pointer|
|x_52                |   in|   10|     ap_none|          x_52|       pointer|
|x_53                |   in|   10|     ap_none|          x_53|       pointer|
|x_54                |   in|   10|     ap_none|          x_54|       pointer|
|x_55                |   in|   10|     ap_none|          x_55|       pointer|
|x_56                |   in|   10|     ap_none|          x_56|       pointer|
|x_57                |   in|   10|     ap_none|          x_57|       pointer|
|x_58                |   in|   10|     ap_none|          x_58|       pointer|
|x_59                |   in|   10|     ap_none|          x_59|       pointer|
|x_60                |   in|   10|     ap_none|          x_60|       pointer|
|x_61                |   in|   10|     ap_none|          x_61|       pointer|
|x_62                |   in|   10|     ap_none|          x_62|       pointer|
|x_63                |   in|   10|     ap_none|          x_63|       pointer|
|x_64                |   in|   10|     ap_none|          x_64|       pointer|
|x_65                |   in|   10|     ap_none|          x_65|       pointer|
|x_66                |   in|   10|     ap_none|          x_66|       pointer|
|x_67                |   in|   10|     ap_none|          x_67|       pointer|
|x_68                |   in|   10|     ap_none|          x_68|       pointer|
|x_69                |   in|   10|     ap_none|          x_69|       pointer|
|x_70                |   in|   10|     ap_none|          x_70|       pointer|
|x_71                |   in|   10|     ap_none|          x_71|       pointer|
|x_72                |   in|   10|     ap_none|          x_72|       pointer|
|x_73                |   in|   10|     ap_none|          x_73|       pointer|
|x_74                |   in|   10|     ap_none|          x_74|       pointer|
|x_75                |   in|   10|     ap_none|          x_75|       pointer|
|x_76                |   in|   10|     ap_none|          x_76|       pointer|
|x_77                |   in|   10|     ap_none|          x_77|       pointer|
|x_78                |   in|   10|     ap_none|          x_78|       pointer|
|x_79                |   in|   10|     ap_none|          x_79|       pointer|
|x_80                |   in|   10|     ap_none|          x_80|       pointer|
|x_81                |   in|   10|     ap_none|          x_81|       pointer|
|x_82                |   in|   10|     ap_none|          x_82|       pointer|
|x_83                |   in|   10|     ap_none|          x_83|       pointer|
|x_84                |   in|   10|     ap_none|          x_84|       pointer|
|x_85                |   in|   10|     ap_none|          x_85|       pointer|
|x_86                |   in|   10|     ap_none|          x_86|       pointer|
|x_87                |   in|   10|     ap_none|          x_87|       pointer|
|x_88                |   in|   10|     ap_none|          x_88|       pointer|
|x_89                |   in|   10|     ap_none|          x_89|       pointer|
|x_90                |   in|   10|     ap_none|          x_90|       pointer|
|x_91                |   in|   10|     ap_none|          x_91|       pointer|
|x_92                |   in|   10|     ap_none|          x_92|       pointer|
|x_93                |   in|   10|     ap_none|          x_93|       pointer|
|x_94                |   in|   10|     ap_none|          x_94|       pointer|
|x_95                |   in|   10|     ap_none|          x_95|       pointer|
|x_96                |   in|   10|     ap_none|          x_96|       pointer|
|x_97                |   in|   10|     ap_none|          x_97|       pointer|
|x_98                |   in|   10|     ap_none|          x_98|       pointer|
|x_99                |   in|   10|     ap_none|          x_99|       pointer|
|x_100               |   in|   10|     ap_none|         x_100|       pointer|
|x_101               |   in|   10|     ap_none|         x_101|       pointer|
|x_102               |   in|   10|     ap_none|         x_102|       pointer|
|x_103               |   in|   10|     ap_none|         x_103|       pointer|
|x_104               |   in|   10|     ap_none|         x_104|       pointer|
|x_105               |   in|   10|     ap_none|         x_105|       pointer|
|x_106               |   in|   10|     ap_none|         x_106|       pointer|
|x_107               |   in|   10|     ap_none|         x_107|       pointer|
|x_108               |   in|   10|     ap_none|         x_108|       pointer|
|x_109               |   in|   10|     ap_none|         x_109|       pointer|
|x_110               |   in|   10|     ap_none|         x_110|       pointer|
|x_111               |   in|   10|     ap_none|         x_111|       pointer|
|x_112               |   in|   10|     ap_none|         x_112|       pointer|
|x_113               |   in|   10|     ap_none|         x_113|       pointer|
|x_114               |   in|   10|     ap_none|         x_114|       pointer|
|x_115               |   in|   10|     ap_none|         x_115|       pointer|
|x_116               |   in|   10|     ap_none|         x_116|       pointer|
|x_117               |   in|   10|     ap_none|         x_117|       pointer|
|x_118               |   in|   10|     ap_none|         x_118|       pointer|
|x_119               |   in|   10|     ap_none|         x_119|       pointer|
|x_120               |   in|   10|     ap_none|         x_120|       pointer|
|x_121               |   in|   10|     ap_none|         x_121|       pointer|
|x_122               |   in|   10|     ap_none|         x_122|       pointer|
|x_123               |   in|   10|     ap_none|         x_123|       pointer|
|x_124               |   in|   10|     ap_none|         x_124|       pointer|
|x_125               |   in|   10|     ap_none|         x_125|       pointer|
|x_126               |   in|   10|     ap_none|         x_126|       pointer|
|x_127               |   in|   10|     ap_none|         x_127|       pointer|
|col_idx_0_address0  |  out|    7|   ap_memory|     col_idx_0|         array|
|col_idx_0_ce0       |  out|    1|   ap_memory|     col_idx_0|         array|
|col_idx_0_q0        |   in|   32|   ap_memory|     col_idx_0|         array|
|col_idx_0_address1  |  out|    7|   ap_memory|     col_idx_0|         array|
|col_idx_0_ce1       |  out|    1|   ap_memory|     col_idx_0|         array|
|col_idx_0_q1        |   in|   32|   ap_memory|     col_idx_0|         array|
|col_idx_1_address0  |  out|    7|   ap_memory|     col_idx_1|         array|
|col_idx_1_ce0       |  out|    1|   ap_memory|     col_idx_1|         array|
|col_idx_1_q0        |   in|   32|   ap_memory|     col_idx_1|         array|
|col_idx_1_address1  |  out|    7|   ap_memory|     col_idx_1|         array|
|col_idx_1_ce1       |  out|    1|   ap_memory|     col_idx_1|         array|
|col_idx_1_q1        |   in|   32|   ap_memory|     col_idx_1|         array|
|col_idx_2_address0  |  out|    7|   ap_memory|     col_idx_2|         array|
|col_idx_2_ce0       |  out|    1|   ap_memory|     col_idx_2|         array|
|col_idx_2_q0        |   in|   32|   ap_memory|     col_idx_2|         array|
|col_idx_2_address1  |  out|    7|   ap_memory|     col_idx_2|         array|
|col_idx_2_ce1       |  out|    1|   ap_memory|     col_idx_2|         array|
|col_idx_2_q1        |   in|   32|   ap_memory|     col_idx_2|         array|
|col_idx_3_address0  |  out|    7|   ap_memory|     col_idx_3|         array|
|col_idx_3_ce0       |  out|    1|   ap_memory|     col_idx_3|         array|
|col_idx_3_q0        |   in|   32|   ap_memory|     col_idx_3|         array|
|col_idx_3_address1  |  out|    7|   ap_memory|     col_idx_3|         array|
|col_idx_3_ce1       |  out|    1|   ap_memory|     col_idx_3|         array|
|col_idx_3_q1        |   in|   32|   ap_memory|     col_idx_3|         array|
|row_ptr_address0    |  out|    8|   ap_memory|       row_ptr|         array|
|row_ptr_ce0         |  out|    1|   ap_memory|       row_ptr|         array|
|row_ptr_q0          |   in|   32|   ap_memory|       row_ptr|         array|
|row_ptr_address1    |  out|    8|   ap_memory|       row_ptr|         array|
|row_ptr_ce1         |  out|    1|   ap_memory|       row_ptr|         array|
|row_ptr_q1          |   in|   32|   ap_memory|       row_ptr|         array|
|y_address0          |  out|    7|   ap_memory|             y|         array|
|y_ce0               |  out|    1|   ap_memory|             y|         array|
|y_we0               |  out|    1|   ap_memory|             y|         array|
|y_d0                |  out|   32|   ap_memory|             y|         array|
+--------------------+-----+-----+------------+--------------+--------------+

