

================================================================
== Vitis HLS Report for 'fir'
================================================================
* Date:           Wed Jun  3 12:11:31 2026

* Version:        2025.2 (Build 6295257 on Nov 12 2025)
* Project:        fir_unroll_script
* Solution:       hls (Vivado IP Flow Target)
* Product family: zynq
* Target device:  xc7z020-clg484-3


================================================================
== Performance Estimates
================================================================
+ Timing: 
    * Summary: 
    +--------+----------+----------+------------+
    |  Clock |  Target  | Estimated| Uncertainty|
    +--------+----------+----------+------------+
    |ap_clk  |  10.00 ns|  6.486 ns|     2.70 ns|
    +--------+----------+----------+------------+

+ Latency: 
    * Summary: 
    +---------+---------+----------+----------+-----+-----+---------+
    |  Latency (cycles) |  Latency (absolute) |  Interval | Pipeline|
    |   min   |   max   |    min   |    max   | min | max |   Type  |
    +---------+---------+----------+----------+-----+-----+---------+
    |       10|       10|  0.100 us|  0.100 us|   11|   11|       no|
    +---------+---------+----------+----------+-----+-----+---------+

    + Detail: 
        * Instance: 
        N/A

        * Loop: 
        N/A



================================================================
== Utilization Estimates
================================================================
* Summary: 
+-----------------+---------+-----+--------+-------+-----+
|       Name      | BRAM_18K| DSP |   FF   |  LUT  | URAM|
+-----------------+---------+-----+--------+-------+-----+
|DSP              |        -|    4|       -|      -|    -|
|Expression       |        -|    -|       0|     61|    -|
|FIFO             |        -|    -|       -|      -|    -|
|Instance         |        -|    3|       0|    129|    -|
|Memory           |        -|    -|      64|     32|    -|
|Multiplexer      |        -|    -|       0|     82|    -|
|Register         |        -|    -|     102|      -|    -|
+-----------------+---------+-----+--------+-------+-----+
|Total            |        0|    7|     166|    304|    0|
+-----------------+---------+-----+--------+-------+-----+
|Available        |      280|  220|  106400|  53200|    0|
+-----------------+---------+-----+--------+-------+-----+
|Utilization (%)  |        0|    3|      ~0|     ~0|    0|
+-----------------+---------+-----+--------+-------+-----+

+ Detail: 
    * Instance: 
    +-------------------------+----------------------+---------+----+---+----+-----+
    |         Instance        |        Module        | BRAM_18K| DSP| FF| LUT| URAM|
    +-------------------------+----------------------+---------+----+---+----+-----+
    |mul_12ns_10ns_21_1_1_U1  |mul_12ns_10ns_21_1_1  |        0|   1|  0|  43|    0|
    |mul_12ns_10ns_21_1_1_U3  |mul_12ns_10ns_21_1_1  |        0|   1|  0|  43|    0|
    |mul_12ns_8s_20_1_1_U2    |mul_12ns_8s_20_1_1    |        0|   1|  0|  43|    0|
    +-------------------------+----------------------+---------+----+---+----+-----+
    |Total                    |                      |        0|   3|  0| 129|    0|
    +-------------------------+----------------------+---------+----+---+----+-----+

    * DSP: 
    +------------------------------------+---------------------------------+--------------+
    |              Instance              |              Module             |  Expression  |
    +------------------------------------+---------------------------------+--------------+
    |mac_muladd_12ns_6ns_20s_20_4_1_U4   |mac_muladd_12ns_6ns_20s_20_4_1   |  i0 * i1 + i2|
    |mac_muladd_12ns_6ns_21s_21_4_1_U7   |mac_muladd_12ns_6ns_21s_21_4_1   |  i0 + i1 * i2|
    |mac_muladd_12ns_8s_20s_21_4_1_U6    |mac_muladd_12ns_8s_20s_21_4_1    |  i0 + i1 * i2|
    |mac_muladd_12ns_9ns_21ns_22_4_1_U5  |mac_muladd_12ns_9ns_21ns_22_4_1  |  i0 + i1 * i2|
    +------------------------------------+---------------------------------+--------------+

    * Memory: 
    +-------------+------------------------------+---------+----+----+-----+------+-----+------+-------------+
    |    Memory   |            Module            | BRAM_18K| FF | LUT| URAM| Words| Bits| Banks| W*Bits*Banks|
    +-------------+------------------------------+---------+----+----+-----+------+-----+------+-------------+
    |shift_reg_U  |shift_reg_SHIFTREG_AUTO_0R0W  |        0|  64|  32|    0|    11|   12|     1|          132|
    +-------------+------------------------------+---------+----+----+-----+------+-----+------+-------------+
    |Total        |                              |        0|  64|  32|    0|    11|   12|     1|          132|
    +-------------+------------------------------+---------+----+----+-----+------+-----+------+-------------+

    * FIFO: 
    N/A

    * Expression: 
    +----------------------+----------+----+---+----+------------+------------+
    |     Variable Name    | Operation| DSP| FF| LUT| Bitwidth P0| Bitwidth P1|
    +----------------------+----------+----+---+----+------------+------------+
    |acc_1_fu_217_p2       |         +|   0|  0|  31|          24|          24|
    |add_ln22_4_fu_207_p2  |         +|   0|  0|  30|          23|          23|
    +----------------------+----------+----+---+----+------------+------------+
    |Total                 |          |   0|  0|  61|          47|          47|
    +----------------------+----------+----+---+----+------------+------------+

    * Multiplexer: 
    +--------------------+----+-----------+-----+-----------+
    |        Name        | LUT| Input Size| Bits| Total Bits|
    +--------------------+----+-----------+-----+-----------+
    |ap_NS_fsm           |  49|         12|    1|         12|
    |shift_reg_address0  |  33|          8|    4|         32|
    +--------------------+----+-----------+-----+-----------+
    |Total               |  82|         20|    5|         44|
    +--------------------+----+-----------+-----+-----------+

    * Register: 
    +--------------------+----+----+-----+-----------+
    |        Name        | FF | LUT| Bits| Const Bits|
    +--------------------+----+----+-----+-----------+
    |add_ln22_1_reg_322  |  21|   0|   21|          0|
    |add_ln22_2_reg_317  |  22|   0|   22|          0|
    |ap_CS_fsm           |  11|   0|   11|          0|
    |p_1_reg_267         |  12|   0|   12|          0|
    |p_2_reg_272         |  12|   0|   12|          0|
    |p_4_reg_292         |  12|   0|   12|          0|
    |p_s_reg_262         |  12|   0|   12|          0|
    +--------------------+----+----+-----+-----------+
    |Total               | 102|   0|  102|          0|
    +--------------------+----+----+-----+-----------+



================================================================
== Interface
================================================================
* Summary: 
+----------+-----+-----+------------+--------------+--------------+
| RTL Ports| Dir | Bits|  Protocol  | Source Object|    C Type    |
+----------+-----+-----+------------+--------------+--------------+
|ap_clk    |   in|    1|  ap_ctrl_hs|           fir|  return value|
|ap_rst    |   in|    1|  ap_ctrl_hs|           fir|  return value|
|ap_start  |   in|    1|  ap_ctrl_hs|           fir|  return value|
|ap_done   |  out|    1|  ap_ctrl_hs|           fir|  return value|
|ap_idle   |  out|    1|  ap_ctrl_hs|           fir|  return value|
|ap_ready  |  out|    1|  ap_ctrl_hs|           fir|  return value|
|y         |  out|   32|      ap_vld|             y|       pointer|
|y_ap_vld  |  out|    1|      ap_vld|             y|       pointer|
|x         |   in|   12|     ap_none|             x|        scalar|
+----------+-----+-----+------------+--------------+--------------+

