

================================================================
== Vitis HLS Report for 'fir'
================================================================
* Date:           Thu Jun  4 18:36:46 2026

* Version:        2025.2 (Build 6295257 on Nov 12 2025)
* Project:        10_total-unroll_clk-3.0_script
* Solution:       hls (Vivado IP Flow Target)
* Product family: zynq
* Target device:  xc7z020-clg484-3


================================================================
== Performance Estimates
================================================================
+ Timing: 
    * Summary: 
    +--------+---------+----------+------------+
    |  Clock |  Target | Estimated| Uncertainty|
    +--------+---------+----------+------------+
    |ap_clk  |  3.00 ns|  1.758 ns|     0.81 ns|
    +--------+---------+----------+------------+

+ Latency: 
    * Summary: 
    +---------+---------+-----------+-----------+-----+-----+---------+
    |  Latency (cycles) |   Latency (absolute)  |  Interval | Pipeline|
    |   min   |   max   |    min    |    max    | min | max |   Type  |
    +---------+---------+-----------+-----------+-----+-----+---------+
    |        8|        8|  24.000 ns|  24.000 ns|    9|    9|       no|
    +---------+---------+-----------+-----------+-----+-----+---------+

    + Detail: 
        * Instance: 
        N/A

        * Loop: 
        N/A



================================================================
== Utilization Estimates
================================================================
* Summary: 
+-----------------+---------+-----+--------+-------+-----+
|       Name      | BRAM_18K| DSP |   FF   |  LUT  | URAM|
+-----------------+---------+-----+--------+-------+-----+
|DSP              |        -|    4|       -|      -|    -|
|Expression       |        -|    -|       0|     61|    -|
|FIFO             |        -|    -|       -|      -|    -|
|Instance         |        -|    3|     159|      3|    -|
|Memory           |        -|    -|       -|      -|    -|
|Multiplexer      |        -|    -|       0|     41|    -|
|Register         |        -|    -|     322|      -|    -|
+-----------------+---------+-----+--------+-------+-----+
|Total            |        0|    7|     481|    105|    0|
+-----------------+---------+-----+--------+-------+-----+
|Available        |      280|  220|  106400|  53200|    0|
+-----------------+---------+-----+--------+-------+-----+
|Utilization (%)  |        0|    3|      ~0|     ~0|    0|
+-----------------+---------+-----+--------+-------+-----+

+ Detail: 
    * Instance: 
    +-------------------------+----------------------+---------+----+----+----+-----+
    |         Instance        |        Module        | BRAM_18K| DSP| FF | LUT| URAM|
    +-------------------------+----------------------+---------+----+----+----+-----+
    |mul_12ns_10ns_21_4_1_U2  |mul_12ns_10ns_21_4_1  |        0|   1|  53|   1|    0|
    |mul_12ns_10ns_21_4_1_U3  |mul_12ns_10ns_21_4_1  |        0|   1|  53|   1|    0|
    |mul_12ns_8s_20_4_1_U1    |mul_12ns_8s_20_4_1    |        0|   1|  53|   1|    0|
    +-------------------------+----------------------+---------+----+----+----+-----+
    |Total                    |                      |        0|   3| 159|   3|    0|
    +-------------------------+----------------------+---------+----+----+----+-----+

    * DSP: 
    +------------------------------------+---------------------------------+--------------+
    |              Instance              |              Module             |  Expression  |
    +------------------------------------+---------------------------------+--------------+
    |mac_muladd_12ns_6ns_20s_20_4_1_U4   |mac_muladd_12ns_6ns_20s_20_4_1   |  i0 + i1 * i2|
    |mac_muladd_12ns_6ns_21s_21_4_1_U5   |mac_muladd_12ns_6ns_21s_21_4_1   |  i0 * i1 + i2|
    |mac_muladd_12ns_8s_20s_21_4_1_U7    |mac_muladd_12ns_8s_20s_21_4_1    |  i0 + i1 * i2|
    |mac_muladd_12ns_9ns_21ns_22_4_1_U6  |mac_muladd_12ns_9ns_21ns_22_4_1  |  i0 + i1 * i2|
    +------------------------------------+---------------------------------+--------------+

    * Memory: 
    N/A

    * FIFO: 
    N/A

    * Expression: 
    +----------------------+----------+----+---+----+------------+------------+
    |     Variable Name    | Operation| DSP| FF| LUT| Bitwidth P0| Bitwidth P1|
    +----------------------+----------+----+---+----+------------+------------+
    |acc_1_fu_231_p2       |         +|   0|  0|  31|          24|          24|
    |add_ln27_4_fu_219_p2  |         +|   0|  0|  30|          23|          23|
    +----------------------+----------+----+---+----+------------+------------+
    |Total                 |          |   0|  0|  61|          47|          47|
    +----------------------+----------+----+---+----+------------+------------+

    * Multiplexer: 
    +-----------+----+-----------+-----+-----------+
    |    Name   | LUT| Input Size| Bits| Total Bits|
    +-----------+----+-----------+-----+-----------+
    |ap_NS_fsm  |  41|         10|    1|         10|
    +-----------+----+-----------+-----+-----------+
    |Total      |  41|         10|    1|         10|
    +-----------+----+-----------+-----+-----------+

    * Register: 
    +---------------------------------------------------+----+----+-----+-----------+
    |                        Name                       | FF | LUT| Bits| Const Bits|
    +---------------------------------------------------+----+----+-----+-----------+
    |add_ln27_1_reg_359                                 |  21|   0|   21|          0|
    |add_ln27_2_reg_349                                 |  21|   0|   21|          0|
    |add_ln27_3_reg_354                                 |  22|   0|   22|          0|
    |add_ln27_4_reg_364                                 |  23|   0|   23|          0|
    |add_ln27_reg_339                                   |  20|   0|   20|          0|
    |ap_CS_fsm                                          |   9|   0|    9|          0|
    |fir_ap_int_32_ap_uint_12_shift_reg                 |  12|   0|   12|          0|
    |fir_ap_int_32_ap_uint_12_shift_reg_1               |  12|   0|   12|          0|
    |fir_ap_int_32_ap_uint_12_shift_reg_2               |  12|   0|   12|          0|
    |fir_ap_int_32_ap_uint_12_shift_reg_3               |  12|   0|   12|          0|
    |fir_ap_int_32_ap_uint_12_shift_reg_3_load_reg_272  |  12|   0|   12|          0|
    |fir_ap_int_32_ap_uint_12_shift_reg_4               |  12|   0|   12|          0|
    |fir_ap_int_32_ap_uint_12_shift_reg_5               |  12|   0|   12|          0|
    |fir_ap_int_32_ap_uint_12_shift_reg_6               |  12|   0|   12|          0|
    |fir_ap_int_32_ap_uint_12_shift_reg_7               |  12|   0|   12|          0|
    |fir_ap_int_32_ap_uint_12_shift_reg_7_load_reg_283  |  12|   0|   12|          0|
    |fir_ap_int_32_ap_uint_12_shift_reg_8               |  12|   0|   12|          0|
    |fir_ap_int_32_ap_uint_12_shift_reg_9               |  12|   0|   12|          0|
    |mul_ln27_2_reg_319                                 |  21|   0|   21|          0|
    |mul_ln27_3_reg_324                                 |  21|   0|   21|          0|
    |mul_ln27_reg_309                                   |  20|   0|   20|          0|
    +---------------------------------------------------+----+----+-----+-----------+
    |Total                                              | 322|   0|  322|          0|
    +---------------------------------------------------+----+----+-----+-----------+



================================================================
== Interface
================================================================
* Summary: 
+----------+-----+-----+------------+--------------+--------------+
| RTL Ports| Dir | Bits|  Protocol  | Source Object|    C Type    |
+----------+-----+-----+------------+--------------+--------------+
|ap_clk    |   in|    1|  ap_ctrl_hs|           fir|  return value|
|ap_rst    |   in|    1|  ap_ctrl_hs|           fir|  return value|
|ap_start  |   in|    1|  ap_ctrl_hs|           fir|  return value|
|ap_done   |  out|    1|  ap_ctrl_hs|           fir|  return value|
|ap_idle   |  out|    1|  ap_ctrl_hs|           fir|  return value|
|ap_ready  |  out|    1|  ap_ctrl_hs|           fir|  return value|
|y         |  out|   32|      ap_vld|             y|       pointer|
|y_ap_vld  |  out|    1|      ap_vld|             y|       pointer|
|x         |   in|   12|     ap_none|             x|        scalar|
+----------+-----+-----+------------+--------------+--------------+

