  **** HLS Build v2025.2 6295257
INFO: [HLS 200-2005] Using work_dir C:/Users/stefa/Workspace/01-UNICAL/HLS/HLS_projects/projects/project01_FIR/12_unroll/12_unroll_script 
INFO: [HLS 200-2176] Writing Vitis IDE component file C:/Users/stefa/Workspace/01-UNICAL/HLS/HLS_projects/projects/project01_FIR/12_unroll/12_unroll_script/vitis-comp.json
INFO: [HLS 200-10] Creating and opening component 'C:/Users/stefa/Workspace/01-UNICAL/HLS/HLS_projects/projects/project01_FIR/12_unroll/12_unroll_script'.
INFO: [HLS 200-1505] Using default flow_target 'vivado'
Resolution: For help on HLS 200-1505 see docs.amd.com/access/sources/dita/topic?Doc_Version=2025.2%20English&url=ug1448-hls-guidance&resourceid=200-1505.html
INFO: [HLS 200-2174] Applying component config ini file hls_config.cfg
INFO: [HLS 200-1465] Applying config ini 'syn.file=fir.hpp' from hls_config.cfg(10)
INFO: [HLS 200-10] Adding design file 'C:/Users/stefa/Workspace/01-UNICAL/HLS/HLS_projects/projects/project01_FIR/12_unroll/fir.hpp' to the project
INFO: [HLS 200-1465] Applying config ini 'syn.file=fir.cpp' from hls_config.cfg(11)
INFO: [HLS 200-10] Adding design file 'C:/Users/stefa/Workspace/01-UNICAL/HLS/HLS_projects/projects/project01_FIR/12_unroll/fir.cpp' to the project
INFO: [HLS 200-1465] Applying config ini 'tb.file=fir_tb.cpp' from hls_config.cfg(12)
INFO: [HLS 200-10] Adding test bench file 'C:/Users/stefa/Workspace/01-UNICAL/HLS/HLS_projects/projects/project01_FIR/12_unroll/fir_tb.cpp' to the project
INFO: [HLS 200-1465] Applying config ini 'syn.top=fir' from hls_config.cfg(13)
INFO: [HLS 200-1465] Applying config ini 'flow_target=vivado' from hls_config.cfg(4)
INFO: [HLS 200-1505] Using flow_target 'vivado'
Resolution: For help on HLS 200-1505 see docs.amd.com/access/sources/dita/topic?Doc_Version=2025.2%20English&url=ug1448-hls-guidance&resourceid=200-1505.html
INFO: [HLS 200-1465] Applying config ini 'part=xc7z020clg484-3' from hls_config.cfg(1)
INFO: [HLS 200-1611] Setting target device to 'xc7z020-clg484-3'
INFO: [HLS 200-1465] Applying config ini 'clock=10ns' from hls_config.cfg(7)
INFO: [SYN 201-201] Setting up clock 'default' with a period of 10ns.
INFO: [HLS 200-1465] Applying config ini 'cosim.trace_level=all' from hls_config.cfg(14)
INFO: [HLS 200-1465] Applying config ini 'package.output.format=ip_catalog' from hls_config.cfg(5)
INFO: [HLS 200-1465] Applying config ini 'syn.array_partition.throughput_driven=off' from hls_config.cfg(9)
INFO: [HLS 200-1465] Applying config ini 'syn.compile.pipeline_loops=0' from hls_config.cfg(8)
INFO: [HLS 200-2176] Writing Vitis IDE component file C:/Users/stefa/Workspace/01-UNICAL/HLS/HLS_projects/projects/project01_FIR/12_unroll/12_unroll_script/vitis-comp.json
INFO: [HLS 200-111] Finished File checks and directory preparation: CPU user time: 1 seconds. CPU system time: 1 seconds. Elapsed time: 2.449 seconds; current allocated memory: 142.109 MB.
INFO: [HLS 200-2191] C-Synthesis will use clang-16 as the compiler
INFO: [HLS 200-10] Analyzing design file 'fir.cpp' ... 
WARNING: [HLS 207-7050] there are more than one pragma inline in the function scope, ignore the pragma  (D:/Softwares/AMD-Design/2025.2/Vitis/common/technology/autopilot\ap_shift_reg.h:51:1)
INFO: [HLS 200-111] Finished Source Code Analysis and Preprocessing: CPU user time: 0 seconds. CPU system time: 0 seconds. Elapsed time: 6.27 seconds; current allocated memory: 144.828 MB.
INFO: [HLS 200-777] Using interface defaults for 'Vivado' flow target.
INFO: [HLS 200-1995] There were 438 instructions in the design after the 'Compile/Link' phase of compilation. See the Design Size Report for more details (C:/Users/stefa/Workspace/01-UNICAL/HLS/HLS_projects/projects/project01_FIR/12_unroll/12_unroll_script/hls/syn/report/csynth_design_size.rpt:2)
INFO: [HLS 200-1995] There were 88 instructions in the design after the 'Unroll/Inline (step 1)' phase of compilation. See the Design Size Report for more details (C:/Users/stefa/Workspace/01-UNICAL/HLS/HLS_projects/projects/project01_FIR/12_unroll/12_unroll_script/hls/syn/report/csynth_design_size.rpt:2)
INFO: [HLS 200-1995] There were 68 instructions in the design after the 'Unroll/Inline (step 2)' phase of compilation. See the Design Size Report for more details (C:/Users/stefa/Workspace/01-UNICAL/HLS/HLS_projects/projects/project01_FIR/12_unroll/12_unroll_script/hls/syn/report/csynth_design_size.rpt:2)
INFO: [HLS 200-1995] There were 61 instructions in the design after the 'Unroll/Inline (step 3)' phase of compilation. See the Design Size Report for more details (C:/Users/stefa/Workspace/01-UNICAL/HLS/HLS_projects/projects/project01_FIR/12_unroll/12_unroll_script/hls/syn/report/csynth_design_size.rpt:2)
INFO: [HLS 200-1995] There were 61 instructions in the design after the 'Unroll/Inline (step 4)' phase of compilation. See the Design Size Report for more details (C:/Users/stefa/Workspace/01-UNICAL/HLS/HLS_projects/projects/project01_FIR/12_unroll/12_unroll_script/hls/syn/report/csynth_design_size.rpt:2)
INFO: [HLS 200-1995] There were 61 instructions in the design after the 'Array/Struct (step 1)' phase of compilation. See the Design Size Report for more details (C:/Users/stefa/Workspace/01-UNICAL/HLS/HLS_projects/projects/project01_FIR/12_unroll/12_unroll_script/hls/syn/report/csynth_design_size.rpt:2)
INFO: [HLS 200-1995] There were 61 instructions in the design after the 'Array/Struct (step 2)' phase of compilation. See the Design Size Report for more details (C:/Users/stefa/Workspace/01-UNICAL/HLS/HLS_projects/projects/project01_FIR/12_unroll/12_unroll_script/hls/syn/report/csynth_design_size.rpt:2)
INFO: [HLS 200-1995] There were 68 instructions in the design after the 'Array/Struct (step 3)' phase of compilation. See the Design Size Report for more details (C:/Users/stefa/Workspace/01-UNICAL/HLS/HLS_projects/projects/project01_FIR/12_unroll/12_unroll_script/hls/syn/report/csynth_design_size.rpt:2)
INFO: [HLS 200-1995] There were 100 instructions in the design after the 'Array/Struct (step 4)' phase of compilation. See the Design Size Report for more details (C:/Users/stefa/Workspace/01-UNICAL/HLS/HLS_projects/projects/project01_FIR/12_unroll/12_unroll_script/hls/syn/report/csynth_design_size.rpt:2)
INFO: [HLS 200-1995] There were 93 instructions in the design after the 'Array/Struct (step 5)' phase of compilation. See the Design Size Report for more details (C:/Users/stefa/Workspace/01-UNICAL/HLS/HLS_projects/projects/project01_FIR/12_unroll/12_unroll_script/hls/syn/report/csynth_design_size.rpt:2)
INFO: [HLS 200-1995] There were 86 instructions in the design after the 'Performance (step 1)' phase of compilation. See the Design Size Report for more details (C:/Users/stefa/Workspace/01-UNICAL/HLS/HLS_projects/projects/project01_FIR/12_unroll/12_unroll_script/hls/syn/report/csynth_design_size.rpt:2)
INFO: [HLS 200-1995] There were 86 instructions in the design after the 'Performance (step 2)' phase of compilation. See the Design Size Report for more details (C:/Users/stefa/Workspace/01-UNICAL/HLS/HLS_projects/projects/project01_FIR/12_unroll/12_unroll_script/hls/syn/report/csynth_design_size.rpt:2)
INFO: [HLS 200-1995] There were 58 instructions in the design after the 'Performance (step 3)' phase of compilation. See the Design Size Report for more details (C:/Users/stefa/Workspace/01-UNICAL/HLS/HLS_projects/projects/project01_FIR/12_unroll/12_unroll_script/hls/syn/report/csynth_design_size.rpt:2)
INFO: [HLS 200-1995] There were 58 instructions in the design after the 'Performance (step 4)' phase of compilation. See the Design Size Report for more details (C:/Users/stefa/Workspace/01-UNICAL/HLS/HLS_projects/projects/project01_FIR/12_unroll/12_unroll_script/hls/syn/report/csynth_design_size.rpt:2)
INFO: [HLS 200-1995] There were 56 instructions in the design after the 'HW Transforms (step 1)' phase of compilation. See the Design Size Report for more details (C:/Users/stefa/Workspace/01-UNICAL/HLS/HLS_projects/projects/project01_FIR/12_unroll/12_unroll_script/hls/syn/report/csynth_design_size.rpt:2)
INFO: [HLS 200-1995] There were 81 instructions in the design after the 'HW Transforms (step 2)' phase of compilation. See the Design Size Report for more details (C:/Users/stefa/Workspace/01-UNICAL/HLS/HLS_projects/projects/project01_FIR/12_unroll/12_unroll_script/hls/syn/report/csynth_design_size.rpt:2)
INFO: [HLS 214-186] Unrolling loop 'mac_loop' (fir.cpp:18:15) in function 'fir' completely with a factor of 11 (fir.cpp:5:0)
INFO: [HLS 214-241] Aggregating bram variable 'fir(ap_int<32>*, ap_uint<12>)::shift_reg' with compact=bit mode in 12-bits (fir.cpp:10:0)
INFO: [HLS 200-111] Finished Compiling Optimization and Transform: CPU user time: 0 seconds. CPU system time: 0 seconds. Elapsed time: 9.139 seconds; current allocated memory: 146.602 MB.
INFO: [HLS 200-111] Finished Checking Pragmas: CPU user time: 0 seconds. CPU system time: 0 seconds. Elapsed time: 0.01 seconds; current allocated memory: 146.602 MB.
INFO: [HLS 200-10] Starting code transformations ...
INFO: [HLS 200-111] Finished Standard Transforms: CPU user time: 0 seconds. CPU system time: 0 seconds. Elapsed time: 0.043 seconds; current allocated memory: 150.434 MB.
INFO: [HLS 200-10] Checking synthesizability ...
INFO: [HLS 200-111] Finished Checking Synthesizability: CPU user time: 0 seconds. CPU system time: 0 seconds. Elapsed time: 0.022 seconds; current allocated memory: 151.688 MB.
INFO: [XFORM 203-11] Balancing expressions in function 'fir' (fir.cpp:5:1)...6 expression(s) balanced.
INFO: [HLS 200-111] Finished Loop, function and other optimizations: CPU user time: 0 seconds. CPU system time: 0 seconds. Elapsed time: 0.041 seconds; current allocated memory: 172.039 MB.
INFO: [HLS 200-111] Finished Architecture Synthesis: CPU user time: 0 seconds. CPU system time: 0 seconds. Elapsed time: 0.033 seconds; current allocated memory: 172.051 MB.
INFO: [HLS 200-10] Starting hardware synthesis ...
INFO: [HLS 200-10] Synthesizing 'fir' ...
INFO: [HLS 200-10] ----------------------------------------------------------------
INFO: [HLS 200-42] -- Implementing module 'fir' 
INFO: [HLS 200-10] ----------------------------------------------------------------
INFO: [SCHED 204-11] Starting scheduling ...
INFO: [HLS 200-486] Changing DSP latency (root=add_ln22_3) to 3 in order to utilize available DSP registers.
INFO: [HLS 200-486] Changing DSP latency (root=add_ln22_2) to 3 in order to utilize available DSP registers.
INFO: [HLS 200-486] Changing DSP latency (root=add_ln22_1) to 3 in order to utilize available DSP registers.
INFO: [HLS 200-486] Changing DSP latency (root=add_ln22) to 3 in order to utilize available DSP registers.
INFO: [SCHED 204-11] Finished scheduling.
INFO: [HLS 200-111] Finished Scheduling: CPU user time: 0 seconds. CPU system time: 0 seconds. Elapsed time: 0.137 seconds; current allocated memory: 172.051 MB.
INFO: [BIND 205-100] Starting micro-architecture generation ...
INFO: [BIND 205-101] Performing variable lifetime analysis.
INFO: [BIND 205-101] Exploring resource sharing.
INFO: [BIND 205-101] Binding ...
INFO: [BIND 205-100] Finished micro-architecture generation.
INFO: [HLS 200-111] Finished Binding: CPU user time: 0 seconds. CPU system time: 0 seconds. Elapsed time: 0.022 seconds; current allocated memory: 172.051 MB.
INFO: [HLS 200-10] ----------------------------------------------------------------
INFO: [HLS 200-10] -- Generating RTL for module 'fir' 
INFO: [HLS 200-10] ----------------------------------------------------------------
INFO: [RTGEN 206-500] Setting interface mode on port 'fir/y' to 'ap_vld'.
INFO: [RTGEN 206-500] Setting interface mode on port 'fir/x' to 'ap_none'.
INFO: [RTGEN 206-500] Setting interface mode on function 'fir' to 'ap_ctrl_hs'.
INFO: [RTGEN 206-100] Generating core module 'mac_muladd_12ns_6ns_20s_20_4_1': 1 instance(s).
INFO: [RTGEN 206-100] Generating core module 'mac_muladd_12ns_6ns_21s_21_4_1': 1 instance(s).
INFO: [RTGEN 206-100] Generating core module 'mac_muladd_12ns_8s_20s_21_4_1': 1 instance(s).
INFO: [RTGEN 206-100] Generating core module 'mac_muladd_12ns_9ns_21ns_22_4_1': 1 instance(s).
INFO: [RTGEN 206-100] Generating core module 'mul_12ns_10ns_21_1_1': 2 instance(s).
INFO: [RTGEN 206-100] Generating core module 'mul_12ns_8s_20_1_1': 1 instance(s).
INFO: [RTGEN 206-100] Finished creating RTL model for 'fir'.
INFO: [HLS 200-111] Finished Creating RTL model: CPU user time: 1 seconds. CPU system time: 0 seconds. Elapsed time: 0.052 seconds; current allocated memory: 172.383 MB.
INFO: [HLS 200-111] Finished Generating all RTL models: CPU user time: 0 seconds. CPU system time: 0 seconds. Elapsed time: 0.423 seconds; current allocated memory: 175.969 MB.
INFO: [HLS 200-2225] Wrote inferred directives to file C:/Users/stefa/Workspace/01-UNICAL/HLS/HLS_projects/projects/project01_FIR/12_unroll/12_unroll_script/hls/syn/inferred_directives.ini
INFO: [HLS 200-111] Finished Updating report files: CPU user time: 0 seconds. CPU system time: 1 seconds. Elapsed time: 0.864 seconds; current allocated memory: 177.988 MB.
INFO: [VHDL 208-304] Generating VHDL RTL for fir.
INFO: [VLOG 209-307] Generating Verilog RTL for fir.
INFO: [HLS 200-789] **** Estimated Fmax: 154.19 MHz
INFO: [HLS 200-112] Total CPU user time: 2 seconds. Total CPU system time: 2 seconds. Total elapsed time: 21.098 seconds; peak allocated memory: 178.086 MB.
INFO: [v++ 60-791] Total elapsed time: 0h 0m 25s
