

================================================================
== Vitis HLS Report for 'fir'
================================================================
* Date:           Thu Jun  4 16:58:09 2026

* Version:        2025.2 (Build 6295257 on Nov 12 2025)
* Project:        01_code-hoisting_script
* Solution:       hls (Vivado IP Flow Target)
* Product family: zynq
* Target device:  xc7z020-clg484-3


================================================================
== Performance Estimates
================================================================
+ Timing: 
    * Summary: 
    +--------+----------+----------+------------+
    |  Clock |  Target  | Estimated| Uncertainty|
    +--------+----------+----------+------------+
    |ap_clk  |  10.00 ns|  6.424 ns|     2.70 ns|
    +--------+----------+----------+------------+

+ Latency: 
    * Summary: 
    +---------+---------+----------+----------+-----+-----+---------+
    |  Latency (cycles) |  Latency (absolute) |  Interval | Pipeline|
    |   min   |   max   |    min   |    max   | min | max |   Type  |
    +---------+---------+----------+----------+-----+-----+---------+
    |       41|       41|  0.410 us|  0.410 us|   42|   42|       no|
    +---------+---------+----------+----------+-----+-----+---------+

    + Detail: 
        * Instance: 
        N/A

        * Loop: 
        +------------+---------+---------+----------+-----------+-----------+------+----------+
        |            |  Latency (cycles) | Iteration|  Initiation Interval  | Trip |          |
        |  Loop Name |   min   |   max   |  Latency |  achieved |   target  | Count| Pipelined|
        +------------+---------+---------+----------+-----------+-----------+------+----------+
        |- fir_loop  |       40|       40|         4|          -|          -|    10|        no|
        +------------+---------+---------+----------+-----------+-----------+------+----------+

============================================================
+ Verbose Summary: Synthesis Manager
============================================================
InlineROM: 1
ExposeGlobal: 0
============================================================
+ Verbose Summary: CDFG Model
============================================================
IsTopModel: 1
ResetActiveHigh: 1
IsCombinational: 0
IsDatapathOnly: 0
HasWiredReturn: 1
HasMFsm: 0
HasVarLatency: 1
IsPipeline: 0
IsRtlPipelined: 0
IsInstanceOverlapped: 0
IsDontTouch: 0
HasImplIP: 0
IsGatedGlobalClock: 0


============================================================
+ Verbose Summary: Schedule
============================================================
* Number of FSM states : 5
* Pipeline : 0
* Dataflow Pipeline: 0

* FSM state transitions: 
1 --> 2 
2 --> 3 
3 --> 4 
4 --> 5 
5 --> 2 

* FSM state operations: 

State 1 <SV = 0> <Delay = 1.14>
ST_1 : Operation 6 [1/1] (0.00ns)   --->   "%acc = alloca i32 1" [fir.cpp:10]   --->   Operation 6 'alloca' 'acc' <Predicate = true> <Delay = 0.00>
ST_1 : Operation 7 [1/1] (0.00ns)   --->   "%i = alloca i32 1" [fir.cpp:13]   --->   Operation 7 'alloca' 'i' <Predicate = true> <Delay = 0.00>
ST_1 : Operation 8 [1/1] (0.00ns)   --->   "%spectopmodule_ln3 = spectopmodule void @_ssdm_op_SpecTopModule, void @empty_1" [fir.cpp:3]   --->   Operation 8 'spectopmodule' 'spectopmodule_ln3' <Predicate = true> <Delay = 0.00>
ST_1 : Operation 9 [1/1] (0.00ns)   --->   "%specbitsmap_ln0 = specbitsmap void @_ssdm_op_SpecBitsMap, i32 %y"   --->   Operation 9 'specbitsmap' 'specbitsmap_ln0' <Predicate = true> <Delay = 0.00>
ST_1 : Operation 10 [1/1] (0.00ns)   --->   "%specinterface_ln0 = specinterface void @_ssdm_op_SpecInterface, i32 %y, void @empty, i32 0, i32 0, void @empty_0, i32 0, i32 0, void @empty_0, void @empty_0, void @empty_0, i32 0, i32 0, i32 0, i32 0, void @empty_0, void @empty_0, i32 4294967295, i32 0, i32 0, i32 0"   --->   Operation 10 'specinterface' 'specinterface_ln0' <Predicate = true> <Delay = 0.00>
ST_1 : Operation 11 [1/1] (0.00ns)   --->   "%specbitsmap_ln0 = specbitsmap void @_ssdm_op_SpecBitsMap, i32 %x"   --->   Operation 11 'specbitsmap' 'specbitsmap_ln0' <Predicate = true> <Delay = 0.00>
ST_1 : Operation 12 [1/1] (0.00ns)   --->   "%specinterface_ln0 = specinterface void @_ssdm_op_SpecInterface, i32 %x, void @empty, i32 0, i32 0, void @empty_0, i32 0, i32 0, void @empty_0, void @empty_0, void @empty_0, i32 0, i32 0, i32 0, i32 0, void @empty_0, void @empty_0, i32 4294967295, i32 0, i32 0, i32 0"   --->   Operation 12 'specinterface' 'specinterface_ln0' <Predicate = true> <Delay = 0.00>
ST_1 : Operation 13 [1/1] (0.00ns)   --->   "%x_read = read i32 @_ssdm_op_Read.ap_auto.i32, i32 %x" [fir.cpp:3]   --->   Operation 13 'read' 'x_read' <Predicate = true> <Delay = 0.00>
ST_1 : Operation 14 [1/1] (1.14ns)   --->   "%store_ln13 = store i4 10, i4 %i" [fir.cpp:13]   --->   Operation 14 'store' 'store_ln13' <Predicate = true> <Delay = 1.14>
ST_1 : Operation 15 [1/1] (1.14ns)   --->   "%store_ln10 = store i32 0, i32 %acc" [fir.cpp:10]   --->   Operation 15 'store' 'store_ln10' <Predicate = true> <Delay = 1.14>
ST_1 : Operation 16 [1/1] (0.00ns)   --->   "%br_ln13 = br void %for.inc" [fir.cpp:13]   --->   Operation 16 'br' 'br_ln13' <Predicate = true> <Delay = 0.00>

State 2 <SV = 1> <Delay = 6.42>
ST_2 : Operation 17 [1/1] (0.00ns)   --->   "%i_1 = load i4 %i" [fir.cpp:15]   --->   Operation 17 'load' 'i_1' <Predicate = true> <Delay = 0.00>
ST_2 : Operation 18 [1/1] (1.40ns)   --->   "%icmp_ln13 = icmp_eq  i4 %i_1, i4 0" [fir.cpp:13]   --->   Operation 18 'icmp' 'icmp_ln13' <Predicate = true> <Delay = 1.40> <CoreInst = "Cmp">   --->   Core 9 'Cmp' <Latency = 0> <II = 1> <Delay = 1.40> <FuncUnit> <Opcode : 'seteq' 'setne' 'setle' 'setge' 'setlt' 'setgt'> <InPorts = 2> <OutPorts = 1>
ST_2 : Operation 19 [1/1] (0.00ns)   --->   "%br_ln13 = br i1 %icmp_ln13, void %for.inc.split, void %for.end" [fir.cpp:13]   --->   Operation 19 'br' 'br_ln13' <Predicate = true> <Delay = 0.00>
ST_2 : Operation 20 [1/1] (0.00ns)   --->   "%zext_ln13 = zext i4 %i_1" [fir.cpp:13]   --->   Operation 20 'zext' 'zext_ln13' <Predicate = (!icmp_ln13)> <Delay = 0.00>
ST_2 : Operation 21 [1/1] (1.40ns)   --->   "%add_ln15 = add i4 %i_1, i4 15" [fir.cpp:15]   --->   Operation 21 'add' 'add_ln15' <Predicate = (!icmp_ln13)> <Delay = 1.40> <CoreInst = "Adder">   --->   Core 1 'Adder' <Latency = 0> <II = 1> <Delay = 1.40> <FuncUnit> <Opcode : 'add' 'sub'> <InPorts = 2> <OutPorts = 1>
ST_2 : Operation 22 [1/1] (0.00ns)   --->   "%zext_ln15 = zext i4 %add_ln15" [fir.cpp:15]   --->   Operation 22 'zext' 'zext_ln15' <Predicate = (!icmp_ln13)> <Delay = 0.00>
ST_2 : Operation 23 [1/1] (0.00ns)   --->   "%shift_reg_addr = getelementptr i32 %shift_reg, i64 0, i64 %zext_ln15" [fir.cpp:15]   --->   Operation 23 'getelementptr' 'shift_reg_addr' <Predicate = (!icmp_ln13)> <Delay = 0.00>
ST_2 : Operation 24 [2/2] (1.56ns)   --->   "%shift_reg_load = load i4 %shift_reg_addr" [fir.cpp:15]   --->   Operation 24 'load' 'shift_reg_load' <Predicate = (!icmp_ln13)> <Delay = 1.56> <CoreInst = "RAM">   --->   Core 81 'RAM' <Latency = 1> <II = 1> <Delay = 1.56> <Storage> <Opcode : 'load' 'store'> <Ports = 2> <Width = 32> <Depth = 11> <RAM>
ST_2 : Operation 25 [1/1] (0.00ns)   --->   "%c_addr = getelementptr i10 %c, i64 0, i64 %zext_ln13" [fir.cpp:18]   --->   Operation 25 'getelementptr' 'c_addr' <Predicate = (!icmp_ln13)> <Delay = 0.00>
ST_2 : Operation 26 [2/2] (1.56ns)   --->   "%c_load = load i4 %c_addr" [fir.cpp:18]   --->   Operation 26 'load' 'c_load' <Predicate = (!icmp_ln13)> <Delay = 1.56> <CoreInst = "ROM">   --->   Core 94 'ROM' <Latency = 1> <II = 1> <Delay = 1.56> <Storage> <Opcode : 'load'> <Ports = 0> <Width = 10> <Depth = 11> <ROM>
ST_2 : Operation 27 [1/1] (1.14ns)   --->   "%store_ln13 = store i4 %add_ln15, i4 %i" [fir.cpp:13]   --->   Operation 27 'store' 'store_ln13' <Predicate = (!icmp_ln13)> <Delay = 1.14>
ST_2 : Operation 28 [1/1] (0.00ns)   --->   "%acc_load_1 = load i32 %acc" [fir.cpp:26]   --->   Operation 28 'load' 'acc_load_1' <Predicate = (icmp_ln13)> <Delay = 0.00>
ST_2 : Operation 29 [1/1] ( I:1.56ns O:1.56ns )   --->   "%store_ln23 = store i32 %x_read, i32 0" [fir.cpp:23]   --->   Operation 29 'store' 'store_ln23' <Predicate = (icmp_ln13)> <Delay = 1.56> <CoreInst = "RAM">   --->   Core 81 'RAM' <Latency = 1> <II = 1> <Delay = 1.56> <Storage> <Opcode : 'load' 'store'> <Ports = 2> <Width = 32> <Depth = 11> <RAM>
ST_2 : Operation 30 [1/1] (0.00ns)   --->   "%shl_ln26 = shl i32 %x_read, i32 6" [fir.cpp:26]   --->   Operation 30 'shl' 'shl_ln26' <Predicate = (icmp_ln13)> <Delay = 0.00>
ST_2 : Operation 31 [1/1] (0.00ns)   --->   "%shl_ln26_1 = shl i32 %x_read, i32 4" [fir.cpp:26]   --->   Operation 31 'shl' 'shl_ln26_1' <Predicate = (icmp_ln13)> <Delay = 0.00>
ST_2 : Operation 32 [1/1] (0.00ns) (grouped into TernaryAdder)   --->   "%sub_ln26 = sub i32 %shl_ln26, i32 %shl_ln26_1" [fir.cpp:26]   --->   Operation 32 'sub' 'sub_ln26' <Predicate = (icmp_ln13)> <Delay = 0.00> <CoreInst = "TAddSub">   --->   Core 10 'TAddSub' <Latency = 0> <II = 1> <Delay = 1.60> <IPBlock> <Opcode : 'add' 'sub'> <InPorts = 3> <OutPorts = 1> <Sync> <CReg>
ST_2 : Operation 33 [1/1] (0.00ns)   --->   "%shl_ln26_2 = shl i32 %x_read, i32 2" [fir.cpp:26]   --->   Operation 33 'shl' 'shl_ln26_2' <Predicate = (icmp_ln13)> <Delay = 0.00>
ST_2 : Operation 34 [1/1] (3.21ns) (root node of TernaryAdder)   --->   "%add_ln26 = add i32 %sub_ln26, i32 %shl_ln26_2" [fir.cpp:26]   --->   Operation 34 'add' 'add_ln26' <Predicate = (icmp_ln13)> <Delay = 3.21> <CoreInst = "TAddSub">   --->   Core 10 'TAddSub' <Latency = 0> <II = 1> <Delay = 1.60> <IPBlock> <Opcode : 'add' 'sub'> <InPorts = 3> <OutPorts = 1> <Sync> <CReg>
ST_2 : Operation 35 [1/1] (0.00ns) (grouped into TernaryAdder)   --->   "%add_ln26_1 = add i32 %add_ln26, i32 %x_read" [fir.cpp:26]   --->   Operation 35 'add' 'add_ln26_1' <Predicate = (icmp_ln13)> <Delay = 0.00> <CoreInst = "TAddSub">   --->   Core 10 'TAddSub' <Latency = 0> <II = 1> <Delay = 1.60> <IPBlock> <Opcode : 'add' 'sub'> <InPorts = 3> <OutPorts = 1> <Sync> <CReg>
ST_2 : Operation 36 [1/1] (3.21ns) (root node of TernaryAdder)   --->   "%acc_1 = add i32 %acc_load_1, i32 %add_ln26_1" [fir.cpp:26]   --->   Operation 36 'add' 'acc_1' <Predicate = (icmp_ln13)> <Delay = 3.21> <CoreInst = "TAddSub">   --->   Core 10 'TAddSub' <Latency = 0> <II = 1> <Delay = 1.60> <IPBlock> <Opcode : 'add' 'sub'> <InPorts = 3> <OutPorts = 1> <Sync> <CReg>
ST_2 : Operation 37 [1/1] (0.00ns)   --->   "%write_ln28 = write void @_ssdm_op_Write.ap_auto.i32P0A, i32 %y, i32 %acc_1" [fir.cpp:28]   --->   Operation 37 'write' 'write_ln28' <Predicate = (icmp_ln13)> <Delay = 0.00>
ST_2 : Operation 38 [1/1] (0.00ns)   --->   "%ret_ln29 = ret" [fir.cpp:29]   --->   Operation 38 'ret' 'ret_ln29' <Predicate = (icmp_ln13)> <Delay = 0.00>

State 3 <SV = 2> <Delay = 3.13>
ST_3 : Operation 39 [1/2] ( I:1.56ns O:1.56ns )   --->   "%shift_reg_load = load i4 %shift_reg_addr" [fir.cpp:15]   --->   Operation 39 'load' 'shift_reg_load' <Predicate = true> <Delay = 1.56> <CoreInst = "RAM">   --->   Core 81 'RAM' <Latency = 1> <II = 1> <Delay = 1.56> <Storage> <Opcode : 'load' 'store'> <Ports = 2> <Width = 32> <Depth = 11> <RAM>
ST_3 : Operation 40 [1/1] (0.00ns)   --->   "%shift_reg_addr_1 = getelementptr i32 %shift_reg, i64 0, i64 %zext_ln13" [fir.cpp:15]   --->   Operation 40 'getelementptr' 'shift_reg_addr_1' <Predicate = true> <Delay = 0.00>
ST_3 : Operation 41 [1/1] ( I:1.56ns O:1.56ns )   --->   "%store_ln15 = store i32 %shift_reg_load, i4 %shift_reg_addr_1" [fir.cpp:15]   --->   Operation 41 'store' 'store_ln15' <Predicate = true> <Delay = 1.56> <CoreInst = "RAM">   --->   Core 81 'RAM' <Latency = 1> <II = 1> <Delay = 1.56> <Storage> <Opcode : 'load' 'store'> <Ports = 2> <Width = 32> <Depth = 11> <RAM>
ST_3 : Operation 42 [1/2] ( I:1.56ns O:1.56ns )   --->   "%c_load = load i4 %c_addr" [fir.cpp:18]   --->   Operation 42 'load' 'c_load' <Predicate = true> <Delay = 1.56> <CoreInst = "ROM">   --->   Core 94 'ROM' <Latency = 1> <II = 1> <Delay = 1.56> <Storage> <Opcode : 'load'> <Ports = 0> <Width = 10> <Depth = 11> <ROM>

State 4 <SV = 3> <Delay = 6.21>
ST_4 : Operation 43 [1/1] (0.00ns)   --->   "%sext_ln18 = sext i10 %c_load" [fir.cpp:18]   --->   Operation 43 'sext' 'sext_ln18' <Predicate = true> <Delay = 0.00>
ST_4 : Operation 44 [1/1] (6.21ns)   --->   "%mul_ln18 = mul i32 %sext_ln18, i32 %shift_reg_load" [fir.cpp:18]   --->   Operation 44 'mul' 'mul_ln18' <Predicate = true> <Delay = 6.21> <CoreInst = "Multiplier">   --->   Core 3 'Multiplier' <Latency = 0> <II = 1> <Delay = 6.21> <FuncUnit> <Opcode : 'mul'> <InPorts = 2> <OutPorts = 1>

State 5 <SV = 4> <Delay = 3.06>
ST_5 : Operation 45 [1/1] (0.00ns)   --->   "%acc_load = load i32 %acc" [fir.cpp:18]   --->   Operation 45 'load' 'acc_load' <Predicate = true> <Delay = 0.00>
ST_5 : Operation 46 [1/1] (0.00ns)   --->   "%speclooptripcount_ln10 = speclooptripcount void @_ssdm_op_SpecLoopTripCount, i64 10, i64 10, i64 10" [fir.cpp:10]   --->   Operation 46 'speclooptripcount' 'speclooptripcount_ln10' <Predicate = true> <Delay = 0.00>
ST_5 : Operation 47 [1/1] (0.00ns)   --->   "%specloopname_ln13 = specloopname void @_ssdm_op_SpecLoopName, void @empty_2" [fir.cpp:13]   --->   Operation 47 'specloopname' 'specloopname_ln13' <Predicate = true> <Delay = 0.00>
ST_5 : Operation 48 [1/1] (1.91ns)   --->   "%acc_2 = add i32 %mul_ln18, i32 %acc_load" [fir.cpp:18]   --->   Operation 48 'add' 'acc_2' <Predicate = true> <Delay = 1.91> <CoreInst = "Adder">   --->   Core 1 'Adder' <Latency = 0> <II = 1> <Delay = 1.91> <FuncUnit> <Opcode : 'add' 'sub'> <InPorts = 2> <OutPorts = 1>
ST_5 : Operation 49 [1/1] (1.14ns)   --->   "%store_ln10 = store i32 %acc_2, i32 %acc" [fir.cpp:10]   --->   Operation 49 'store' 'store_ln10' <Predicate = true> <Delay = 1.14>
ST_5 : Operation 50 [1/1] (0.00ns)   --->   "%br_ln13 = br void %for.inc" [fir.cpp:13]   --->   Operation 50 'br' 'br_ln13' <Predicate = true> <Delay = 0.00>


============================================================
+ Verbose Summary: Timing violations
============================================================
Target clock period: 10.000ns, clock uncertainty: 2.700ns.

 <State 1>: 1.146ns
The critical path consists of the following:
	'alloca' operation 4 bit ('i', fir.cpp:13) [6]  (0.000 ns)
	'store' operation ('store_ln13', fir.cpp:13) of constant 10 4 bit on local variable 'i', fir.cpp:13 [13]  (1.146 ns)

 <State 2>: 6.424ns
The critical path consists of the following:
	'shl' operation 32 bit ('shl_ln26', fir.cpp:26) [42]  (0.000 ns)
	'sub' operation 32 bit ('sub_ln26', fir.cpp:26) [44]  (0.000 ns)
	'add' operation 32 bit ('add_ln26', fir.cpp:26) [46]  (3.212 ns)
	'add' operation 32 bit ('add_ln26_1', fir.cpp:26) [47]  (0.000 ns)
	'add' operation 32 bit ('acc', fir.cpp:26) [48]  (3.212 ns)

 <State 3>: 3.132ns
The critical path consists of the following:
	'load' operation 32 bit ('shift_reg_load', fir.cpp:15) on array 'shift_reg' [28]  (1.566 ns)
	'store' operation ('store_ln15', fir.cpp:15) of variable 'shift_reg_load', fir.cpp:15 32 bit on array 'shift_reg' [30]  (1.566 ns)

 <State 4>: 6.210ns
The critical path consists of the following:
	'mul' operation 32 bit ('mul_ln18', fir.cpp:18) [34]  (6.210 ns)

 <State 5>: 3.062ns
The critical path consists of the following:
	'load' operation 32 bit ('acc_load', fir.cpp:18) on local variable 'acc', fir.cpp:10 [21]  (0.000 ns)
	'add' operation 32 bit ('acc', fir.cpp:18) [35]  (1.916 ns)
	'store' operation ('store_ln10', fir.cpp:10) of variable 'acc', fir.cpp:18 32 bit on local variable 'acc', fir.cpp:10 [37]  (1.146 ns)


============================================================
+ Verbose Summary: Binding
============================================================
N/A
* FSMD analyzer results:
  - Output states:
 - Input state : 
  - Chain level:
	State 1
	State 2
	State 3
	State 4
	State 5


============================================================
+ Verbose Summary: Datapath Resource usage 
============================================================
N/A
