================================================================
== Design Size Report
================================================================

* Total Instructions per Compilation Phase
+---------------+----------------------------+--------------+----------------------------------------------------------------------------------------+
| Phase         | Step                       | Instructions | Description                                                                            |
+---------------+----------------------------+--------------+----------------------------------------------------------------------------------------+
| Compile/Link  |                            | 528          | After all functions are compiled and linked into a single design                       |
|               |                            |              |                                                                                        |
| Unroll/Inline |                            |              | After user unroll and inline pragmas are applied                                       |
|               | (1) unroll                 |  74          | user unroll pragmas are applied                                                        |
|               | (2) simplification         |  49          | simplification of applied user unroll pragmas                                          |
|               | (3) inline                 |  46          | user inline pragmas are applied                                                        |
|               | (4) simplification         |  39          | simplification of applied user inline pragmas                                          |
|               |                            |              |                                                                                        |
| Array/Struct  |                            |              | After user array partition and struct aggregate/disaggregate pragmas are applied       |
|               | (1) array partition        |  38          | user array partition pragmas are applied                                               |
|               | (2) simplification         |  38          | simplification of applied user array partition & struct aggregate/disaggregate pragmas |
|               | (3) aggregate/disaggregate |  38          | user struct aggregate/disaggregate pragmas are applied                                 |
|               | (4) array reshape          |  38          | apply array reshape pragmas                                                            |
|               | (5) access patterns        |  40          | array access pattern optmizations                                                      |
|               |                            |              |                                                                                        |
| Performance   |                            |              | After transformations are applied to meet performance pragma targets                   |
|               | (1) loop simplification    |  40          | loop and instruction simplification                                                    |
|               | (2) parallelization        |  39          | loops are unrolled or pipelined to meet performance targets                            |
|               | (3) array partition        |  38          | arrays are partitioned to meet performance targets                                     |
|               | (4) simplification         |  38          | simplification of design after performance transformations                             |
|               |                            |              |                                                                                        |
| HW Transforms |                            |              | After hardware transfomations                                                          |
|               | (1) lowering               |  48          | initial conversion to HW specific instructions                                         |
|               | (2) optimizations          |  51          | high level synthesis optimizations                                                     |
+---------------+----------------------------+--------------+----------------------------------------------------------------------------------------+

* Instructions per Function for each Compilation Phase
+----------+------------+--------------+---------------+--------------+-------------+---------------+
| Function | Location   | Compile/Link | Unroll/Inline | Array/Struct | Performance | HW Transforms |
+----------+------------+--------------+---------------+--------------+-------------+---------------+
|   spmv   | spmv.cpp:3 | 528          | 39            | 40           | 38          | 51            |
+----------+------------+--------------+---------------+--------------+-------------+---------------+

* Design Size Message Settings
+---------------------------------------------+--------+------------------------------------------------------------------+
| Message Setting                             | Value  | Description                                                      |
+---------------------------------------------+--------+------------------------------------------------------------------+
| config_compile -design_size_maximum_warning | 100000 | Show a warning when total design instructions exceeds this value |
+---------------------------------------------+--------+------------------------------------------------------------------+


