================================================================
== Design Size Report
================================================================

* Total Instructions per Compilation Phase
+---------------+----------------------------+--------------+----------------------------------------------------------------------------------------+
| Phase         | Step                       | Instructions | Description                                                                            |
+---------------+----------------------------+--------------+----------------------------------------------------------------------------------------+
| Compile/Link  |                            | 600          | After all functions are compiled and linked into a single design                       |
|               |                            |              |                                                                                        |
| Unroll/Inline |                            |              | After user unroll and inline pragmas are applied                                       |
|               | (1) unroll                 | 183          | user unroll pragmas are applied                                                        |
|               | (2) simplification         | 144          | simplification of applied user unroll pragmas                                          |
|               | (3) inline                 | 139          | user inline pragmas are applied                                                        |
|               | (4) simplification         | 132          | simplification of applied user inline pragmas                                          |
|               |                            |              |                                                                                        |
| Array/Struct  |                            |              | After user array partition and struct aggregate/disaggregate pragmas are applied       |
|               | (1) array partition        | 712          | user array partition pragmas are applied                                               |
|               | (2) simplification         | 272          | simplification of applied user array partition & struct aggregate/disaggregate pragmas |
|               | (3) aggregate/disaggregate | 272          | user struct aggregate/disaggregate pragmas are applied                                 |
|               | (4) array reshape          | 272          | apply array reshape pragmas                                                            |
|               | (5) access patterns        | 272          | array access pattern optmizations                                                      |
|               |                            |              |                                                                                        |
| Performance   |                            |              | After transformations are applied to meet performance pragma targets                   |
|               | (1) loop simplification    | 271          | loop and instruction simplification                                                    |
|               | (2) parallelization        | 266          | loops are unrolled or pipelined to meet performance targets                            |
|               | (3) array partition        | 265          | arrays are partitioned to meet performance targets                                     |
|               | (4) simplification         | 265          | simplification of design after performance transformations                             |
|               |                            |              |                                                                                        |
| HW Transforms |                            |              | After hardware transfomations                                                          |
|               | (1) lowering               | 530          | initial conversion to HW specific instructions                                         |
|               | (2) optimizations          | 533          | high level synthesis optimizations                                                     |
+---------------+----------------------------+--------------+----------------------------------------------------------------------------------------+

* Instructions per Function for each Compilation Phase
+----------+------------+--------------+---------------+--------------+-------------+---------------+
| Function | Location   | Compile/Link | Unroll/Inline | Array/Struct | Performance | HW Transforms |
+----------+------------+--------------+---------------+--------------+-------------+---------------+
|   spmv   | spmv.cpp:5 | 600          | 132           | 272          | 265         | 533           |
+----------+------------+--------------+---------------+--------------+-------------+---------------+

* Design Size Message Settings
+---------------------------------------------+--------+------------------------------------------------------------------+
| Message Setting                             | Value  | Description                                                      |
+---------------------------------------------+--------+------------------------------------------------------------------+
| config_compile -design_size_maximum_warning | 100000 | Show a warning when total design instructions exceeds this value |
+---------------------------------------------+--------+------------------------------------------------------------------+


