

================================================================
== Vitis HLS Report for 'spmv'
================================================================
* Date:           Mon Jun 15 10:22:48 2026

* Version:        2025.2 (Build 6295257 on Nov 12 2025)
* Project:        02_pipeline-L1_script
* Solution:       hls (Vivado IP Flow Target)
* Product family: zynq
* Target device:  xc7z020-clg484-3


================================================================
== Performance Estimates
================================================================
+ Timing: 
    * Summary: 
    +--------+----------+----------+------------+
    |  Clock |  Target  | Estimated| Uncertainty|
    +--------+----------+----------+------------+
    |ap_clk  |  10.00 ns|  3.062 ns|     2.70 ns|
    +--------+----------+----------+------------+

+ Latency: 
    * Summary: 
    +---------+---------+-----------+----------+------+-------+---------+
    |  Latency (cycles) |  Latency (absolute)  |   Interval   | Pipeline|
    |   min   |   max   |    min    |    max   |  min |  max  |   Type  |
    +---------+---------+-----------+----------+------+-------+---------+
    |     1153|    98689|  11.530 us|  0.987 ms|  1154|  98690|       no|
    +---------+---------+-----------+----------+------+-------+---------+

    + Detail: 
        * Instance: 
        N/A

        * Loop: 
        +----------+---------+---------+----------+-----------+-----------+---------+----------+
        |          |  Latency (cycles) | Iteration|  Initiation Interval  |   Trip  |          |
        | Loop Name|   min   |   max   |  Latency |  achieved |   target  |  Count  | Pipelined|
        +----------+---------+---------+----------+-----------+-----------+---------+----------+
        |- L1      |     1152|    98688|   9 ~ 771|          -|          -|      128|        no|
        | + L2     |        6|      768|         6|          -|          -|  1 ~ 128|        no|
        +----------+---------+---------+----------+-----------+-----------+---------+----------+



================================================================
== Utilization Estimates
================================================================
* Summary: 
+-----------------+---------+-----+--------+-------+-----+
|       Name      | BRAM_18K| DSP |   FF   |  LUT  | URAM|
+-----------------+---------+-----+--------+-------+-----+
|DSP              |        -|    1|       -|      -|    -|
|Expression       |        -|    -|       0|    109|    -|
|FIFO             |        -|    -|       -|      -|    -|
|Instance         |        -|    -|       -|      -|    -|
|Memory           |        -|    -|       -|      -|    -|
|Multiplexer      |        -|    -|       0|     68|    -|
|Register         |        -|    -|     169|      -|    -|
+-----------------+---------+-----+--------+-------+-----+
|Total            |        0|    1|     169|    177|    0|
+-----------------+---------+-----+--------+-------+-----+
|Available        |      280|  220|  106400|  53200|    0|
+-----------------+---------+-----+--------+-------+-----+
|Utilization (%)  |        0|   ~0|      ~0|     ~0|    0|
+-----------------+---------+-----+--------+-------+-----+

+ Detail: 
    * Instance: 
    N/A

    * DSP: 
    +---------------------------------+------------------------------+--------------+
    |             Instance            |            Module            |  Expression  |
    +---------------------------------+------------------------------+--------------+
    |mac_muladd_10s_8s_32s_32_4_1_U1  |mac_muladd_10s_8s_32s_32_4_1  |  i0 * i1 + i2|
    +---------------------------------+------------------------------+--------------+

    * Memory: 
    N/A

    * FIFO: 
    N/A

    * Expression: 
    +----------------------+----------+----+---+----+------------+------------+
    |     Variable Name    | Operation| DSP| FF| LUT| Bitwidth P0| Bitwidth P1|
    +----------------------+----------+----+---+----+------------+------------+
    |add_ln16_1_fu_196_p2  |         +|   0|  0|  39|          32|           1|
    |add_ln16_fu_169_p2    |         +|   0|  0|  15|           8|           1|
    |icmp_ln16_fu_185_p2   |      icmp|   0|  0|  39|          32|          32|
    |icmp_ln9_fu_163_p2    |      icmp|   0|  0|  16|           8|           9|
    +----------------------+----------+----+---+----+------------+------------+
    |Total                 |          |   0|  0| 109|          80|          43|
    +----------------------+----------+----+---+----+------------+------------+

    * Multiplexer: 
    +---------------+----+-----------+-----+-----------+
    |      Name     | LUT| Input Size| Bits| Total Bits|
    +---------------+----+-----------+-----+-----------+
    |ap_NS_fsm      |  41|         10|    1|         10|
    |idx_1_reg_133  |   9|          2|   32|         64|
    |row_fu_52      |   9|          2|    8|         16|
    |sum_reg_142    |   9|          2|   32|         64|
    +---------------+----+-----------+-----+-----------+
    |Total          |  68|         16|   73|        154|
    +---------------+----+-----------+-----+-----------+

    * Register: 
    +----------------------+----+----+-----+-----------+
    |         Name         | FF | LUT| Bits| Const Bits|
    +----------------------+----+----+-----+-----------+
    |add_ln16_1_reg_279    |  32|   0|   32|          0|
    |add_ln16_reg_236      |   8|   0|    8|          0|
    |ap_CS_fsm             |   9|   0|    9|          0|
    |idx_1_reg_133         |  32|   0|   32|          0|
    |row_fu_52             |   8|   0|    8|          0|
    |row_ptr_load_reg_261  |  32|   0|   32|          0|
    |sum_reg_142           |  32|   0|   32|          0|
    |values_load_reg_284   |   8|   0|    8|          0|
    |zext_ln9_reg_241      |   8|   0|   64|         56|
    +----------------------+----+----+-----+-----------+
    |Total                 | 169|   0|  225|         56|
    +----------------------+----+----+-----+-----------+



================================================================
== Interface
================================================================
* Summary: 
+------------------+-----+-----+------------+--------------+--------------+
|     RTL Ports    | Dir | Bits|  Protocol  | Source Object|    C Type    |
+------------------+-----+-----+------------+--------------+--------------+
|ap_clk            |   in|    1|  ap_ctrl_hs|          spmv|  return value|
|ap_rst            |   in|    1|  ap_ctrl_hs|          spmv|  return value|
|ap_start          |   in|    1|  ap_ctrl_hs|          spmv|  return value|
|ap_done           |  out|    1|  ap_ctrl_hs|          spmv|  return value|
|ap_idle           |  out|    1|  ap_ctrl_hs|          spmv|  return value|
|ap_ready          |  out|    1|  ap_ctrl_hs|          spmv|  return value|
|values_address0   |  out|    9|   ap_memory|        values|         array|
|values_ce0        |  out|    1|   ap_memory|        values|         array|
|values_q0         |   in|    8|   ap_memory|        values|         array|
|x_address0        |  out|    7|   ap_memory|             x|         array|
|x_ce0             |  out|    1|   ap_memory|             x|         array|
|x_q0              |   in|   10|   ap_memory|             x|         array|
|col_idx_address0  |  out|    9|   ap_memory|       col_idx|         array|
|col_idx_ce0       |  out|    1|   ap_memory|       col_idx|         array|
|col_idx_q0        |   in|   32|   ap_memory|       col_idx|         array|
|row_ptr_address0  |  out|    8|   ap_memory|       row_ptr|         array|
|row_ptr_ce0       |  out|    1|   ap_memory|       row_ptr|         array|
|row_ptr_q0        |   in|   32|   ap_memory|       row_ptr|         array|
|row_ptr_address1  |  out|    8|   ap_memory|       row_ptr|         array|
|row_ptr_ce1       |  out|    1|   ap_memory|       row_ptr|         array|
|row_ptr_q1        |   in|   32|   ap_memory|       row_ptr|         array|
|y_address0        |  out|    7|   ap_memory|             y|         array|
|y_ce0             |  out|    1|   ap_memory|             y|         array|
|y_we0             |  out|    1|   ap_memory|             y|         array|
|y_d0              |  out|   32|   ap_memory|             y|         array|
+------------------+-----+-----+------------+--------------+--------------+

