

================================================================
== Vitis HLS Report for 'spmv'
================================================================
* Date:           Mon Jun 15 10:35:35 2026

* Version:        2025.2 (Build 6295257 on Nov 12 2025)
* Project:        03_unroll-2-L1_script
* Solution:       hls (Vivado IP Flow Target)
* Product family: zynq
* Target device:  xc7z020-clg484-3


================================================================
== Performance Estimates
================================================================
+ Timing: 
    * Summary: 
    +--------+----------+----------+------------+
    |  Clock |  Target  | Estimated| Uncertainty|
    +--------+----------+----------+------------+
    |ap_clk  |  10.00 ns|  3.062 ns|     2.70 ns|
    +--------+----------+----------+------------+

+ Latency: 
    * Summary: 
    +---------+---------+-----------+----------+------+-------+---------+
    |  Latency (cycles) |  Latency (absolute)  |   Interval   | Pipeline|
    |   min   |   max   |    min    |    max   |  min |  max  |   Type  |
    +---------+---------+-----------+----------+------+-------+---------+
    |     1089|    98625|  10.890 us|  0.986 ms|  1090|  98626|       no|
    +---------+---------+-----------+----------+------+-------+---------+

    + Detail: 
        * Instance: 
        N/A

        * Loop: 
        +----------+---------+---------+-----------+-----------+-----------+---------+----------+
        |          |  Latency (cycles) | Iteration |  Initiation Interval  |   Trip  |          |
        | Loop Name|   min   |   max   |  Latency  |  achieved |   target  |  Count  | Pipelined|
        +----------+---------+---------+-----------+-----------+-----------+---------+----------+
        |- L1      |     1088|    98624|  17 ~ 1541|          -|          -|       64|        no|
        | + L2     |        6|      768|          6|          -|          -|  1 ~ 128|        no|
        | + L2     |        6|      768|          6|          -|          -|  1 ~ 128|        no|
        +----------+---------+---------+-----------+-----------+-----------+---------+----------+

============================================================
+ Verbose Summary: Synthesis Manager
============================================================
InlineROM: 1
ExposeGlobal: 0
============================================================
+ Verbose Summary: CDFG Model
============================================================
IsTopModel: 1
ResetActiveHigh: 1
IsCombinational: 0
IsDatapathOnly: 0
HasWiredReturn: 1
HasMFsm: 0
HasVarLatency: 1
IsPipeline: 0
IsRtlPipelined: 0
IsInstanceOverlapped: 0
IsDontTouch: 0
HasImplIP: 0
IsGatedGlobalClock: 0


============================================================
+ Verbose Summary: Schedule
============================================================
* Number of FSM states : 16
* Pipeline : 0
* Dataflow Pipeline: 0

* FSM state transitions: 
1 --> 2 
2 --> 3 
3 --> 4 
4 --> 5 10 
5 --> 6 
6 --> 7 
7 --> 8 
8 --> 9 
9 --> 4 
10 --> 11 
11 --> 12 2 
12 --> 13 
13 --> 14 
14 --> 15 
15 --> 16 
16 --> 11 

* FSM state operations: 

State 1 <SV = 0> <Delay = 1.14>
ST_1 : Operation 17 [1/1] (0.00ns)   --->   "%row = alloca i32 1" [spmv.cpp:9]   --->   Operation 17 'alloca' 'row' <Predicate = true> <Delay = 0.00>
ST_1 : Operation 18 [1/1] (0.00ns)   --->   "%spectopmodule_ln3 = spectopmodule void @_ssdm_op_SpecTopModule, void @empty_1" [spmv.cpp:3]   --->   Operation 18 'spectopmodule' 'spectopmodule_ln3' <Predicate = true> <Delay = 0.00>
ST_1 : Operation 19 [1/1] (0.00ns)   --->   "%specinterface_ln0 = specinterface void @_ssdm_op_SpecInterface, i8 %values, void @empty, i32 0, i32 0, void @empty_0, i32 4294967295, i32 0, void @empty_0, void @empty_0, void @empty_0, i32 0, i32 0, i32 0, i32 0, void @empty_0, void @empty_0, i32 4294967295, i32 0, i32 0, i32 0"   --->   Operation 19 'specinterface' 'specinterface_ln0' <Predicate = true> <Delay = 0.00>
ST_1 : Operation 20 [1/1] (0.00ns)   --->   "%specbitsmap_ln0 = specbitsmap void @_ssdm_op_SpecBitsMap, i8 %values"   --->   Operation 20 'specbitsmap' 'specbitsmap_ln0' <Predicate = true> <Delay = 0.00>
ST_1 : Operation 21 [1/1] (0.00ns)   --->   "%specinterface_ln0 = specinterface void @_ssdm_op_SpecInterface, i10 %x, void @empty, i32 0, i32 0, void @empty_0, i32 4294967295, i32 0, void @empty_0, void @empty_0, void @empty_0, i32 0, i32 0, i32 0, i32 0, void @empty_0, void @empty_0, i32 4294967295, i32 0, i32 0, i32 0"   --->   Operation 21 'specinterface' 'specinterface_ln0' <Predicate = true> <Delay = 0.00>
ST_1 : Operation 22 [1/1] (0.00ns)   --->   "%specbitsmap_ln0 = specbitsmap void @_ssdm_op_SpecBitsMap, i10 %x"   --->   Operation 22 'specbitsmap' 'specbitsmap_ln0' <Predicate = true> <Delay = 0.00>
ST_1 : Operation 23 [1/1] (0.00ns)   --->   "%specinterface_ln0 = specinterface void @_ssdm_op_SpecInterface, i32 %col_idx, void @empty, i32 0, i32 0, void @empty_0, i32 4294967295, i32 0, void @empty_0, void @empty_0, void @empty_0, i32 0, i32 0, i32 0, i32 0, void @empty_0, void @empty_0, i32 4294967295, i32 0, i32 0, i32 0"   --->   Operation 23 'specinterface' 'specinterface_ln0' <Predicate = true> <Delay = 0.00>
ST_1 : Operation 24 [1/1] (0.00ns)   --->   "%specbitsmap_ln0 = specbitsmap void @_ssdm_op_SpecBitsMap, i32 %col_idx"   --->   Operation 24 'specbitsmap' 'specbitsmap_ln0' <Predicate = true> <Delay = 0.00>
ST_1 : Operation 25 [1/1] (0.00ns)   --->   "%specinterface_ln0 = specinterface void @_ssdm_op_SpecInterface, i32 %row_ptr, void @empty, i32 0, i32 0, void @empty_0, i32 4294967295, i32 0, void @empty_0, void @empty_0, void @empty_0, i32 0, i32 0, i32 0, i32 0, void @empty_0, void @empty_0, i32 4294967295, i32 0, i32 0, i32 0"   --->   Operation 25 'specinterface' 'specinterface_ln0' <Predicate = true> <Delay = 0.00>
ST_1 : Operation 26 [1/1] (0.00ns)   --->   "%specbitsmap_ln0 = specbitsmap void @_ssdm_op_SpecBitsMap, i32 %row_ptr"   --->   Operation 26 'specbitsmap' 'specbitsmap_ln0' <Predicate = true> <Delay = 0.00>
ST_1 : Operation 27 [1/1] (0.00ns)   --->   "%specinterface_ln0 = specinterface void @_ssdm_op_SpecInterface, i32 %y, void @empty, i32 0, i32 0, void @empty_0, i32 4294967295, i32 0, void @empty_0, void @empty_0, void @empty_0, i32 0, i32 0, i32 0, i32 0, void @empty_0, void @empty_0, i32 4294967295, i32 0, i32 0, i32 0"   --->   Operation 27 'specinterface' 'specinterface_ln0' <Predicate = true> <Delay = 0.00>
ST_1 : Operation 28 [1/1] (0.00ns)   --->   "%specbitsmap_ln0 = specbitsmap void @_ssdm_op_SpecBitsMap, i32 %y"   --->   Operation 28 'specbitsmap' 'specbitsmap_ln0' <Predicate = true> <Delay = 0.00>
ST_1 : Operation 29 [1/1] (1.14ns)   --->   "%store_ln9 = store i8 0, i8 %row" [spmv.cpp:9]   --->   Operation 29 'store' 'store_ln9' <Predicate = true> <Delay = 1.14>
ST_1 : Operation 30 [1/1] (0.00ns)   --->   "%br_ln9 = br void %L2" [spmv.cpp:9]   --->   Operation 30 'br' 'br_ln9' <Predicate = true> <Delay = 0.00>

State 2 <SV = 1> <Delay = 0.00>
ST_2 : Operation 31 [1/1] (0.00ns)   --->   "%row_1 = load i8 %row" [spmv.cpp:16]   --->   Operation 31 'load' 'row_1' <Predicate = true> <Delay = 0.00>
ST_2 : Operation 32 [1/1] (0.00ns)   --->   "%tmp_1 = bitselect i1 @_ssdm_op_BitSelect.i1.i8.i32, i8 %row_1, i32 7" [spmv.cpp:9]   --->   Operation 32 'bitselect' 'tmp_1' <Predicate = true> <Delay = 0.00>
ST_2 : Operation 33 [1/1] (0.00ns)   --->   "%br_ln9 = br i1 %tmp_1, void %L2.split, void %for.end17" [spmv.cpp:9]   --->   Operation 33 'br' 'br_ln9' <Predicate = true> <Delay = 0.00>
ST_2 : Operation 34 [1/1] (0.00ns)   --->   "%zext_ln9 = zext i8 %row_1" [spmv.cpp:9]   --->   Operation 34 'zext' 'zext_ln9' <Predicate = (!tmp_1)> <Delay = 0.00>
ST_2 : Operation 35 [1/1] (0.00ns)   --->   "%row_ptr_addr = getelementptr i32 %row_ptr, i64 0, i64 %zext_ln9" [spmv.cpp:16]   --->   Operation 35 'getelementptr' 'row_ptr_addr' <Predicate = (!tmp_1)> <Delay = 0.00>
ST_2 : Operation 36 [2/2] (0.00ns)   --->   "%idx = load i8 %row_ptr_addr" [spmv.cpp:16]   --->   Operation 36 'load' 'idx' <Predicate = (!tmp_1)> <Delay = 0.00> <CoreInst = "RAM">   --->   Core 81 'RAM' <Latency = 1> <II = 1> <Delay = 2.41> <Storage> <Opcode : 'load' 'store'> <Ports = 2> <Width = 32> <Depth = 129> <RAM>
ST_2 : Operation 37 [1/1] (0.00ns)   --->   "%tmp = partselect i6 @_ssdm_op_PartSelect.i6.i8.i32.i32, i8 %row_1, i32 1, i32 6" [spmv.cpp:16]   --->   Operation 37 'partselect' 'tmp' <Predicate = (!tmp_1)> <Delay = 0.00>
ST_2 : Operation 38 [1/1] (0.00ns)   --->   "%or_ln = bitconcatenate i7 @_ssdm_op_BitConcatenate.i7.i6.i1, i6 %tmp, i1 1" [spmv.cpp:16]   --->   Operation 38 'bitconcatenate' 'or_ln' <Predicate = (!tmp_1)> <Delay = 0.00>
ST_2 : Operation 39 [1/1] (0.00ns)   --->   "%zext_ln16 = zext i7 %or_ln" [spmv.cpp:16]   --->   Operation 39 'zext' 'zext_ln16' <Predicate = (!tmp_1)> <Delay = 0.00>
ST_2 : Operation 40 [1/1] (0.00ns)   --->   "%row_ptr_addr_1 = getelementptr i32 %row_ptr, i64 0, i64 %zext_ln16" [spmv.cpp:16]   --->   Operation 40 'getelementptr' 'row_ptr_addr_1' <Predicate = (!tmp_1)> <Delay = 0.00>
ST_2 : Operation 41 [2/2] (0.00ns)   --->   "%idx_2 = load i8 %row_ptr_addr_1" [spmv.cpp:16]   --->   Operation 41 'load' 'idx_2' <Predicate = (!tmp_1)> <Delay = 0.00> <CoreInst = "RAM">   --->   Core 81 'RAM' <Latency = 1> <II = 1> <Delay = 2.41> <Storage> <Opcode : 'load' 'store'> <Ports = 2> <Width = 32> <Depth = 129> <RAM>
ST_2 : Operation 42 [1/1] (0.00ns)   --->   "%ret_ln28 = ret" [spmv.cpp:28]   --->   Operation 42 'ret' 'ret_ln28' <Predicate = (tmp_1)> <Delay = 0.00>

State 3 <SV = 2> <Delay = 1.14>
ST_3 : Operation 43 [1/1] (0.00ns)   --->   "%speclooptripcount_ln9 = speclooptripcount void @_ssdm_op_SpecLoopTripCount, i64 64, i64 64, i64 64" [spmv.cpp:9]   --->   Operation 43 'speclooptripcount' 'speclooptripcount_ln9' <Predicate = true> <Delay = 0.00>
ST_3 : Operation 44 [1/1] (0.00ns)   --->   "%specloopname_ln9 = specloopname void @_ssdm_op_SpecLoopName, void @empty_3" [spmv.cpp:9]   --->   Operation 44 'specloopname' 'specloopname_ln9' <Predicate = true> <Delay = 0.00>
ST_3 : Operation 45 [1/2] ( I:0.00ns O:0.00ns )   --->   "%idx = load i8 %row_ptr_addr" [spmv.cpp:16]   --->   Operation 45 'load' 'idx' <Predicate = true> <Delay = 0.00> <CoreInst = "RAM">   --->   Core 81 'RAM' <Latency = 1> <II = 1> <Delay = 2.41> <Storage> <Opcode : 'load' 'store'> <Ports = 2> <Width = 32> <Depth = 129> <RAM>
ST_3 : Operation 46 [1/2] ( I:0.00ns O:0.00ns )   --->   "%idx_2 = load i8 %row_ptr_addr_1" [spmv.cpp:16]   --->   Operation 46 'load' 'idx_2' <Predicate = true> <Delay = 0.00> <CoreInst = "RAM">   --->   Core 81 'RAM' <Latency = 1> <II = 1> <Delay = 2.41> <Storage> <Opcode : 'load' 'store'> <Ports = 2> <Width = 32> <Depth = 129> <RAM>
ST_3 : Operation 47 [1/1] (1.14ns)   --->   "%br_ln16 = br void %for.inc" [spmv.cpp:16]   --->   Operation 47 'br' 'br_ln16' <Predicate = true> <Delay = 1.14>

State 4 <SV = 3> <Delay = 1.91>
ST_4 : Operation 48 [1/1] (0.00ns)   --->   "%idx_1 = phi i32 %idx, void %L2.split, i32 %add_ln16, void %for.inc.split"   --->   Operation 48 'phi' 'idx_1' <Predicate = true> <Delay = 0.00>
ST_4 : Operation 49 [1/1] (0.00ns)   --->   "%sum = phi i32 0, void %L2.split, i32 %add_ln23, void %for.inc.split" [spmv.cpp:23]   --->   Operation 49 'phi' 'sum' <Predicate = true> <Delay = 0.00>
ST_4 : Operation 50 [1/1] (1.91ns)   --->   "%icmp_ln16 = icmp_slt  i32 %idx_1, i32 %idx_2" [spmv.cpp:16]   --->   Operation 50 'icmp' 'icmp_ln16' <Predicate = true> <Delay = 1.91> <CoreInst = "Cmp">   --->   Core 9 'Cmp' <Latency = 0> <II = 1> <Delay = 1.91> <FuncUnit> <Opcode : 'seteq' 'setne' 'setle' 'setge' 'setlt' 'setgt'> <InPorts = 2> <OutPorts = 1>
ST_4 : Operation 51 [1/1] (0.00ns)   --->   "%br_ln16 = br i1 %icmp_ln16, void %for.inc15, void %for.inc.split" [spmv.cpp:16]   --->   Operation 51 'br' 'br_ln16' <Predicate = true> <Delay = 0.00>
ST_4 : Operation 52 [1/1] (0.00ns)   --->   "%zext_ln16_1 = zext i32 %idx_1" [spmv.cpp:16]   --->   Operation 52 'zext' 'zext_ln16_1' <Predicate = (icmp_ln16)> <Delay = 0.00>
ST_4 : Operation 53 [1/1] (0.00ns)   --->   "%col_idx_addr = getelementptr i32 %col_idx, i64 0, i64 %zext_ln16_1" [spmv.cpp:23]   --->   Operation 53 'getelementptr' 'col_idx_addr' <Predicate = (icmp_ln16)> <Delay = 0.00>
ST_4 : Operation 54 [2/2] (0.00ns)   --->   "%col_idx_load = load i9 %col_idx_addr" [spmv.cpp:23]   --->   Operation 54 'load' 'col_idx_load' <Predicate = (icmp_ln16)> <Delay = 0.00> <CoreInst = "RAM">   --->   Core 81 'RAM' <Latency = 1> <II = 1> <Delay = 2.41> <Storage> <Opcode : 'load' 'store'> <Ports = 2> <Width = 32> <Depth = 512> <RAM>
ST_4 : Operation 55 [1/1] (0.00ns)   --->   "%values_addr = getelementptr i8 %values, i64 0, i64 %zext_ln16_1" [spmv.cpp:23]   --->   Operation 55 'getelementptr' 'values_addr' <Predicate = (icmp_ln16)> <Delay = 0.00>
ST_4 : Operation 56 [2/2] (0.00ns)   --->   "%values_load = load i9 %values_addr" [spmv.cpp:23]   --->   Operation 56 'load' 'values_load' <Predicate = (icmp_ln16)> <Delay = 0.00> <CoreInst = "RAM">   --->   Core 81 'RAM' <Latency = 1> <II = 1> <Delay = 2.41> <Storage> <Opcode : 'load' 'store'> <Ports = 2> <Width = 8> <Depth = 512> <RAM>
ST_4 : Operation 57 [1/1] (1.91ns)   --->   "%add_ln16 = add i32 %idx_1, i32 1" [spmv.cpp:16]   --->   Operation 57 'add' 'add_ln16' <Predicate = (icmp_ln16)> <Delay = 1.91> <CoreInst = "Adder">   --->   Core 1 'Adder' <Latency = 0> <II = 1> <Delay = 1.91> <FuncUnit> <Opcode : 'add' 'sub'> <InPorts = 2> <OutPorts = 1>
ST_4 : Operation 58 [1/1] (0.00ns)   --->   "%y_addr = getelementptr i32 %y, i64 0, i64 %zext_ln9" [spmv.cpp:26]   --->   Operation 58 'getelementptr' 'y_addr' <Predicate = (!icmp_ln16)> <Delay = 0.00>
ST_4 : Operation 59 [1/1] ( I:0.00ns O:0.00ns )   --->   "%store_ln26 = store i32 %sum, i7 %y_addr" [spmv.cpp:26]   --->   Operation 59 'store' 'store_ln26' <Predicate = (!icmp_ln16)> <Delay = 0.00> <CoreInst = "RAM">   --->   Core 81 'RAM' <Latency = 1> <II = 1> <Delay = 2.41> <Storage> <Opcode : 'load' 'store'> <Ports = 2> <Width = 32> <Depth = 128> <RAM>
ST_4 : Operation 60 [1/1] (1.62ns)   --->   "%add_ln16_1 = add i8 %row_1, i8 2" [spmv.cpp:16]   --->   Operation 60 'add' 'add_ln16_1' <Predicate = (!icmp_ln16)> <Delay = 1.62> <CoreInst = "Adder">   --->   Core 1 'Adder' <Latency = 0> <II = 1> <Delay = 1.62> <FuncUnit> <Opcode : 'add' 'sub'> <InPorts = 2> <OutPorts = 1>
ST_4 : Operation 61 [1/1] (0.00ns)   --->   "%zext_ln16_2 = zext i8 %add_ln16_1" [spmv.cpp:16]   --->   Operation 61 'zext' 'zext_ln16_2' <Predicate = (!icmp_ln16)> <Delay = 0.00>
ST_4 : Operation 62 [1/1] (0.00ns)   --->   "%row_ptr_addr_2 = getelementptr i32 %row_ptr, i64 0, i64 %zext_ln16_2" [spmv.cpp:16]   --->   Operation 62 'getelementptr' 'row_ptr_addr_2' <Predicate = (!icmp_ln16)> <Delay = 0.00>
ST_4 : Operation 63 [2/2] (0.00ns)   --->   "%row_ptr_load = load i8 %row_ptr_addr_2" [spmv.cpp:16]   --->   Operation 63 'load' 'row_ptr_load' <Predicate = (!icmp_ln16)> <Delay = 0.00> <CoreInst = "RAM">   --->   Core 81 'RAM' <Latency = 1> <II = 1> <Delay = 2.41> <Storage> <Opcode : 'load' 'store'> <Ports = 2> <Width = 32> <Depth = 129> <RAM>

State 5 <SV = 4> <Delay = 0.00>
ST_5 : Operation 64 [1/2] ( I:0.00ns O:0.00ns )   --->   "%col_idx_load = load i9 %col_idx_addr" [spmv.cpp:23]   --->   Operation 64 'load' 'col_idx_load' <Predicate = true> <Delay = 0.00> <CoreInst = "RAM">   --->   Core 81 'RAM' <Latency = 1> <II = 1> <Delay = 2.41> <Storage> <Opcode : 'load' 'store'> <Ports = 2> <Width = 32> <Depth = 512> <RAM>
ST_5 : Operation 65 [1/1] (0.00ns)   --->   "%zext_ln23 = zext i32 %col_idx_load" [spmv.cpp:23]   --->   Operation 65 'zext' 'zext_ln23' <Predicate = true> <Delay = 0.00>
ST_5 : Operation 66 [1/2] ( I:0.00ns O:0.00ns )   --->   "%values_load = load i9 %values_addr" [spmv.cpp:23]   --->   Operation 66 'load' 'values_load' <Predicate = true> <Delay = 0.00> <CoreInst = "RAM">   --->   Core 81 'RAM' <Latency = 1> <II = 1> <Delay = 2.41> <Storage> <Opcode : 'load' 'store'> <Ports = 2> <Width = 8> <Depth = 512> <RAM>
ST_5 : Operation 67 [1/1] (0.00ns)   --->   "%x_addr = getelementptr i10 %x, i64 0, i64 %zext_ln23" [spmv.cpp:23]   --->   Operation 67 'getelementptr' 'x_addr' <Predicate = true> <Delay = 0.00>
ST_5 : Operation 68 [2/2] (0.00ns)   --->   "%x_load = load i7 %x_addr" [spmv.cpp:23]   --->   Operation 68 'load' 'x_load' <Predicate = true> <Delay = 0.00> <CoreInst = "RAM">   --->   Core 81 'RAM' <Latency = 1> <II = 1> <Delay = 2.41> <Storage> <Opcode : 'load' 'store'> <Ports = 2> <Width = 10> <Depth = 128> <RAM>

State 6 <SV = 5> <Delay = 0.93>
ST_6 : Operation 69 [1/1] (0.00ns)   --->   "%sext_ln23 = sext i8 %values_load" [spmv.cpp:23]   --->   Operation 69 'sext' 'sext_ln23' <Predicate = true> <Delay = 0.00>
ST_6 : Operation 70 [1/2] ( I:0.00ns O:0.00ns )   --->   "%x_load = load i7 %x_addr" [spmv.cpp:23]   --->   Operation 70 'load' 'x_load' <Predicate = true> <Delay = 0.00> <CoreInst = "RAM">   --->   Core 81 'RAM' <Latency = 1> <II = 1> <Delay = 2.41> <Storage> <Opcode : 'load' 'store'> <Ports = 2> <Width = 10> <Depth = 128> <RAM>
ST_6 : Operation 71 [1/1] (0.00ns)   --->   "%sext_ln23_1 = sext i10 %x_load" [spmv.cpp:23]   --->   Operation 71 'sext' 'sext_ln23_1' <Predicate = true> <Delay = 0.00>
ST_6 : Operation 72 [3/3] (0.93ns) (grouped into DSP with root node add_ln23)   --->   "%mul_ln23 = mul i18 %sext_ln23_1, i18 %sext_ln23" [spmv.cpp:23]   --->   Operation 72 'mul' 'mul_ln23' <Predicate = true> <Delay = 0.93> <CoreInst = "DSP48">   --->   Core 116 'DSP48' <Latency = 3> <II = 1> <Delay = 1.59> <IPBlock> <Opcode : 'add' 'sub' 'mul' 'select'> <InPorts = 0> <OutPorts = 1> <Sync> <CReg>

State 7 <SV = 6> <Delay = 0.93>
ST_7 : Operation 73 [2/3] (0.93ns) (grouped into DSP with root node add_ln23)   --->   "%mul_ln23 = mul i18 %sext_ln23_1, i18 %sext_ln23" [spmv.cpp:23]   --->   Operation 73 'mul' 'mul_ln23' <Predicate = true> <Delay = 0.93> <CoreInst = "DSP48">   --->   Core 116 'DSP48' <Latency = 3> <II = 1> <Delay = 1.59> <IPBlock> <Opcode : 'add' 'sub' 'mul' 'select'> <InPorts = 0> <OutPorts = 1> <Sync> <CReg>

State 8 <SV = 7> <Delay = 1.54>
ST_8 : Operation 74 [1/3] (0.00ns) (grouped into DSP with root node add_ln23)   --->   "%mul_ln23 = mul i18 %sext_ln23_1, i18 %sext_ln23" [spmv.cpp:23]   --->   Operation 74 'mul' 'mul_ln23' <Predicate = true> <Delay = 0.00> <CoreInst = "DSP48">   --->   Core 116 'DSP48' <Latency = 3> <II = 1> <Delay = 1.59> <IPBlock> <Opcode : 'add' 'sub' 'mul' 'select'> <InPorts = 0> <OutPorts = 1> <Sync> <CReg>
ST_8 : Operation 75 [1/1] (0.00ns) (grouped into DSP with root node add_ln23)   --->   "%sext_ln23_2 = sext i18 %mul_ln23" [spmv.cpp:23]   --->   Operation 75 'sext' 'sext_ln23_2' <Predicate = true> <Delay = 0.00>
ST_8 : Operation 76 [2/2] (1.54ns) (root node of the DSP)   --->   "%add_ln23 = add i32 %sext_ln23_2, i32 %sum" [spmv.cpp:23]   --->   Operation 76 'add' 'add_ln23' <Predicate = true> <Delay = 1.54> <CoreInst = "DSP48">   --->   Core 116 'DSP48' <Latency = 3> <II = 1> <Delay = 1.59> <IPBlock> <Opcode : 'add' 'sub' 'mul' 'select'> <InPorts = 0> <OutPorts = 1> <Sync> <CReg>

State 9 <SV = 8> <Delay = 1.54>
ST_9 : Operation 77 [1/1] (0.00ns)   --->   "%speclooptripcount_ln20 = speclooptripcount void @_ssdm_op_SpecLoopTripCount, i64 1, i64 128, i64 4" [spmv.cpp:20]   --->   Operation 77 'speclooptripcount' 'speclooptripcount_ln20' <Predicate = true> <Delay = 0.00>
ST_9 : Operation 78 [1/1] (0.00ns)   --->   "%specloopname_ln16 = specloopname void @_ssdm_op_SpecLoopName, void @empty_2" [spmv.cpp:16]   --->   Operation 78 'specloopname' 'specloopname_ln16' <Predicate = true> <Delay = 0.00>
ST_9 : Operation 79 [1/2] (1.54ns) (root node of the DSP)   --->   "%add_ln23 = add i32 %sext_ln23_2, i32 %sum" [spmv.cpp:23]   --->   Operation 79 'add' 'add_ln23' <Predicate = true> <Delay = 1.54> <CoreInst = "DSP48">   --->   Core 116 'DSP48' <Latency = 3> <II = 1> <Delay = 1.59> <IPBlock> <Opcode : 'add' 'sub' 'mul' 'select'> <InPorts = 0> <OutPorts = 1> <Sync> <CReg>
ST_9 : Operation 80 [1/1] (0.00ns)   --->   "%br_ln16 = br void %for.inc" [spmv.cpp:16]   --->   Operation 80 'br' 'br_ln16' <Predicate = true> <Delay = 0.00>

State 10 <SV = 4> <Delay = 1.14>
ST_10 : Operation 81 [1/2] ( I:0.00ns O:0.00ns )   --->   "%row_ptr_load = load i8 %row_ptr_addr_2" [spmv.cpp:16]   --->   Operation 81 'load' 'row_ptr_load' <Predicate = true> <Delay = 0.00> <CoreInst = "RAM">   --->   Core 81 'RAM' <Latency = 1> <II = 1> <Delay = 2.41> <Storage> <Opcode : 'load' 'store'> <Ports = 2> <Width = 32> <Depth = 129> <RAM>
ST_10 : Operation 82 [1/1] (1.14ns)   --->   "%br_ln16 = br void %for.inc.1" [spmv.cpp:16]   --->   Operation 82 'br' 'br_ln16' <Predicate = true> <Delay = 1.14>

State 11 <SV = 5> <Delay = 3.06>
ST_11 : Operation 83 [1/1] (0.00ns)   --->   "%idx_3 = phi i32 %add_ln16_2, void %for.inc.1.split, i32 %idx_2, void %for.inc15"   --->   Operation 83 'phi' 'idx_3' <Predicate = true> <Delay = 0.00>
ST_11 : Operation 84 [1/1] (0.00ns)   --->   "%sum_1 = phi i32 %add_ln23_1, void %for.inc.1.split, i32 0, void %for.inc15" [spmv.cpp:23]   --->   Operation 84 'phi' 'sum_1' <Predicate = true> <Delay = 0.00>
ST_11 : Operation 85 [1/1] (1.91ns)   --->   "%icmp_ln16_1 = icmp_slt  i32 %idx_3, i32 %row_ptr_load" [spmv.cpp:16]   --->   Operation 85 'icmp' 'icmp_ln16_1' <Predicate = true> <Delay = 1.91> <CoreInst = "Cmp">   --->   Core 9 'Cmp' <Latency = 0> <II = 1> <Delay = 1.91> <FuncUnit> <Opcode : 'seteq' 'setne' 'setle' 'setge' 'setlt' 'setgt'> <InPorts = 2> <OutPorts = 1>
ST_11 : Operation 86 [1/1] (0.00ns)   --->   "%br_ln16 = br i1 %icmp_ln16_1, void %for.inc15.1, void %for.inc.1.split" [spmv.cpp:16]   --->   Operation 86 'br' 'br_ln16' <Predicate = true> <Delay = 0.00>
ST_11 : Operation 87 [1/1] (0.00ns)   --->   "%zext_ln16_3 = zext i32 %idx_3" [spmv.cpp:16]   --->   Operation 87 'zext' 'zext_ln16_3' <Predicate = (icmp_ln16_1)> <Delay = 0.00>
ST_11 : Operation 88 [1/1] (0.00ns)   --->   "%col_idx_addr_1 = getelementptr i32 %col_idx, i64 0, i64 %zext_ln16_3" [spmv.cpp:23]   --->   Operation 88 'getelementptr' 'col_idx_addr_1' <Predicate = (icmp_ln16_1)> <Delay = 0.00>
ST_11 : Operation 89 [2/2] (0.00ns)   --->   "%col_idx_load_1 = load i9 %col_idx_addr_1" [spmv.cpp:23]   --->   Operation 89 'load' 'col_idx_load_1' <Predicate = (icmp_ln16_1)> <Delay = 0.00> <CoreInst = "RAM">   --->   Core 81 'RAM' <Latency = 1> <II = 1> <Delay = 2.41> <Storage> <Opcode : 'load' 'store'> <Ports = 2> <Width = 32> <Depth = 512> <RAM>
ST_11 : Operation 90 [1/1] (0.00ns)   --->   "%values_addr_1 = getelementptr i8 %values, i64 0, i64 %zext_ln16_3" [spmv.cpp:23]   --->   Operation 90 'getelementptr' 'values_addr_1' <Predicate = (icmp_ln16_1)> <Delay = 0.00>
ST_11 : Operation 91 [2/2] (0.00ns)   --->   "%values_load_1 = load i9 %values_addr_1" [spmv.cpp:23]   --->   Operation 91 'load' 'values_load_1' <Predicate = (icmp_ln16_1)> <Delay = 0.00> <CoreInst = "RAM">   --->   Core 81 'RAM' <Latency = 1> <II = 1> <Delay = 2.41> <Storage> <Opcode : 'load' 'store'> <Ports = 2> <Width = 8> <Depth = 512> <RAM>
ST_11 : Operation 92 [1/1] (1.91ns)   --->   "%add_ln16_2 = add i32 %idx_3, i32 1" [spmv.cpp:16]   --->   Operation 92 'add' 'add_ln16_2' <Predicate = (icmp_ln16_1)> <Delay = 1.91> <CoreInst = "Adder">   --->   Core 1 'Adder' <Latency = 0> <II = 1> <Delay = 1.91> <FuncUnit> <Opcode : 'add' 'sub'> <InPorts = 2> <OutPorts = 1>
ST_11 : Operation 93 [1/1] (0.00ns)   --->   "%y_addr_1 = getelementptr i32 %y, i64 0, i64 %zext_ln16" [spmv.cpp:26]   --->   Operation 93 'getelementptr' 'y_addr_1' <Predicate = (!icmp_ln16_1)> <Delay = 0.00>
ST_11 : Operation 94 [1/1] ( I:0.00ns O:0.00ns )   --->   "%store_ln26 = store i32 %sum_1, i7 %y_addr_1" [spmv.cpp:26]   --->   Operation 94 'store' 'store_ln26' <Predicate = (!icmp_ln16_1)> <Delay = 0.00> <CoreInst = "RAM">   --->   Core 81 'RAM' <Latency = 1> <II = 1> <Delay = 2.41> <Storage> <Opcode : 'load' 'store'> <Ports = 2> <Width = 32> <Depth = 128> <RAM>
ST_11 : Operation 95 [1/1] (1.14ns)   --->   "%store_ln9 = store i8 %add_ln16_1, i8 %row" [spmv.cpp:9]   --->   Operation 95 'store' 'store_ln9' <Predicate = (!icmp_ln16_1)> <Delay = 1.14>
ST_11 : Operation 96 [1/1] (0.00ns)   --->   "%br_ln9 = br void %L2" [spmv.cpp:9]   --->   Operation 96 'br' 'br_ln9' <Predicate = (!icmp_ln16_1)> <Delay = 0.00>

State 12 <SV = 6> <Delay = 0.00>
ST_12 : Operation 97 [1/2] ( I:0.00ns O:0.00ns )   --->   "%col_idx_load_1 = load i9 %col_idx_addr_1" [spmv.cpp:23]   --->   Operation 97 'load' 'col_idx_load_1' <Predicate = true> <Delay = 0.00> <CoreInst = "RAM">   --->   Core 81 'RAM' <Latency = 1> <II = 1> <Delay = 2.41> <Storage> <Opcode : 'load' 'store'> <Ports = 2> <Width = 32> <Depth = 512> <RAM>
ST_12 : Operation 98 [1/1] (0.00ns)   --->   "%zext_ln23_1 = zext i32 %col_idx_load_1" [spmv.cpp:23]   --->   Operation 98 'zext' 'zext_ln23_1' <Predicate = true> <Delay = 0.00>
ST_12 : Operation 99 [1/2] ( I:0.00ns O:0.00ns )   --->   "%values_load_1 = load i9 %values_addr_1" [spmv.cpp:23]   --->   Operation 99 'load' 'values_load_1' <Predicate = true> <Delay = 0.00> <CoreInst = "RAM">   --->   Core 81 'RAM' <Latency = 1> <II = 1> <Delay = 2.41> <Storage> <Opcode : 'load' 'store'> <Ports = 2> <Width = 8> <Depth = 512> <RAM>
ST_12 : Operation 100 [1/1] (0.00ns)   --->   "%x_addr_1 = getelementptr i10 %x, i64 0, i64 %zext_ln23_1" [spmv.cpp:23]   --->   Operation 100 'getelementptr' 'x_addr_1' <Predicate = true> <Delay = 0.00>
ST_12 : Operation 101 [2/2] (0.00ns)   --->   "%x_load_1 = load i7 %x_addr_1" [spmv.cpp:23]   --->   Operation 101 'load' 'x_load_1' <Predicate = true> <Delay = 0.00> <CoreInst = "RAM">   --->   Core 81 'RAM' <Latency = 1> <II = 1> <Delay = 2.41> <Storage> <Opcode : 'load' 'store'> <Ports = 2> <Width = 10> <Depth = 128> <RAM>

State 13 <SV = 7> <Delay = 0.93>
ST_13 : Operation 102 [1/1] (0.00ns)   --->   "%sext_ln23_3 = sext i8 %values_load_1" [spmv.cpp:23]   --->   Operation 102 'sext' 'sext_ln23_3' <Predicate = true> <Delay = 0.00>
ST_13 : Operation 103 [1/2] ( I:0.00ns O:0.00ns )   --->   "%x_load_1 = load i7 %x_addr_1" [spmv.cpp:23]   --->   Operation 103 'load' 'x_load_1' <Predicate = true> <Delay = 0.00> <CoreInst = "RAM">   --->   Core 81 'RAM' <Latency = 1> <II = 1> <Delay = 2.41> <Storage> <Opcode : 'load' 'store'> <Ports = 2> <Width = 10> <Depth = 128> <RAM>
ST_13 : Operation 104 [1/1] (0.00ns)   --->   "%sext_ln23_4 = sext i10 %x_load_1" [spmv.cpp:23]   --->   Operation 104 'sext' 'sext_ln23_4' <Predicate = true> <Delay = 0.00>
ST_13 : Operation 105 [3/3] (0.93ns) (grouped into DSP with root node add_ln23_1)   --->   "%mul_ln23_1 = mul i18 %sext_ln23_4, i18 %sext_ln23_3" [spmv.cpp:23]   --->   Operation 105 'mul' 'mul_ln23_1' <Predicate = true> <Delay = 0.93> <CoreInst = "DSP48">   --->   Core 116 'DSP48' <Latency = 3> <II = 1> <Delay = 1.59> <IPBlock> <Opcode : 'add' 'sub' 'mul' 'select'> <InPorts = 0> <OutPorts = 1> <Sync> <CReg>

State 14 <SV = 8> <Delay = 0.93>
ST_14 : Operation 106 [2/3] (0.93ns) (grouped into DSP with root node add_ln23_1)   --->   "%mul_ln23_1 = mul i18 %sext_ln23_4, i18 %sext_ln23_3" [spmv.cpp:23]   --->   Operation 106 'mul' 'mul_ln23_1' <Predicate = true> <Delay = 0.93> <CoreInst = "DSP48">   --->   Core 116 'DSP48' <Latency = 3> <II = 1> <Delay = 1.59> <IPBlock> <Opcode : 'add' 'sub' 'mul' 'select'> <InPorts = 0> <OutPorts = 1> <Sync> <CReg>

State 15 <SV = 9> <Delay = 1.54>
ST_15 : Operation 107 [1/3] (0.00ns) (grouped into DSP with root node add_ln23_1)   --->   "%mul_ln23_1 = mul i18 %sext_ln23_4, i18 %sext_ln23_3" [spmv.cpp:23]   --->   Operation 107 'mul' 'mul_ln23_1' <Predicate = true> <Delay = 0.00> <CoreInst = "DSP48">   --->   Core 116 'DSP48' <Latency = 3> <II = 1> <Delay = 1.59> <IPBlock> <Opcode : 'add' 'sub' 'mul' 'select'> <InPorts = 0> <OutPorts = 1> <Sync> <CReg>
ST_15 : Operation 108 [1/1] (0.00ns) (grouped into DSP with root node add_ln23_1)   --->   "%sext_ln23_5 = sext i18 %mul_ln23_1" [spmv.cpp:23]   --->   Operation 108 'sext' 'sext_ln23_5' <Predicate = true> <Delay = 0.00>
ST_15 : Operation 109 [2/2] (1.54ns) (root node of the DSP)   --->   "%add_ln23_1 = add i32 %sext_ln23_5, i32 %sum_1" [spmv.cpp:23]   --->   Operation 109 'add' 'add_ln23_1' <Predicate = true> <Delay = 1.54> <CoreInst = "DSP48">   --->   Core 116 'DSP48' <Latency = 3> <II = 1> <Delay = 1.59> <IPBlock> <Opcode : 'add' 'sub' 'mul' 'select'> <InPorts = 0> <OutPorts = 1> <Sync> <CReg>

State 16 <SV = 10> <Delay = 1.54>
ST_16 : Operation 110 [1/1] (0.00ns)   --->   "%speclooptripcount_ln20 = speclooptripcount void @_ssdm_op_SpecLoopTripCount, i64 1, i64 128, i64 4" [spmv.cpp:20]   --->   Operation 110 'speclooptripcount' 'speclooptripcount_ln20' <Predicate = true> <Delay = 0.00>
ST_16 : Operation 111 [1/1] (0.00ns)   --->   "%specloopname_ln16 = specloopname void @_ssdm_op_SpecLoopName, void @empty_2" [spmv.cpp:16]   --->   Operation 111 'specloopname' 'specloopname_ln16' <Predicate = true> <Delay = 0.00>
ST_16 : Operation 112 [1/2] (1.54ns) (root node of the DSP)   --->   "%add_ln23_1 = add i32 %sext_ln23_5, i32 %sum_1" [spmv.cpp:23]   --->   Operation 112 'add' 'add_ln23_1' <Predicate = true> <Delay = 1.54> <CoreInst = "DSP48">   --->   Core 116 'DSP48' <Latency = 3> <II = 1> <Delay = 1.59> <IPBlock> <Opcode : 'add' 'sub' 'mul' 'select'> <InPorts = 0> <OutPorts = 1> <Sync> <CReg>
ST_16 : Operation 113 [1/1] (0.00ns)   --->   "%br_ln16 = br void %for.inc.1" [spmv.cpp:16]   --->   Operation 113 'br' 'br_ln16' <Predicate = true> <Delay = 0.00>


============================================================
+ Verbose Summary: Timing violations
============================================================
Target clock period: 10.000ns, clock uncertainty: 2.700ns.

 <State 1>: 1.146ns
The critical path consists of the following:
	'alloca' operation 8 bit ('row', spmv.cpp:9) [6]  (0.000 ns)
	'store' operation ('store_ln9', spmv.cpp:9) of constant 0 8 bit on local variable 'row', spmv.cpp:9 [18]  (1.146 ns)

 <State 2>: 0.000ns
The critical path consists of the following:

 <State 3>: 1.146ns
The critical path consists of the following:
	multiplexor before 'phi' operation 32 bit ('idx') with incoming values : ('idx', spmv.cpp:16) ('add_ln16', spmv.cpp:16) [37]  (1.146 ns)
	'br' operation ('br_ln16', spmv.cpp:16) [35]  (1.146 ns)

 <State 4>: 1.916ns
The critical path consists of the following:
	'phi' operation 32 bit ('idx') with incoming values : ('idx', spmv.cpp:16) ('add_ln16', spmv.cpp:16) [37]  (0.000 ns)
	'icmp' operation 1 bit ('icmp_ln16', spmv.cpp:16) [39]  (1.916 ns)
	'store' operation ('store_ln26', spmv.cpp:26) of variable 'sum', spmv.cpp:23 32 bit on array 'y' [61]  (0.000 ns)

 <State 5>: 0.000ns
The critical path consists of the following:

 <State 6>: 0.930ns
The critical path consists of the following:
	'mul' operation 18 bit of DSP[56] ('mul_ln23', spmv.cpp:23) [54]  (0.930 ns)

 <State 7>: 0.930ns
The critical path consists of the following:
	'mul' operation 18 bit of DSP[56] ('mul_ln23', spmv.cpp:23) [54]  (0.930 ns)

 <State 8>: 1.540ns
The critical path consists of the following:
	'mul' operation 18 bit of DSP[56] ('mul_ln23', spmv.cpp:23) [54]  (0.000 ns)
	'add' operation 32 bit of DSP[56] ('add_ln23', spmv.cpp:23) [56]  (1.540 ns)

 <State 9>: 1.540ns
The critical path consists of the following:
	'add' operation 32 bit of DSP[56] ('add_ln23', spmv.cpp:23) [56]  (1.540 ns)

 <State 10>: 1.146ns
The critical path consists of the following:
	multiplexor before 'phi' operation 32 bit ('idx') with incoming values : ('idx', spmv.cpp:16) ('add_ln16_2', spmv.cpp:16) [68]  (1.146 ns)
	'br' operation ('br_ln16', spmv.cpp:16) [66]  (1.146 ns)

 <State 11>: 3.062ns
The critical path consists of the following:
	'phi' operation 32 bit ('idx') with incoming values : ('idx', spmv.cpp:16) ('add_ln16_2', spmv.cpp:16) [68]  (0.000 ns)
	'icmp' operation 1 bit ('icmp_ln16_1', spmv.cpp:16) [70]  (1.916 ns)
	'store' operation ('store_ln26', spmv.cpp:26) of variable 'sum', spmv.cpp:23 32 bit on array 'y' [92]  (0.000 ns)
	blocking operation 1.146 ns on control path)

 <State 12>: 0.000ns
The critical path consists of the following:

 <State 13>: 0.930ns
The critical path consists of the following:
	'mul' operation 18 bit of DSP[87] ('mul_ln23_1', spmv.cpp:23) [85]  (0.930 ns)

 <State 14>: 0.930ns
The critical path consists of the following:
	'mul' operation 18 bit of DSP[87] ('mul_ln23_1', spmv.cpp:23) [85]  (0.930 ns)

 <State 15>: 1.540ns
The critical path consists of the following:
	'mul' operation 18 bit of DSP[87] ('mul_ln23_1', spmv.cpp:23) [85]  (0.000 ns)
	'add' operation 32 bit of DSP[87] ('add_ln23_1', spmv.cpp:23) [87]  (1.540 ns)

 <State 16>: 1.540ns
The critical path consists of the following:
	'add' operation 32 bit of DSP[87] ('add_ln23_1', spmv.cpp:23) [87]  (1.540 ns)


============================================================
+ Verbose Summary: Binding
============================================================
N/A
* FSMD analyzer results:
  - Output states:
 - Input state : 
  - Chain level:
	State 1
	State 2
	State 3
	State 4
	State 5
	State 6
	State 7
	State 8
	State 9
	State 10
	State 11
	State 12
	State 13
	State 14
	State 15
	State 16


============================================================
+ Verbose Summary: Datapath Resource usage 
============================================================
N/A
