#-----------------------------------------------------------
# Vivado v2025.2 (64-bit)
# SW Build 6299465 on Fri Nov 14 19:35:11 GMT 2025
# IP Build 6300035 on Fri Nov 14 10:48:45 MST 2025
# SharedData Build 6298862 on Thu Nov 13 04:50:51 MST 2025
# Start of session at: Mon Jun 15 20:27:57 2026
# Process ID         : 9224
# Current directory  : C:/Users/stefa/Workspace/01-UNICAL/HLS/HLS_projects/build/project02_SpMV/09_partial-sums-no_partitioning
# Command line       : vivado.exe -mode batch -notrace -source ..\..\..\scripts\vivado_power_report.tcl -tclargs project02_SpMV 09_partial-sums-no_partitioning spmv project02_SpMV_09_partial-sums-no_partitioning_tb project02_SpMV_00_baseline_clk 1000ns
# Log file           : C:/Users/stefa/Workspace/01-UNICAL/HLS/HLS_projects/build/project02_SpMV/09_partial-sums-no_partitioning/vivado.log
# Journal file       : C:/Users/stefa/Workspace/01-UNICAL/HLS/HLS_projects/build/project02_SpMV/09_partial-sums-no_partitioning\vivado.jou
# Running On         : Legion5-Stefano
# Platform           : Windows Server 2016 or Windows 10
# Operating System   : 26200
# Processor Detail   : AMD Ryzen 7 260 w/ Radeon 780M Graphics
# CPU Frequency      : 3793 MHz
# CPU Physical cores : 8
# CPU Logical cores  : 16
# Host memory        : 33617 MB
# Swap memory        : 6174 MB
# Total Virtual      : 39791 MB
# Available Virtual  : 10751 MB
#-----------------------------------------------------------
source {..\..\..\scripts\vivado_power_report.tcl} -notrace

========================================================
 TARGET: 09_partial-sums-no_partitioning  (spmv)
 PART  : xc7z020clg484-3
 BUILD : .
========================================================

========================================================
 STEP 1 -- Create project
========================================================
INFO: [ProjectBase 1-489] The host OS only allows 260 characters in a normal path. The project is stored in a path with more than 80 characters. If you experience issues with IP, Block Designs, or files not being found, please consider moving the project to a location with a shorter path. Alternately consider using the OS subst command to map part of the path to a drive letter.
Current project path is 'C:/Users/stefa/Workspace/01-UNICAL/HLS/HLS_projects/build/project02_SpMV/09_partial-sums-no_partitioning/vivado_prj'
[ OK  ] Project 'vivado_prj' created -- PART: xc7z020clg484-3

========================================================
 STEP 2 -- Import IP repository
========================================================
[ OK  ] IP repository directory: C:/Users/stefa/Workspace/01-UNICAL/HLS/HLS_projects/build/project02_SpMV/09_partial-sums-no_partitioning/ip_repo
INFO: [IP_Flow 19-234] Refreshing IP repositories
INFO: [IP_Flow 19-1700] Loaded user IP repository 'c:/Users/stefa/Workspace/01-UNICAL/HLS/HLS_projects/build/project02_SpMV/09_partial-sums-no_partitioning/ip_repo'.
INFO: [IP_Flow 19-2313] Loaded Vivado IP repository 'D:/Softwares/AMD-Design/2025.2/Vivado/data/ip'.
[ OK  ] IP catalog updated -- repo: ./ip_repo

========================================================
 STEP 3 -- Instantiate IP and generate targets
========================================================
[INFO ] Creating IP: xilinx.com:hls:spmv:1.0 -> spmv_0
INFO: [IP_Flow 19-1686] Generating 'Instantiation Template' target for IP 'spmv_0'...
CRITICAL WARNING: [filemgmt 20-730] Could not find a top module in the fileset sources_1.
Resolution: With the gui up, review the source files in the Sources window. Use Add Sources to add any needed sources. If the files are disabled, enable them. You can also select the file and choose Set Used In from the pop-up menu. Review if they are being used at the proper points of the flow.
INFO: [IP_Flow 19-1686] Generating 'Synthesis' target for IP 'spmv_0'...
INFO: [IP_Flow 19-1686] Generating 'Simulation' target for IP 'spmv_0'...
INFO: [IP_Flow 19-1686] Generating 'Miscellaneous' target for IP 'spmv_0'...
[ OK  ] XCI file: C:/Users/stefa/Workspace/01-UNICAL/HLS/HLS_projects/build/project02_SpMV/09_partial-sums-no_partitioning/vivado_prj/vivado_prj.srcs/sources_1/ip/spmv_0/spmv_0.xci
[ OK  ] IP 'spmv_0' instantiated and all targets generated

========================================================
 STEP 4 -- IP OOC synthesis  (spmv_0_synth_1)
========================================================
[INFO ] Launching spmv_0_synth_1 (8 jobs)...
[Mon Jun 15 20:28:05 2026] Launched spmv_0_synth_1...
Run output will be captured here: C:/Users/stefa/Workspace/01-UNICAL/HLS/HLS_projects/build/project02_SpMV/09_partial-sums-no_partitioning/vivado_prj/vivado_prj.runs/spmv_0_synth_1/runme.log
[Mon Jun 15 20:28:05 2026] Waiting for spmv_0_synth_1 to finish...

*** Running vivado
    with args -log spmv_0.vds -m64 -product Vivado -mode batch -messageDb vivado.pb -notrace -source spmv_0.tcl



****** Vivado v2025.2 (64-bit)
  **** SW Build 6299465 on Fri Nov 14 19:35:11 GMT 2025
  **** IP Build 6300035 on Fri Nov 14 10:48:45 MST 2025
  **** SharedData Build 6298862 on Thu Nov 13 04:50:51 MST 2025
  **** Start of session at: Mon Jun 15 20:28:07 2026
    ** Copyright 1986-2022 Xilinx, Inc. All Rights Reserved.
    ** Copyright 2022-2025 Advanced Micro Devices, Inc. All Rights Reserved.

source spmv_0.tcl -notrace
INFO: [IP_Flow 19-234] Refreshing IP repositories
INFO: [IP_Flow 19-1700] Loaded user IP repository 'c:/Users/stefa/Workspace/01-UNICAL/HLS/HLS_projects/build/project02_SpMV/09_partial-sums-no_partitioning/ip_repo'.
INFO: [IP_Flow 19-2313] Loaded Vivado IP repository 'D:/Softwares/AMD-Design/2025.2/Vivado/data/ip'.
WARNING: [IP_Flow 19-4995] The host OS only allows 260 characters in a normal path. The IP cache path is more than 80 characters. If you experience issues with IP caching, please consider changing the IP cache to a location with a shorter path. Alternately consider using the OS subst command to map part of the path to a drive letter. 
Current IP cache path is c:/Users/stefa/Workspace/01-UNICAL/HLS/HLS_projects/build/project02_SpMV/09_partial-sums-no_partitioning/vivado_prj/vivado_prj.cache/ip 
Command: synth_design -top spmv_0 -part xc7z020clg484-3 -incremental_mode off -mode out_of_context
Starting synth_design
Attempting to get a license for feature 'Synthesis' and/or device 'xc7z020'
INFO: [Common 17-349] Got license for feature 'Synthesis' and/or device 'xc7z020'
INFO: [Device 21-403] Loading part xc7z020clg484-3
INFO: [Synth 8-7079] Multithreading enabled for synth_design using a maximum of 2 processes.
INFO: [Synth 8-7078] Launching helper process for spawning children vivado processes
INFO: [Synth 8-7075] Helper process launched with PID 25200
---------------------------------------------------------------------------------
Starting RTL Elaboration : Time (s): cpu = 00:00:05 ; elapsed = 00:00:05 . Memory (MB): peak = 1316.078 ; gain = 541.039
---------------------------------------------------------------------------------
INFO: [Synth 8-638] synthesizing module 'spmv_0' [c:/Users/stefa/Workspace/01-UNICAL/HLS/HLS_projects/build/project02_SpMV/09_partial-sums-no_partitioning/vivado_prj/vivado_prj.gen/sources_1/ip/spmv_0/synth/spmv_0.vhd:95]
INFO: [Synth 8-3491] module 'spmv' declared at 'c:/Users/stefa/Workspace/01-UNICAL/HLS/HLS_projects/build/project02_SpMV/09_partial-sums-no_partitioning/vivado_prj/vivado_prj.gen/sources_1/ip/spmv_0/hdl/vhdl/spmv.vhd:11' bound to instance 'U0' of component 'spmv' [c:/Users/stefa/Workspace/01-UNICAL/HLS/HLS_projects/build/project02_SpMV/09_partial-sums-no_partitioning/vivado_prj/vivado_prj.gen/sources_1/ip/spmv_0/synth/spmv_0.vhd:219]
INFO: [Synth 8-638] synthesizing module 'spmv' [c:/Users/stefa/Workspace/01-UNICAL/HLS/HLS_projects/build/project02_SpMV/09_partial-sums-no_partitioning/vivado_prj/vivado_prj.gen/sources_1/ip/spmv_0/hdl/vhdl/spmv.vhd:50]
INFO: [Synth 8-3491] module 'spmv_spmv_Pipeline_L2_1' declared at 'c:/Users/stefa/Workspace/01-UNICAL/HLS/HLS_projects/build/project02_SpMV/09_partial-sums-no_partitioning/vivado_prj/vivado_prj.gen/sources_1/ip/spmv_0/hdl/vhdl/spmv_spmv_Pipeline_L2_1.vhd:11' bound to instance 'grp_spmv_Pipeline_L2_1_fu_106' of component 'spmv_spmv_Pipeline_L2_1' [c:/Users/stefa/Workspace/01-UNICAL/HLS/HLS_projects/build/project02_SpMV/09_partial-sums-no_partitioning/vivado_prj/vivado_prj.gen/sources_1/ip/spmv_0/hdl/vhdl/spmv.vhd:177]
INFO: [Synth 8-638] synthesizing module 'spmv_spmv_Pipeline_L2_1' [c:/Users/stefa/Workspace/01-UNICAL/HLS/HLS_projects/build/project02_SpMV/09_partial-sums-no_partitioning/vivado_prj/vivado_prj.gen/sources_1/ip/spmv_0/hdl/vhdl/spmv_spmv_Pipeline_L2_1.vhd:50]
	Parameter ID bound to: 1 - type: integer 
	Parameter NUM_STAGE bound to: 4 - type: integer 
	Parameter din0_WIDTH bound to: 10 - type: integer 
	Parameter din1_WIDTH bound to: 8 - type: integer 
	Parameter din2_WIDTH bound to: 32 - type: integer 
	Parameter dout_WIDTH bound to: 32 - type: integer 
INFO: [Synth 8-3491] module 'spmv_mac_muladd_10s_8s_32s_32_4_1' declared at 'c:/Users/stefa/Workspace/01-UNICAL/HLS/HLS_projects/build/project02_SpMV/09_partial-sums-no_partitioning/vivado_prj/vivado_prj.gen/sources_1/ip/spmv_0/hdl/vhdl/spmv_mac_muladd_10s_8s_32s_32_4_1.vhd:59' bound to instance 'mac_muladd_10s_8s_32s_32_4_1_U1' of component 'spmv_mac_muladd_10s_8s_32s_32_4_1' [c:/Users/stefa/Workspace/01-UNICAL/HLS/HLS_projects/build/project02_SpMV/09_partial-sums-no_partitioning/vivado_prj/vivado_prj.gen/sources_1/ip/spmv_0/hdl/vhdl/spmv_spmv_Pipeline_L2_1.vhd:206]
INFO: [Synth 8-638] synthesizing module 'spmv_mac_muladd_10s_8s_32s_32_4_1' [c:/Users/stefa/Workspace/01-UNICAL/HLS/HLS_projects/build/project02_SpMV/09_partial-sums-no_partitioning/vivado_prj/vivado_prj.gen/sources_1/ip/spmv_0/hdl/vhdl/spmv_mac_muladd_10s_8s_32s_32_4_1.vhd:77]
INFO: [Synth 8-3491] module 'spmv_mac_muladd_10s_8s_32s_32_4_1_DSP48_0' declared at 'c:/Users/stefa/Workspace/01-UNICAL/HLS/HLS_projects/build/project02_SpMV/09_partial-sums-no_partitioning/vivado_prj/vivado_prj.gen/sources_1/ip/spmv_0/hdl/vhdl/spmv_mac_muladd_10s_8s_32s_32_4_1.vhd:10' bound to instance 'spmv_mac_muladd_10s_8s_32s_32_4_1_DSP48_0_U' of component 'spmv_mac_muladd_10s_8s_32s_32_4_1_DSP48_0' [c:/Users/stefa/Workspace/01-UNICAL/HLS/HLS_projects/build/project02_SpMV/09_partial-sums-no_partitioning/vivado_prj/vivado_prj.gen/sources_1/ip/spmv_0/hdl/vhdl/spmv_mac_muladd_10s_8s_32s_32_4_1.vhd:92]
INFO: [Synth 8-638] synthesizing module 'spmv_mac_muladd_10s_8s_32s_32_4_1_DSP48_0' [c:/Users/stefa/Workspace/01-UNICAL/HLS/HLS_projects/build/project02_SpMV/09_partial-sums-no_partitioning/vivado_prj/vivado_prj.gen/sources_1/ip/spmv_0/hdl/vhdl/spmv_mac_muladd_10s_8s_32s_32_4_1.vhd:22]
INFO: [Synth 8-256] done synthesizing module 'spmv_mac_muladd_10s_8s_32s_32_4_1_DSP48_0' (0#1) [c:/Users/stefa/Workspace/01-UNICAL/HLS/HLS_projects/build/project02_SpMV/09_partial-sums-no_partitioning/vivado_prj/vivado_prj.gen/sources_1/ip/spmv_0/hdl/vhdl/spmv_mac_muladd_10s_8s_32s_32_4_1.vhd:22]
INFO: [Synth 8-256] done synthesizing module 'spmv_mac_muladd_10s_8s_32s_32_4_1' (0#1) [c:/Users/stefa/Workspace/01-UNICAL/HLS/HLS_projects/build/project02_SpMV/09_partial-sums-no_partitioning/vivado_prj/vivado_prj.gen/sources_1/ip/spmv_0/hdl/vhdl/spmv_mac_muladd_10s_8s_32s_32_4_1.vhd:77]
	Parameter ID bound to: 1 - type: integer 
	Parameter NUM_STAGE bound to: 4 - type: integer 
	Parameter din0_WIDTH bound to: 10 - type: integer 
	Parameter din1_WIDTH bound to: 8 - type: integer 
	Parameter din2_WIDTH bound to: 32 - type: integer 
	Parameter dout_WIDTH bound to: 32 - type: integer 
INFO: [Synth 8-3491] module 'spmv_mac_muladd_10s_8s_32s_32_4_1' declared at 'c:/Users/stefa/Workspace/01-UNICAL/HLS/HLS_projects/build/project02_SpMV/09_partial-sums-no_partitioning/vivado_prj/vivado_prj.gen/sources_1/ip/spmv_0/hdl/vhdl/spmv_mac_muladd_10s_8s_32s_32_4_1.vhd:59' bound to instance 'mac_muladd_10s_8s_32s_32_4_1_U2' of component 'spmv_mac_muladd_10s_8s_32s_32_4_1' [c:/Users/stefa/Workspace/01-UNICAL/HLS/HLS_projects/build/project02_SpMV/09_partial-sums-no_partitioning/vivado_prj/vivado_prj.gen/sources_1/ip/spmv_0/hdl/vhdl/spmv_spmv_Pipeline_L2_1.vhd:223]
	Parameter ID bound to: 1 - type: integer 
	Parameter NUM_STAGE bound to: 4 - type: integer 
	Parameter din0_WIDTH bound to: 10 - type: integer 
	Parameter din1_WIDTH bound to: 8 - type: integer 
	Parameter din2_WIDTH bound to: 32 - type: integer 
	Parameter dout_WIDTH bound to: 32 - type: integer 
INFO: [Synth 8-3491] module 'spmv_mac_muladd_10s_8s_32s_32_4_1' declared at 'c:/Users/stefa/Workspace/01-UNICAL/HLS/HLS_projects/build/project02_SpMV/09_partial-sums-no_partitioning/vivado_prj/vivado_prj.gen/sources_1/ip/spmv_0/hdl/vhdl/spmv_mac_muladd_10s_8s_32s_32_4_1.vhd:59' bound to instance 'mac_muladd_10s_8s_32s_32_4_1_U3' of component 'spmv_mac_muladd_10s_8s_32s_32_4_1' [c:/Users/stefa/Workspace/01-UNICAL/HLS/HLS_projects/build/project02_SpMV/09_partial-sums-no_partitioning/vivado_prj/vivado_prj.gen/sources_1/ip/spmv_0/hdl/vhdl/spmv_spmv_Pipeline_L2_1.vhd:240]
	Parameter ID bound to: 1 - type: integer 
	Parameter NUM_STAGE bound to: 4 - type: integer 
	Parameter din0_WIDTH bound to: 10 - type: integer 
	Parameter din1_WIDTH bound to: 8 - type: integer 
	Parameter din2_WIDTH bound to: 32 - type: integer 
	Parameter dout_WIDTH bound to: 32 - type: integer 
INFO: [Synth 8-3491] module 'spmv_mac_muladd_10s_8s_32s_32_4_1' declared at 'c:/Users/stefa/Workspace/01-UNICAL/HLS/HLS_projects/build/project02_SpMV/09_partial-sums-no_partitioning/vivado_prj/vivado_prj.gen/sources_1/ip/spmv_0/hdl/vhdl/spmv_mac_muladd_10s_8s_32s_32_4_1.vhd:59' bound to instance 'mac_muladd_10s_8s_32s_32_4_1_U4' of component 'spmv_mac_muladd_10s_8s_32s_32_4_1' [c:/Users/stefa/Workspace/01-UNICAL/HLS/HLS_projects/build/project02_SpMV/09_partial-sums-no_partitioning/vivado_prj/vivado_prj.gen/sources_1/ip/spmv_0/hdl/vhdl/spmv_spmv_Pipeline_L2_1.vhd:257]
INFO: [Synth 8-3491] module 'spmv_flow_control_loop_pipe_sequential_init' declared at 'c:/Users/stefa/Workspace/01-UNICAL/HLS/HLS_projects/build/project02_SpMV/09_partial-sums-no_partitioning/vivado_prj/vivado_prj.gen/sources_1/ip/spmv_0/hdl/vhdl/spmv_flow_control_loop_pipe_sequential_init.vhd:13' bound to instance 'flow_control_loop_pipe_sequential_init_U' of component 'spmv_flow_control_loop_pipe_sequential_init' [c:/Users/stefa/Workspace/01-UNICAL/HLS/HLS_projects/build/project02_SpMV/09_partial-sums-no_partitioning/vivado_prj/vivado_prj.gen/sources_1/ip/spmv_0/hdl/vhdl/spmv_spmv_Pipeline_L2_1.vhd:274]
INFO: [Synth 8-638] synthesizing module 'spmv_flow_control_loop_pipe_sequential_init' [c:/Users/stefa/Workspace/01-UNICAL/HLS/HLS_projects/build/project02_SpMV/09_partial-sums-no_partitioning/vivado_prj/vivado_prj.gen/sources_1/ip/spmv_0/hdl/vhdl/spmv_flow_control_loop_pipe_sequential_init.vhd:39]
INFO: [Synth 8-256] done synthesizing module 'spmv_flow_control_loop_pipe_sequential_init' (0#1) [c:/Users/stefa/Workspace/01-UNICAL/HLS/HLS_projects/build/project02_SpMV/09_partial-sums-no_partitioning/vivado_prj/vivado_prj.gen/sources_1/ip/spmv_0/hdl/vhdl/spmv_flow_control_loop_pipe_sequential_init.vhd:39]
INFO: [Synth 8-256] done synthesizing module 'spmv_spmv_Pipeline_L2_1' (0#1) [c:/Users/stefa/Workspace/01-UNICAL/HLS/HLS_projects/build/project02_SpMV/09_partial-sums-no_partitioning/vivado_prj/vivado_prj.gen/sources_1/ip/spmv_0/hdl/vhdl/spmv_spmv_Pipeline_L2_1.vhd:50]
INFO: [Synth 8-256] done synthesizing module 'spmv' (0#1) [c:/Users/stefa/Workspace/01-UNICAL/HLS/HLS_projects/build/project02_SpMV/09_partial-sums-no_partitioning/vivado_prj/vivado_prj.gen/sources_1/ip/spmv_0/hdl/vhdl/spmv.vhd:50]
INFO: [Synth 8-256] done synthesizing module 'spmv_0' (0#1) [c:/Users/stefa/Workspace/01-UNICAL/HLS/HLS_projects/build/project02_SpMV/09_partial-sums-no_partitioning/vivado_prj/vivado_prj.gen/sources_1/ip/spmv_0/synth/spmv_0.vhd:95]
INFO: [Synth 8-4490] FSM extraction disabled for register 'ap_CS_fsm_reg' through user attribute
INFO: [Synth 8-4490] FSM extraction disabled for register 'ap_CS_fsm_reg' through user attribute
INFO: [Synth 8-7129] Port ap_done_int in module spmv_flow_control_loop_pipe_sequential_init is either unconnected or has no load
INFO: [Synth 8-7129] Port rst in module spmv_mac_muladd_10s_8s_32s_32_4_1_DSP48_0 is either unconnected or has no load
INFO: [Synth 8-7129] Port col_idx_q0[31] in module spmv_spmv_Pipeline_L2_1 is either unconnected or has no load
INFO: [Synth 8-7129] Port col_idx_q0[30] in module spmv_spmv_Pipeline_L2_1 is either unconnected or has no load
INFO: [Synth 8-7129] Port col_idx_q0[29] in module spmv_spmv_Pipeline_L2_1 is either unconnected or has no load
INFO: [Synth 8-7129] Port col_idx_q0[28] in module spmv_spmv_Pipeline_L2_1 is either unconnected or has no load
INFO: [Synth 8-7129] Port col_idx_q0[27] in module spmv_spmv_Pipeline_L2_1 is either unconnected or has no load
INFO: [Synth 8-7129] Port col_idx_q0[26] in module spmv_spmv_Pipeline_L2_1 is either unconnected or has no load
INFO: [Synth 8-7129] Port col_idx_q0[25] in module spmv_spmv_Pipeline_L2_1 is either unconnected or has no load
INFO: [Synth 8-7129] Port col_idx_q0[24] in module spmv_spmv_Pipeline_L2_1 is either unconnected or has no load
INFO: [Synth 8-7129] Port col_idx_q0[23] in module spmv_spmv_Pipeline_L2_1 is either unconnected or has no load
INFO: [Synth 8-7129] Port col_idx_q0[22] in module spmv_spmv_Pipeline_L2_1 is either unconnected or has no load
INFO: [Synth 8-7129] Port col_idx_q0[21] in module spmv_spmv_Pipeline_L2_1 is either unconnected or has no load
INFO: [Synth 8-7129] Port col_idx_q0[20] in module spmv_spmv_Pipeline_L2_1 is either unconnected or has no load
INFO: [Synth 8-7129] Port col_idx_q0[19] in module spmv_spmv_Pipeline_L2_1 is either unconnected or has no load
INFO: [Synth 8-7129] Port col_idx_q0[18] in module spmv_spmv_Pipeline_L2_1 is either unconnected or has no load
INFO: [Synth 8-7129] Port col_idx_q0[17] in module spmv_spmv_Pipeline_L2_1 is either unconnected or has no load
INFO: [Synth 8-7129] Port col_idx_q0[16] in module spmv_spmv_Pipeline_L2_1 is either unconnected or has no load
INFO: [Synth 8-7129] Port col_idx_q0[15] in module spmv_spmv_Pipeline_L2_1 is either unconnected or has no load
INFO: [Synth 8-7129] Port col_idx_q0[14] in module spmv_spmv_Pipeline_L2_1 is either unconnected or has no load
INFO: [Synth 8-7129] Port col_idx_q0[13] in module spmv_spmv_Pipeline_L2_1 is either unconnected or has no load
INFO: [Synth 8-7129] Port col_idx_q0[12] in module spmv_spmv_Pipeline_L2_1 is either unconnected or has no load
INFO: [Synth 8-7129] Port col_idx_q0[11] in module spmv_spmv_Pipeline_L2_1 is either unconnected or has no load
INFO: [Synth 8-7129] Port col_idx_q0[10] in module spmv_spmv_Pipeline_L2_1 is either unconnected or has no load
INFO: [Synth 8-7129] Port col_idx_q0[9] in module spmv_spmv_Pipeline_L2_1 is either unconnected or has no load
INFO: [Synth 8-7129] Port col_idx_q0[8] in module spmv_spmv_Pipeline_L2_1 is either unconnected or has no load
INFO: [Synth 8-7129] Port col_idx_q0[7] in module spmv_spmv_Pipeline_L2_1 is either unconnected or has no load
INFO: [Synth 8-7129] Port col_idx_q1[31] in module spmv_spmv_Pipeline_L2_1 is either unconnected or has no load
INFO: [Synth 8-7129] Port col_idx_q1[30] in module spmv_spmv_Pipeline_L2_1 is either unconnected or has no load
INFO: [Synth 8-7129] Port col_idx_q1[29] in module spmv_spmv_Pipeline_L2_1 is either unconnected or has no load
INFO: [Synth 8-7129] Port col_idx_q1[28] in module spmv_spmv_Pipeline_L2_1 is either unconnected or has no load
INFO: [Synth 8-7129] Port col_idx_q1[27] in module spmv_spmv_Pipeline_L2_1 is either unconnected or has no load
INFO: [Synth 8-7129] Port col_idx_q1[26] in module spmv_spmv_Pipeline_L2_1 is either unconnected or has no load
INFO: [Synth 8-7129] Port col_idx_q1[25] in module spmv_spmv_Pipeline_L2_1 is either unconnected or has no load
INFO: [Synth 8-7129] Port col_idx_q1[24] in module spmv_spmv_Pipeline_L2_1 is either unconnected or has no load
INFO: [Synth 8-7129] Port col_idx_q1[23] in module spmv_spmv_Pipeline_L2_1 is either unconnected or has no load
INFO: [Synth 8-7129] Port col_idx_q1[22] in module spmv_spmv_Pipeline_L2_1 is either unconnected or has no load
INFO: [Synth 8-7129] Port col_idx_q1[21] in module spmv_spmv_Pipeline_L2_1 is either unconnected or has no load
INFO: [Synth 8-7129] Port col_idx_q1[20] in module spmv_spmv_Pipeline_L2_1 is either unconnected or has no load
INFO: [Synth 8-7129] Port col_idx_q1[19] in module spmv_spmv_Pipeline_L2_1 is either unconnected or has no load
INFO: [Synth 8-7129] Port col_idx_q1[18] in module spmv_spmv_Pipeline_L2_1 is either unconnected or has no load
INFO: [Synth 8-7129] Port col_idx_q1[17] in module spmv_spmv_Pipeline_L2_1 is either unconnected or has no load
INFO: [Synth 8-7129] Port col_idx_q1[16] in module spmv_spmv_Pipeline_L2_1 is either unconnected or has no load
INFO: [Synth 8-7129] Port col_idx_q1[15] in module spmv_spmv_Pipeline_L2_1 is either unconnected or has no load
INFO: [Synth 8-7129] Port col_idx_q1[14] in module spmv_spmv_Pipeline_L2_1 is either unconnected or has no load
INFO: [Synth 8-7129] Port col_idx_q1[13] in module spmv_spmv_Pipeline_L2_1 is either unconnected or has no load
INFO: [Synth 8-7129] Port col_idx_q1[12] in module spmv_spmv_Pipeline_L2_1 is either unconnected or has no load
INFO: [Synth 8-7129] Port col_idx_q1[11] in module spmv_spmv_Pipeline_L2_1 is either unconnected or has no load
INFO: [Synth 8-7129] Port col_idx_q1[10] in module spmv_spmv_Pipeline_L2_1 is either unconnected or has no load
INFO: [Synth 8-7129] Port col_idx_q1[9] in module spmv_spmv_Pipeline_L2_1 is either unconnected or has no load
INFO: [Synth 8-7129] Port col_idx_q1[8] in module spmv_spmv_Pipeline_L2_1 is either unconnected or has no load
INFO: [Synth 8-7129] Port col_idx_q1[7] in module spmv_spmv_Pipeline_L2_1 is either unconnected or has no load
---------------------------------------------------------------------------------
Finished RTL Elaboration : Time (s): cpu = 00:00:06 ; elapsed = 00:00:07 . Memory (MB): peak = 1436.867 ; gain = 661.828
---------------------------------------------------------------------------------
---------------------------------------------------------------------------------
Start Handling Custom Attributes
---------------------------------------------------------------------------------
---------------------------------------------------------------------------------
Finished Handling Custom Attributes : Time (s): cpu = 00:00:06 ; elapsed = 00:00:07 . Memory (MB): peak = 1436.867 ; gain = 661.828
---------------------------------------------------------------------------------
---------------------------------------------------------------------------------
Finished RTL Optimization Phase 1 : Time (s): cpu = 00:00:06 ; elapsed = 00:00:07 . Memory (MB): peak = 1436.867 ; gain = 661.828
---------------------------------------------------------------------------------
Netlist sorting complete. Time (s): cpu = 00:00:00 ; elapsed = 00:00:00.019 . Memory (MB): peak = 1436.867 ; gain = 0.000
INFO: [Project 1-570] Preparing netlist for logic optimization

Processing XDC Constraints
Initializing timing engine
Parsing XDC File [c:/Users/stefa/Workspace/01-UNICAL/HLS/HLS_projects/build/project02_SpMV/09_partial-sums-no_partitioning/vivado_prj/vivado_prj.gen/sources_1/ip/spmv_0/constraints/spmv_ooc.xdc] for cell 'U0'
Finished Parsing XDC File [c:/Users/stefa/Workspace/01-UNICAL/HLS/HLS_projects/build/project02_SpMV/09_partial-sums-no_partitioning/vivado_prj/vivado_prj.gen/sources_1/ip/spmv_0/constraints/spmv_ooc.xdc] for cell 'U0'
Parsing XDC File [C:/Users/stefa/Workspace/01-UNICAL/HLS/HLS_projects/build/project02_SpMV/09_partial-sums-no_partitioning/vivado_prj/vivado_prj.runs/spmv_0_synth_1/dont_touch.xdc]
Finished Parsing XDC File [C:/Users/stefa/Workspace/01-UNICAL/HLS/HLS_projects/build/project02_SpMV/09_partial-sums-no_partitioning/vivado_prj/vivado_prj.runs/spmv_0_synth_1/dont_touch.xdc]
Completed Processing XDC Constraints

Netlist sorting complete. Time (s): cpu = 00:00:00 ; elapsed = 00:00:00.001 . Memory (MB): peak = 1509.832 ; gain = 0.000
INFO: [Project 1-111] Unisim Transformation Summary:
No Unisim elements were transformed.

Constraint Validation Runtime : Time (s): cpu = 00:00:00 ; elapsed = 00:00:00.030 . Memory (MB): peak = 1509.832 ; gain = 0.000
INFO: [Designutils 20-5008] Incremental synthesis strategy off
---------------------------------------------------------------------------------
Finished Constraint Validation : Time (s): cpu = 00:00:13 ; elapsed = 00:00:14 . Memory (MB): peak = 1509.832 ; gain = 734.793
---------------------------------------------------------------------------------
---------------------------------------------------------------------------------
Start Loading Part and Timing Information
---------------------------------------------------------------------------------
Loading part: xc7z020clg484-3
---------------------------------------------------------------------------------
Finished Loading Part and Timing Information : Time (s): cpu = 00:00:14 ; elapsed = 00:00:14 . Memory (MB): peak = 1509.832 ; gain = 734.793
---------------------------------------------------------------------------------
---------------------------------------------------------------------------------
Start Applying 'set_property' XDC Constraints
---------------------------------------------------------------------------------
---------------------------------------------------------------------------------
Finished applying 'set_property' XDC Constraints : Time (s): cpu = 00:00:14 ; elapsed = 00:00:14 . Memory (MB): peak = 1509.832 ; gain = 734.793
---------------------------------------------------------------------------------
INFO: [Synth 8-3936] Found unconnected internal register 'p_reg_reg' and it is trimmed from '48' to '32' bits. [c:/Users/stefa/Workspace/01-UNICAL/HLS/HLS_projects/build/project02_SpMV/09_partial-sums-no_partitioning/vivado_prj/vivado_prj.gen/sources_1/ip/spmv_0/hdl/vhdl/spmv_mac_muladd_10s_8s_32s_32_4_1.vhd:47]
INFO: [Synth 8-3936] Found unconnected internal register 'm_reg_reg' and it is trimmed from '43' to '32' bits. [c:/Users/stefa/Workspace/01-UNICAL/HLS/HLS_projects/build/project02_SpMV/09_partial-sums-no_partitioning/vivado_prj/vivado_prj.gen/sources_1/ip/spmv_0/hdl/vhdl/spmv_mac_muladd_10s_8s_32s_32_4_1.vhd:40]
INFO: [Synth 8-4490] FSM extraction disabled for register 'ap_CS_fsm_reg' through user attribute
INFO: [Synth 8-4490] FSM extraction disabled for register 'ap_CS_fsm_reg' through user attribute
INFO: [Synth 8-4490] FSM extraction disabled for register 'ap_CS_fsm_reg' through user attribute
INFO: [Synth 8-4490] FSM extraction disabled for register 'ap_CS_fsm_reg' through user attribute
INFO: [Synth 8-4490] FSM extraction disabled for register 'ap_CS_fsm_reg' through user attribute
---------------------------------------------------------------------------------
Finished RTL Optimization Phase 2 : Time (s): cpu = 00:00:14 ; elapsed = 00:00:15 . Memory (MB): peak = 1509.832 ; gain = 734.793
---------------------------------------------------------------------------------
---------------------------------------------------------------------------------
Start RTL Component Statistics 
---------------------------------------------------------------------------------
Detailed RTL Component Info : 
+---Adders : 
	   2 Input   33 Bit       Adders := 2     
	   2 Input   32 Bit       Adders := 1     
	   4 Input   32 Bit       Adders := 1     
	   2 Input    8 Bit       Adders := 2     
+---Registers : 
	               33 Bit    Registers := 2     
	               32 Bit    Registers := 9     
	               18 Bit    Registers := 4     
	                8 Bit    Registers := 4     
	                5 Bit    Registers := 1     
	                2 Bit    Registers := 1     
	                1 Bit    Registers := 21    
+---Muxes : 
	   2 Input   32 Bit        Muxes := 3     
	   2 Input    9 Bit        Muxes := 2     
	   2 Input    5 Bit        Muxes := 1     
	   2 Input    3 Bit        Muxes := 1     
	   4 Input    2 Bit        Muxes := 1     
	   2 Input    2 Bit        Muxes := 1     
	   2 Input    1 Bit        Muxes := 8     
---------------------------------------------------------------------------------
Finished RTL Component Statistics 
---------------------------------------------------------------------------------
---------------------------------------------------------------------------------
Start Part Resource Summary
---------------------------------------------------------------------------------
Part Resources:
DSPs: 220 (col length:60)
BRAMs: 280 (col length: RAMB18 60 RAMB36 30)
---------------------------------------------------------------------------------
Finished Part Resource Summary
---------------------------------------------------------------------------------
---------------------------------------------------------------------------------
Start Cross Boundary and Area Optimization
---------------------------------------------------------------------------------
DSP Report: Generating DSP grp_spmv_Pipeline_L2_1_fu_106/mac_muladd_10s_8s_32s_32_4_1_U1/spmv_mac_muladd_10s_8s_32s_32_4_1_DSP48_0_U/p_reg_reg, operation Mode is: (C+(A2*B'')')'.
DSP Report: register grp_spmv_Pipeline_L2_1_fu_106/reg_237_reg is absorbed into DSP grp_spmv_Pipeline_L2_1_fu_106/mac_muladd_10s_8s_32s_32_4_1_U1/spmv_mac_muladd_10s_8s_32s_32_4_1_DSP48_0_U/p_reg_reg.
DSP Report: register grp_spmv_Pipeline_L2_1_fu_106/mac_muladd_10s_8s_32s_32_4_1_U1/spmv_mac_muladd_10s_8s_32s_32_4_1_DSP48_0_U/b_reg_reg is absorbed into DSP grp_spmv_Pipeline_L2_1_fu_106/mac_muladd_10s_8s_32s_32_4_1_U1/spmv_mac_muladd_10s_8s_32s_32_4_1_DSP48_0_U/p_reg_reg.
DSP Report: register grp_spmv_Pipeline_L2_1_fu_106/mac_muladd_10s_8s_32s_32_4_1_U1/spmv_mac_muladd_10s_8s_32s_32_4_1_DSP48_0_U/a_reg_reg is absorbed into DSP grp_spmv_Pipeline_L2_1_fu_106/mac_muladd_10s_8s_32s_32_4_1_U1/spmv_mac_muladd_10s_8s_32s_32_4_1_DSP48_0_U/p_reg_reg.
DSP Report: register grp_spmv_Pipeline_L2_1_fu_106/mac_muladd_10s_8s_32s_32_4_1_U1/spmv_mac_muladd_10s_8s_32s_32_4_1_DSP48_0_U/p_reg_reg is absorbed into DSP grp_spmv_Pipeline_L2_1_fu_106/mac_muladd_10s_8s_32s_32_4_1_U1/spmv_mac_muladd_10s_8s_32s_32_4_1_DSP48_0_U/p_reg_reg.
DSP Report: register grp_spmv_Pipeline_L2_1_fu_106/mac_muladd_10s_8s_32s_32_4_1_U1/spmv_mac_muladd_10s_8s_32s_32_4_1_DSP48_0_U/m_reg_reg is absorbed into DSP grp_spmv_Pipeline_L2_1_fu_106/mac_muladd_10s_8s_32s_32_4_1_U1/spmv_mac_muladd_10s_8s_32s_32_4_1_DSP48_0_U/p_reg_reg.
DSP Report: operator grp_spmv_Pipeline_L2_1_fu_106/mac_muladd_10s_8s_32s_32_4_1_U1/spmv_mac_muladd_10s_8s_32s_32_4_1_DSP48_0_U/p is absorbed into DSP grp_spmv_Pipeline_L2_1_fu_106/mac_muladd_10s_8s_32s_32_4_1_U1/spmv_mac_muladd_10s_8s_32s_32_4_1_DSP48_0_U/p_reg_reg.
DSP Report: operator grp_spmv_Pipeline_L2_1_fu_106/mac_muladd_10s_8s_32s_32_4_1_U1/spmv_mac_muladd_10s_8s_32s_32_4_1_DSP48_0_U/m is absorbed into DSP grp_spmv_Pipeline_L2_1_fu_106/mac_muladd_10s_8s_32s_32_4_1_U1/spmv_mac_muladd_10s_8s_32s_32_4_1_DSP48_0_U/p_reg_reg.
DSP Report: Generating DSP grp_spmv_Pipeline_L2_1_fu_106/mac_muladd_10s_8s_32s_32_4_1_U4/spmv_mac_muladd_10s_8s_32s_32_4_1_DSP48_0_U/p_reg_reg, operation Mode is: (C+(A2*B'')')'.
DSP Report: register grp_spmv_Pipeline_L2_1_fu_106/reg_241_reg is absorbed into DSP grp_spmv_Pipeline_L2_1_fu_106/mac_muladd_10s_8s_32s_32_4_1_U4/spmv_mac_muladd_10s_8s_32s_32_4_1_DSP48_0_U/p_reg_reg.
DSP Report: register grp_spmv_Pipeline_L2_1_fu_106/mac_muladd_10s_8s_32s_32_4_1_U2/spmv_mac_muladd_10s_8s_32s_32_4_1_DSP48_0_U/b_reg_reg is absorbed into DSP grp_spmv_Pipeline_L2_1_fu_106/mac_muladd_10s_8s_32s_32_4_1_U4/spmv_mac_muladd_10s_8s_32s_32_4_1_DSP48_0_U/p_reg_reg.
DSP Report: register grp_spmv_Pipeline_L2_1_fu_106/mac_muladd_10s_8s_32s_32_4_1_U2/spmv_mac_muladd_10s_8s_32s_32_4_1_DSP48_0_U/a_reg_reg is absorbed into DSP grp_spmv_Pipeline_L2_1_fu_106/mac_muladd_10s_8s_32s_32_4_1_U4/spmv_mac_muladd_10s_8s_32s_32_4_1_DSP48_0_U/p_reg_reg.
DSP Report: register grp_spmv_Pipeline_L2_1_fu_106/mac_muladd_10s_8s_32s_32_4_1_U4/spmv_mac_muladd_10s_8s_32s_32_4_1_DSP48_0_U/p_reg_reg is absorbed into DSP grp_spmv_Pipeline_L2_1_fu_106/mac_muladd_10s_8s_32s_32_4_1_U4/spmv_mac_muladd_10s_8s_32s_32_4_1_DSP48_0_U/p_reg_reg.
DSP Report: register grp_spmv_Pipeline_L2_1_fu_106/mac_muladd_10s_8s_32s_32_4_1_U2/spmv_mac_muladd_10s_8s_32s_32_4_1_DSP48_0_U/m_reg_reg is absorbed into DSP grp_spmv_Pipeline_L2_1_fu_106/mac_muladd_10s_8s_32s_32_4_1_U4/spmv_mac_muladd_10s_8s_32s_32_4_1_DSP48_0_U/p_reg_reg.
DSP Report: operator grp_spmv_Pipeline_L2_1_fu_106/mac_muladd_10s_8s_32s_32_4_1_U4/spmv_mac_muladd_10s_8s_32s_32_4_1_DSP48_0_U/p is absorbed into DSP grp_spmv_Pipeline_L2_1_fu_106/mac_muladd_10s_8s_32s_32_4_1_U4/spmv_mac_muladd_10s_8s_32s_32_4_1_DSP48_0_U/p_reg_reg.
DSP Report: operator grp_spmv_Pipeline_L2_1_fu_106/mac_muladd_10s_8s_32s_32_4_1_U2/spmv_mac_muladd_10s_8s_32s_32_4_1_DSP48_0_U/m is absorbed into DSP grp_spmv_Pipeline_L2_1_fu_106/mac_muladd_10s_8s_32s_32_4_1_U4/spmv_mac_muladd_10s_8s_32s_32_4_1_DSP48_0_U/p_reg_reg.
DSP Report: Generating DSP grp_spmv_Pipeline_L2_1_fu_106/mac_muladd_10s_8s_32s_32_4_1_U2/spmv_mac_muladd_10s_8s_32s_32_4_1_DSP48_0_U/p_reg_reg, operation Mode is: (C+(A2*B'')')'.
DSP Report: register grp_spmv_Pipeline_L2_1_fu_106/reg_241_reg is absorbed into DSP grp_spmv_Pipeline_L2_1_fu_106/mac_muladd_10s_8s_32s_32_4_1_U2/spmv_mac_muladd_10s_8s_32s_32_4_1_DSP48_0_U/p_reg_reg.
DSP Report: register grp_spmv_Pipeline_L2_1_fu_106/mac_muladd_10s_8s_32s_32_4_1_U2/spmv_mac_muladd_10s_8s_32s_32_4_1_DSP48_0_U/a_reg_reg is absorbed into DSP grp_spmv_Pipeline_L2_1_fu_106/mac_muladd_10s_8s_32s_32_4_1_U2/spmv_mac_muladd_10s_8s_32s_32_4_1_DSP48_0_U/p_reg_reg.
DSP Report: register grp_spmv_Pipeline_L2_1_fu_106/mac_muladd_10s_8s_32s_32_4_1_U2/spmv_mac_muladd_10s_8s_32s_32_4_1_DSP48_0_U/b_reg_reg is absorbed into DSP grp_spmv_Pipeline_L2_1_fu_106/mac_muladd_10s_8s_32s_32_4_1_U2/spmv_mac_muladd_10s_8s_32s_32_4_1_DSP48_0_U/p_reg_reg.
DSP Report: register grp_spmv_Pipeline_L2_1_fu_106/mac_muladd_10s_8s_32s_32_4_1_U2/spmv_mac_muladd_10s_8s_32s_32_4_1_DSP48_0_U/p_reg_reg is absorbed into DSP grp_spmv_Pipeline_L2_1_fu_106/mac_muladd_10s_8s_32s_32_4_1_U2/spmv_mac_muladd_10s_8s_32s_32_4_1_DSP48_0_U/p_reg_reg.
DSP Report: register grp_spmv_Pipeline_L2_1_fu_106/mac_muladd_10s_8s_32s_32_4_1_U2/spmv_mac_muladd_10s_8s_32s_32_4_1_DSP48_0_U/m_reg_reg is absorbed into DSP grp_spmv_Pipeline_L2_1_fu_106/mac_muladd_10s_8s_32s_32_4_1_U2/spmv_mac_muladd_10s_8s_32s_32_4_1_DSP48_0_U/p_reg_reg.
DSP Report: operator grp_spmv_Pipeline_L2_1_fu_106/mac_muladd_10s_8s_32s_32_4_1_U2/spmv_mac_muladd_10s_8s_32s_32_4_1_DSP48_0_U/p is absorbed into DSP grp_spmv_Pipeline_L2_1_fu_106/mac_muladd_10s_8s_32s_32_4_1_U2/spmv_mac_muladd_10s_8s_32s_32_4_1_DSP48_0_U/p_reg_reg.
DSP Report: operator grp_spmv_Pipeline_L2_1_fu_106/mac_muladd_10s_8s_32s_32_4_1_U2/spmv_mac_muladd_10s_8s_32s_32_4_1_DSP48_0_U/m is absorbed into DSP grp_spmv_Pipeline_L2_1_fu_106/mac_muladd_10s_8s_32s_32_4_1_U2/spmv_mac_muladd_10s_8s_32s_32_4_1_DSP48_0_U/p_reg_reg.
DSP Report: Generating DSP grp_spmv_Pipeline_L2_1_fu_106/mac_muladd_10s_8s_32s_32_4_1_U3/spmv_mac_muladd_10s_8s_32s_32_4_1_DSP48_0_U/p_reg_reg, operation Mode is: (C+(A2*B'')')'.
DSP Report: register grp_spmv_Pipeline_L2_1_fu_106/reg_237_reg is absorbed into DSP grp_spmv_Pipeline_L2_1_fu_106/mac_muladd_10s_8s_32s_32_4_1_U3/spmv_mac_muladd_10s_8s_32s_32_4_1_DSP48_0_U/p_reg_reg.
DSP Report: register grp_spmv_Pipeline_L2_1_fu_106/mac_muladd_10s_8s_32s_32_4_1_U1/spmv_mac_muladd_10s_8s_32s_32_4_1_DSP48_0_U/a_reg_reg is absorbed into DSP grp_spmv_Pipeline_L2_1_fu_106/mac_muladd_10s_8s_32s_32_4_1_U3/spmv_mac_muladd_10s_8s_32s_32_4_1_DSP48_0_U/p_reg_reg.
DSP Report: register grp_spmv_Pipeline_L2_1_fu_106/mac_muladd_10s_8s_32s_32_4_1_U1/spmv_mac_muladd_10s_8s_32s_32_4_1_DSP48_0_U/b_reg_reg is absorbed into DSP grp_spmv_Pipeline_L2_1_fu_106/mac_muladd_10s_8s_32s_32_4_1_U3/spmv_mac_muladd_10s_8s_32s_32_4_1_DSP48_0_U/p_reg_reg.
DSP Report: register grp_spmv_Pipeline_L2_1_fu_106/mac_muladd_10s_8s_32s_32_4_1_U3/spmv_mac_muladd_10s_8s_32s_32_4_1_DSP48_0_U/p_reg_reg is absorbed into DSP grp_spmv_Pipeline_L2_1_fu_106/mac_muladd_10s_8s_32s_32_4_1_U3/spmv_mac_muladd_10s_8s_32s_32_4_1_DSP48_0_U/p_reg_reg.
DSP Report: register grp_spmv_Pipeline_L2_1_fu_106/mac_muladd_10s_8s_32s_32_4_1_U1/spmv_mac_muladd_10s_8s_32s_32_4_1_DSP48_0_U/m_reg_reg is absorbed into DSP grp_spmv_Pipeline_L2_1_fu_106/mac_muladd_10s_8s_32s_32_4_1_U3/spmv_mac_muladd_10s_8s_32s_32_4_1_DSP48_0_U/p_reg_reg.
DSP Report: operator grp_spmv_Pipeline_L2_1_fu_106/mac_muladd_10s_8s_32s_32_4_1_U3/spmv_mac_muladd_10s_8s_32s_32_4_1_DSP48_0_U/p is absorbed into DSP grp_spmv_Pipeline_L2_1_fu_106/mac_muladd_10s_8s_32s_32_4_1_U3/spmv_mac_muladd_10s_8s_32s_32_4_1_DSP48_0_U/p_reg_reg.
DSP Report: operator grp_spmv_Pipeline_L2_1_fu_106/mac_muladd_10s_8s_32s_32_4_1_U1/spmv_mac_muladd_10s_8s_32s_32_4_1_DSP48_0_U/m is absorbed into DSP grp_spmv_Pipeline_L2_1_fu_106/mac_muladd_10s_8s_32s_32_4_1_U3/spmv_mac_muladd_10s_8s_32s_32_4_1_DSP48_0_U/p_reg_reg.
INFO: [Synth 8-7129] Port col_idx_q0[31] in module spmv is either unconnected or has no load
INFO: [Synth 8-7129] Port col_idx_q0[30] in module spmv is either unconnected or has no load
INFO: [Synth 8-7129] Port col_idx_q0[29] in module spmv is either unconnected or has no load
INFO: [Synth 8-7129] Port col_idx_q0[28] in module spmv is either unconnected or has no load
INFO: [Synth 8-7129] Port col_idx_q0[27] in module spmv is either unconnected or has no load
INFO: [Synth 8-7129] Port col_idx_q0[26] in module spmv is either unconnected or has no load
INFO: [Synth 8-7129] Port col_idx_q0[25] in module spmv is either unconnected or has no load
INFO: [Synth 8-7129] Port col_idx_q0[24] in module spmv is either unconnected or has no load
INFO: [Synth 8-7129] Port col_idx_q0[23] in module spmv is either unconnected or has no load
INFO: [Synth 8-7129] Port col_idx_q0[22] in module spmv is either unconnected or has no load
INFO: [Synth 8-7129] Port col_idx_q0[21] in module spmv is either unconnected or has no load
INFO: [Synth 8-7129] Port col_idx_q0[20] in module spmv is either unconnected or has no load
INFO: [Synth 8-7129] Port col_idx_q0[19] in module spmv is either unconnected or has no load
INFO: [Synth 8-7129] Port col_idx_q0[18] in module spmv is either unconnected or has no load
INFO: [Synth 8-7129] Port col_idx_q0[17] in module spmv is either unconnected or has no load
INFO: [Synth 8-7129] Port col_idx_q0[16] in module spmv is either unconnected or has no load
INFO: [Synth 8-7129] Port col_idx_q0[15] in module spmv is either unconnected or has no load
INFO: [Synth 8-7129] Port col_idx_q0[14] in module spmv is either unconnected or has no load
INFO: [Synth 8-7129] Port col_idx_q0[13] in module spmv is either unconnected or has no load
INFO: [Synth 8-7129] Port col_idx_q0[12] in module spmv is either unconnected or has no load
INFO: [Synth 8-7129] Port col_idx_q0[11] in module spmv is either unconnected or has no load
INFO: [Synth 8-7129] Port col_idx_q0[10] in module spmv is either unconnected or has no load
INFO: [Synth 8-7129] Port col_idx_q0[9] in module spmv is either unconnected or has no load
INFO: [Synth 8-7129] Port col_idx_q0[8] in module spmv is either unconnected or has no load
INFO: [Synth 8-7129] Port col_idx_q0[7] in module spmv is either unconnected or has no load
INFO: [Synth 8-7129] Port col_idx_q1[31] in module spmv is either unconnected or has no load
INFO: [Synth 8-7129] Port col_idx_q1[30] in module spmv is either unconnected or has no load
INFO: [Synth 8-7129] Port col_idx_q1[29] in module spmv is either unconnected or has no load
INFO: [Synth 8-7129] Port col_idx_q1[28] in module spmv is either unconnected or has no load
INFO: [Synth 8-7129] Port col_idx_q1[27] in module spmv is either unconnected or has no load
INFO: [Synth 8-7129] Port col_idx_q1[26] in module spmv is either unconnected or has no load
INFO: [Synth 8-7129] Port col_idx_q1[25] in module spmv is either unconnected or has no load
INFO: [Synth 8-7129] Port col_idx_q1[24] in module spmv is either unconnected or has no load
INFO: [Synth 8-7129] Port col_idx_q1[23] in module spmv is either unconnected or has no load
INFO: [Synth 8-7129] Port col_idx_q1[22] in module spmv is either unconnected or has no load
INFO: [Synth 8-7129] Port col_idx_q1[21] in module spmv is either unconnected or has no load
INFO: [Synth 8-7129] Port col_idx_q1[20] in module spmv is either unconnected or has no load
INFO: [Synth 8-7129] Port col_idx_q1[19] in module spmv is either unconnected or has no load
INFO: [Synth 8-7129] Port col_idx_q1[18] in module spmv is either unconnected or has no load
INFO: [Synth 8-7129] Port col_idx_q1[17] in module spmv is either unconnected or has no load
INFO: [Synth 8-7129] Port col_idx_q1[16] in module spmv is either unconnected or has no load
INFO: [Synth 8-7129] Port col_idx_q1[15] in module spmv is either unconnected or has no load
INFO: [Synth 8-7129] Port col_idx_q1[14] in module spmv is either unconnected or has no load
INFO: [Synth 8-7129] Port col_idx_q1[13] in module spmv is either unconnected or has no load
INFO: [Synth 8-7129] Port col_idx_q1[12] in module spmv is either unconnected or has no load
INFO: [Synth 8-7129] Port col_idx_q1[11] in module spmv is either unconnected or has no load
INFO: [Synth 8-7129] Port col_idx_q1[10] in module spmv is either unconnected or has no load
INFO: [Synth 8-7129] Port col_idx_q1[9] in module spmv is either unconnected or has no load
INFO: [Common 17-14] Message 'Synth 8-7129' appears 100 times and further instances of the messages will be disabled. Use the Tcl command set_msg_config to change the current settings.
---------------------------------------------------------------------------------
Finished Cross Boundary and Area Optimization : Time (s): cpu = 00:00:16 ; elapsed = 00:00:18 . Memory (MB): peak = 1509.832 ; gain = 734.793
---------------------------------------------------------------------------------
 Sort Area is  grp_spmv_Pipeline_L2_1_fu_106/mac_muladd_10s_8s_32s_32_4_1_U1/spmv_mac_muladd_10s_8s_32s_32_4_1_DSP48_0_U/p_reg_reg_4 : 0 0 : 734 734 : Used 1 time 0
 Sort Area is  grp_spmv_Pipeline_L2_1_fu_106/mac_muladd_10s_8s_32s_32_4_1_U2/spmv_mac_muladd_10s_8s_32s_32_4_1_DSP48_0_U/p_reg_reg_2 : 0 0 : 734 734 : Used 1 time 0
 Sort Area is  grp_spmv_Pipeline_L2_1_fu_106/mac_muladd_10s_8s_32s_32_4_1_U3/spmv_mac_muladd_10s_8s_32s_32_4_1_DSP48_0_U/p_reg_reg_0 : 0 0 : 734 734 : Used 1 time 0
 Sort Area is  grp_spmv_Pipeline_L2_1_fu_106/mac_muladd_10s_8s_32s_32_4_1_U4/spmv_mac_muladd_10s_8s_32s_32_4_1_DSP48_0_U/p_reg_reg_3 : 0 0 : 734 734 : Used 1 time 0
---------------------------------------------------------------------------------
Start ROM, RAM, DSP, Shift Register and Retiming Reporting
---------------------------------------------------------------------------------

DSP: Preliminary Mapping Report (see note below. The ' indicates corresponding REG is set)
+------------+----------------+--------+--------+--------+--------+--------+------+------+------+------+-------+------+------+
|Module Name | DSP Mapping    | A Size | B Size | C Size | D Size | P Size | AREG | BREG | CREG | DREG | ADREG | MREG | PREG | 
+------------+----------------+--------+--------+--------+--------+--------+------+------+------+------+-------+------+------+
|spmv        | (C+(A2*B'')')' | 10     | 8      | 32     | -      | 32     | 1    | 2    | 0    | -    | -     | 1    | 1    | 
|spmv        | (C+(A2*B'')')' | 10     | 8      | 32     | -      | 32     | 1    | 2    | 0    | -    | -     | 1    | 1    | 
|spmv        | (C+(A2*B'')')' | 10     | 8      | 32     | -      | 32     | 1    | 2    | 0    | -    | -     | 1    | 1    | 
|spmv        | (C+(A2*B'')')' | 10     | 8      | 32     | -      | 32     | 1    | 2    | 0    | -    | -     | 1    | 1    | 
+------------+----------------+--------+--------+--------+--------+--------+------+------+------+------+-------+------+------+

Note: The table above is a preliminary report that shows the DSPs inferred at the current stage of the synthesis flow. Some DSP may be reimplemented as non DSP primitives later in the synthesis flow. Multiple instantiated DSPs are reported only once.
---------------------------------------------------------------------------------
Finished ROM, RAM, DSP, Shift Register and Retiming Reporting
---------------------------------------------------------------------------------
---------------------------------------------------------------------------------
Start Applying XDC Timing Constraints
---------------------------------------------------------------------------------
---------------------------------------------------------------------------------
Finished Applying XDC Timing Constraints : Time (s): cpu = 00:00:22 ; elapsed = 00:00:24 . Memory (MB): peak = 1682.027 ; gain = 906.988
---------------------------------------------------------------------------------
---------------------------------------------------------------------------------
Start Timing Optimization
---------------------------------------------------------------------------------
---------------------------------------------------------------------------------
Finished Timing Optimization : Time (s): cpu = 00:00:23 ; elapsed = 00:00:24 . Memory (MB): peak = 1722.805 ; gain = 947.766
---------------------------------------------------------------------------------
---------------------------------------------------------------------------------
Start Technology Mapping
---------------------------------------------------------------------------------
---------------------------------------------------------------------------------
Finished Technology Mapping : Time (s): cpu = 00:00:23 ; elapsed = 00:00:25 . Memory (MB): peak = 1724.336 ; gain = 949.297
---------------------------------------------------------------------------------
---------------------------------------------------------------------------------
Start IO Insertion
---------------------------------------------------------------------------------
---------------------------------------------------------------------------------
Start Flattening Before IO Insertion
---------------------------------------------------------------------------------
---------------------------------------------------------------------------------
Finished Flattening Before IO Insertion
---------------------------------------------------------------------------------
---------------------------------------------------------------------------------
Start Final Netlist Cleanup
---------------------------------------------------------------------------------
---------------------------------------------------------------------------------
Finished Final Netlist Cleanup
---------------------------------------------------------------------------------
---------------------------------------------------------------------------------
Finished IO Insertion : Time (s): cpu = 00:00:26 ; elapsed = 00:00:29 . Memory (MB): peak = 1949.883 ; gain = 1174.844
---------------------------------------------------------------------------------
---------------------------------------------------------------------------------
Start Renaming Generated Instances
---------------------------------------------------------------------------------
---------------------------------------------------------------------------------
Finished Renaming Generated Instances : Time (s): cpu = 00:00:26 ; elapsed = 00:00:29 . Memory (MB): peak = 1949.883 ; gain = 1174.844
---------------------------------------------------------------------------------
---------------------------------------------------------------------------------
Start Rebuilding User Hierarchy
---------------------------------------------------------------------------------
---------------------------------------------------------------------------------
Finished Rebuilding User Hierarchy : Time (s): cpu = 00:00:26 ; elapsed = 00:00:29 . Memory (MB): peak = 1949.883 ; gain = 1174.844
---------------------------------------------------------------------------------
---------------------------------------------------------------------------------
Start Renaming Generated Ports
---------------------------------------------------------------------------------
---------------------------------------------------------------------------------
Finished Renaming Generated Ports : Time (s): cpu = 00:00:26 ; elapsed = 00:00:29 . Memory (MB): peak = 1949.883 ; gain = 1174.844
---------------------------------------------------------------------------------
---------------------------------------------------------------------------------
Start Handling Custom Attributes
---------------------------------------------------------------------------------
---------------------------------------------------------------------------------
Finished Handling Custom Attributes : Time (s): cpu = 00:00:27 ; elapsed = 00:00:29 . Memory (MB): peak = 1949.883 ; gain = 1174.844
---------------------------------------------------------------------------------
---------------------------------------------------------------------------------
Start Renaming Generated Nets
---------------------------------------------------------------------------------
---------------------------------------------------------------------------------
Finished Renaming Generated Nets : Time (s): cpu = 00:00:27 ; elapsed = 00:00:29 . Memory (MB): peak = 1949.883 ; gain = 1174.844
---------------------------------------------------------------------------------
---------------------------------------------------------------------------------
Start Writing Synthesis Report
---------------------------------------------------------------------------------

DSP Final Report (the ' indicates corresponding REG is set)
+------------+-----------------+--------+--------+--------+--------+--------+------+------+------+------+-------+------+------+
|Module Name | DSP Mapping     | A Size | B Size | C Size | D Size | P Size | AREG | BREG | CREG | DREG | ADREG | MREG | PREG | 
+------------+-----------------+--------+--------+--------+--------+--------+------+------+------+------+-------+------+------+
|spmv        | (C'+(A'*B'')')' | 30     | 18     | 48     | -      | 32     | 1    | 2    | 1    | -    | -     | 1    | 1    | 
|spmv        | (C'+(A'*B'')')' | 30     | 18     | 48     | -      | 32     | 1    | 2    | 1    | -    | -     | 1    | 1    | 
|spmv        | (C'+(A'*B'')')' | 30     | 18     | 48     | -      | 32     | 1    | 2    | 1    | -    | -     | 1    | 1    | 
|spmv        | (C'+(A'*B'')')' | 30     | 18     | 48     | -      | 32     | 1    | 2    | 1    | -    | -     | 1    | 1    | 
+------------+-----------------+--------+--------+--------+--------+--------+------+------+------+------+-------+------+------+


Report BlackBoxes: 
+-+--------------+----------+
| |BlackBox name |Instances |
+-+--------------+----------+
+-+--------------+----------+

Report Cell Usage: 
+------+--------+------+
|      |Cell    |Count |
+------+--------+------+
|1     |CARRY4  |    60|
|2     |DSP48E1 |     4|
|3     |LUT1    |     3|
|4     |LUT2    |    13|
|5     |LUT3    |   136|
|6     |LUT4    |   154|
|7     |LUT5    |    68|
|8     |LUT6    |    38|
|9     |FDRE    |   424|
|10    |FDSE    |     2|
+------+--------+------+
---------------------------------------------------------------------------------
Finished Writing Synthesis Report : Time (s): cpu = 00:00:27 ; elapsed = 00:00:29 . Memory (MB): peak = 1949.883 ; gain = 1174.844
---------------------------------------------------------------------------------
Synthesis finished with 0 errors, 0 critical warnings and 0 warnings.
Synthesis Optimization Runtime : Time (s): cpu = 00:00:19 ; elapsed = 00:00:27 . Memory (MB): peak = 1949.883 ; gain = 1101.879
Synthesis Optimization Complete : Time (s): cpu = 00:00:27 ; elapsed = 00:00:29 . Memory (MB): peak = 1949.883 ; gain = 1174.844
INFO: [Project 1-571] Translating synthesized netlist
Netlist sorting complete. Time (s): cpu = 00:00:00 ; elapsed = 00:00:00.013 . Memory (MB): peak = 1959.055 ; gain = 0.000
INFO: [Netlist 29-17] Analyzing 64 Unisim elements for replacement
INFO: [Netlist 29-28] Unisim Transformation completed in 0 CPU seconds
INFO: [Project 1-570] Preparing netlist for logic optimization
INFO: [Opt 31-138] Pushed 0 inverter(s) to 0 load pin(s).
Netlist sorting complete. Time (s): cpu = 00:00:00 ; elapsed = 00:00:00 . Memory (MB): peak = 1962.684 ; gain = 0.000
INFO: [Project 1-111] Unisim Transformation Summary:
No Unisim elements were transformed.

Synth Design complete | Checksum: 64535c80
INFO: [Common 17-83] Releasing license: Synthesis
148 Infos, 1 Warnings, 0 Critical Warnings and 0 Errors encountered.
synth_design completed successfully
synth_design: Time (s): cpu = 00:00:30 ; elapsed = 00:00:34 . Memory (MB): peak = 1962.684 ; gain = 1416.363
Write ShapeDB Complete: Time (s): cpu = 00:00:00 ; elapsed = 00:00:00.002 . Memory (MB): peak = 1962.684 ; gain = 0.000
INFO: [Common 17-1381] The checkpoint 'C:/Users/stefa/Workspace/01-UNICAL/HLS/HLS_projects/build/project02_SpMV/09_partial-sums-no_partitioning/vivado_prj/vivado_prj.runs/spmv_0_synth_1/spmv_0.dcp' has been generated.
INFO: [Coretcl 2-1648] Added synthesis output to IP cache for IP spmv_0, cache-ID = dcb1fd0a0f479b4d
INFO: [Coretcl 2-1174] Renamed 11 cell refs.
Write ShapeDB Complete: Time (s): cpu = 00:00:00 ; elapsed = 00:00:00.001 . Memory (MB): peak = 1962.684 ; gain = 0.000
INFO: [Common 17-1381] The checkpoint 'C:/Users/stefa/Workspace/01-UNICAL/HLS/HLS_projects/build/project02_SpMV/09_partial-sums-no_partitioning/vivado_prj/vivado_prj.runs/spmv_0_synth_1/spmv_0.dcp' has been generated.
INFO: [Vivado 12-24828] Executing command : report_utilization -file spmv_0_utilization_synth.rpt -pb spmv_0_utilization_synth.pb
INFO: [Common 17-206] Exiting Vivado at Mon Jun 15 20:28:48 2026...
[Mon Jun 15 20:28:50 2026] spmv_0_synth_1 finished
wait_on_runs: Time (s): cpu = 00:00:00 ; elapsed = 00:00:45 . Memory (MB): peak = 561.020 ; gain = 0.000
[ OK  ] Run 'spmv_0_synth_1' -- synth_design Complete!

========================================================
 STEP 5 -- Generate IP RTL wrapper
========================================================
INFO: [IP_Flow 19-1706] Not generating 'Instantiation Template' target for IP 'spmv_0'. Target already exists and is up to date.
[ OK  ] Wrapper generated -- synthesis top: 'spmv_0_sv'

========================================================
 STEP 6 -- Import clock constraint
========================================================
[ OK  ] Clock constraint file: ../../../srcs/vivado/const/project02_SpMV_00_baseline_clk.xdc
[ OK  ] Constraint added: ../../../srcs/vivado/const/project02_SpMV_00_baseline_clk.xdc

========================================================
 STEP 7 -- Import testbench
========================================================
[FAIL ] Testbench file not found: ../../../srcs/vivado/project02_SpMV_09_partial-sums-no_partitioning_tb.vhd
Required path missing: ../../../srcs/vivado/project02_SpMV_09_partial-sums-no_partitioning_tb.vhd
    while executing
"error "Required path missing: $path""
    (procedure "assert_exists" line 4)
    invoked from within
"assert_exists $TB_FILE "Testbench file""
    (file "..\..\..\scripts\vivado_power_report.tcl" line 249)
INFO: [Common 17-206] Exiting Vivado at Mon Jun 15 20:28:51 2026...
