  **** HLS Build v2025.2 6295257
INFO: [HLS 200-2005] Using work_dir C:/Users/stefa/Workspace/01-UNICAL/HLS/HLS_projects/projects/project01_FIR/01_code-hoisting/01_code-hoisting_script 
INFO: [HLS 200-2176] Writing Vitis IDE component file C:/Users/stefa/Workspace/01-UNICAL/HLS/HLS_projects/projects/project01_FIR/01_code-hoisting/01_code-hoisting_script/vitis-comp.json
INFO: [HLS 200-10] Creating and opening component 'C:/Users/stefa/Workspace/01-UNICAL/HLS/HLS_projects/projects/project01_FIR/01_code-hoisting/01_code-hoisting_script'.
INFO: [HLS 200-1505] Using default flow_target 'vivado'
Resolution: For help on HLS 200-1505 see docs.amd.com/access/sources/dita/topic?Doc_Version=2025.2%20English&url=ug1448-hls-guidance&resourceid=200-1505.html
INFO: [HLS 200-2174] Applying component config ini file hls_config.cfg
INFO: [HLS 200-1465] Applying config ini 'syn.file=fir.hpp' from hls_config.cfg(10)
INFO: [HLS 200-10] Adding design file 'C:/Users/stefa/Workspace/01-UNICAL/HLS/HLS_projects/projects/project01_FIR/01_code-hoisting/fir.hpp' to the project
INFO: [HLS 200-1465] Applying config ini 'syn.file=fir.cpp' from hls_config.cfg(11)
INFO: [HLS 200-10] Adding design file 'C:/Users/stefa/Workspace/01-UNICAL/HLS/HLS_projects/projects/project01_FIR/01_code-hoisting/fir.cpp' to the project
INFO: [HLS 200-1465] Applying config ini 'tb.file=fir_tb.cpp' from hls_config.cfg(12)
INFO: [HLS 200-10] Adding test bench file 'C:/Users/stefa/Workspace/01-UNICAL/HLS/HLS_projects/projects/project01_FIR/01_code-hoisting/fir_tb.cpp' to the project
INFO: [HLS 200-1465] Applying config ini 'syn.top=fir' from hls_config.cfg(13)
INFO: [HLS 200-1465] Applying config ini 'flow_target=vivado' from hls_config.cfg(4)
INFO: [HLS 200-1505] Using flow_target 'vivado'
Resolution: For help on HLS 200-1505 see docs.amd.com/access/sources/dita/topic?Doc_Version=2025.2%20English&url=ug1448-hls-guidance&resourceid=200-1505.html
INFO: [HLS 200-1465] Applying config ini 'part=xc7z020clg484-3' from hls_config.cfg(1)
INFO: [HLS 200-1611] Setting target device to 'xc7z020-clg484-3'
INFO: [HLS 200-1465] Applying config ini 'clock=10ns' from hls_config.cfg(7)
INFO: [SYN 201-201] Setting up clock 'default' with a period of 10ns.
INFO: [HLS 200-1465] Applying config ini 'cosim.trace_level=all' from hls_config.cfg(14)
INFO: [HLS 200-1465] Applying config ini 'package.output.format=ip_catalog' from hls_config.cfg(5)
INFO: [HLS 200-1465] Applying config ini 'syn.array_partition.throughput_driven=off' from hls_config.cfg(9)
INFO: [HLS 200-1465] Applying config ini 'syn.compile.pipeline_loops=0' from hls_config.cfg(8)
INFO: [HLS 200-2176] Writing Vitis IDE component file C:/Users/stefa/Workspace/01-UNICAL/HLS/HLS_projects/projects/project01_FIR/01_code-hoisting/01_code-hoisting_script/vitis-comp.json
INFO: [SIM 211-2] *************** CSIM start ***************
INFO: [HLS 200-2191] C-Simulation will use clang-16 as the compiler
INFO: [HLS 200-2036] Building debug C Simulation binaries
   Compiling ../../../../fir_tb.cpp in debug mode
   Compiling ../../../../fir.cpp in debug mode
   Generating csim.exe
==============================================================
                 FIR FILTER HLS TESTBENCH                     
==============================================================
CYCLE     INPUT (x)      DUT OUT (y)    GOLDEN OUT     STATUS    
--------------------------------------------------------------
0         1              53             53             PASS      
1         0              0              0              PASS      
2         0              -91            -91            PASS      
3         0              0              0              PASS      
4         0              313            313            PASS      
5         0              500            500            PASS      
6         0              313            313            PASS      
7         0              0              0              PASS      
8         0              -91            -91            PASS      
9         0              0              0              PASS      
10        0              53             53             PASS      
11        0              0              0              PASS      
12        0              0              0              PASS      
13        0              0              0              PASS      
14        0              0              0              PASS      
15        2              106            106            PASS      
16        0              0              0              PASS      
17        0              -182           -182           PASS      
18        0              0              0              PASS      
19        0              626            626            PASS      
20        0              1000           1000           PASS      
21        0              626            626            PASS      
22        0              0              0              PASS      
23        0              -182           -182           PASS      
24        0              0              0              PASS      
25        0              106            106            PASS      
26        0              0              0              PASS      
27        0              0              0              PASS      
28        0              0              0              PASS      
29        0              0              0              PASS      
--------------------------------------------------------------
>> SIMULATION STATUS: PASSED
==============================================================
INFO: [SIM 211-1] CSim done with 0 errors.
INFO: [SIM 211-3] *************** CSIM finish ***************
INFO: [HLS 200-112] Total CPU user time: 1 seconds. Total CPU system time: 1 seconds. Total elapsed time: 3.755 seconds; peak allocated memory: 142.285 MB.
INFO: [vitis-run 60-791] Total elapsed time: 0h 0m 7s
