

================================================================
== Vitis HLS Report for 'fir'
================================================================
* Date:           Thu Jun  4 16:58:16 2026

* Version:        2025.2 (Build 6295257 on Nov 12 2025)
* Project:        02_loop-fission_script
* Solution:       hls (Vivado IP Flow Target)
* Product family: zynq
* Target device:  xc7z020-clg484-3


================================================================
== Performance Estimates
================================================================
+ Timing: 
    * Summary: 
    +--------+----------+----------+------------+
    |  Clock |  Target  | Estimated| Uncertainty|
    +--------+----------+----------+------------+
    |ap_clk  |  10.00 ns|  6.210 ns|     2.70 ns|
    +--------+----------+----------+------------+

+ Latency: 
    * Summary: 
    +---------+---------+----------+----------+-----+-----+---------+
    |  Latency (cycles) |  Latency (absolute) |  Interval | Pipeline|
    |   min   |   max   |    min   |    max   | min | max |   Type  |
    +---------+---------+----------+----------+-----+-----+---------+
    |       66|       66|  0.660 us|  0.660 us|   67|   67|       no|
    +---------+---------+----------+----------+-----+-----+---------+

    + Detail: 
        * Instance: 
        N/A

        * Loop: 
        +--------------+---------+---------+----------+-----------+-----------+------+----------+
        |              |  Latency (cycles) | Iteration|  Initiation Interval  | Trip |          |
        |   Loop Name  |   min   |   max   |  Latency |  achieved |   target  | Count| Pipelined|
        +--------------+---------+---------+----------+-----------+-----------+------+----------+
        |- shift_loop  |       20|       20|         2|          -|          -|    10|        no|
        |- mac_loop    |       44|       44|         4|          -|          -|    11|        no|
        +--------------+---------+---------+----------+-----------+-----------+------+----------+

============================================================
+ Verbose Summary: Synthesis Manager
============================================================
InlineROM: 1
ExposeGlobal: 0
============================================================
+ Verbose Summary: CDFG Model
============================================================
IsTopModel: 1
ResetActiveHigh: 1
IsCombinational: 0
IsDatapathOnly: 0
HasWiredReturn: 1
HasMFsm: 0
HasVarLatency: 1
IsPipeline: 0
IsRtlPipelined: 0
IsInstanceOverlapped: 0
IsDontTouch: 0
HasImplIP: 0
IsGatedGlobalClock: 0


============================================================
+ Verbose Summary: Schedule
============================================================
* Number of FSM states : 7
* Pipeline : 0
* Dataflow Pipeline: 0

* FSM state transitions: 
1 --> 2 
2 --> 3 4 
3 --> 2 
4 --> 5 
5 --> 6 
6 --> 7 
7 --> 4 

* FSM state operations: 

State 1 <SV = 0> <Delay = 1.14>
ST_1 : Operation 8 [1/1] (0.00ns)   --->   "%i = alloca i32 1" [fir.cpp:14]   --->   Operation 8 'alloca' 'i' <Predicate = true> <Delay = 0.00>
ST_1 : Operation 9 [1/1] (0.00ns)   --->   "%spectopmodule_ln3 = spectopmodule void @_ssdm_op_SpecTopModule, void @empty_1" [fir.cpp:3]   --->   Operation 9 'spectopmodule' 'spectopmodule_ln3' <Predicate = true> <Delay = 0.00>
ST_1 : Operation 10 [1/1] (0.00ns)   --->   "%specbitsmap_ln0 = specbitsmap void @_ssdm_op_SpecBitsMap, i32 %y"   --->   Operation 10 'specbitsmap' 'specbitsmap_ln0' <Predicate = true> <Delay = 0.00>
ST_1 : Operation 11 [1/1] (0.00ns)   --->   "%specinterface_ln0 = specinterface void @_ssdm_op_SpecInterface, i32 %y, void @empty, i32 0, i32 0, void @empty_0, i32 0, i32 0, void @empty_0, void @empty_0, void @empty_0, i32 0, i32 0, i32 0, i32 0, void @empty_0, void @empty_0, i32 4294967295, i32 0, i32 0, i32 0"   --->   Operation 11 'specinterface' 'specinterface_ln0' <Predicate = true> <Delay = 0.00>
ST_1 : Operation 12 [1/1] (0.00ns)   --->   "%specbitsmap_ln0 = specbitsmap void @_ssdm_op_SpecBitsMap, i32 %x"   --->   Operation 12 'specbitsmap' 'specbitsmap_ln0' <Predicate = true> <Delay = 0.00>
ST_1 : Operation 13 [1/1] (0.00ns)   --->   "%specinterface_ln0 = specinterface void @_ssdm_op_SpecInterface, i32 %x, void @empty, i32 0, i32 0, void @empty_0, i32 0, i32 0, void @empty_0, void @empty_0, void @empty_0, i32 0, i32 0, i32 0, i32 0, void @empty_0, void @empty_0, i32 4294967295, i32 0, i32 0, i32 0"   --->   Operation 13 'specinterface' 'specinterface_ln0' <Predicate = true> <Delay = 0.00>
ST_1 : Operation 14 [1/1] (0.00ns)   --->   "%x_read = read i32 @_ssdm_op_Read.ap_auto.i32, i32 %x" [fir.cpp:3]   --->   Operation 14 'read' 'x_read' <Predicate = true> <Delay = 0.00>
ST_1 : Operation 15 [1/1] (1.14ns)   --->   "%store_ln14 = store i4 10, i4 %i" [fir.cpp:14]   --->   Operation 15 'store' 'store_ln14' <Predicate = true> <Delay = 1.14>
ST_1 : Operation 16 [1/1] (0.00ns)   --->   "%br_ln14 = br void %for.inc" [fir.cpp:14]   --->   Operation 16 'br' 'br_ln14' <Predicate = true> <Delay = 0.00>

State 2 <SV = 1> <Delay = 2.97>
ST_2 : Operation 17 [1/1] (0.00ns)   --->   "%i_2 = load i4 %i" [fir.cpp:15]   --->   Operation 17 'load' 'i_2' <Predicate = true> <Delay = 0.00>
ST_2 : Operation 18 [1/1] (1.40ns)   --->   "%icmp_ln14 = icmp_eq  i4 %i_2, i4 0" [fir.cpp:14]   --->   Operation 18 'icmp' 'icmp_ln14' <Predicate = true> <Delay = 1.40> <CoreInst = "Cmp">   --->   Core 9 'Cmp' <Latency = 0> <II = 1> <Delay = 1.40> <FuncUnit> <Opcode : 'seteq' 'setne' 'setle' 'setge' 'setlt' 'setgt'> <InPorts = 2> <OutPorts = 1>
ST_2 : Operation 19 [1/1] (0.00ns)   --->   "%br_ln14 = br i1 %icmp_ln14, void %for.inc.split, void %for.end" [fir.cpp:14]   --->   Operation 19 'br' 'br_ln14' <Predicate = true> <Delay = 0.00>
ST_2 : Operation 20 [1/1] (1.40ns)   --->   "%add_ln15 = add i4 %i_2, i4 15" [fir.cpp:15]   --->   Operation 20 'add' 'add_ln15' <Predicate = (!icmp_ln14)> <Delay = 1.40> <CoreInst = "Adder">   --->   Core 1 'Adder' <Latency = 0> <II = 1> <Delay = 1.40> <FuncUnit> <Opcode : 'add' 'sub'> <InPorts = 2> <OutPorts = 1>
ST_2 : Operation 21 [1/1] (0.00ns)   --->   "%zext_ln15 = zext i4 %add_ln15" [fir.cpp:15]   --->   Operation 21 'zext' 'zext_ln15' <Predicate = (!icmp_ln14)> <Delay = 0.00>
ST_2 : Operation 22 [1/1] (0.00ns)   --->   "%shift_reg_addr = getelementptr i32 %shift_reg, i64 0, i64 %zext_ln15" [fir.cpp:15]   --->   Operation 22 'getelementptr' 'shift_reg_addr' <Predicate = (!icmp_ln14)> <Delay = 0.00>
ST_2 : Operation 23 [2/2] (1.56ns)   --->   "%shift_reg_load = load i4 %shift_reg_addr" [fir.cpp:15]   --->   Operation 23 'load' 'shift_reg_load' <Predicate = (!icmp_ln14)> <Delay = 1.56> <CoreInst = "RAM">   --->   Core 81 'RAM' <Latency = 1> <II = 1> <Delay = 1.56> <Storage> <Opcode : 'load' 'store'> <Ports = 2> <Width = 32> <Depth = 11> <RAM>
ST_2 : Operation 24 [1/1] (1.14ns)   --->   "%store_ln14 = store i4 %add_ln15, i4 %i" [fir.cpp:14]   --->   Operation 24 'store' 'store_ln14' <Predicate = (!icmp_ln14)> <Delay = 1.14>
ST_2 : Operation 25 [1/1] (0.00ns)   --->   "%acc = alloca i32 1" [fir.cpp:10]   --->   Operation 25 'alloca' 'acc' <Predicate = (icmp_ln14)> <Delay = 0.00>
ST_2 : Operation 26 [1/1] (0.00ns)   --->   "%i_1 = alloca i32 1" [fir.cpp:21]   --->   Operation 26 'alloca' 'i_1' <Predicate = (icmp_ln14)> <Delay = 0.00>
ST_2 : Operation 27 [1/1] ( I:1.56ns O:1.56ns )   --->   "%store_ln18 = store i32 %x_read, i32 0" [fir.cpp:18]   --->   Operation 27 'store' 'store_ln18' <Predicate = (icmp_ln14)> <Delay = 1.56> <CoreInst = "RAM">   --->   Core 81 'RAM' <Latency = 1> <II = 1> <Delay = 1.56> <Storage> <Opcode : 'load' 'store'> <Ports = 2> <Width = 32> <Depth = 11> <RAM>
ST_2 : Operation 28 [1/1] (1.14ns)   --->   "%store_ln21 = store i4 0, i4 %i_1" [fir.cpp:21]   --->   Operation 28 'store' 'store_ln21' <Predicate = (icmp_ln14)> <Delay = 1.14>
ST_2 : Operation 29 [1/1] (1.14ns)   --->   "%store_ln10 = store i32 0, i32 %acc" [fir.cpp:10]   --->   Operation 29 'store' 'store_ln10' <Predicate = (icmp_ln14)> <Delay = 1.14>
ST_2 : Operation 30 [1/1] (0.00ns)   --->   "%br_ln21 = br void %for.inc12" [fir.cpp:21]   --->   Operation 30 'br' 'br_ln21' <Predicate = (icmp_ln14)> <Delay = 0.00>

State 3 <SV = 2> <Delay = 3.13>
ST_3 : Operation 31 [1/1] (0.00ns)   --->   "%zext_ln14 = zext i4 %i_2" [fir.cpp:14]   --->   Operation 31 'zext' 'zext_ln14' <Predicate = true> <Delay = 0.00>
ST_3 : Operation 32 [1/1] (0.00ns)   --->   "%speclooptripcount_ln14 = speclooptripcount void @_ssdm_op_SpecLoopTripCount, i64 10, i64 10, i64 10" [fir.cpp:14]   --->   Operation 32 'speclooptripcount' 'speclooptripcount_ln14' <Predicate = true> <Delay = 0.00>
ST_3 : Operation 33 [1/1] (0.00ns)   --->   "%specloopname_ln14 = specloopname void @_ssdm_op_SpecLoopName, void @empty_3" [fir.cpp:14]   --->   Operation 33 'specloopname' 'specloopname_ln14' <Predicate = true> <Delay = 0.00>
ST_3 : Operation 34 [1/2] ( I:1.56ns O:1.56ns )   --->   "%shift_reg_load = load i4 %shift_reg_addr" [fir.cpp:15]   --->   Operation 34 'load' 'shift_reg_load' <Predicate = true> <Delay = 1.56> <CoreInst = "RAM">   --->   Core 81 'RAM' <Latency = 1> <II = 1> <Delay = 1.56> <Storage> <Opcode : 'load' 'store'> <Ports = 2> <Width = 32> <Depth = 11> <RAM>
ST_3 : Operation 35 [1/1] (0.00ns)   --->   "%shift_reg_addr_1 = getelementptr i32 %shift_reg, i64 0, i64 %zext_ln14" [fir.cpp:15]   --->   Operation 35 'getelementptr' 'shift_reg_addr_1' <Predicate = true> <Delay = 0.00>
ST_3 : Operation 36 [1/1] ( I:1.56ns O:1.56ns )   --->   "%store_ln15 = store i32 %shift_reg_load, i4 %shift_reg_addr_1" [fir.cpp:15]   --->   Operation 36 'store' 'store_ln15' <Predicate = true> <Delay = 1.56> <CoreInst = "RAM">   --->   Core 81 'RAM' <Latency = 1> <II = 1> <Delay = 1.56> <Storage> <Opcode : 'load' 'store'> <Ports = 2> <Width = 32> <Depth = 11> <RAM>
ST_3 : Operation 37 [1/1] (0.00ns)   --->   "%br_ln14 = br void %for.inc" [fir.cpp:14]   --->   Operation 37 'br' 'br_ln14' <Predicate = true> <Delay = 0.00>

State 4 <SV = 2> <Delay = 2.55>
ST_4 : Operation 38 [1/1] (0.00ns)   --->   "%i_3 = load i4 %i_1" [fir.cpp:21]   --->   Operation 38 'load' 'i_3' <Predicate = true> <Delay = 0.00>
ST_4 : Operation 39 [1/1] (1.40ns)   --->   "%icmp_ln21 = icmp_eq  i4 %i_3, i4 11" [fir.cpp:21]   --->   Operation 39 'icmp' 'icmp_ln21' <Predicate = true> <Delay = 1.40> <CoreInst = "Cmp">   --->   Core 9 'Cmp' <Latency = 0> <II = 1> <Delay = 1.40> <FuncUnit> <Opcode : 'seteq' 'setne' 'setle' 'setge' 'setlt' 'setgt'> <InPorts = 2> <OutPorts = 1>
ST_4 : Operation 40 [1/1] (1.40ns)   --->   "%add_ln21 = add i4 %i_3, i4 1" [fir.cpp:21]   --->   Operation 40 'add' 'add_ln21' <Predicate = true> <Delay = 1.40> <CoreInst = "Adder">   --->   Core 1 'Adder' <Latency = 0> <II = 1> <Delay = 1.40> <FuncUnit> <Opcode : 'add' 'sub'> <InPorts = 2> <OutPorts = 1>
ST_4 : Operation 41 [1/1] (0.00ns)   --->   "%br_ln21 = br i1 %icmp_ln21, void %for.inc12.split, void %for.end13" [fir.cpp:21]   --->   Operation 41 'br' 'br_ln21' <Predicate = true> <Delay = 0.00>
ST_4 : Operation 42 [1/1] (0.00ns)   --->   "%zext_ln21 = zext i4 %i_3" [fir.cpp:21]   --->   Operation 42 'zext' 'zext_ln21' <Predicate = (!icmp_ln21)> <Delay = 0.00>
ST_4 : Operation 43 [1/1] (0.00ns)   --->   "%shift_reg_addr_2 = getelementptr i32 %shift_reg, i64 0, i64 %zext_ln21" [fir.cpp:22]   --->   Operation 43 'getelementptr' 'shift_reg_addr_2' <Predicate = (!icmp_ln21)> <Delay = 0.00>
ST_4 : Operation 44 [2/2] (1.56ns)   --->   "%shift_reg_load_1 = load i4 %shift_reg_addr_2" [fir.cpp:22]   --->   Operation 44 'load' 'shift_reg_load_1' <Predicate = (!icmp_ln21)> <Delay = 1.56> <CoreInst = "RAM">   --->   Core 81 'RAM' <Latency = 1> <II = 1> <Delay = 1.56> <Storage> <Opcode : 'load' 'store'> <Ports = 2> <Width = 32> <Depth = 11> <RAM>
ST_4 : Operation 45 [1/1] (0.00ns)   --->   "%c_addr = getelementptr i10 %c, i64 0, i64 %zext_ln21" [fir.cpp:22]   --->   Operation 45 'getelementptr' 'c_addr' <Predicate = (!icmp_ln21)> <Delay = 0.00>
ST_4 : Operation 46 [2/2] (1.56ns)   --->   "%c_load = load i4 %c_addr" [fir.cpp:22]   --->   Operation 46 'load' 'c_load' <Predicate = (!icmp_ln21)> <Delay = 1.56> <CoreInst = "ROM">   --->   Core 94 'ROM' <Latency = 1> <II = 1> <Delay = 1.56> <Storage> <Opcode : 'load'> <Ports = 0> <Width = 10> <Depth = 11> <ROM>
ST_4 : Operation 47 [1/1] (1.14ns)   --->   "%store_ln21 = store i4 %add_ln21, i4 %i_1" [fir.cpp:21]   --->   Operation 47 'store' 'store_ln21' <Predicate = (!icmp_ln21)> <Delay = 1.14>
ST_4 : Operation 48 [1/1] (0.00ns)   --->   "%acc_load_1 = load i32 %acc" [fir.cpp:25]   --->   Operation 48 'load' 'acc_load_1' <Predicate = (icmp_ln21)> <Delay = 0.00>
ST_4 : Operation 49 [1/1] (0.00ns)   --->   "%write_ln25 = write void @_ssdm_op_Write.ap_auto.i32P0A, i32 %y, i32 %acc_load_1" [fir.cpp:25]   --->   Operation 49 'write' 'write_ln25' <Predicate = (icmp_ln21)> <Delay = 0.00>
ST_4 : Operation 50 [1/1] (0.00ns)   --->   "%ret_ln26 = ret" [fir.cpp:26]   --->   Operation 50 'ret' 'ret_ln26' <Predicate = (icmp_ln21)> <Delay = 0.00>

State 5 <SV = 3> <Delay = 1.56>
ST_5 : Operation 51 [1/2] ( I:1.56ns O:1.56ns )   --->   "%shift_reg_load_1 = load i4 %shift_reg_addr_2" [fir.cpp:22]   --->   Operation 51 'load' 'shift_reg_load_1' <Predicate = true> <Delay = 1.56> <CoreInst = "RAM">   --->   Core 81 'RAM' <Latency = 1> <II = 1> <Delay = 1.56> <Storage> <Opcode : 'load' 'store'> <Ports = 2> <Width = 32> <Depth = 11> <RAM>
ST_5 : Operation 52 [1/2] ( I:1.56ns O:1.56ns )   --->   "%c_load = load i4 %c_addr" [fir.cpp:22]   --->   Operation 52 'load' 'c_load' <Predicate = true> <Delay = 1.56> <CoreInst = "ROM">   --->   Core 94 'ROM' <Latency = 1> <II = 1> <Delay = 1.56> <Storage> <Opcode : 'load'> <Ports = 0> <Width = 10> <Depth = 11> <ROM>

State 6 <SV = 4> <Delay = 6.21>
ST_6 : Operation 53 [1/1] (0.00ns)   --->   "%sext_ln22 = sext i10 %c_load" [fir.cpp:22]   --->   Operation 53 'sext' 'sext_ln22' <Predicate = true> <Delay = 0.00>
ST_6 : Operation 54 [1/1] (6.21ns)   --->   "%mul_ln22 = mul i32 %sext_ln22, i32 %shift_reg_load_1" [fir.cpp:22]   --->   Operation 54 'mul' 'mul_ln22' <Predicate = true> <Delay = 6.21> <CoreInst = "Multiplier">   --->   Core 3 'Multiplier' <Latency = 0> <II = 1> <Delay = 6.21> <FuncUnit> <Opcode : 'mul'> <InPorts = 2> <OutPorts = 1>

State 7 <SV = 5> <Delay = 3.06>
ST_7 : Operation 55 [1/1] (0.00ns)   --->   "%acc_load = load i32 %acc" [fir.cpp:22]   --->   Operation 55 'load' 'acc_load' <Predicate = true> <Delay = 0.00>
ST_7 : Operation 56 [1/1] (0.00ns)   --->   "%speclooptripcount_ln10 = speclooptripcount void @_ssdm_op_SpecLoopTripCount, i64 11, i64 11, i64 11" [fir.cpp:10]   --->   Operation 56 'speclooptripcount' 'speclooptripcount_ln10' <Predicate = true> <Delay = 0.00>
ST_7 : Operation 57 [1/1] (0.00ns)   --->   "%specloopname_ln21 = specloopname void @_ssdm_op_SpecLoopName, void @empty_2" [fir.cpp:21]   --->   Operation 57 'specloopname' 'specloopname_ln21' <Predicate = true> <Delay = 0.00>
ST_7 : Operation 58 [1/1] (1.91ns)   --->   "%acc_1 = add i32 %mul_ln22, i32 %acc_load" [fir.cpp:22]   --->   Operation 58 'add' 'acc_1' <Predicate = true> <Delay = 1.91> <CoreInst = "Adder">   --->   Core 1 'Adder' <Latency = 0> <II = 1> <Delay = 1.91> <FuncUnit> <Opcode : 'add' 'sub'> <InPorts = 2> <OutPorts = 1>
ST_7 : Operation 59 [1/1] (1.14ns)   --->   "%store_ln10 = store i32 %acc_1, i32 %acc" [fir.cpp:10]   --->   Operation 59 'store' 'store_ln10' <Predicate = true> <Delay = 1.14>
ST_7 : Operation 60 [1/1] (0.00ns)   --->   "%br_ln21 = br void %for.inc12" [fir.cpp:21]   --->   Operation 60 'br' 'br_ln21' <Predicate = true> <Delay = 0.00>


============================================================
+ Verbose Summary: Timing violations
============================================================
Target clock period: 10.000ns, clock uncertainty: 2.700ns.

 <State 1>: 1.146ns
The critical path consists of the following:
	'alloca' operation 4 bit ('i', fir.cpp:14) [5]  (0.000 ns)
	'store' operation ('store_ln14', fir.cpp:14) of constant 10 4 bit on local variable 'i', fir.cpp:14 [12]  (1.146 ns)

 <State 2>: 2.972ns
The critical path consists of the following:
	'load' operation 4 bit ('i', fir.cpp:15) on local variable 'i', fir.cpp:14 [15]  (0.000 ns)
	'add' operation 4 bit ('add_ln15', fir.cpp:15) [22]  (1.406 ns)
	'getelementptr' operation 4 bit ('shift_reg_addr', fir.cpp:15) [24]  (0.000 ns)
	'load' operation 32 bit ('shift_reg_load', fir.cpp:15) on array 'shift_reg' [25]  (1.566 ns)

 <State 3>: 3.132ns
The critical path consists of the following:
	'load' operation 32 bit ('shift_reg_load', fir.cpp:15) on array 'shift_reg' [25]  (1.566 ns)
	'store' operation ('store_ln15', fir.cpp:15) of variable 'shift_reg_load', fir.cpp:15 32 bit on array 'shift_reg' [27]  (1.566 ns)

 <State 4>: 2.552ns
The critical path consists of the following:
	'load' operation 4 bit ('i', fir.cpp:21) on local variable 'i', fir.cpp:21 [38]  (0.000 ns)
	'icmp' operation 1 bit ('icmp_ln21', fir.cpp:21) [39]  (1.406 ns)
	'store' operation ('store_ln21', fir.cpp:21) of variable 'add_ln21', fir.cpp:21 4 bit on local variable 'i', fir.cpp:21 [54]  (1.146 ns)

 <State 5>: 1.566ns
The critical path consists of the following:
	'load' operation 32 bit ('shift_reg_load_1', fir.cpp:22) on array 'shift_reg' [48]  (1.566 ns)

 <State 6>: 6.210ns
The critical path consists of the following:
	'mul' operation 32 bit ('mul_ln22', fir.cpp:22) [52]  (6.210 ns)

 <State 7>: 3.062ns
The critical path consists of the following:
	'load' operation 32 bit ('acc_load', fir.cpp:22) on local variable 'acc', fir.cpp:10 [43]  (0.000 ns)
	'add' operation 32 bit ('acc', fir.cpp:22) [53]  (1.916 ns)
	'store' operation ('store_ln10', fir.cpp:10) of variable 'acc', fir.cpp:22 32 bit on local variable 'acc', fir.cpp:10 [55]  (1.146 ns)


============================================================
+ Verbose Summary: Binding
============================================================
N/A
* FSMD analyzer results:
  - Output states:
 - Input state : 
  - Chain level:
	State 1
	State 2
	State 3
	State 4
	State 5
	State 6
	State 7


============================================================
+ Verbose Summary: Datapath Resource usage 
============================================================
N/A
