
*** Running vivado
    with args -log fir_0.vds -m64 -product Vivado -mode batch -messageDb vivado.pb -notrace -source fir_0.tcl



****** Vivado v2025.2 (64-bit)
  **** SW Build 6299465 on Fri Nov 14 19:35:11 GMT 2025
  **** IP Build 6300035 on Fri Nov 14 10:48:45 MST 2025
  **** SharedData Build 6298862 on Thu Nov 13 04:50:51 MST 2025
  **** Start of session at: Wed Jun  3 14:57:45 2026
    ** Copyright 1986-2022 Xilinx, Inc. All Rights Reserved.
    ** Copyright 2022-2025 Advanced Micro Devices, Inc. All Rights Reserved.

source fir_0.tcl -notrace
INFO: [IP_Flow 19-234] Refreshing IP repositories
INFO: [IP_Flow 19-1700] Loaded user IP repository 'c:/Users/stefa/Workspace/01-UNICAL/HLS/HLS_projects/build/project01_FIR/fir_pipeline/ip_repo'.
INFO: [IP_Flow 19-2313] Loaded Vivado IP repository 'D:/Softwares/AMD-Design/2025.2/Vivado/data/ip'.
WARNING: [IP_Flow 19-4995] The host OS only allows 260 characters in a normal path. The IP cache path is more than 80 characters. If you experience issues with IP caching, please consider changing the IP cache to a location with a shorter path. Alternately consider using the OS subst command to map part of the path to a drive letter. 
Current IP cache path is c:/Users/stefa/Workspace/01-UNICAL/HLS/HLS_projects/build/project01_FIR/fir_pipeline/vivado_prj/vivado_prj.cache/ip 
Command: synth_design -top fir_0 -part xc7z020clg484-3 -incremental_mode off -mode out_of_context
Starting synth_design
Attempting to get a license for feature 'Synthesis' and/or device 'xc7z020'
INFO: [Common 17-349] Got license for feature 'Synthesis' and/or device 'xc7z020'
INFO: [Device 21-403] Loading part xc7z020clg484-3
INFO: [Synth 8-7079] Multithreading enabled for synth_design using a maximum of 2 processes.
INFO: [Synth 8-7078] Launching helper process for spawning children vivado processes
INFO: [Synth 8-7075] Helper process launched with PID 32648
---------------------------------------------------------------------------------
Starting RTL Elaboration : Time (s): cpu = 00:00:04 ; elapsed = 00:00:05 . Memory (MB): peak = 1314.637 ; gain = 539.441
---------------------------------------------------------------------------------
INFO: [Synth 8-638] synthesizing module 'fir_0' [c:/Users/stefa/Workspace/01-UNICAL/HLS/HLS_projects/build/project01_FIR/fir_pipeline/vivado_prj/vivado_prj.gen/sources_1/ip/fir_0/synth/fir_0.vhd:70]
INFO: [Synth 8-3491] module 'fir' declared at 'c:/Users/stefa/Workspace/01-UNICAL/HLS/HLS_projects/build/project01_FIR/fir_pipeline/vivado_prj/vivado_prj.gen/sources_1/ip/fir_0/hdl/vhdl/fir.vhd:11' bound to instance 'U0' of component 'fir' [c:/Users/stefa/Workspace/01-UNICAL/HLS/HLS_projects/build/project01_FIR/fir_pipeline/vivado_prj/vivado_prj.gen/sources_1/ip/fir_0/synth/fir_0.vhd:121]
INFO: [Synth 8-638] synthesizing module 'fir' [c:/Users/stefa/Workspace/01-UNICAL/HLS/HLS_projects/build/project01_FIR/fir_pipeline/vivado_prj/vivado_prj.gen/sources_1/ip/fir_0/hdl/vhdl/fir.vhd:25]
	Parameter DataWidth bound to: 12 - type: integer 
	Parameter AddressRange bound to: 11 - type: integer 
	Parameter AddressWidth bound to: 4 - type: integer 
INFO: [Synth 8-3491] module 'fir_shift_reg_SHIFTREG_AUTO_0R0W' declared at 'c:/Users/stefa/Workspace/01-UNICAL/HLS/HLS_projects/build/project01_FIR/fir_pipeline/vivado_prj/vivado_prj.gen/sources_1/ip/fir_0/hdl/vhdl/fir_shift_reg_SHIFTREG_AUTO_0R0W.vhd:59' bound to instance 'shift_reg_U' of component 'fir_shift_reg_SHIFTREG_AUTO_0R0W' [c:/Users/stefa/Workspace/01-UNICAL/HLS/HLS_projects/build/project01_FIR/fir_pipeline/vivado_prj/vivado_prj.gen/sources_1/ip/fir_0/hdl/vhdl/fir.vhd:288]
INFO: [Synth 8-638] synthesizing module 'fir_shift_reg_SHIFTREG_AUTO_0R0W' [c:/Users/stefa/Workspace/01-UNICAL/HLS/HLS_projects/build/project01_FIR/fir_pipeline/vivado_prj/vivado_prj.gen/sources_1/ip/fir_0/hdl/vhdl/fir_shift_reg_SHIFTREG_AUTO_0R0W.vhd:74]
	Parameter DATA_WIDTH bound to: 12 - type: integer 
	Parameter ADDR_WIDTH bound to: 4 - type: integer 
	Parameter DEPTH bound to: 11 - type: integer 
INFO: [Synth 8-3491] module 'fir_shift_reg_SHIFTREG_AUTO_0R0W_core' declared at 'c:/Users/stefa/Workspace/01-UNICAL/HLS/HLS_projects/build/project01_FIR/fir_pipeline/vivado_prj/vivado_prj.gen/sources_1/ip/fir_0/hdl/vhdl/fir_shift_reg_SHIFTREG_AUTO_0R0W.vhd:13' bound to instance 'fir_shift_reg_SHIFTREG_AUTO_0R0W_core_U' of component 'fir_shift_reg_SHIFTREG_AUTO_0R0W_core' [c:/Users/stefa/Workspace/01-UNICAL/HLS/HLS_projects/build/project01_FIR/fir_pipeline/vivado_prj/vivado_prj.gen/sources_1/ip/fir_0/hdl/vhdl/fir_shift_reg_SHIFTREG_AUTO_0R0W.vhd:90]
INFO: [Synth 8-638] synthesizing module 'fir_shift_reg_SHIFTREG_AUTO_0R0W_core' [c:/Users/stefa/Workspace/01-UNICAL/HLS/HLS_projects/build/project01_FIR/fir_pipeline/vivado_prj/vivado_prj.gen/sources_1/ip/fir_0/hdl/vhdl/fir_shift_reg_SHIFTREG_AUTO_0R0W.vhd:30]
INFO: [Synth 8-256] done synthesizing module 'fir_shift_reg_SHIFTREG_AUTO_0R0W_core' (0#1) [c:/Users/stefa/Workspace/01-UNICAL/HLS/HLS_projects/build/project01_FIR/fir_pipeline/vivado_prj/vivado_prj.gen/sources_1/ip/fir_0/hdl/vhdl/fir_shift_reg_SHIFTREG_AUTO_0R0W.vhd:30]
INFO: [Synth 8-256] done synthesizing module 'fir_shift_reg_SHIFTREG_AUTO_0R0W' (0#1) [c:/Users/stefa/Workspace/01-UNICAL/HLS/HLS_projects/build/project01_FIR/fir_pipeline/vivado_prj/vivado_prj.gen/sources_1/ip/fir_0/hdl/vhdl/fir_shift_reg_SHIFTREG_AUTO_0R0W.vhd:74]
	Parameter ID bound to: 1 - type: integer 
	Parameter NUM_STAGE bound to: 1 - type: integer 
	Parameter din0_WIDTH bound to: 12 - type: integer 
	Parameter din1_WIDTH bound to: 10 - type: integer 
	Parameter dout_WIDTH bound to: 21 - type: integer 
INFO: [Synth 8-3491] module 'fir_mul_12ns_10ns_21_1_1' declared at 'c:/Users/stefa/Workspace/01-UNICAL/HLS/HLS_projects/build/project01_FIR/fir_pipeline/vivado_prj/vivado_prj.gen/sources_1/ip/fir_0/hdl/vhdl/fir_mul_12ns_10ns_21_1_1.vhd:7' bound to instance 'mul_12ns_10ns_21_1_1_U1' of component 'fir_mul_12ns_10ns_21_1_1' [c:/Users/stefa/Workspace/01-UNICAL/HLS/HLS_projects/build/project01_FIR/fir_pipeline/vivado_prj/vivado_prj.gen/sources_1/ip/fir_0/hdl/vhdl/fir.vhd:302]
INFO: [Synth 8-638] synthesizing module 'fir_mul_12ns_10ns_21_1_1' [c:/Users/stefa/Workspace/01-UNICAL/HLS/HLS_projects/build/project01_FIR/fir_pipeline/vivado_prj/vivado_prj.gen/sources_1/ip/fir_0/hdl/vhdl/fir_mul_12ns_10ns_21_1_1.vhd:23]
INFO: [Synth 8-256] done synthesizing module 'fir_mul_12ns_10ns_21_1_1' (0#1) [c:/Users/stefa/Workspace/01-UNICAL/HLS/HLS_projects/build/project01_FIR/fir_pipeline/vivado_prj/vivado_prj.gen/sources_1/ip/fir_0/hdl/vhdl/fir_mul_12ns_10ns_21_1_1.vhd:23]
	Parameter ID bound to: 1 - type: integer 
	Parameter NUM_STAGE bound to: 1 - type: integer 
	Parameter din0_WIDTH bound to: 12 - type: integer 
	Parameter din1_WIDTH bound to: 10 - type: integer 
	Parameter dout_WIDTH bound to: 21 - type: integer 
INFO: [Synth 8-3491] module 'fir_mul_12ns_10ns_21_1_1' declared at 'c:/Users/stefa/Workspace/01-UNICAL/HLS/HLS_projects/build/project01_FIR/fir_pipeline/vivado_prj/vivado_prj.gen/sources_1/ip/fir_0/hdl/vhdl/fir_mul_12ns_10ns_21_1_1.vhd:7' bound to instance 'mul_12ns_10ns_21_1_1_U2' of component 'fir_mul_12ns_10ns_21_1_1' [c:/Users/stefa/Workspace/01-UNICAL/HLS/HLS_projects/build/project01_FIR/fir_pipeline/vivado_prj/vivado_prj.gen/sources_1/ip/fir_0/hdl/vhdl/fir.vhd:314]
	Parameter ID bound to: 1 - type: integer 
	Parameter NUM_STAGE bound to: 1 - type: integer 
	Parameter din0_WIDTH bound to: 12 - type: integer 
	Parameter din1_WIDTH bound to: 8 - type: integer 
	Parameter dout_WIDTH bound to: 20 - type: integer 
INFO: [Synth 8-3491] module 'fir_mul_12ns_8s_20_1_1' declared at 'c:/Users/stefa/Workspace/01-UNICAL/HLS/HLS_projects/build/project01_FIR/fir_pipeline/vivado_prj/vivado_prj.gen/sources_1/ip/fir_0/hdl/vhdl/fir_mul_12ns_8s_20_1_1.vhd:7' bound to instance 'mul_12ns_8s_20_1_1_U3' of component 'fir_mul_12ns_8s_20_1_1' [c:/Users/stefa/Workspace/01-UNICAL/HLS/HLS_projects/build/project01_FIR/fir_pipeline/vivado_prj/vivado_prj.gen/sources_1/ip/fir_0/hdl/vhdl/fir.vhd:326]
INFO: [Synth 8-638] synthesizing module 'fir_mul_12ns_8s_20_1_1' [c:/Users/stefa/Workspace/01-UNICAL/HLS/HLS_projects/build/project01_FIR/fir_pipeline/vivado_prj/vivado_prj.gen/sources_1/ip/fir_0/hdl/vhdl/fir_mul_12ns_8s_20_1_1.vhd:23]
INFO: [Synth 8-256] done synthesizing module 'fir_mul_12ns_8s_20_1_1' (0#1) [c:/Users/stefa/Workspace/01-UNICAL/HLS/HLS_projects/build/project01_FIR/fir_pipeline/vivado_prj/vivado_prj.gen/sources_1/ip/fir_0/hdl/vhdl/fir_mul_12ns_8s_20_1_1.vhd:23]
	Parameter ID bound to: 1 - type: integer 
	Parameter NUM_STAGE bound to: 4 - type: integer 
	Parameter din0_WIDTH bound to: 12 - type: integer 
	Parameter din1_WIDTH bound to: 6 - type: integer 
	Parameter din2_WIDTH bound to: 20 - type: integer 
	Parameter dout_WIDTH bound to: 20 - type: integer 
INFO: [Synth 8-3491] module 'fir_mac_muladd_12ns_6ns_20s_20_4_1' declared at 'c:/Users/stefa/Workspace/01-UNICAL/HLS/HLS_projects/build/project01_FIR/fir_pipeline/vivado_prj/vivado_prj.gen/sources_1/ip/fir_0/hdl/vhdl/fir_mac_muladd_12ns_6ns_20s_20_4_1.vhd:59' bound to instance 'mac_muladd_12ns_6ns_20s_20_4_1_U4' of component 'fir_mac_muladd_12ns_6ns_20s_20_4_1' [c:/Users/stefa/Workspace/01-UNICAL/HLS/HLS_projects/build/project01_FIR/fir_pipeline/vivado_prj/vivado_prj.gen/sources_1/ip/fir_0/hdl/vhdl/fir.vhd:338]
INFO: [Synth 8-638] synthesizing module 'fir_mac_muladd_12ns_6ns_20s_20_4_1' [c:/Users/stefa/Workspace/01-UNICAL/HLS/HLS_projects/build/project01_FIR/fir_pipeline/vivado_prj/vivado_prj.gen/sources_1/ip/fir_0/hdl/vhdl/fir_mac_muladd_12ns_6ns_20s_20_4_1.vhd:77]
INFO: [Synth 8-3491] module 'fir_mac_muladd_12ns_6ns_20s_20_4_1_DSP48_0' declared at 'c:/Users/stefa/Workspace/01-UNICAL/HLS/HLS_projects/build/project01_FIR/fir_pipeline/vivado_prj/vivado_prj.gen/sources_1/ip/fir_0/hdl/vhdl/fir_mac_muladd_12ns_6ns_20s_20_4_1.vhd:10' bound to instance 'fir_mac_muladd_12ns_6ns_20s_20_4_1_DSP48_0_U' of component 'fir_mac_muladd_12ns_6ns_20s_20_4_1_DSP48_0' [c:/Users/stefa/Workspace/01-UNICAL/HLS/HLS_projects/build/project01_FIR/fir_pipeline/vivado_prj/vivado_prj.gen/sources_1/ip/fir_0/hdl/vhdl/fir_mac_muladd_12ns_6ns_20s_20_4_1.vhd:92]
INFO: [Synth 8-638] synthesizing module 'fir_mac_muladd_12ns_6ns_20s_20_4_1_DSP48_0' [c:/Users/stefa/Workspace/01-UNICAL/HLS/HLS_projects/build/project01_FIR/fir_pipeline/vivado_prj/vivado_prj.gen/sources_1/ip/fir_0/hdl/vhdl/fir_mac_muladd_12ns_6ns_20s_20_4_1.vhd:22]
INFO: [Synth 8-256] done synthesizing module 'fir_mac_muladd_12ns_6ns_20s_20_4_1_DSP48_0' (0#1) [c:/Users/stefa/Workspace/01-UNICAL/HLS/HLS_projects/build/project01_FIR/fir_pipeline/vivado_prj/vivado_prj.gen/sources_1/ip/fir_0/hdl/vhdl/fir_mac_muladd_12ns_6ns_20s_20_4_1.vhd:22]
INFO: [Synth 8-256] done synthesizing module 'fir_mac_muladd_12ns_6ns_20s_20_4_1' (0#1) [c:/Users/stefa/Workspace/01-UNICAL/HLS/HLS_projects/build/project01_FIR/fir_pipeline/vivado_prj/vivado_prj.gen/sources_1/ip/fir_0/hdl/vhdl/fir_mac_muladd_12ns_6ns_20s_20_4_1.vhd:77]
	Parameter ID bound to: 1 - type: integer 
	Parameter NUM_STAGE bound to: 4 - type: integer 
	Parameter din0_WIDTH bound to: 12 - type: integer 
	Parameter din1_WIDTH bound to: 9 - type: integer 
	Parameter din2_WIDTH bound to: 21 - type: integer 
	Parameter dout_WIDTH bound to: 22 - type: integer 
INFO: [Synth 8-3491] module 'fir_mac_muladd_12ns_9ns_21ns_22_4_1' declared at 'c:/Users/stefa/Workspace/01-UNICAL/HLS/HLS_projects/build/project01_FIR/fir_pipeline/vivado_prj/vivado_prj.gen/sources_1/ip/fir_0/hdl/vhdl/fir_mac_muladd_12ns_9ns_21ns_22_4_1.vhd:59' bound to instance 'mac_muladd_12ns_9ns_21ns_22_4_1_U5' of component 'fir_mac_muladd_12ns_9ns_21ns_22_4_1' [c:/Users/stefa/Workspace/01-UNICAL/HLS/HLS_projects/build/project01_FIR/fir_pipeline/vivado_prj/vivado_prj.gen/sources_1/ip/fir_0/hdl/vhdl/fir.vhd:355]
INFO: [Synth 8-638] synthesizing module 'fir_mac_muladd_12ns_9ns_21ns_22_4_1' [c:/Users/stefa/Workspace/01-UNICAL/HLS/HLS_projects/build/project01_FIR/fir_pipeline/vivado_prj/vivado_prj.gen/sources_1/ip/fir_0/hdl/vhdl/fir_mac_muladd_12ns_9ns_21ns_22_4_1.vhd:77]
INFO: [Synth 8-3491] module 'fir_mac_muladd_12ns_9ns_21ns_22_4_1_DSP48_0' declared at 'c:/Users/stefa/Workspace/01-UNICAL/HLS/HLS_projects/build/project01_FIR/fir_pipeline/vivado_prj/vivado_prj.gen/sources_1/ip/fir_0/hdl/vhdl/fir_mac_muladd_12ns_9ns_21ns_22_4_1.vhd:10' bound to instance 'fir_mac_muladd_12ns_9ns_21ns_22_4_1_DSP48_0_U' of component 'fir_mac_muladd_12ns_9ns_21ns_22_4_1_DSP48_0' [c:/Users/stefa/Workspace/01-UNICAL/HLS/HLS_projects/build/project01_FIR/fir_pipeline/vivado_prj/vivado_prj.gen/sources_1/ip/fir_0/hdl/vhdl/fir_mac_muladd_12ns_9ns_21ns_22_4_1.vhd:92]
INFO: [Synth 8-638] synthesizing module 'fir_mac_muladd_12ns_9ns_21ns_22_4_1_DSP48_0' [c:/Users/stefa/Workspace/01-UNICAL/HLS/HLS_projects/build/project01_FIR/fir_pipeline/vivado_prj/vivado_prj.gen/sources_1/ip/fir_0/hdl/vhdl/fir_mac_muladd_12ns_9ns_21ns_22_4_1.vhd:22]
INFO: [Synth 8-256] done synthesizing module 'fir_mac_muladd_12ns_9ns_21ns_22_4_1_DSP48_0' (0#1) [c:/Users/stefa/Workspace/01-UNICAL/HLS/HLS_projects/build/project01_FIR/fir_pipeline/vivado_prj/vivado_prj.gen/sources_1/ip/fir_0/hdl/vhdl/fir_mac_muladd_12ns_9ns_21ns_22_4_1.vhd:22]
INFO: [Synth 8-256] done synthesizing module 'fir_mac_muladd_12ns_9ns_21ns_22_4_1' (0#1) [c:/Users/stefa/Workspace/01-UNICAL/HLS/HLS_projects/build/project01_FIR/fir_pipeline/vivado_prj/vivado_prj.gen/sources_1/ip/fir_0/hdl/vhdl/fir_mac_muladd_12ns_9ns_21ns_22_4_1.vhd:77]
	Parameter ID bound to: 1 - type: integer 
	Parameter NUM_STAGE bound to: 4 - type: integer 
	Parameter din0_WIDTH bound to: 12 - type: integer 
	Parameter din1_WIDTH bound to: 8 - type: integer 
	Parameter din2_WIDTH bound to: 20 - type: integer 
	Parameter dout_WIDTH bound to: 21 - type: integer 
INFO: [Synth 8-3491] module 'fir_mac_muladd_12ns_8s_20s_21_4_1' declared at 'c:/Users/stefa/Workspace/01-UNICAL/HLS/HLS_projects/build/project01_FIR/fir_pipeline/vivado_prj/vivado_prj.gen/sources_1/ip/fir_0/hdl/vhdl/fir_mac_muladd_12ns_8s_20s_21_4_1.vhd:59' bound to instance 'mac_muladd_12ns_8s_20s_21_4_1_U6' of component 'fir_mac_muladd_12ns_8s_20s_21_4_1' [c:/Users/stefa/Workspace/01-UNICAL/HLS/HLS_projects/build/project01_FIR/fir_pipeline/vivado_prj/vivado_prj.gen/sources_1/ip/fir_0/hdl/vhdl/fir.vhd:372]
INFO: [Synth 8-638] synthesizing module 'fir_mac_muladd_12ns_8s_20s_21_4_1' [c:/Users/stefa/Workspace/01-UNICAL/HLS/HLS_projects/build/project01_FIR/fir_pipeline/vivado_prj/vivado_prj.gen/sources_1/ip/fir_0/hdl/vhdl/fir_mac_muladd_12ns_8s_20s_21_4_1.vhd:77]
INFO: [Synth 8-3491] module 'fir_mac_muladd_12ns_8s_20s_21_4_1_DSP48_0' declared at 'c:/Users/stefa/Workspace/01-UNICAL/HLS/HLS_projects/build/project01_FIR/fir_pipeline/vivado_prj/vivado_prj.gen/sources_1/ip/fir_0/hdl/vhdl/fir_mac_muladd_12ns_8s_20s_21_4_1.vhd:10' bound to instance 'fir_mac_muladd_12ns_8s_20s_21_4_1_DSP48_0_U' of component 'fir_mac_muladd_12ns_8s_20s_21_4_1_DSP48_0' [c:/Users/stefa/Workspace/01-UNICAL/HLS/HLS_projects/build/project01_FIR/fir_pipeline/vivado_prj/vivado_prj.gen/sources_1/ip/fir_0/hdl/vhdl/fir_mac_muladd_12ns_8s_20s_21_4_1.vhd:92]
INFO: [Synth 8-638] synthesizing module 'fir_mac_muladd_12ns_8s_20s_21_4_1_DSP48_0' [c:/Users/stefa/Workspace/01-UNICAL/HLS/HLS_projects/build/project01_FIR/fir_pipeline/vivado_prj/vivado_prj.gen/sources_1/ip/fir_0/hdl/vhdl/fir_mac_muladd_12ns_8s_20s_21_4_1.vhd:22]
INFO: [Synth 8-256] done synthesizing module 'fir_mac_muladd_12ns_8s_20s_21_4_1_DSP48_0' (0#1) [c:/Users/stefa/Workspace/01-UNICAL/HLS/HLS_projects/build/project01_FIR/fir_pipeline/vivado_prj/vivado_prj.gen/sources_1/ip/fir_0/hdl/vhdl/fir_mac_muladd_12ns_8s_20s_21_4_1.vhd:22]
INFO: [Synth 8-256] done synthesizing module 'fir_mac_muladd_12ns_8s_20s_21_4_1' (0#1) [c:/Users/stefa/Workspace/01-UNICAL/HLS/HLS_projects/build/project01_FIR/fir_pipeline/vivado_prj/vivado_prj.gen/sources_1/ip/fir_0/hdl/vhdl/fir_mac_muladd_12ns_8s_20s_21_4_1.vhd:77]
	Parameter ID bound to: 1 - type: integer 
	Parameter NUM_STAGE bound to: 4 - type: integer 
	Parameter din0_WIDTH bound to: 12 - type: integer 
	Parameter din1_WIDTH bound to: 6 - type: integer 
	Parameter din2_WIDTH bound to: 21 - type: integer 
	Parameter dout_WIDTH bound to: 21 - type: integer 
INFO: [Synth 8-3491] module 'fir_mac_muladd_12ns_6ns_21s_21_4_1' declared at 'c:/Users/stefa/Workspace/01-UNICAL/HLS/HLS_projects/build/project01_FIR/fir_pipeline/vivado_prj/vivado_prj.gen/sources_1/ip/fir_0/hdl/vhdl/fir_mac_muladd_12ns_6ns_21s_21_4_1.vhd:59' bound to instance 'mac_muladd_12ns_6ns_21s_21_4_1_U7' of component 'fir_mac_muladd_12ns_6ns_21s_21_4_1' [c:/Users/stefa/Workspace/01-UNICAL/HLS/HLS_projects/build/project01_FIR/fir_pipeline/vivado_prj/vivado_prj.gen/sources_1/ip/fir_0/hdl/vhdl/fir.vhd:389]
INFO: [Synth 8-638] synthesizing module 'fir_mac_muladd_12ns_6ns_21s_21_4_1' [c:/Users/stefa/Workspace/01-UNICAL/HLS/HLS_projects/build/project01_FIR/fir_pipeline/vivado_prj/vivado_prj.gen/sources_1/ip/fir_0/hdl/vhdl/fir_mac_muladd_12ns_6ns_21s_21_4_1.vhd:77]
INFO: [Synth 8-3491] module 'fir_mac_muladd_12ns_6ns_21s_21_4_1_DSP48_0' declared at 'c:/Users/stefa/Workspace/01-UNICAL/HLS/HLS_projects/build/project01_FIR/fir_pipeline/vivado_prj/vivado_prj.gen/sources_1/ip/fir_0/hdl/vhdl/fir_mac_muladd_12ns_6ns_21s_21_4_1.vhd:10' bound to instance 'fir_mac_muladd_12ns_6ns_21s_21_4_1_DSP48_0_U' of component 'fir_mac_muladd_12ns_6ns_21s_21_4_1_DSP48_0' [c:/Users/stefa/Workspace/01-UNICAL/HLS/HLS_projects/build/project01_FIR/fir_pipeline/vivado_prj/vivado_prj.gen/sources_1/ip/fir_0/hdl/vhdl/fir_mac_muladd_12ns_6ns_21s_21_4_1.vhd:92]
INFO: [Synth 8-638] synthesizing module 'fir_mac_muladd_12ns_6ns_21s_21_4_1_DSP48_0' [c:/Users/stefa/Workspace/01-UNICAL/HLS/HLS_projects/build/project01_FIR/fir_pipeline/vivado_prj/vivado_prj.gen/sources_1/ip/fir_0/hdl/vhdl/fir_mac_muladd_12ns_6ns_21s_21_4_1.vhd:22]
INFO: [Synth 8-256] done synthesizing module 'fir_mac_muladd_12ns_6ns_21s_21_4_1_DSP48_0' (0#1) [c:/Users/stefa/Workspace/01-UNICAL/HLS/HLS_projects/build/project01_FIR/fir_pipeline/vivado_prj/vivado_prj.gen/sources_1/ip/fir_0/hdl/vhdl/fir_mac_muladd_12ns_6ns_21s_21_4_1.vhd:22]
INFO: [Synth 8-256] done synthesizing module 'fir_mac_muladd_12ns_6ns_21s_21_4_1' (0#1) [c:/Users/stefa/Workspace/01-UNICAL/HLS/HLS_projects/build/project01_FIR/fir_pipeline/vivado_prj/vivado_prj.gen/sources_1/ip/fir_0/hdl/vhdl/fir_mac_muladd_12ns_6ns_21s_21_4_1.vhd:77]
INFO: [Synth 8-256] done synthesizing module 'fir' (0#1) [c:/Users/stefa/Workspace/01-UNICAL/HLS/HLS_projects/build/project01_FIR/fir_pipeline/vivado_prj/vivado_prj.gen/sources_1/ip/fir_0/hdl/vhdl/fir.vhd:25]
INFO: [Synth 8-256] done synthesizing module 'fir_0' (0#1) [c:/Users/stefa/Workspace/01-UNICAL/HLS/HLS_projects/build/project01_FIR/fir_pipeline/vivado_prj/vivado_prj.gen/sources_1/ip/fir_0/synth/fir_0.vhd:70]
INFO: [Synth 8-4490] FSM extraction disabled for register 'ap_CS_fsm_reg' through user attribute
INFO: [Synth 8-7129] Port rst in module fir_mac_muladd_12ns_6ns_21s_21_4_1_DSP48_0 is either unconnected or has no load
INFO: [Synth 8-7129] Port rst in module fir_mac_muladd_12ns_8s_20s_21_4_1_DSP48_0 is either unconnected or has no load
INFO: [Synth 8-7129] Port rst in module fir_mac_muladd_12ns_9ns_21ns_22_4_1_DSP48_0 is either unconnected or has no load
INFO: [Synth 8-7129] Port rst in module fir_mac_muladd_12ns_6ns_20s_20_4_1_DSP48_0 is either unconnected or has no load
INFO: [Synth 8-7129] Port reset in module fir_shift_reg_SHIFTREG_AUTO_0R0W is either unconnected or has no load
INFO: [Synth 8-7129] Port ce0 in module fir_shift_reg_SHIFTREG_AUTO_0R0W is either unconnected or has no load
---------------------------------------------------------------------------------
Finished RTL Elaboration : Time (s): cpu = 00:00:06 ; elapsed = 00:00:07 . Memory (MB): peak = 1435.113 ; gain = 659.918
---------------------------------------------------------------------------------
---------------------------------------------------------------------------------
Start Handling Custom Attributes
---------------------------------------------------------------------------------
---------------------------------------------------------------------------------
Finished Handling Custom Attributes : Time (s): cpu = 00:00:06 ; elapsed = 00:00:07 . Memory (MB): peak = 1435.113 ; gain = 659.918
---------------------------------------------------------------------------------
---------------------------------------------------------------------------------
Finished RTL Optimization Phase 1 : Time (s): cpu = 00:00:06 ; elapsed = 00:00:07 . Memory (MB): peak = 1435.113 ; gain = 659.918
---------------------------------------------------------------------------------
Netlist sorting complete. Time (s): cpu = 00:00:00 ; elapsed = 00:00:00.013 . Memory (MB): peak = 1435.113 ; gain = 0.000
INFO: [Project 1-570] Preparing netlist for logic optimization

Processing XDC Constraints
Initializing timing engine
Parsing XDC File [c:/Users/stefa/Workspace/01-UNICAL/HLS/HLS_projects/build/project01_FIR/fir_pipeline/vivado_prj/vivado_prj.gen/sources_1/ip/fir_0/constraints/fir_ooc.xdc] for cell 'U0'
Finished Parsing XDC File [c:/Users/stefa/Workspace/01-UNICAL/HLS/HLS_projects/build/project01_FIR/fir_pipeline/vivado_prj/vivado_prj.gen/sources_1/ip/fir_0/constraints/fir_ooc.xdc] for cell 'U0'
Parsing XDC File [C:/Users/stefa/Workspace/01-UNICAL/HLS/HLS_projects/build/project01_FIR/fir_pipeline/vivado_prj/vivado_prj.runs/fir_0_synth_1/dont_touch.xdc]
Finished Parsing XDC File [C:/Users/stefa/Workspace/01-UNICAL/HLS/HLS_projects/build/project01_FIR/fir_pipeline/vivado_prj/vivado_prj.runs/fir_0_synth_1/dont_touch.xdc]
Completed Processing XDC Constraints

Netlist sorting complete. Time (s): cpu = 00:00:00 ; elapsed = 00:00:00 . Memory (MB): peak = 1512.105 ; gain = 0.000
INFO: [Project 1-111] Unisim Transformation Summary:
No Unisim elements were transformed.

Constraint Validation Runtime : Time (s): cpu = 00:00:00 ; elapsed = 00:00:00.024 . Memory (MB): peak = 1512.105 ; gain = 0.000
INFO: [Designutils 20-5008] Incremental synthesis strategy off
---------------------------------------------------------------------------------
Finished Constraint Validation : Time (s): cpu = 00:00:12 ; elapsed = 00:00:14 . Memory (MB): peak = 1512.105 ; gain = 736.910
---------------------------------------------------------------------------------
---------------------------------------------------------------------------------
Start Loading Part and Timing Information
---------------------------------------------------------------------------------
Loading part: xc7z020clg484-3
---------------------------------------------------------------------------------
Finished Loading Part and Timing Information : Time (s): cpu = 00:00:12 ; elapsed = 00:00:14 . Memory (MB): peak = 1512.105 ; gain = 736.910
---------------------------------------------------------------------------------
---------------------------------------------------------------------------------
Start Applying 'set_property' XDC Constraints
---------------------------------------------------------------------------------
---------------------------------------------------------------------------------
Finished applying 'set_property' XDC Constraints : Time (s): cpu = 00:00:12 ; elapsed = 00:00:14 . Memory (MB): peak = 1512.105 ; gain = 736.910
---------------------------------------------------------------------------------
INFO: [Synth 8-3936] Found unconnected internal register 'p_reg_reg' and it is trimmed from '48' to '20' bits. [c:/Users/stefa/Workspace/01-UNICAL/HLS/HLS_projects/build/project01_FIR/fir_pipeline/vivado_prj/vivado_prj.gen/sources_1/ip/fir_0/hdl/vhdl/fir_mac_muladd_12ns_6ns_20s_20_4_1.vhd:47]
INFO: [Synth 8-3936] Found unconnected internal register 'm_reg_reg' and it is trimmed from '43' to '20' bits. [c:/Users/stefa/Workspace/01-UNICAL/HLS/HLS_projects/build/project01_FIR/fir_pipeline/vivado_prj/vivado_prj.gen/sources_1/ip/fir_0/hdl/vhdl/fir_mac_muladd_12ns_6ns_20s_20_4_1.vhd:40]
INFO: [Synth 8-3936] Found unconnected internal register 'a_reg_reg' and it is trimmed from '25' to '20' bits. [c:/Users/stefa/Workspace/01-UNICAL/HLS/HLS_projects/build/project01_FIR/fir_pipeline/vivado_prj/vivado_prj.gen/sources_1/ip/fir_0/hdl/vhdl/fir_mac_muladd_12ns_6ns_20s_20_4_1.vhd:39]
INFO: [Synth 8-3936] Found unconnected internal register 'p_reg_reg' and it is trimmed from '48' to '22' bits. [c:/Users/stefa/Workspace/01-UNICAL/HLS/HLS_projects/build/project01_FIR/fir_pipeline/vivado_prj/vivado_prj.gen/sources_1/ip/fir_0/hdl/vhdl/fir_mac_muladd_12ns_9ns_21ns_22_4_1.vhd:47]
INFO: [Synth 8-3936] Found unconnected internal register 'm_reg_reg' and it is trimmed from '43' to '22' bits. [c:/Users/stefa/Workspace/01-UNICAL/HLS/HLS_projects/build/project01_FIR/fir_pipeline/vivado_prj/vivado_prj.gen/sources_1/ip/fir_0/hdl/vhdl/fir_mac_muladd_12ns_9ns_21ns_22_4_1.vhd:40]
INFO: [Synth 8-3936] Found unconnected internal register 'a_reg_reg' and it is trimmed from '25' to '22' bits. [c:/Users/stefa/Workspace/01-UNICAL/HLS/HLS_projects/build/project01_FIR/fir_pipeline/vivado_prj/vivado_prj.gen/sources_1/ip/fir_0/hdl/vhdl/fir_mac_muladd_12ns_9ns_21ns_22_4_1.vhd:39]
INFO: [Synth 8-3936] Found unconnected internal register 'p_reg_reg' and it is trimmed from '48' to '21' bits. [c:/Users/stefa/Workspace/01-UNICAL/HLS/HLS_projects/build/project01_FIR/fir_pipeline/vivado_prj/vivado_prj.gen/sources_1/ip/fir_0/hdl/vhdl/fir_mac_muladd_12ns_8s_20s_21_4_1.vhd:47]
INFO: [Synth 8-3936] Found unconnected internal register 'm_reg_reg' and it is trimmed from '43' to '21' bits. [c:/Users/stefa/Workspace/01-UNICAL/HLS/HLS_projects/build/project01_FIR/fir_pipeline/vivado_prj/vivado_prj.gen/sources_1/ip/fir_0/hdl/vhdl/fir_mac_muladd_12ns_8s_20s_21_4_1.vhd:40]
INFO: [Synth 8-3936] Found unconnected internal register 'a_reg_reg' and it is trimmed from '25' to '21' bits. [c:/Users/stefa/Workspace/01-UNICAL/HLS/HLS_projects/build/project01_FIR/fir_pipeline/vivado_prj/vivado_prj.gen/sources_1/ip/fir_0/hdl/vhdl/fir_mac_muladd_12ns_8s_20s_21_4_1.vhd:39]
INFO: [Synth 8-3936] Found unconnected internal register 'p_reg_reg' and it is trimmed from '48' to '21' bits. [c:/Users/stefa/Workspace/01-UNICAL/HLS/HLS_projects/build/project01_FIR/fir_pipeline/vivado_prj/vivado_prj.gen/sources_1/ip/fir_0/hdl/vhdl/fir_mac_muladd_12ns_6ns_21s_21_4_1.vhd:47]
INFO: [Synth 8-3936] Found unconnected internal register 'm_reg_reg' and it is trimmed from '43' to '21' bits. [c:/Users/stefa/Workspace/01-UNICAL/HLS/HLS_projects/build/project01_FIR/fir_pipeline/vivado_prj/vivado_prj.gen/sources_1/ip/fir_0/hdl/vhdl/fir_mac_muladd_12ns_6ns_21s_21_4_1.vhd:40]
INFO: [Synth 8-3936] Found unconnected internal register 'a_reg_reg' and it is trimmed from '25' to '21' bits. [c:/Users/stefa/Workspace/01-UNICAL/HLS/HLS_projects/build/project01_FIR/fir_pipeline/vivado_prj/vivado_prj.gen/sources_1/ip/fir_0/hdl/vhdl/fir_mac_muladd_12ns_6ns_21s_21_4_1.vhd:39]
INFO: [Synth 8-4490] FSM extraction disabled for register 'ap_CS_fsm_reg' through user attribute
INFO: [Synth 8-4490] FSM extraction disabled for register 'ap_CS_fsm_reg' through user attribute
---------------------------------------------------------------------------------
Finished RTL Optimization Phase 2 : Time (s): cpu = 00:00:12 ; elapsed = 00:00:14 . Memory (MB): peak = 1512.105 ; gain = 736.910
---------------------------------------------------------------------------------
INFO: [Synth 8-223] decloning instance 'U0/mul_12ns_10ns_21_1_1_U1' (fir_mul_12ns_10ns_21_1_1) to 'U0/mul_12ns_10ns_21_1_1_U2'
---------------------------------------------------------------------------------
Start RTL Component Statistics 
---------------------------------------------------------------------------------
Detailed RTL Component Info : 
+---Adders : 
	   3 Input   24 Bit       Adders := 1     
+---Registers : 
	               22 Bit    Registers := 1     
	               21 Bit    Registers := 3     
	               20 Bit    Registers := 1     
	               18 Bit    Registers := 4     
	               12 Bit    Registers := 3     
	                8 Bit    Registers := 1     
	                1 Bit    Registers := 2     
+---Muxes : 
	   2 Input   12 Bit        Muxes := 1     
	   2 Input    4 Bit        Muxes := 1     
	   2 Input    2 Bit        Muxes := 1     
	   2 Input    1 Bit        Muxes := 2     
---------------------------------------------------------------------------------
Finished RTL Component Statistics 
---------------------------------------------------------------------------------
---------------------------------------------------------------------------------
Start Part Resource Summary
---------------------------------------------------------------------------------
Part Resources:
DSPs: 220 (col length:60)
BRAMs: 280 (col length: RAMB18 60 RAMB36 30)
---------------------------------------------------------------------------------
Finished Part Resource Summary
---------------------------------------------------------------------------------
---------------------------------------------------------------------------------
Start Cross Boundary and Area Optimization
---------------------------------------------------------------------------------
DSP Report: Generating DSP mac_muladd_12ns_9ns_21ns_22_4_1_U5/fir_mac_muladd_12ns_9ns_21ns_22_4_1_DSP48_0_U/m_reg_reg, operation Mode is: (A''*(B:0x1f4)')'.
DSP Report: register mac_muladd_12ns_9ns_21ns_22_4_1_U5/fir_mac_muladd_12ns_9ns_21ns_22_4_1_DSP48_0_U/b_reg_reg is absorbed into DSP mac_muladd_12ns_9ns_21ns_22_4_1_U5/fir_mac_muladd_12ns_9ns_21ns_22_4_1_DSP48_0_U/m_reg_reg.
DSP Report: register mac_muladd_12ns_9ns_21ns_22_4_1_U5/fir_mac_muladd_12ns_9ns_21ns_22_4_1_DSP48_0_U/m_reg_reg is absorbed into DSP mac_muladd_12ns_9ns_21ns_22_4_1_U5/fir_mac_muladd_12ns_9ns_21ns_22_4_1_DSP48_0_U/m_reg_reg.
DSP Report: register mac_muladd_12ns_9ns_21ns_22_4_1_U5/fir_mac_muladd_12ns_9ns_21ns_22_4_1_DSP48_0_U/m_reg_reg is absorbed into DSP mac_muladd_12ns_9ns_21ns_22_4_1_U5/fir_mac_muladd_12ns_9ns_21ns_22_4_1_DSP48_0_U/m_reg_reg.
DSP Report: register mac_muladd_12ns_9ns_21ns_22_4_1_U5/fir_mac_muladd_12ns_9ns_21ns_22_4_1_DSP48_0_U/m_reg_reg is absorbed into DSP mac_muladd_12ns_9ns_21ns_22_4_1_U5/fir_mac_muladd_12ns_9ns_21ns_22_4_1_DSP48_0_U/m_reg_reg.
DSP Report: operator mac_muladd_12ns_9ns_21ns_22_4_1_U5/fir_mac_muladd_12ns_9ns_21ns_22_4_1_DSP48_0_U/m is absorbed into DSP mac_muladd_12ns_9ns_21ns_22_4_1_U5/fir_mac_muladd_12ns_9ns_21ns_22_4_1_DSP48_0_U/m_reg_reg.
DSP Report: Generating DSP mac_muladd_12ns_9ns_21ns_22_4_1_U5/fir_mac_muladd_12ns_9ns_21ns_22_4_1_DSP48_0_U/p_reg_reg, operation Mode is: (PCIN+(A*(B:0x139))')'.
DSP Report: register mac_muladd_12ns_9ns_21ns_22_4_1_U5/fir_mac_muladd_12ns_9ns_21ns_22_4_1_DSP48_0_U/p_reg_reg is absorbed into DSP mac_muladd_12ns_9ns_21ns_22_4_1_U5/fir_mac_muladd_12ns_9ns_21ns_22_4_1_DSP48_0_U/p_reg_reg.
DSP Report: register mul_ln22_1_reg_274_reg is absorbed into DSP mac_muladd_12ns_9ns_21ns_22_4_1_U5/fir_mac_muladd_12ns_9ns_21ns_22_4_1_DSP48_0_U/p_reg_reg.
DSP Report: operator mac_muladd_12ns_9ns_21ns_22_4_1_U5/fir_mac_muladd_12ns_9ns_21ns_22_4_1_DSP48_0_U/p is absorbed into DSP mac_muladd_12ns_9ns_21ns_22_4_1_U5/fir_mac_muladd_12ns_9ns_21ns_22_4_1_DSP48_0_U/p_reg_reg.
DSP Report: operator mul_12ns_10ns_21_1_1_U1/tmp_product is absorbed into DSP mac_muladd_12ns_9ns_21ns_22_4_1_U5/fir_mac_muladd_12ns_9ns_21ns_22_4_1_DSP48_0_U/p_reg_reg.
DSP Report: Generating DSP mac_muladd_12ns_6ns_20s_20_4_1_U4/fir_mac_muladd_12ns_6ns_20s_20_4_1_DSP48_0_U/m_reg_reg, operation Mode is: (A''*(B:0x35)')'.
DSP Report: register mac_muladd_12ns_6ns_20s_20_4_1_U4/fir_mac_muladd_12ns_6ns_20s_20_4_1_DSP48_0_U/b_reg_reg is absorbed into DSP mac_muladd_12ns_6ns_20s_20_4_1_U4/fir_mac_muladd_12ns_6ns_20s_20_4_1_DSP48_0_U/m_reg_reg.
DSP Report: register mac_muladd_12ns_6ns_20s_20_4_1_U4/fir_mac_muladd_12ns_6ns_20s_20_4_1_DSP48_0_U/m_reg_reg is absorbed into DSP mac_muladd_12ns_6ns_20s_20_4_1_U4/fir_mac_muladd_12ns_6ns_20s_20_4_1_DSP48_0_U/m_reg_reg.
DSP Report: register mac_muladd_12ns_6ns_20s_20_4_1_U4/fir_mac_muladd_12ns_6ns_20s_20_4_1_DSP48_0_U/m_reg_reg is absorbed into DSP mac_muladd_12ns_6ns_20s_20_4_1_U4/fir_mac_muladd_12ns_6ns_20s_20_4_1_DSP48_0_U/m_reg_reg.
DSP Report: register mac_muladd_12ns_6ns_20s_20_4_1_U4/fir_mac_muladd_12ns_6ns_20s_20_4_1_DSP48_0_U/m_reg_reg is absorbed into DSP mac_muladd_12ns_6ns_20s_20_4_1_U4/fir_mac_muladd_12ns_6ns_20s_20_4_1_DSP48_0_U/m_reg_reg.
DSP Report: operator mac_muladd_12ns_6ns_20s_20_4_1_U4/fir_mac_muladd_12ns_6ns_20s_20_4_1_DSP48_0_U/m is absorbed into DSP mac_muladd_12ns_6ns_20s_20_4_1_U4/fir_mac_muladd_12ns_6ns_20s_20_4_1_DSP48_0_U/m_reg_reg.
DSP Report: Generating DSP mac_muladd_12ns_6ns_20s_20_4_1_U4/fir_mac_muladd_12ns_6ns_20s_20_4_1_DSP48_0_U/p_reg_reg, operation Mode is: PCIN+A*(B:0x3ffa5).
DSP Report: register mac_muladd_12ns_6ns_20s_20_4_1_U4/fir_mac_muladd_12ns_6ns_20s_20_4_1_DSP48_0_U/p_reg_reg is absorbed into DSP mac_muladd_12ns_6ns_20s_20_4_1_U4/fir_mac_muladd_12ns_6ns_20s_20_4_1_DSP48_0_U/p_reg_reg.
DSP Report: operator mac_muladd_12ns_6ns_20s_20_4_1_U4/fir_mac_muladd_12ns_6ns_20s_20_4_1_DSP48_0_U/p is absorbed into DSP mac_muladd_12ns_6ns_20s_20_4_1_U4/fir_mac_muladd_12ns_6ns_20s_20_4_1_DSP48_0_U/p_reg_reg.
DSP Report: operator mul_12ns_8s_20_1_1_U3/tmp_product is absorbed into DSP mac_muladd_12ns_6ns_20s_20_4_1_U4/fir_mac_muladd_12ns_6ns_20s_20_4_1_DSP48_0_U/p_reg_reg.
DSP Report: Generating DSP mac_muladd_12ns_8s_20s_21_4_1_U6/fir_mac_muladd_12ns_8s_20s_21_4_1_DSP48_0_U/p_reg_reg, operation Mode is: (C'+(A''*(B:0x3ffa5)')')'.
DSP Report: register mac_muladd_12ns_8s_20s_21_4_1_U6/fir_mac_muladd_12ns_8s_20s_21_4_1_DSP48_0_U/b_reg_reg is absorbed into DSP mac_muladd_12ns_8s_20s_21_4_1_U6/fir_mac_muladd_12ns_8s_20s_21_4_1_DSP48_0_U/p_reg_reg.
DSP Report: register mac_muladd_12ns_8s_20s_21_4_1_U6/fir_mac_muladd_12ns_8s_20s_21_4_1_DSP48_0_U/p_reg_reg is absorbed into DSP mac_muladd_12ns_8s_20s_21_4_1_U6/fir_mac_muladd_12ns_8s_20s_21_4_1_DSP48_0_U/p_reg_reg.
DSP Report: register mac_muladd_12ns_8s_20s_21_4_1_U6/fir_mac_muladd_12ns_8s_20s_21_4_1_DSP48_0_U/p_reg_reg is absorbed into DSP mac_muladd_12ns_8s_20s_21_4_1_U6/fir_mac_muladd_12ns_8s_20s_21_4_1_DSP48_0_U/p_reg_reg.
DSP Report: register add_ln22_reg_319_reg is absorbed into DSP mac_muladd_12ns_8s_20s_21_4_1_U6/fir_mac_muladd_12ns_8s_20s_21_4_1_DSP48_0_U/p_reg_reg.
DSP Report: register mac_muladd_12ns_8s_20s_21_4_1_U6/fir_mac_muladd_12ns_8s_20s_21_4_1_DSP48_0_U/p_reg_reg is absorbed into DSP mac_muladd_12ns_8s_20s_21_4_1_U6/fir_mac_muladd_12ns_8s_20s_21_4_1_DSP48_0_U/p_reg_reg.
DSP Report: register mac_muladd_12ns_8s_20s_21_4_1_U6/fir_mac_muladd_12ns_8s_20s_21_4_1_DSP48_0_U/m_reg_reg is absorbed into DSP mac_muladd_12ns_8s_20s_21_4_1_U6/fir_mac_muladd_12ns_8s_20s_21_4_1_DSP48_0_U/p_reg_reg.
DSP Report: operator mac_muladd_12ns_8s_20s_21_4_1_U6/fir_mac_muladd_12ns_8s_20s_21_4_1_DSP48_0_U/p is absorbed into DSP mac_muladd_12ns_8s_20s_21_4_1_U6/fir_mac_muladd_12ns_8s_20s_21_4_1_DSP48_0_U/p_reg_reg.
DSP Report: operator mac_muladd_12ns_8s_20s_21_4_1_U6/fir_mac_muladd_12ns_8s_20s_21_4_1_DSP48_0_U/m is absorbed into DSP mac_muladd_12ns_8s_20s_21_4_1_U6/fir_mac_muladd_12ns_8s_20s_21_4_1_DSP48_0_U/p_reg_reg.
DSP Report: Generating DSP mac_muladd_12ns_6ns_21s_21_4_1_U7/fir_mac_muladd_12ns_6ns_21s_21_4_1_DSP48_0_U/m_reg_reg, operation Mode is: (A2*(B:0x35)')'.
DSP Report: register mac_muladd_12ns_6ns_20s_20_4_1_U4/fir_mac_muladd_12ns_6ns_20s_20_4_1_DSP48_0_U/b_reg_reg is absorbed into DSP mac_muladd_12ns_6ns_21s_21_4_1_U7/fir_mac_muladd_12ns_6ns_21s_21_4_1_DSP48_0_U/m_reg_reg.
DSP Report: register mac_muladd_12ns_6ns_21s_21_4_1_U7/fir_mac_muladd_12ns_6ns_21s_21_4_1_DSP48_0_U/a_reg_reg is absorbed into DSP mac_muladd_12ns_6ns_21s_21_4_1_U7/fir_mac_muladd_12ns_6ns_21s_21_4_1_DSP48_0_U/m_reg_reg.
DSP Report: register mac_muladd_12ns_6ns_21s_21_4_1_U7/fir_mac_muladd_12ns_6ns_21s_21_4_1_DSP48_0_U/m_reg_reg is absorbed into DSP mac_muladd_12ns_6ns_21s_21_4_1_U7/fir_mac_muladd_12ns_6ns_21s_21_4_1_DSP48_0_U/m_reg_reg.
DSP Report: operator mac_muladd_12ns_6ns_21s_21_4_1_U7/fir_mac_muladd_12ns_6ns_21s_21_4_1_DSP48_0_U/m is absorbed into DSP mac_muladd_12ns_6ns_21s_21_4_1_U7/fir_mac_muladd_12ns_6ns_21s_21_4_1_DSP48_0_U/m_reg_reg.
DSP Report: Generating DSP mac_muladd_12ns_6ns_21s_21_4_1_U7/fir_mac_muladd_12ns_6ns_21s_21_4_1_DSP48_0_U/p_reg_reg, operation Mode is: (PCIN+(A*(B:0x139))')'.
DSP Report: register mac_muladd_12ns_6ns_21s_21_4_1_U7/fir_mac_muladd_12ns_6ns_21s_21_4_1_DSP48_0_U/p_reg_reg is absorbed into DSP mac_muladd_12ns_6ns_21s_21_4_1_U7/fir_mac_muladd_12ns_6ns_21s_21_4_1_DSP48_0_U/p_reg_reg.
DSP Report: register mul_ln22_3_reg_294_reg is absorbed into DSP mac_muladd_12ns_6ns_21s_21_4_1_U7/fir_mac_muladd_12ns_6ns_21s_21_4_1_DSP48_0_U/p_reg_reg.
DSP Report: operator mac_muladd_12ns_6ns_21s_21_4_1_U7/fir_mac_muladd_12ns_6ns_21s_21_4_1_DSP48_0_U/p is absorbed into DSP mac_muladd_12ns_6ns_21s_21_4_1_U7/fir_mac_muladd_12ns_6ns_21s_21_4_1_DSP48_0_U/p_reg_reg.
DSP Report: operator mul_12ns_10ns_21_1_1_U1/tmp_product is absorbed into DSP mac_muladd_12ns_6ns_21s_21_4_1_U7/fir_mac_muladd_12ns_6ns_21s_21_4_1_DSP48_0_U/p_reg_reg.
---------------------------------------------------------------------------------
Finished Cross Boundary and Area Optimization : Time (s): cpu = 00:00:14 ; elapsed = 00:00:16 . Memory (MB): peak = 1512.105 ; gain = 736.910
---------------------------------------------------------------------------------
 Sort Area is  mac_muladd_12ns_9ns_21ns_22_4_1_U5/fir_mac_muladd_12ns_9ns_21ns_22_4_1_DSP48_0_U/m_reg_reg_8 : 0 0 : 2989 3459 : Used 1 time 0
 Sort Area is  mac_muladd_12ns_9ns_21ns_22_4_1_U5/fir_mac_muladd_12ns_9ns_21ns_22_4_1_DSP48_0_U/m_reg_reg_8 : 0 1 : 470 3459 : Used 1 time 0
 Sort Area is  mac_muladd_12ns_6ns_21s_21_4_1_U7/fir_mac_muladd_12ns_6ns_21s_21_4_1_DSP48_0_U/m_reg_reg_0 : 0 0 : 2859 3325 : Used 1 time 0
 Sort Area is  mac_muladd_12ns_6ns_21s_21_4_1_U7/fir_mac_muladd_12ns_6ns_21s_21_4_1_DSP48_0_U/m_reg_reg_0 : 0 1 : 466 3325 : Used 1 time 0
 Sort Area is  mac_muladd_12ns_6ns_20s_20_4_1_U4/fir_mac_muladd_12ns_6ns_20s_20_4_1_DSP48_0_U/m_reg_reg_3 : 0 0 : 2771 3213 : Used 1 time 0
 Sort Area is  mac_muladd_12ns_6ns_20s_20_4_1_U4/fir_mac_muladd_12ns_6ns_20s_20_4_1_DSP48_0_U/m_reg_reg_3 : 0 1 : 442 3213 : Used 1 time 0
 Sort Area is  mac_muladd_12ns_8s_20s_21_4_1_U6/fir_mac_muladd_12ns_8s_20s_21_4_1_DSP48_0_U/p_reg_reg_6 : 0 0 : 2985 2985 : Used 1 time 0
---------------------------------------------------------------------------------
Start ROM, RAM, DSP, Shift Register and Retiming Reporting
---------------------------------------------------------------------------------

DSP: Preliminary Mapping Report (see note below. The ' indicates corresponding REG is set)
+--------------------------------------------+---------------------------+--------+--------+--------+--------+--------+------+------+------+------+-------+------+------+
|Module Name                                 | DSP Mapping               | A Size | B Size | C Size | D Size | P Size | AREG | BREG | CREG | DREG | ADREG | MREG | PREG | 
+--------------------------------------------+---------------------------+--------+--------+--------+--------+--------+------+------+------+------+-------+------+------+
|fir_mac_muladd_12ns_9ns_21ns_22_4_1_DSP48_0 | (A''*(B:0x1f4)')'         | 22     | 18     | -      | -      | 40     | 2    | 1    | -    | -    | -     | 1    | 0    | 
|fir_mac_muladd_12ns_9ns_21ns_22_4_1_DSP48_0 | (PCIN+(A*(B:0x139))')'    | 12     | 9      | -      | -      | 22     | 0    | 0    | -    | -    | -     | 1    | 1    | 
|fir_mac_muladd_12ns_6ns_20s_20_4_1_DSP48_0  | (A''*(B:0x35)')'          | 20     | 18     | -      | -      | 38     | 2    | 1    | -    | -    | -     | 1    | 0    | 
|fir_mac_muladd_12ns_6ns_20s_20_4_1_DSP48_0  | PCIN+A*(B:0x3ffa5)        | 13     | 8      | -      | -      | 20     | 0    | 0    | -    | -    | -     | 0    | 1    | 
|fir_mac_muladd_12ns_8s_20s_21_4_1_DSP48_0   | (C'+(A''*(B:0x3ffa5)')')' | 21     | 18     | 20     | -      | 21     | 2    | 1    | 1    | -    | -     | 1    | 1    | 
|fir_mac_muladd_12ns_6ns_20s_20_4_1_DSP48_0  | (A2*(B:0x35)')'           | 21     | 18     | -      | -      | 39     | 1    | 1    | -    | -    | -     | 1    | 0    | 
|fir_mac_muladd_12ns_6ns_21s_21_4_1_DSP48_0  | (PCIN+(A*(B:0x139))')'    | 12     | 9      | -      | -      | 21     | 0    | 0    | -    | -    | -     | 1    | 1    | 
+--------------------------------------------+---------------------------+--------+--------+--------+--------+--------+------+------+------+------+-------+------+------+

Note: The table above is a preliminary report that shows the DSPs inferred at the current stage of the synthesis flow. Some DSP may be reimplemented as non DSP primitives later in the synthesis flow. Multiple instantiated DSPs are reported only once.
---------------------------------------------------------------------------------
Finished ROM, RAM, DSP, Shift Register and Retiming Reporting
---------------------------------------------------------------------------------
---------------------------------------------------------------------------------
Start Applying XDC Timing Constraints
---------------------------------------------------------------------------------
---------------------------------------------------------------------------------
Finished Applying XDC Timing Constraints : Time (s): cpu = 00:00:20 ; elapsed = 00:00:22 . Memory (MB): peak = 1697.027 ; gain = 921.832
---------------------------------------------------------------------------------
---------------------------------------------------------------------------------
Start Timing Optimization
---------------------------------------------------------------------------------
---------------------------------------------------------------------------------
Finished Timing Optimization : Time (s): cpu = 00:00:20 ; elapsed = 00:00:22 . Memory (MB): peak = 1717.625 ; gain = 942.430
---------------------------------------------------------------------------------
---------------------------------------------------------------------------------
Start Technology Mapping
---------------------------------------------------------------------------------
---------------------------------------------------------------------------------
Finished Technology Mapping : Time (s): cpu = 00:00:20 ; elapsed = 00:00:22 . Memory (MB): peak = 1718.527 ; gain = 943.332
---------------------------------------------------------------------------------
---------------------------------------------------------------------------------
Start IO Insertion
---------------------------------------------------------------------------------
---------------------------------------------------------------------------------
Start Flattening Before IO Insertion
---------------------------------------------------------------------------------
---------------------------------------------------------------------------------
Finished Flattening Before IO Insertion
---------------------------------------------------------------------------------
---------------------------------------------------------------------------------
Start Final Netlist Cleanup
---------------------------------------------------------------------------------
---------------------------------------------------------------------------------
Finished Final Netlist Cleanup
---------------------------------------------------------------------------------
---------------------------------------------------------------------------------
Finished IO Insertion : Time (s): cpu = 00:00:24 ; elapsed = 00:00:26 . Memory (MB): peak = 1965.137 ; gain = 1189.941
---------------------------------------------------------------------------------
---------------------------------------------------------------------------------
Start Renaming Generated Instances
---------------------------------------------------------------------------------
---------------------------------------------------------------------------------
Finished Renaming Generated Instances : Time (s): cpu = 00:00:24 ; elapsed = 00:00:26 . Memory (MB): peak = 1965.137 ; gain = 1189.941
---------------------------------------------------------------------------------
---------------------------------------------------------------------------------
Start Rebuilding User Hierarchy
---------------------------------------------------------------------------------
---------------------------------------------------------------------------------
Finished Rebuilding User Hierarchy : Time (s): cpu = 00:00:24 ; elapsed = 00:00:27 . Memory (MB): peak = 1965.137 ; gain = 1189.941
---------------------------------------------------------------------------------
---------------------------------------------------------------------------------
Start Renaming Generated Ports
---------------------------------------------------------------------------------
---------------------------------------------------------------------------------
Finished Renaming Generated Ports : Time (s): cpu = 00:00:24 ; elapsed = 00:00:27 . Memory (MB): peak = 1965.137 ; gain = 1189.941
---------------------------------------------------------------------------------
---------------------------------------------------------------------------------
Start Handling Custom Attributes
---------------------------------------------------------------------------------
---------------------------------------------------------------------------------
Finished Handling Custom Attributes : Time (s): cpu = 00:00:24 ; elapsed = 00:00:27 . Memory (MB): peak = 1965.137 ; gain = 1189.941
---------------------------------------------------------------------------------
---------------------------------------------------------------------------------
Start Renaming Generated Nets
---------------------------------------------------------------------------------
---------------------------------------------------------------------------------
Finished Renaming Generated Nets : Time (s): cpu = 00:00:24 ; elapsed = 00:00:27 . Memory (MB): peak = 1965.137 ; gain = 1189.941
---------------------------------------------------------------------------------
---------------------------------------------------------------------------------
Start ROM, RAM, DSP, Shift Register and Retiming Reporting
---------------------------------------------------------------------------------

Dynamic Shift Register Report:
+------------+---------------------+--------+------------+--------+---------+--------+--------+--------+
|Module Name | RTL Name            | Length | Data Width | SRL16E | SRLC32E | Mux F7 | Mux F8 | Mux F9 | 
+------------+---------------------+--------+------------+--------+---------+--------+--------+--------+
|dsrl        | ShiftRegMem_reg[10] | 12     | 12         | 12     | 0       | 0      | 0      | 0      | 
+------------+---------------------+--------+------------+--------+---------+--------+--------+--------+

---------------------------------------------------------------------------------
Finished ROM, RAM, DSP, Shift Register and Retiming Reporting
---------------------------------------------------------------------------------
---------------------------------------------------------------------------------
Start Writing Synthesis Report
---------------------------------------------------------------------------------

DSP Final Report (the ' indicates corresponding REG is set)
+--------------------------------------------+-----------------+--------+--------+--------+--------+--------+------+------+------+------+-------+------+------+
|Module Name                                 | DSP Mapping     | A Size | B Size | C Size | D Size | P Size | AREG | BREG | CREG | DREG | ADREG | MREG | PREG | 
+--------------------------------------------+-----------------+--------+--------+--------+--------+--------+------+------+------+------+-------+------+------+
|fir_mac_muladd_12ns_6ns_20s_20_4_1_DSP48_0  | (A''*B')'       | 12     | 6      | -      | -      | 0      | 2    | 1    | -    | -    | -     | 0    | 1    | 
|fir_mac_muladd_12ns_6ns_20s_20_4_1_DSP48_0  | (PCIN+A*B)'     | 12     | 18     | -      | -      | 20     | 0    | 0    | -    | -    | -     | 0    | 1    | 
|fir_mac_muladd_12ns_6ns_20s_20_4_1_DSP48_0  | (A'*B')'        | 12     | 6      | -      | -      | 0      | 1    | 1    | -    | -    | -     | 0    | 1    | 
|fir_mac_muladd_12ns_6ns_21s_21_4_1_DSP48_0  | (PCIN+(A*B)')'  | 12     | 9      | -      | -      | 21     | 0    | 0    | -    | -    | -     | 1    | 1    | 
|fir_mac_muladd_12ns_8s_20s_21_4_1_DSP48_0   | (C'+(A''*B')')' | 12     | 18     | 48     | -      | 21     | 2    | 1    | 1    | -    | -     | 1    | 1    | 
|fir_mac_muladd_12ns_9ns_21ns_22_4_1_DSP48_0 | (A''*B')'       | 12     | 9      | -      | -      | 0      | 2    | 1    | -    | -    | -     | 0    | 1    | 
|fir_mac_muladd_12ns_9ns_21ns_22_4_1_DSP48_0 | (PCIN+(A*B)')'  | 12     | 9      | -      | -      | 22     | 0    | 0    | -    | -    | -     | 1    | 1    | 
+--------------------------------------------+-----------------+--------+--------+--------+--------+--------+------+------+------+------+-------+------+------+


Report BlackBoxes: 
+-+--------------+----------+
| |BlackBox name |Instances |
+-+--------------+----------+
+-+--------------+----------+

Report Cell Usage: 
+------+--------+------+
|      |Cell    |Count |
+------+--------+------+
|1     |CARRY4  |     6|
|2     |DSP48E1 |     7|
|7     |LUT2    |     6|
|8     |LUT3    |    25|
|9     |LUT4    |    22|
|10    |LUT5    |    14|
|11    |LUT6    |     5|
|12    |SRL16E  |    12|
|13    |FDRE    |    52|
|14    |FDSE    |     1|
+------+--------+------+
---------------------------------------------------------------------------------
Finished Writing Synthesis Report : Time (s): cpu = 00:00:24 ; elapsed = 00:00:27 . Memory (MB): peak = 1965.137 ; gain = 1189.941
---------------------------------------------------------------------------------
Synthesis finished with 0 errors, 0 critical warnings and 0 warnings.
Synthesis Optimization Runtime : Time (s): cpu = 00:00:17 ; elapsed = 00:00:25 . Memory (MB): peak = 1965.137 ; gain = 1112.949
Synthesis Optimization Complete : Time (s): cpu = 00:00:24 ; elapsed = 00:00:27 . Memory (MB): peak = 1965.137 ; gain = 1189.941
INFO: [Project 1-571] Translating synthesized netlist
Netlist sorting complete. Time (s): cpu = 00:00:00 ; elapsed = 00:00:00.004 . Memory (MB): peak = 1974.250 ; gain = 0.000
INFO: [Netlist 29-17] Analyzing 13 Unisim elements for replacement
INFO: [Netlist 29-28] Unisim Transformation completed in 0 CPU seconds
INFO: [Project 1-570] Preparing netlist for logic optimization
INFO: [Opt 31-138] Pushed 0 inverter(s) to 0 load pin(s).
Netlist sorting complete. Time (s): cpu = 00:00:00 ; elapsed = 00:00:00 . Memory (MB): peak = 1978.000 ; gain = 0.000
INFO: [Project 1-111] Unisim Transformation Summary:
No Unisim elements were transformed.

Synth Design complete | Checksum: 3b440a8c
INFO: [Common 17-83] Releasing license: Synthesis
82 Infos, 1 Warnings, 0 Critical Warnings and 0 Errors encountered.
synth_design completed successfully
synth_design: Time (s): cpu = 00:00:28 ; elapsed = 00:00:31 . Memory (MB): peak = 1978.000 ; gain = 1433.648
Write ShapeDB Complete: Time (s): cpu = 00:00:00 ; elapsed = 00:00:00.001 . Memory (MB): peak = 1978.000 ; gain = 0.000
INFO: [Common 17-1381] The checkpoint 'C:/Users/stefa/Workspace/01-UNICAL/HLS/HLS_projects/build/project01_FIR/fir_pipeline/vivado_prj/vivado_prj.runs/fir_0_synth_1/fir_0.dcp' has been generated.
INFO: [Coretcl 2-1648] Added synthesis output to IP cache for IP fir_0, cache-ID = 05e4ad64f73632b9
INFO: [Coretcl 2-1174] Renamed 11 cell refs.
Write ShapeDB Complete: Time (s): cpu = 00:00:00 ; elapsed = 00:00:00 . Memory (MB): peak = 1978.000 ; gain = 0.000
INFO: [Common 17-1381] The checkpoint 'C:/Users/stefa/Workspace/01-UNICAL/HLS/HLS_projects/build/project01_FIR/fir_pipeline/vivado_prj/vivado_prj.runs/fir_0_synth_1/fir_0.dcp' has been generated.
INFO: [Vivado 12-24828] Executing command : report_utilization -file fir_0_utilization_synth.rpt -pb fir_0_utilization_synth.pb
INFO: [Common 17-206] Exiting Vivado at Wed Jun  3 14:58:24 2026...
