

================================================================
== Synthesis Summary Report of 'fir'
================================================================
+ General Information: 
    * Date:           Wed Jun  3 14:42:28 2026
    * Version:        2025.2 (Build 6295257 on Nov 12 2025)
    * Project:        fir_partial-unroll_script
    * Solution:       hls (Vivado IP Flow Target)
    * Product family: zynq
    * Target device:  xc7z020-clg484-3
    

* Performance & Resource Estimates: 
+-------------+------+---------------+----------+---------+------+----------+---------+---------+------+------+--------+-----------+-----------+-----+
|   Modules   | Issue|               | Iteration|         | Trip |          |      Latency      |      |      |        |           |           |     |
|   & Loops   | Type | Violation Type|  Latency | Interval| Count| Pipelined| (cycles)|   (ns)  | Slack| BRAM |   DSP  |     FF    |    LUT    | URAM|
+-------------+------+---------------+----------+---------+------+----------+---------+---------+------+------+--------+-----------+-----------+-----+
|+ fir        |     -|              -|         -|       26|     -|        no|       25|  250.000|  0.44|     -|  5 (2%)|  432 (~0%)|  387 (~0%)|    -|
| o mac_loop  |     -|              -|        10|        -|     2|        no|       24|  240.000|  7.30|     -|       -|          -|          -|    -|
+-------------+------+---------------+----------+---------+------+----------+---------+---------+------+------+--------+-----------+-----------+-----+
    Name Prefix: '+' for module, 'o' for loop, '*' for dataflow


================================================================
== HW Interfaces
================================================================
* Other Ports
+------+---------+-----------+----------+
| Port | Mode    | Direction | Bitwidth |
+------+---------+-----------+----------+
| x    | ap_none | in        | 12       |
| y    | ap_vld  | out       | 32       |
+------+---------+-----------+----------+

* TOP LEVEL CONTROL
+-----------+------------+-----------------------------------+
| Interface | Type       | Ports                             |
+-----------+------------+-----------------------------------+
| ap_clk    | clock      | ap_clk                            |
| ap_rst    | reset      | ap_rst                            |
| ap_ctrl   | ap_ctrl_hs | ap_done ap_idle ap_ready ap_start |
+-----------+------------+-----------------------------------+


================================================================
== SW I/O Information
================================================================
* Top Function Arguments
+----------+-----------+-------------+
| Argument | Direction | Datatype    |
+----------+-----------+-------------+
| y        | out       | ap_int<32>* |
| x        | in        | ap_uint<12> |
+----------+-----------+-------------+

* SW-to-HW Mapping
+----------+--------------+---------+
| Argument | HW Interface | HW Type |
+----------+--------------+---------+
| y        | y            | port    |
| y        | y_ap_vld     | port    |
| x        | x            | port    |
+----------+--------------+---------+


================================================================
== Bind Op Report
================================================================
+--------------------------------------+-----+--------+-------------+-----------+--------------------------+---------+
| Name                                 | DSP | Pragma | Variable    | Op        | Impl                     | Latency |
+--------------------------------------+-----+--------+-------------+-----------+--------------------------+---------+
| + fir                                | 5   |        |             |           |                          |         |
|   sparsemux_23_4_12_1_1_U1           |     |        | tmp         | sparsemux | compactencoding_dontcare | 0       |
|   mac_muladd_12ns_10s_26s_26_4_1_U7  | 1   |        | mul_ln27    | mul       | dsp_slice                | 3       |
|   mac_muladd_12ns_10s_26s_26_4_1_U7  | 1   |        | sext_ln27_1 | sext      | dsp_slice                | 3       |
|   mac_muladd_12ns_10s_26s_26_4_1_U7  | 1   |        | acc_3       | add       | dsp_slice                | 3       |
|   add_ln24_fu_341_p2                 |     |        | add_ln24    | add       | fabric                   | 0       |
|   icmp_ln24_fu_346_p2                |     |        | icmp_ln24   | setlt     | auto                     | 0       |
|   sparsemux_13_3_12_1_1_U2           |     |        | tmp_1       | sparsemux | compactencoding_dontcare | 0       |
|   mac_muladd_12ns_10s_26s_26_4_1_U8  | 1   |        | mul_ln27_1  | mul       | dsp_slice                | 3       |
|   mac_muladd_12ns_10s_26s_26_4_1_U8  | 1   |        | sext_ln27_3 | sext      | dsp_slice                | 3       |
|   add_ln24_1_fu_495_p2               |     |        | add_ln24_1  | add       | fabric                   | 0       |
|   sparsemux_13_3_12_1_1_U3           |     |        | tmp_2       | sparsemux | compactencoding_dontcare | 0       |
|   mac_muladd_12ns_10s_23s_24_4_1_U10 | 1   |        | mul_ln27_2  | mul       | dsp_slice                | 3       |
|   mac_muladd_12ns_10s_23s_24_4_1_U10 | 1   |        | sext_ln24   | sext      | dsp_slice                | 3       |
|   add_ln24_2_fu_519_p2               |     |        | add_ln24_2  | add       | fabric                   | 0       |
|   sparsemux_13_3_12_1_1_U4           |     |        | tmp_3       | sparsemux | compactencoding_dontcare | 0       |
|   mul_12ns_10s_22_1_1_U6             | 1   |        | mul_ln27_3  | mul       | auto                     | 0       |
|   add_ln24_3_fu_438_p2               |     |        | add_ln24_3  | add       | fabric                   | 0       |
|   sparsemux_13_3_12_1_1_U5           |     |        | tmp_4       | sparsemux | compactencoding_dontcare | 0       |
|   mac_muladd_12ns_10s_22s_23_4_1_U9  | 1   |        | mul_ln27_4  | mul       | dsp_slice                | 3       |
|   mac_muladd_12ns_10s_22s_23_4_1_U9  | 1   |        | sext_ln27_7 | sext      | dsp_slice                | 3       |
|   mac_muladd_12ns_10s_26s_26_4_1_U8  | 1   |        | add_ln27    | add       | dsp_slice                | 3       |
|   mac_muladd_12ns_10s_22s_23_4_1_U9  | 1   |        | add_ln27_1  | add       | dsp_slice                | 3       |
|   mac_muladd_12ns_10s_23s_24_4_1_U10 | 1   |        | add_ln27_2  | add       | dsp_slice                | 3       |
|   acc_4_fu_552_p2                    |     |        | acc_4       | add       | fabric                   | 0       |
|   add_ln24_4_fu_474_p2               |     |        | add_ln24_4  | add       | fabric                   | 0       |
+--------------------------------------+-----+--------+-------------+-----------+--------------------------+---------+


================================================================
== Storage Report
================================================================
+-------+--------+------+------+------+--------+----------+------+---------+------------------+
| Name  | Usage  | Type | BRAM | URAM | Pragma | Variable | Impl | Latency | Bitwidth, Depth, |
|       |        |      |      |      |        |          |      |         | Banks            |
+-------+--------+------+------+------+--------+----------+------+---------+------------------+
| + fir |        |      | 0    | 0    |        |          |      |         |                  |
|   c_U | rom_2p |      |      |      |        | c        | auto | 1       | 10, 11, 1        |
+-------+--------+------+------+------+--------+----------+------+---------+------------------+


================================================================
== Pragma Report
================================================================
* Valid Pragma Syntax
+-----------------+--------------------+---------------------+
| Type            | Options            | Location            |
+-----------------+--------------------+---------------------+
| ARRAY_PARTITION | variable=shift_reg | in fir (fir.cpp:9)  |
| UNROLL          |                    | in fir (fir.cpp:16) |
| UNROLL          | factor=11/2        | in fir (fir.cpp:25) |
+-----------------+--------------------+---------------------+


