

================================================================
== Synthesis Summary Report of 'fir'
================================================================
+ General Information: 
    * Date:           Thu Jun  4 16:45:52 2026
    * Version:        2025.2 (Build 6295257 on Nov 12 2025)
    * Project:        00_baseline_script
    * Solution:       hls (Vivado IP Flow Target)
    * Product family: zynq
    * Target device:  xc7z020-clg484-3
    

* Performance & Resource Estimates: 
+-------------+------+---------------+----------+---------+------+----------+---------+---------+------+------+---------+-----------+-----------+-----+
|   Modules   | Issue|               | Iteration|         | Trip |          |      Latency      |      |      |         |           |           |     |
|   & Loops   | Type | Violation Type|  Latency | Interval| Count| Pipelined| (cycles)|   (ns)  | Slack| BRAM |   DSP   |     FF    |    LUT    | URAM|
+-------------+------+---------------+----------+---------+------+----------+---------+---------+------+------+---------+-----------+-----------+-----+
|+ fir        |     -|              -|         -|       68|     -|        no|       67|  670.000|  1.09|     -|  2 (~0%)|  198 (~0%)|  192 (~0%)|    -|
| o fir_loop  |     -|              -|         6|        -|    11|        no|       66|  660.000|  7.30|     -|        -|          -|          -|    -|
+-------------+------+---------------+----------+---------+------+----------+---------+---------+------+------+---------+-----------+-----------+-----+
    Name Prefix: '+' for module, 'o' for loop, '*' for dataflow


================================================================
== HW Interfaces
================================================================
* Other Ports
+------+---------+-----------+----------+
| Port | Mode    | Direction | Bitwidth |
+------+---------+-----------+----------+
| x    | ap_none | in        | 32       |
| y    | ap_vld  | out       | 32       |
+------+---------+-----------+----------+

* TOP LEVEL CONTROL
+-----------+------------+-----------------------------------+
| Interface | Type       | Ports                             |
+-----------+------------+-----------------------------------+
| ap_clk    | clock      | ap_clk                            |
| ap_rst    | reset      | ap_rst                            |
| ap_ctrl   | ap_ctrl_hs | ap_done ap_idle ap_ready ap_start |
+-----------+------------+-----------------------------------+


================================================================
== SW I/O Information
================================================================
* Top Function Arguments
+----------+-----------+----------+
| Argument | Direction | Datatype |
+----------+-----------+----------+
| y        | out       | int*     |
| x        | in        | int      |
+----------+-----------+----------+

* SW-to-HW Mapping
+----------+--------------+---------+
| Argument | HW Interface | HW Type |
+----------+--------------+---------+
| y        | y            | port    |
| y        | y_ap_vld     | port    |
| x        | x            | port    |
+----------+--------------+---------+


================================================================
== Bind Op Report
================================================================
+-------------------------+-----+--------+-----------+-------+--------+---------+
| Name                    | DSP | Pragma | Variable  | Op    | Impl   | Latency |
+-------------------------+-----+--------+-----------+-------+--------+---------+
| + fir                   | 2   |        |           |       |        |         |
|   icmp_ln15_fu_156_p2   |     |        | icmp_ln15 | seteq | auto   | 0       |
|   add_ln18_fu_162_p2    |     |        | add_ln18  | add   | fabric | 0       |
|   mul_10s_32s_32_1_1_U1 | 2   |        | mul_ln22  | mul   | auto   | 0       |
|   acc_1_fu_187_p2       |     |        | acc_1     | add   | fabric | 0       |
|   add_ln13_fu_173_p2    |     |        | add_ln13  | add   | fabric | 0       |
+-------------------------+-----+--------+-----------+-------+--------+---------+


================================================================
== Storage Report
================================================================
+---------------+--------+------+------+------+--------+-----------+------+---------+------------------+
| Name          | Usage  | Type | BRAM | URAM | Pragma | Variable  | Impl | Latency | Bitwidth, Depth, |
|               |        |      |      |      |        |           |      |         | Banks            |
+---------------+--------+------+------+------+--------+-----------+------+---------+------------------+
| + fir         |        |      | 0    | 0    |        |           |      |         |                  |
|   shift_reg_U | ram_1p |      |      |      |        | shift_reg | auto | 1       | 32, 11, 1        |
|   c_U         | rom_1p |      |      |      |        | c         | auto | 1       | 10, 11, 1        |
+---------------+--------+------+------+------+--------+-----------+------+---------+------------------+


================================================================
== Pragma Report
================================================================
  No pragmas found

