  **** HLS Build v2025.2 6295257
INFO: [HLS 200-2005] Using work_dir C:/Users/stefa/Workspace/01-UNICAL/HLS/HLS_projects/projects/project02_SpMV/02_pipeline-L1/02_pipeline-L1_script 
INFO: [HLS 200-2176] Writing Vitis IDE component file C:/Users/stefa/Workspace/01-UNICAL/HLS/HLS_projects/projects/project02_SpMV/02_pipeline-L1/02_pipeline-L1_script/vitis-comp.json
INFO: [HLS 200-10] Creating and opening component 'C:/Users/stefa/Workspace/01-UNICAL/HLS/HLS_projects/projects/project02_SpMV/02_pipeline-L1/02_pipeline-L1_script'.
INFO: [HLS 200-1611] Setting target device to 'xc7z020-clg484-3'
INFO: [HLS 200-1505] Using default flow_target 'vivado'
Resolution: For help on HLS 200-1505 see docs.amd.com/access/sources/dita/topic?Doc_Version=2025.2%20English&url=ug1448-hls-guidance&resourceid=200-1505.html
INFO: [HLS 200-2174] Applying component config ini file hls_config.cfg
INFO: [HLS 200-1465] Applying config ini 'syn.file=spmv.hpp' from hls_config.cfg(10)
INFO: [HLS 200-10] Adding design file 'C:/Users/stefa/Workspace/01-UNICAL/HLS/HLS_projects/projects/project02_SpMV/02_pipeline-L1/spmv.hpp' to the project
INFO: [HLS 200-1465] Applying config ini 'syn.file=spmv.cpp' from hls_config.cfg(11)
INFO: [HLS 200-10] Adding design file 'C:/Users/stefa/Workspace/01-UNICAL/HLS/HLS_projects/projects/project02_SpMV/02_pipeline-L1/spmv.cpp' to the project
INFO: [HLS 200-1465] Applying config ini 'tb.file=spmv_tb.cpp' from hls_config.cfg(12)
INFO: [HLS 200-10] Adding test bench file 'C:/Users/stefa/Workspace/01-UNICAL/HLS/HLS_projects/projects/project02_SpMV/02_pipeline-L1/spmv_tb.cpp' to the project
INFO: [HLS 200-1465] Applying config ini 'syn.top=spmv' from hls_config.cfg(13)
INFO: [HLS 200-1465] Applying config ini 'flow_target=vivado' from hls_config.cfg(4)
INFO: [HLS 200-1505] Using flow_target 'vivado'
Resolution: For help on HLS 200-1505 see docs.amd.com/access/sources/dita/topic?Doc_Version=2025.2%20English&url=ug1448-hls-guidance&resourceid=200-1505.html
INFO: [HLS 200-1465] Applying config ini 'part=xc7z020clg484-3' from hls_config.cfg(1)
INFO: [HLS 200-1465] Applying config ini 'clock=10ns' from hls_config.cfg(7)
INFO: [SYN 201-201] Setting up clock 'default' with a period of 10ns.
INFO: [HLS 200-1465] Applying config ini 'cosim.trace_level=all' from hls_config.cfg(14)
INFO: [HLS 200-1465] Applying config ini 'package.output.format=ip_catalog' from hls_config.cfg(5)
INFO: [HLS 200-1465] Applying config ini 'syn.array_partition.throughput_driven=off' from hls_config.cfg(9)
INFO: [HLS 200-1465] Applying config ini 'syn.compile.pipeline_loops=0' from hls_config.cfg(8)
INFO: [HLS 200-2176] Writing Vitis IDE component file C:/Users/stefa/Workspace/01-UNICAL/HLS/HLS_projects/projects/project02_SpMV/02_pipeline-L1/02_pipeline-L1_script/vitis-comp.json
INFO: [COSIM 212-47] Using XSIM for RTL simulation.
INFO: [COSIM 212-14] Instrumenting C test bench ...
   Build using "D:/Softwares/AMD-Design/2025.2/Vitis/win64/tools/clang-16/bin/clang++"
   Compiling apatb_spmv.cpp
   Compiling spmv.cpp_pre.cpp.tb.cpp
   Compiling spmv_tb.cpp_pre.cpp.tb.cpp
   Compiling apatb_spmv_ir.ll
   Generating cosim.tv.exe
INFO: [COSIM 212-302] Starting C TB testing ... 
==============================================================
                    SPMV TESTBENCH                            
==============================================================
Rows : 128
Cols : 128
NNZ  : 512
==============================================================
ROW       DUT               REFERENCE         STATUS    
--------------------------------------------------------------
0         82                82                PASS      
1         179               179               PASS      
2         505               505               PASS      
3         465               465               PASS      
4         620               620               PASS      
5         703               703               PASS      
6         132               132               PASS      
7         271               271               PASS      
8         435               435               PASS      
9         565               565               PASS      
10        731               731               PASS      
11        509               509               PASS      
12        185               185               PASS      
13        341               341               PASS      
14        301               301               PASS      
15        677               677               PASS      
16        891               891               PASS      
17        274               274               PASS      
18        155               155               PASS      
19        283               283               PASS      
20        379               379               PASS      
21        517               517               PASS      
22        629               629               PASS      
23        121               121               PASS      
24        209               209               PASS      
25        356               356               PASS      
26        477               477               PASS      
27        657               657               PASS      
28        549               549               PASS      
29        116               116               PASS      
30        271               271               PASS      
31        435               435               PASS      
32        573               573               PASS      
33        770               770               PASS      
34        550               550               PASS      
35        109               109               PASS      
36        341               341               PASS      
37        547               547               PASS      
38        565               565               PASS      
39        739               739               PASS      
40        274               274               PASS      
41        155               155               PASS      
42        285               285               PASS      
43        389               389               PASS      
44        841               841               PASS      
45        689               689               PASS      
46        92                92                PASS      
47        205               205               PASS      
48        269               269               PASS      
49        373               373               PASS      
50        657               657               PASS      
51        558               558               PASS      
52        139               139               PASS      
53        269               269               PASS      
54        458               458               PASS      
55        621               621               PASS      
56        469               469               PASS      
57        557               557               PASS      
58        104               104               PASS      
59        285               285               PASS      
60        547               547               PASS      
61        727               727               PASS      
62        575               575               PASS      
63        76                76                PASS      
64        149               149               PASS      
65        457               457               PASS      
66        433               433               PASS      
67        587               587               PASS      
68        701               701               PASS      
69        92                92                PASS      
70        205               205               PASS      
71        377               377               PASS      
72        523               523               PASS      
73        694               694               PASS      
74        770               770               PASS      
75        146               146               PASS      
76        301               301               PASS      
77        277               277               PASS      
78        627               627               PASS      
79        469               469               PASS      
80        557               557               PASS      
81        203               203               PASS      
82        375               375               PASS      
83        351               351               PASS      
84        488               488               PASS      
85        599               599               PASS      
86        303               303               PASS      
87        114               114               PASS      
88        321               321               PASS      
89        433               433               PASS      
90        587               587               PASS      
91        715               715               PASS      
92        97                97                PASS      
93        235               235               PASS      
94        398               398               PASS      
95        535               535               PASS      
96        731               731               PASS      
97        616               616               PASS      
98        130               130               PASS      
99        301               301               PASS      
100       277               277               PASS      
101       635               635               PASS      
102       848               848               PASS      
103       598               598               PASS      
104       127               127               PASS      
105       256               256               PASS      
106       359               359               PASS      
107       631               631               PASS      
108       447               447               PASS      
109       303               303               PASS      
110       177               177               PASS      
111       323               323               PASS      
112       443               443               PASS      
113       622               622               PASS      
114       775               775               PASS      
115       102               102               PASS      
116       231               231               PASS      
117       311               311               PASS      
118       431               431               PASS      
119       731               731               PASS      
120       625               625               PASS      
121       85                85                PASS      
122       299               299               PASS      
123       504               504               PASS      
124       683               683               PASS      
125       547               547               PASS      
126       231               231               PASS      
127       122               122               PASS      
--------------------------------------------------------------
>> SIMULATION STATUS: PASSED
==============================================================
INFO: [COSIM 212-333] Generating C post check test bench ...
INFO: [COSIM 212-12] Generating RTL test bench ...
pdir_merged readonly
pdir_merged readonly
pdir_merged readonly
pdir_merged readonly
pdir_merged writeonly
INFO: [COSIM 212-1] *** C/RTL co-simulation file generation completed. ***
INFO: [COSIM 212-323] Starting verilog simulation. 
INFO: [COSIM 212-15] Starting XSIM ...

C:\Users\stefa\Workspace\01-UNICAL\HLS\HLS_projects\projects\project02_SpMV\02_pipeline-L1\02_pipeline-L1_script\hls\sim\verilog>set PATH= 

C:\Users\stefa\Workspace\01-UNICAL\HLS\HLS_projects\projects\project02_SpMV\02_pipeline-L1\02_pipeline-L1_script\hls\sim\verilog>call D:/Softwares/AMD-Design/2025.2/Vivado/bin/xelab xil_defaultlib.apatb_spmv_top xil_defaultlib.glbl -Oenable_linking_all_libraries -prj spmv.prj -L smartconnect_v1_0 -L axi_protocol_checker_v1_1_12 -L axi_protocol_checker_v1_1_13 -L axis_protocol_checker_v1_1_11 -L axis_protocol_checker_v1_1_12 -L xil_defaultlib -L unisims_ver -L xpm  -L floating_point_v7_1_21 -L floating_point_v7_0_26 --lib "ieee_proposed=./ieee_proposed" -L uvm -relax -i ./svr -i ./axivip -i ./svtb -i ./file_agent -i ./spmv_subsystem  -s spmv -debug all 
Vivado Simulator v2025.2
Copyright 1986-2022 Xilinx, Inc. All Rights Reserved.
Copyright 2022-2025 Advanced Micro Devices, Inc. All Rights Reserved.
Running: D:/Softwares/AMD-Design/2025.2/Vivado/bin/unwrapped/win64.o/xelab.exe xil_defaultlib.apatb_spmv_top xil_defaultlib.glbl -Oenable_linking_all_libraries -prj spmv.prj -L smartconnect_v1_0 -L axi_protocol_checker_v1_1_12 -L axi_protocol_checker_v1_1_13 -L axis_protocol_checker_v1_1_11 -L axis_protocol_checker_v1_1_12 -L xil_defaultlib -L unisims_ver -L xpm -L floating_point_v7_1_21 -L floating_point_v7_0_26 --lib ieee_proposed=./ieee_proposed -L uvm -relax -i ./svr -i ./axivip -i ./svtb -i ./file_agent -i ./spmv_subsystem -s spmv -debug all 
Multi-threading is on. Using 14 slave threads.
INFO: [VRFC 10-2263] Analyzing SystemVerilog file "C:/Users/stefa/Workspace/01-UNICAL/HLS/HLS_projects/projects/project02_SpMV/02_pipeline-L1/02_pipeline-L1_script/hls/sim/verilog/glbl.v" into library xil_defaultlib
INFO: [VRFC 10-311] analyzing module glbl
INFO: [VRFC 10-2263] Analyzing SystemVerilog file "C:/Users/stefa/Workspace/01-UNICAL/HLS/HLS_projects/projects/project02_SpMV/02_pipeline-L1/02_pipeline-L1_script/hls/sim/verilog/AESL_automem_col_idx.v" into library xil_defaultlib
INFO: [VRFC 10-311] analyzing module AESL_automem_col_idx
INFO: [VRFC 10-2263] Analyzing SystemVerilog file "C:/Users/stefa/Workspace/01-UNICAL/HLS/HLS_projects/projects/project02_SpMV/02_pipeline-L1/02_pipeline-L1_script/hls/sim/verilog/AESL_automem_row_ptr.v" into library xil_defaultlib
INFO: [VRFC 10-311] analyzing module AESL_automem_row_ptr
INFO: [VRFC 10-2263] Analyzing SystemVerilog file "C:/Users/stefa/Workspace/01-UNICAL/HLS/HLS_projects/projects/project02_SpMV/02_pipeline-L1/02_pipeline-L1_script/hls/sim/verilog/AESL_automem_values.v" into library xil_defaultlib
INFO: [VRFC 10-311] analyzing module AESL_automem_values
INFO: [VRFC 10-2263] Analyzing SystemVerilog file "C:/Users/stefa/Workspace/01-UNICAL/HLS/HLS_projects/projects/project02_SpMV/02_pipeline-L1/02_pipeline-L1_script/hls/sim/verilog/AESL_automem_x.v" into library xil_defaultlib
INFO: [VRFC 10-311] analyzing module AESL_automem_x
INFO: [VRFC 10-2263] Analyzing SystemVerilog file "C:/Users/stefa/Workspace/01-UNICAL/HLS/HLS_projects/projects/project02_SpMV/02_pipeline-L1/02_pipeline-L1_script/hls/sim/verilog/AESL_automem_y.v" into library xil_defaultlib
INFO: [VRFC 10-311] analyzing module AESL_automem_y
INFO: [VRFC 10-2263] Analyzing SystemVerilog file "C:/Users/stefa/Workspace/01-UNICAL/HLS/HLS_projects/projects/project02_SpMV/02_pipeline-L1/02_pipeline-L1_script/hls/sim/verilog/spmv.autotb.v" into library xil_defaultlib
INFO: [VRFC 10-311] analyzing module apatb_spmv_top
INFO: [VRFC 10-2263] Analyzing SystemVerilog file "C:/Users/stefa/Workspace/01-UNICAL/HLS/HLS_projects/projects/project02_SpMV/02_pipeline-L1/02_pipeline-L1_script/hls/sim/verilog/spmv.v" into library xil_defaultlib
INFO: [VRFC 10-311] analyzing module spmv
INFO: [VRFC 10-2263] Analyzing SystemVerilog file "C:/Users/stefa/Workspace/01-UNICAL/HLS/HLS_projects/projects/project02_SpMV/02_pipeline-L1/02_pipeline-L1_script/hls/sim/verilog/spmv_mac_muladd_10s_8s_32s_32_4_1.v" into library xil_defaultlib
INFO: [VRFC 10-311] analyzing module spmv_mac_muladd_10s_8s_32s_32_4_1_DSP48_0
INFO: [VRFC 10-311] analyzing module spmv_mac_muladd_10s_8s_32s_32_4_1
INFO: [VRFC 10-2263] Analyzing SystemVerilog file "C:/Users/stefa/Workspace/01-UNICAL/HLS/HLS_projects/projects/project02_SpMV/02_pipeline-L1/02_pipeline-L1_script/hls/sim/verilog/dataflow_monitor.sv" into library xil_defaultlib
INFO: [VRFC 10-311] analyzing module dataflow_monitor
INFO: [VRFC 10-2263] Analyzing SystemVerilog file "C:/Users/stefa/Workspace/01-UNICAL/HLS/HLS_projects/projects/project02_SpMV/02_pipeline-L1/02_pipeline-L1_script/hls/sim/verilog/file_agent/file_agent_pkg.sv" into library xil_defaultlib
INFO: [VRFC 10-2263] Analyzing SystemVerilog file "C:/Users/stefa/Workspace/01-UNICAL/HLS/HLS_projects/projects/project02_SpMV/02_pipeline-L1/02_pipeline-L1_script/hls/sim/verilog/spmv_subsystem/spmv_subsystem_pkg.sv" into library xil_defaultlib
INFO: [VRFC 10-2263] Analyzing SystemVerilog file "C:/Users/stefa/Workspace/01-UNICAL/HLS/HLS_projects/projects/project02_SpMV/02_pipeline-L1/02_pipeline-L1_script/hls/sim/verilog/svtb/misc_interface.sv" into library xil_defaultlib
INFO: [VRFC 10-2263] Analyzing SystemVerilog file "C:/Users/stefa/Workspace/01-UNICAL/HLS/HLS_projects/projects/project02_SpMV/02_pipeline-L1/02_pipeline-L1_script/hls/sim/verilog/svtb/sv_module_top.sv" into library xil_defaultlib
INFO: [VRFC 10-311] analyzing module sv_module_top
Starting static elaboration
Pass Through NonSizing Optimizer
Completed static elaboration
Starting simulation data flow analysis
WARNING: [XSIM 43-4099] "/proj/primebuilds/9999.0_PRIME_0428_0031/installs/data/system_verilog/uvm_1.2/xlnx_uvm_package.sv" Line 4356. Module uvm_pkg doesn't have a timescale but at least one module in design has a timescale.
Completed simulation data flow analysis
Time Resolution for simulation is 1ps
Compiling package xil_defaultlib.$unit_sv_module_top_sv
Compiling package uvm.uvm_pkg
Compiling package std.std
Compiling package xil_defaultlib.spmv_subsystem_pkg
Compiling package xil_defaultlib.file_agent_pkg
Compiling package xil_defaultlib.$unit_dataflow_monitor_sv
Compiling module xil_defaultlib.spmv_mac_muladd_10s_8s_32s_32_4_...
Compiling module xil_defaultlib.spmv_mac_muladd_10s_8s_32s_32_4_...
Compiling module xil_defaultlib.spmv
Compiling module xil_defaultlib.misc_interface_default
Compiling module xil_defaultlib.sv_module_top
Compiling module xil_defaultlib.AESL_automem_values
Compiling module xil_defaultlib.AESL_automem_x
Compiling module xil_defaultlib.AESL_automem_col_idx
Compiling module xil_defaultlib.AESL_automem_row_ptr
Compiling module xil_defaultlib.AESL_automem_y
Compiling module xil_defaultlib.nodf_module_intf_default
Compiling module xil_defaultlib.seq_loop_intf(FSM_WIDTH=9)
Compiling module xil_defaultlib.dataflow_monitor_1
Compiling module xil_defaultlib.apatb_spmv_top
Compiling module xil_defaultlib.glbl
Built simulation snapshot spmv

****** xsim v2025.2 (64-bit)
  **** SW Build 6299465 on Fri Nov 14 19:35:11 GMT 2025
  **** IP Build 6300035 on Fri Nov 14 10:48:45 MST 2025
  **** SharedData Build 6298862 on Thu Nov 13 04:50:51 MST 2025
  **** Start of session at: Mon Jun 15 10:23:35 2026
    ** Copyright 1986-2022 Xilinx, Inc. All Rights Reserved.
    ** Copyright 2022-2025 Advanced Micro Devices, Inc. All Rights Reserved.

source xsim.dir/spmv/xsim_script.tcl
# xsim {spmv} -testplusarg UVM_VERBOSITY=UVM_NONE -testplusarg UVM_TESTNAME=spmv_test_lib -testplusarg UVM_TIMEOUT=20000000000000 -view {{spmv_dataflow_ana.wcfg}} -tclbatch {spmv.tcl} -protoinst {spmv.protoinst}
INFO: [Wavedata 42-565] Reading protoinst file spmv.protoinst
INFO: [Wavedata 42-564]   Found protocol instance at /apatb_spmv_top/AESL_inst_spmv//AESL_inst_spmv_activity
Time resolution is 1 ps
open_wave_config spmv_dataflow_ana.wcfg
source spmv.tcl
## log_wave -r /
## set designtopgroup [add_wave_group "Design Top Signals"]
## set coutputgroup [add_wave_group "C Outputs" -into $designtopgroup]
## set return_group [add_wave_group return(memory) -into $coutputgroup]
## add_wave /apatb_spmv_top/AESL_inst_spmv/y_d0 -into $return_group -radix hex
## add_wave /apatb_spmv_top/AESL_inst_spmv/y_we0 -into $return_group -color #ffff00 -radix hex
## add_wave /apatb_spmv_top/AESL_inst_spmv/y_ce0 -into $return_group -color #ffff00 -radix hex
## add_wave /apatb_spmv_top/AESL_inst_spmv/y_address0 -into $return_group -radix hex
## set cinputgroup [add_wave_group "C Inputs" -into $designtopgroup]
## set return_group [add_wave_group return(memory) -into $cinputgroup]
## add_wave /apatb_spmv_top/AESL_inst_spmv/row_ptr_q1 -into $return_group -radix hex
## add_wave /apatb_spmv_top/AESL_inst_spmv/row_ptr_ce1 -into $return_group -color #ffff00 -radix hex
## add_wave /apatb_spmv_top/AESL_inst_spmv/row_ptr_address1 -into $return_group -radix hex
## add_wave /apatb_spmv_top/AESL_inst_spmv/row_ptr_q0 -into $return_group -radix hex
## add_wave /apatb_spmv_top/AESL_inst_spmv/row_ptr_ce0 -into $return_group -color #ffff00 -radix hex
## add_wave /apatb_spmv_top/AESL_inst_spmv/row_ptr_address0 -into $return_group -radix hex
## add_wave /apatb_spmv_top/AESL_inst_spmv/col_idx_q0 -into $return_group -radix hex
## add_wave /apatb_spmv_top/AESL_inst_spmv/col_idx_ce0 -into $return_group -color #ffff00 -radix hex
## add_wave /apatb_spmv_top/AESL_inst_spmv/col_idx_address0 -into $return_group -radix hex
## add_wave /apatb_spmv_top/AESL_inst_spmv/x_q0 -into $return_group -radix hex
## add_wave /apatb_spmv_top/AESL_inst_spmv/x_ce0 -into $return_group -color #ffff00 -radix hex
## add_wave /apatb_spmv_top/AESL_inst_spmv/x_address0 -into $return_group -radix hex
## add_wave /apatb_spmv_top/AESL_inst_spmv/values_q0 -into $return_group -radix hex
## add_wave /apatb_spmv_top/AESL_inst_spmv/values_ce0 -into $return_group -color #ffff00 -radix hex
## add_wave /apatb_spmv_top/AESL_inst_spmv/values_address0 -into $return_group -radix hex
## set blocksiggroup [add_wave_group "Block-level IO Handshake" -into $designtopgroup]
## add_wave /apatb_spmv_top/AESL_inst_spmv/ap_start -into $blocksiggroup
## add_wave /apatb_spmv_top/AESL_inst_spmv/ap_done -into $blocksiggroup
## add_wave /apatb_spmv_top/AESL_inst_spmv/ap_idle -into $blocksiggroup
## add_wave /apatb_spmv_top/AESL_inst_spmv/ap_ready -into $blocksiggroup
## set resetgroup [add_wave_group "Reset" -into $designtopgroup]
## add_wave /apatb_spmv_top/AESL_inst_spmv/ap_rst -into $resetgroup
## set clockgroup [add_wave_group "Clock" -into $designtopgroup]
## add_wave /apatb_spmv_top/AESL_inst_spmv/ap_clk -into $clockgroup
## set testbenchgroup [add_wave_group "Test Bench Signals"]
## set tbinternalsiggroup [add_wave_group "Internal Signals" -into $testbenchgroup]
## set tb_simstatus_group [add_wave_group "Simulation Status" -into $tbinternalsiggroup]
## set tb_portdepth_group [add_wave_group "Port Depth" -into $tbinternalsiggroup]
## add_wave /apatb_spmv_top/AUTOTB_TRANSACTION_NUM -into $tb_simstatus_group -radix hex
## add_wave /apatb_spmv_top/ready_cnt -into $tb_simstatus_group -radix hex
## add_wave /apatb_spmv_top/done_cnt -into $tb_simstatus_group -radix hex
## add_wave /apatb_spmv_top/LENGTH_col_idx -into $tb_portdepth_group -radix hex
## add_wave /apatb_spmv_top/LENGTH_row_ptr -into $tb_portdepth_group -radix hex
## add_wave /apatb_spmv_top/LENGTH_values -into $tb_portdepth_group -radix hex
## add_wave /apatb_spmv_top/LENGTH_x -into $tb_portdepth_group -radix hex
## add_wave /apatb_spmv_top/LENGTH_y -into $tb_portdepth_group -radix hex
## set tbcoutputgroup [add_wave_group "C Outputs" -into $testbenchgroup]
## set tb_return_group [add_wave_group return(memory) -into $tbcoutputgroup]
## add_wave /apatb_spmv_top/y_d0 -into $tb_return_group -radix hex
## add_wave /apatb_spmv_top/y_we0 -into $tb_return_group -color #ffff00 -radix hex
## add_wave /apatb_spmv_top/y_ce0 -into $tb_return_group -color #ffff00 -radix hex
## add_wave /apatb_spmv_top/y_address0 -into $tb_return_group -radix hex
## set tbcinputgroup [add_wave_group "C Inputs" -into $testbenchgroup]
## set tb_return_group [add_wave_group return(memory) -into $tbcinputgroup]
## add_wave /apatb_spmv_top/row_ptr_q1 -into $tb_return_group -radix hex
## add_wave /apatb_spmv_top/row_ptr_ce1 -into $tb_return_group -color #ffff00 -radix hex
## add_wave /apatb_spmv_top/row_ptr_address1 -into $tb_return_group -radix hex
## add_wave /apatb_spmv_top/row_ptr_q0 -into $tb_return_group -radix hex
## add_wave /apatb_spmv_top/row_ptr_ce0 -into $tb_return_group -color #ffff00 -radix hex
## add_wave /apatb_spmv_top/row_ptr_address0 -into $tb_return_group -radix hex
## add_wave /apatb_spmv_top/col_idx_q0 -into $tb_return_group -radix hex
## add_wave /apatb_spmv_top/col_idx_ce0 -into $tb_return_group -color #ffff00 -radix hex
## add_wave /apatb_spmv_top/col_idx_address0 -into $tb_return_group -radix hex
## add_wave /apatb_spmv_top/x_q0 -into $tb_return_group -radix hex
## add_wave /apatb_spmv_top/x_ce0 -into $tb_return_group -color #ffff00 -radix hex
## add_wave /apatb_spmv_top/x_address0 -into $tb_return_group -radix hex
## add_wave /apatb_spmv_top/values_q0 -into $tb_return_group -radix hex
## add_wave /apatb_spmv_top/values_ce0 -into $tb_return_group -color #ffff00 -radix hex
## add_wave /apatb_spmv_top/values_address0 -into $tb_return_group -radix hex
## save_wave_config spmv.wcfg
## run all
UVM_INFO D:/Softwares/AMD-Design/2025.2/Vivado/data/system_verilog/uvm_1.2/xlnx_uvm_package.sv(18601) @ 0: reporter [UVM/RELNOTES] 
----------------------------------------------------------------
UVM-1.2
(C) 2007-2014 Mentor Graphics Corporation
(C) 2007-2014 Cadence Design Systems, Inc.
(C) 2006-2014 Synopsys, Inc.
(C) 2011-2013 Cypress Semiconductor Corp.
(C) 2013-2014 NVIDIA Corporation
----------------------------------------------------------------

  ***********       IMPORTANT RELEASE NOTES         ************

  You are using a version of the UVM library that has been compiled
  with `UVM_NO_DEPRECATED undefined.

  You are using a version of the UVM library that has been compiled
  with `UVM_OBJECT_DO_NOT_NEED_CONSTRUCTOR undefined.

      (Specify +UVM_NO_RELNOTES to turn off this notice)

UVM_INFO D:/Softwares/AMD-Design/2025.2/Vivado/data/system_verilog/uvm_1.2/xlnx_uvm_package.sv(18648) @ 0: reporter [NO_DPI_TSTNAME] UVM_NO_DPI defined--getting UVM_TESTNAME directly, without DPI
UVM_INFO D:/Softwares/AMD-Design/2025.2/Vivado/data/system_verilog/uvm_1.2/xlnx_uvm_package.sv(18752) @ 0: reporter [UVMTOP] UVM testbench topology:
------------------------------------------------------------
Name                     Type                    Size  Value
------------------------------------------------------------
uvm_test_top             spmv_test_lib           -     @342 
  top_env                spmv_env                -     @353 
    refm                 spmv_reference_model    -     @368 
      trans_num_idx      integral                32    'h0  
    spmv_virtual_sqr     spmv_virtual_sequencer  -     @390 
      rsp_export         uvm_analysis_export     -     @399 
      seq_item_export    uvm_seq_item_pull_imp   -     @517 
      arbitration_queue  array                   0     -    
      lock_queue         array                   0     -    
      num_last_reqs      integral                32    'd1  
      num_last_rsps      integral                32    'd1  
    subsys_mon           spmv_subsystem_monitor  -     @381 
      scbd               spmv_scoreboard         -     @537 
        refm             spmv_reference_model    -     @368 
          trans_num_idx  integral                32    'h0  
    refm                 spmv_reference_model    -     @368 
    spmv_virtual_sqr     spmv_virtual_sequencer  -     @390 
    spmv_cfg             spmv_config             -     @367 
      check_ena          integral                32    'h0  
      cover_ena          integral                32    'h0  
------------------------------------------------------------

UVM_INFO D:/Softwares/AMD-Design/2025.2/Vivado/data/system_verilog/uvm_1.2/xlnx_uvm_package.sv(20867) @ 0: reporter [UVM/COMP/NAMECHECK] This implementation of the component name checks requires DPI to be enabled
////////////////////////////////////////////////////////////////////////////////////
// Inter-Transaction Progress: Completed Transaction / Total Transaction
// Intra-Transaction Progress: Measured Latency / Latency Estimation * 100%
//
// RTL Simulation : "Inter-Transaction Progress" ["Intra-Transaction Progress"] @ "Simulation Time"
////////////////////////////////////////////////////////////////////////////////////
// RTL Simulation : 0 / 1 [0.00%] @ "125000"
// RTL Simulation : 1 / 1 [100.00%] @ "34735000"
////////////////////////////////////////////////////////////////////////////////////
$finish called at time : 34785 ns : File "D:/Softwares/AMD-Design/2025.2/Vivado/data/system_verilog/uvm_1.2/xlnx_uvm_package.sv" Line 18699
## quit
INFO: [Common 17-206] Exiting xsim at Mon Jun 15 10:23:39 2026...
INFO: [COSIM 212-316] Starting C post checking ...
==============================================================
                    SPMV TESTBENCH                            
==============================================================
Rows : 128
Cols : 128
NNZ  : 512
==============================================================
ROW       DUT               REFERENCE         STATUS    
--------------------------------------------------------------
0         82                82                PASS      
1         179               179               PASS      
2         505               505               PASS      
3         465               465               PASS      
4         620               620               PASS      
5         703               703               PASS      
6         132               132               PASS      
7         271               271               PASS      
8         435               435               PASS      
9         565               565               PASS      
10        731               731               PASS      
11        509               509               PASS      
12        185               185               PASS      
13        341               341               PASS      
14        301               301               PASS      
15        677               677               PASS      
16        891               891               PASS      
17        274               274               PASS      
18        155               155               PASS      
19        283               283               PASS      
20        379               379               PASS      
21        517               517               PASS      
22        629               629               PASS      
23        121               121               PASS      
24        209               209               PASS      
25        356               356               PASS      
26        477               477               PASS      
27        657               657               PASS      
28        549               549               PASS      
29        116               116               PASS      
30        271               271               PASS      
31        435               435               PASS      
32        573               573               PASS      
33        770               770               PASS      
34        550               550               PASS      
35        109               109               PASS      
36        341               341               PASS      
37        547               547               PASS      
38        565               565               PASS      
39        739               739               PASS      
40        274               274               PASS      
41        155               155               PASS      
42        285               285               PASS      
43        389               389               PASS      
44        841               841               PASS      
45        689               689               PASS      
46        92                92                PASS      
47        205               205               PASS      
48        269               269               PASS      
49        373               373               PASS      
50        657               657               PASS      
51        558               558               PASS      
52        139               139               PASS      
53        269               269               PASS      
54        458               458               PASS      
55        621               621               PASS      
56        469               469               PASS      
57        557               557               PASS      
58        104               104               PASS      
59        285               285               PASS      
60        547               547               PASS      
61        727               727               PASS      
62        575               575               PASS      
63        76                76                PASS      
64        149               149               PASS      
65        457               457               PASS      
66        433               433               PASS      
67        587               587               PASS      
68        701               701               PASS      
69        92                92                PASS      
70        205               205               PASS      
71        377               377               PASS      
72        523               523               PASS      
73        694               694               PASS      
74        770               770               PASS      
75        146               146               PASS      
76        301               301               PASS      
77        277               277               PASS      
78        627               627               PASS      
79        469               469               PASS      
80        557               557               PASS      
81        203               203               PASS      
82        375               375               PASS      
83        351               351               PASS      
84        488               488               PASS      
85        599               599               PASS      
86        303               303               PASS      
87        114               114               PASS      
88        321               321               PASS      
89        433               433               PASS      
90        587               587               PASS      
91        715               715               PASS      
92        97                97                PASS      
93        235               235               PASS      
94        398               398               PASS      
95        535               535               PASS      
96        731               731               PASS      
97        616               616               PASS      
98        130               130               PASS      
99        301               301               PASS      
100       277               277               PASS      
101       635               635               PASS      
102       848               848               PASS      
103       598               598               PASS      
104       127               127               PASS      
105       256               256               PASS      
106       359               359               PASS      
107       631               631               PASS      
108       447               447               PASS      
109       303               303               PASS      
110       177               177               PASS      
111       323               323               PASS      
112       443               443               PASS      
113       622               622               PASS      
114       775               775               PASS      
115       102               102               PASS      
116       231               231               PASS      
117       311               311               PASS      
118       431               431               PASS      
119       731               731               PASS      
120       625               625               PASS      
121       85                85                PASS      
122       299               299               PASS      
123       504               504               PASS      
124       683               683               PASS      
125       547               547               PASS      
126       231               231               PASS      
127       122               122               PASS      
--------------------------------------------------------------
>> SIMULATION STATUS: PASSED
==============================================================
INFO: [COSIM 212-1000] *** C/RTL co-simulation finished: PASS ***
INFO: [COSIM 212-211] II is measurable only when transaction number is greater than 1 in RTL simulation. Otherwise, they will be marked as all NA. If user wants to calculate them, please make sure there are at least 2 transactions in RTL simulation.
INFO: [HLS 200-112] Total CPU user time: 2 seconds. Total CPU system time: 2 seconds. Total elapsed time: 46.3 seconds; peak allocated memory: 214.812 MB.
INFO: [vitis-run 60-791] Total elapsed time: 0h 0m 50s
