

================================================================
== Vitis HLS Report for 'fir'
================================================================
* Date:           Thu Jun  4 17:03:39 2026

* Version:        2025.2 (Build 6295257 on Nov 12 2025)
* Project:        08_loop-fission-pipeline_script
* Solution:       hls (Vivado IP Flow Target)
* Product family: zynq
* Target device:  xc7z020-clg484-3


================================================================
== Performance Estimates
================================================================
+ Timing: 
    * Summary: 
    +--------+----------+----------+------------+
    |  Clock |  Target  | Estimated| Uncertainty|
    +--------+----------+----------+------------+
    |ap_clk  |  10.00 ns|  4.226 ns|     2.70 ns|
    +--------+----------+----------+------------+

+ Latency: 
    * Summary: 
    +---------+---------+----------+----------+-----+-----+---------+
    |  Latency (cycles) |  Latency (absolute) |  Interval | Pipeline|
    |   min   |   max   |    min   |    max   | min | max |   Type  |
    +---------+---------+----------+----------+-----+-----+---------+
    |       40|       40|  0.400 us|  0.400 us|   41|   41|       no|
    +---------+---------+----------+----------+-----+-----+---------+

    + Detail: 
        * Instance: 
        N/A

        * Loop: 
        +--------------+---------+---------+----------+-----------+-----------+------+----------+
        |              |  Latency (cycles) | Iteration|  Initiation Interval  | Trip |          |
        |   Loop Name  |   min   |   max   |  Latency |  achieved |   target  | Count| Pipelined|
        +--------------+---------+---------+----------+-----------+-----------+------+----------+
        |- shift_loop  |       20|       20|         2|          -|          -|    10|        no|
        +--------------+---------+---------+----------+-----------+-----------+------+----------+

============================================================
+ Verbose Summary: Synthesis Manager
============================================================
InlineROM: 1
ExposeGlobal: 0
============================================================
+ Verbose Summary: CDFG Model
============================================================
IsTopModel: 1
ResetActiveHigh: 1
IsCombinational: 0
IsDatapathOnly: 0
HasWiredReturn: 1
HasMFsm: 0
HasVarLatency: 1
IsPipeline: 0
IsRtlPipelined: 0
IsInstanceOverlapped: 0
IsDontTouch: 0
HasImplIP: 0
IsGatedGlobalClock: 0


============================================================
+ Verbose Summary: Schedule
============================================================
* Number of FSM states : 6
* Pipeline : 0
* Dataflow Pipeline: 0

* FSM state transitions: 
1 --> 2 
2 --> 3 4 
3 --> 2 
4 --> 5 
5 --> 6 
6 --> 

* FSM state operations: 

State 1 <SV = 0> <Delay = 1.14>
ST_1 : Operation 7 [1/1] (0.00ns)   --->   "%i = alloca i32 1" [fir.cpp:14]   --->   Operation 7 'alloca' 'i' <Predicate = true> <Delay = 0.00>
ST_1 : Operation 8 [1/1] (0.00ns)   --->   "%x_read = read i12 @_ssdm_op_Read.ap_auto.i12, i12 %x"   --->   Operation 8 'read' 'x_read' <Predicate = true> <Delay = 0.00>
ST_1 : Operation 9 [1/1] (0.00ns)   --->   "%acc_loc = alloca i64 1"   --->   Operation 9 'alloca' 'acc_loc' <Predicate = true> <Delay = 0.00>
ST_1 : Operation 10 [1/1] (0.00ns)   --->   "%spectopmodule_ln3 = spectopmodule void @_ssdm_op_SpecTopModule, void @empty_1" [fir.cpp:3]   --->   Operation 10 'spectopmodule' 'spectopmodule_ln3' <Predicate = true> <Delay = 0.00>
ST_1 : Operation 11 [1/1] (0.00ns)   --->   "%specbitsmap_ln0 = specbitsmap void @_ssdm_op_SpecBitsMap, i32 %y"   --->   Operation 11 'specbitsmap' 'specbitsmap_ln0' <Predicate = true> <Delay = 0.00>
ST_1 : Operation 12 [1/1] (0.00ns)   --->   "%specinterface_ln0 = specinterface void @_ssdm_op_SpecInterface, i32 %y, void @empty, i32 0, i32 0, void @empty_0, i32 0, i32 0, void @empty_0, void @empty_0, void @empty_0, i32 0, i32 0, i32 0, i32 0, void @empty_0, void @empty_0, i32 4294967295, i32 0, i32 0, i32 0"   --->   Operation 12 'specinterface' 'specinterface_ln0' <Predicate = true> <Delay = 0.00>
ST_1 : Operation 13 [1/1] (0.00ns)   --->   "%specbitsmap_ln0 = specbitsmap void @_ssdm_op_SpecBitsMap, i12 %x"   --->   Operation 13 'specbitsmap' 'specbitsmap_ln0' <Predicate = true> <Delay = 0.00>
ST_1 : Operation 14 [1/1] (0.00ns)   --->   "%specinterface_ln0 = specinterface void @_ssdm_op_SpecInterface, i12 %x, void @empty, i32 0, i32 0, void @empty_0, i32 0, i32 0, void @empty_0, void @empty_0, void @empty_0, i32 0, i32 0, i32 0, i32 0, void @empty_0, void @empty_0, i32 4294967295, i32 0, i32 0, i32 0"   --->   Operation 14 'specinterface' 'specinterface_ln0' <Predicate = true> <Delay = 0.00>
ST_1 : Operation 15 [1/1] (1.14ns)   --->   "%store_ln14 = store i4 10, i4 %i" [fir.cpp:14]   --->   Operation 15 'store' 'store_ln14' <Predicate = true> <Delay = 1.14>
ST_1 : Operation 16 [1/1] (0.00ns)   --->   "%br_ln14 = br void %for.inc" [fir.cpp:14]   --->   Operation 16 'br' 'br_ln14' <Predicate = true> <Delay = 0.00>

State 2 <SV = 1> <Delay = 2.97>
ST_2 : Operation 17 [1/1] (0.00ns)   --->   "%i_2 = load i4 %i" [fir.cpp:15]   --->   Operation 17 'load' 'i_2' <Predicate = true> <Delay = 0.00>
ST_2 : Operation 18 [1/1] (1.40ns)   --->   "%icmp_ln14 = icmp_eq  i4 %i_2, i4 0" [fir.cpp:14]   --->   Operation 18 'icmp' 'icmp_ln14' <Predicate = true> <Delay = 1.40> <CoreInst = "Cmp">   --->   Core 9 'Cmp' <Latency = 0> <II = 1> <Delay = 1.40> <FuncUnit> <Opcode : 'seteq' 'setne' 'setle' 'setge' 'setlt' 'setgt'> <InPorts = 2> <OutPorts = 1>
ST_2 : Operation 19 [1/1] (0.00ns)   --->   "%br_ln14 = br i1 %icmp_ln14, void %for.inc.split, void %for.end" [fir.cpp:14]   --->   Operation 19 'br' 'br_ln14' <Predicate = true> <Delay = 0.00>
ST_2 : Operation 20 [1/1] (1.40ns)   --->   "%add_ln15 = add i4 %i_2, i4 15" [fir.cpp:15]   --->   Operation 20 'add' 'add_ln15' <Predicate = (!icmp_ln14)> <Delay = 1.40> <CoreInst = "Adder">   --->   Core 1 'Adder' <Latency = 0> <II = 1> <Delay = 1.40> <FuncUnit> <Opcode : 'add' 'sub'> <InPorts = 2> <OutPorts = 1>
ST_2 : Operation 21 [1/1] (0.00ns)   --->   "%zext_ln15 = zext i4 %add_ln15" [fir.cpp:15]   --->   Operation 21 'zext' 'zext_ln15' <Predicate = (!icmp_ln14)> <Delay = 0.00>
ST_2 : Operation 22 [1/1] (0.00ns)   --->   "%shift_reg_addr = getelementptr i12 %shift_reg, i64 0, i64 %zext_ln15" [fir.cpp:15]   --->   Operation 22 'getelementptr' 'shift_reg_addr' <Predicate = (!icmp_ln14)> <Delay = 0.00>
ST_2 : Operation 23 [2/2] (1.56ns)   --->   "%shift_reg_load = load i4 %shift_reg_addr" [fir.cpp:15]   --->   Operation 23 'load' 'shift_reg_load' <Predicate = (!icmp_ln14)> <Delay = 1.56> <CoreInst = "RAM">   --->   Core 81 'RAM' <Latency = 1> <II = 1> <Delay = 1.56> <Storage> <Opcode : 'load' 'store'> <Ports = 2> <Width = 12> <Depth = 11> <RAM>
ST_2 : Operation 24 [1/1] (1.14ns)   --->   "%store_ln14 = store i4 %add_ln15, i4 %i" [fir.cpp:14]   --->   Operation 24 'store' 'store_ln14' <Predicate = (!icmp_ln14)> <Delay = 1.14>
ST_2 : Operation 25 [1/1] ( I:1.56ns O:1.56ns )   --->   "%store_ln18 = store i12 %x_read, i12 0" [fir.cpp:18]   --->   Operation 25 'store' 'store_ln18' <Predicate = (icmp_ln14)> <Delay = 1.56> <CoreInst = "RAM">   --->   Core 81 'RAM' <Latency = 1> <II = 1> <Delay = 1.56> <Storage> <Opcode : 'load' 'store'> <Ports = 2> <Width = 12> <Depth = 11> <RAM>

State 3 <SV = 2> <Delay = 3.13>
ST_3 : Operation 26 [1/1] (0.00ns)   --->   "%zext_ln14 = zext i4 %i_2" [fir.cpp:14]   --->   Operation 26 'zext' 'zext_ln14' <Predicate = true> <Delay = 0.00>
ST_3 : Operation 27 [1/1] (0.00ns)   --->   "%speclooptripcount_ln14 = speclooptripcount void @_ssdm_op_SpecLoopTripCount, i64 10, i64 10, i64 10" [fir.cpp:14]   --->   Operation 27 'speclooptripcount' 'speclooptripcount_ln14' <Predicate = true> <Delay = 0.00>
ST_3 : Operation 28 [1/1] (0.00ns)   --->   "%specloopname_ln14 = specloopname void @_ssdm_op_SpecLoopName, void @empty_3" [fir.cpp:14]   --->   Operation 28 'specloopname' 'specloopname_ln14' <Predicate = true> <Delay = 0.00>
ST_3 : Operation 29 [1/1] (0.00ns)   --->   "%shift_reg_addr_1 = getelementptr i12 %shift_reg, i64 0, i64 %zext_ln14" [fir.cpp:15]   --->   Operation 29 'getelementptr' 'shift_reg_addr_1' <Predicate = true> <Delay = 0.00>
ST_3 : Operation 30 [1/2] ( I:1.56ns O:1.56ns )   --->   "%shift_reg_load = load i4 %shift_reg_addr" [fir.cpp:15]   --->   Operation 30 'load' 'shift_reg_load' <Predicate = true> <Delay = 1.56> <CoreInst = "RAM">   --->   Core 81 'RAM' <Latency = 1> <II = 1> <Delay = 1.56> <Storage> <Opcode : 'load' 'store'> <Ports = 2> <Width = 12> <Depth = 11> <RAM>
ST_3 : Operation 31 [1/1] ( I:1.56ns O:1.56ns )   --->   "%store_ln15 = store i12 %shift_reg_load, i4 %shift_reg_addr_1" [fir.cpp:15]   --->   Operation 31 'store' 'store_ln15' <Predicate = true> <Delay = 1.56> <CoreInst = "RAM">   --->   Core 81 'RAM' <Latency = 1> <II = 1> <Delay = 1.56> <Storage> <Opcode : 'load' 'store'> <Ports = 2> <Width = 12> <Depth = 11> <RAM>
ST_3 : Operation 32 [1/1] (0.00ns)   --->   "%br_ln14 = br void %for.inc" [fir.cpp:14]   --->   Operation 32 'br' 'br_ln14' <Predicate = true> <Delay = 0.00>

State 4 <SV = 2> <Delay = 0.00>
ST_4 : Operation 33 [2/2] (0.00ns)   --->   "%call_ln0 = call void @fir_Pipeline_mac_loop, i26 %acc_loc, i12 %shift_reg, i10 %c"   --->   Operation 33 'call' 'call_ln0' <Predicate = true> <Delay = 0.00> <CoreType = "Generic">   --->   Generic Core

State 5 <SV = 3> <Delay = 0.00>
ST_5 : Operation 34 [1/2] (0.00ns)   --->   "%call_ln0 = call void @fir_Pipeline_mac_loop, i26 %acc_loc, i12 %shift_reg, i10 %c"   --->   Operation 34 'call' 'call_ln0' <Predicate = true> <Delay = 0.00> <CoreType = "Generic">   --->   Generic Core

State 6 <SV = 4> <Delay = 0.00>
ST_6 : Operation 35 [1/1] (0.00ns)   --->   "%acc_loc_load = load i26 %acc_loc"   --->   Operation 35 'load' 'acc_loc_load' <Predicate = true> <Delay = 0.00>
ST_6 : Operation 36 [1/1] (0.00ns)   --->   "%sext_ln27 = sext i26 %acc_loc_load" [fir.cpp:27]   --->   Operation 36 'sext' 'sext_ln27' <Predicate = true> <Delay = 0.00>
ST_6 : Operation 37 [1/1] (0.00ns)   --->   "%write_ln27 = write void @_ssdm_op_Write.ap_auto.i32P0A, i32 %y, i32 %sext_ln27" [fir.cpp:27]   --->   Operation 37 'write' 'write_ln27' <Predicate = true> <Delay = 0.00>
ST_6 : Operation 38 [1/1] (0.00ns)   --->   "%ret_ln28 = ret" [fir.cpp:28]   --->   Operation 38 'ret' 'ret_ln28' <Predicate = true> <Delay = 0.00>


============================================================
+ Verbose Summary: Timing violations
============================================================
Target clock period: 10.000ns, clock uncertainty: 2.700ns.

 <State 1>: 1.146ns
The critical path consists of the following:
	'alloca' operation 4 bit ('i', fir.cpp:14) [5]  (0.000 ns)
	'store' operation ('store_ln14', fir.cpp:14) of constant 10 4 bit on local variable 'i', fir.cpp:14 [13]  (1.146 ns)

 <State 2>: 2.972ns
The critical path consists of the following:
	'load' operation 4 bit ('i', fir.cpp:15) on local variable 'i', fir.cpp:14 [16]  (0.000 ns)
	'add' operation 4 bit ('add_ln15', fir.cpp:15) [23]  (1.406 ns)
	'getelementptr' operation 4 bit ('shift_reg_addr', fir.cpp:15) [25]  (0.000 ns)
	'load' operation 12 bit ('shift_reg_load', fir.cpp:15) on array 'shift_reg' [27]  (1.566 ns)

 <State 3>: 3.132ns
The critical path consists of the following:
	'load' operation 12 bit ('shift_reg_load', fir.cpp:15) on array 'shift_reg' [27]  (1.566 ns)
	'store' operation ('store_ln15', fir.cpp:15) of variable 'shift_reg_load', fir.cpp:15 12 bit on array 'shift_reg' [28]  (1.566 ns)

 <State 4>: 0.000ns
The critical path consists of the following:

 <State 5>: 0.000ns
The critical path consists of the following:

 <State 6>: 0.000ns
The critical path consists of the following:


============================================================
+ Verbose Summary: Binding
============================================================
N/A
* FSMD analyzer results:
  - Output states:
 - Input state : 
  - Chain level:
	State 1
	State 2
	State 3
	State 4
	State 5
	State 6


============================================================
+ Verbose Summary: Datapath Resource usage 
============================================================
N/A
