  **** HLS Build v2025.2 6295257
INFO: [HLS 200-2005] Using work_dir C:/Users/stefa/Workspace/01-UNICAL/HLS/HLS_projects/projects/project01_FIR/11_partial-unroll/11_partial-unroll_script 
INFO: [HLS 200-2176] Writing Vitis IDE component file C:/Users/stefa/Workspace/01-UNICAL/HLS/HLS_projects/projects/project01_FIR/11_partial-unroll/11_partial-unroll_script/vitis-comp.json
INFO: [HLS 200-10] Creating and opening component 'C:/Users/stefa/Workspace/01-UNICAL/HLS/HLS_projects/projects/project01_FIR/11_partial-unroll/11_partial-unroll_script'.
INFO: [HLS 200-1611] Setting target device to 'xc7z020-clg484-3'
INFO: [HLS 200-1505] Using default flow_target 'vivado'
Resolution: For help on HLS 200-1505 see docs.amd.com/access/sources/dita/topic?Doc_Version=2025.2%20English&url=ug1448-hls-guidance&resourceid=200-1505.html
INFO: [HLS 200-2174] Applying component config ini file hls_config.cfg
INFO: [HLS 200-1465] Applying config ini 'syn.file=fir.hpp' from hls_config.cfg(10)
INFO: [HLS 200-10] Adding design file 'C:/Users/stefa/Workspace/01-UNICAL/HLS/HLS_projects/projects/project01_FIR/11_partial-unroll/fir.hpp' to the project
INFO: [HLS 200-1465] Applying config ini 'syn.file=fir.cpp' from hls_config.cfg(11)
INFO: [HLS 200-10] Adding design file 'C:/Users/stefa/Workspace/01-UNICAL/HLS/HLS_projects/projects/project01_FIR/11_partial-unroll/fir.cpp' to the project
INFO: [HLS 200-1465] Applying config ini 'tb.file=fir_tb.cpp' from hls_config.cfg(12)
INFO: [HLS 200-10] Adding test bench file 'C:/Users/stefa/Workspace/01-UNICAL/HLS/HLS_projects/projects/project01_FIR/11_partial-unroll/fir_tb.cpp' to the project
INFO: [HLS 200-1465] Applying config ini 'syn.top=fir' from hls_config.cfg(13)
INFO: [HLS 200-1465] Applying config ini 'flow_target=vivado' from hls_config.cfg(4)
INFO: [HLS 200-1505] Using flow_target 'vivado'
Resolution: For help on HLS 200-1505 see docs.amd.com/access/sources/dita/topic?Doc_Version=2025.2%20English&url=ug1448-hls-guidance&resourceid=200-1505.html
INFO: [HLS 200-1465] Applying config ini 'part=xc7z020clg484-3' from hls_config.cfg(1)
INFO: [HLS 200-1465] Applying config ini 'clock=10ns' from hls_config.cfg(7)
INFO: [SYN 201-201] Setting up clock 'default' with a period of 10ns.
INFO: [HLS 200-1465] Applying config ini 'cosim.trace_level=all' from hls_config.cfg(14)
INFO: [HLS 200-1465] Applying config ini 'package.output.format=ip_catalog' from hls_config.cfg(5)
INFO: [HLS 200-1465] Applying config ini 'syn.array_partition.throughput_driven=off' from hls_config.cfg(9)
INFO: [HLS 200-1465] Applying config ini 'syn.compile.pipeline_loops=0' from hls_config.cfg(8)
INFO: [HLS 200-2176] Writing Vitis IDE component file C:/Users/stefa/Workspace/01-UNICAL/HLS/HLS_projects/projects/project01_FIR/11_partial-unroll/11_partial-unroll_script/vitis-comp.json
INFO: [COSIM 212-47] Using XSIM for RTL simulation.
INFO: [COSIM 212-14] Instrumenting C test bench ...
   Build using "D:/Softwares/AMD-Design/2025.2/Vitis/win64/tools/clang-16/bin/clang++"
   Compiling apatb_fir.cpp
   Compiling fir.cpp_pre.cpp.tb.cpp
   Compiling fir_tb.cpp_pre.cpp.tb.cpp
   Compiling apatb_fir_ir.ll
   Generating cosim.tv.exe
INFO: [COSIM 212-302] Starting C TB testing ... 
==============================================================
                 FIR FILTER HLS TESTBENCH                     
==============================================================
CYCLE     INPUT (x)      DUT OUT (y)    GOLDEN OUT     STATUS    
--------------------------------------------------------------
0         1              53             53             PASS      
1         0              0              0              PASS      
2         0              -91            -91            PASS      
3         0              0              0              PASS      
4         0              313            313            PASS      
5         0              500            500            PASS      
6         0              313            313            PASS      
7         0              0              0              PASS      
8         0              -91            -91            PASS      
9         0              0              0              PASS      
10        0              53             53             PASS      
11        0              0              0              PASS      
12        0              0              0              PASS      
13        0              0              0              PASS      
14        0              0              0              PASS      
15        2              106            106            PASS      
16        0              0              0              PASS      
17        0              -182           -182           PASS      
18        0              0              0              PASS      
19        0              626            626            PASS      
20        0              1000           1000           PASS      
21        0              626            626            PASS      
22        0              0              0              PASS      
23        0              -182           -182           PASS      
24        0              0              0              PASS      
25        0              106            106            PASS      
26        0              0              0              PASS      
27        0              0              0              PASS      
28        0              0              0              PASS      
29        0              0              0              PASS      
--------------------------------------------------------------
>> SIMULATION STATUS: PASSED
==============================================================
INFO: [COSIM 212-333] Generating C post check test bench ...
INFO: [COSIM 212-12] Generating RTL test bench ...
INFO: [COSIM 212-1] *** C/RTL co-simulation file generation completed. ***
INFO: [COSIM 212-323] Starting verilog simulation. 
INFO: [COSIM 212-15] Starting XSIM ...

C:\Users\stefa\Workspace\01-UNICAL\HLS\HLS_projects\projects\project01_FIR\11_partial-unroll\11_partial-unroll_script\hls\sim\verilog>set PATH= 

C:\Users\stefa\Workspace\01-UNICAL\HLS\HLS_projects\projects\project01_FIR\11_partial-unroll\11_partial-unroll_script\hls\sim\verilog>call D:/Softwares/AMD-Design/2025.2/Vivado/bin/xelab xil_defaultlib.apatb_fir_top xil_defaultlib.glbl -Oenable_linking_all_libraries -prj fir.prj -L smartconnect_v1_0 -L axi_protocol_checker_v1_1_12 -L axi_protocol_checker_v1_1_13 -L axis_protocol_checker_v1_1_11 -L axis_protocol_checker_v1_1_12 -L xil_defaultlib -L unisims_ver -L xpm  -L floating_point_v7_1_21 -L floating_point_v7_0_26 --lib "ieee_proposed=./ieee_proposed" -L uvm -relax -i ./svr -i ./axivip -i ./svtb -i ./file_agent -i ./fir_subsystem  -s fir -debug all 
Vivado Simulator v2025.2
Copyright 1986-2022 Xilinx, Inc. All Rights Reserved.
Copyright 2022-2025 Advanced Micro Devices, Inc. All Rights Reserved.
Running: D:/Softwares/AMD-Design/2025.2/Vivado/bin/unwrapped/win64.o/xelab.exe xil_defaultlib.apatb_fir_top xil_defaultlib.glbl -Oenable_linking_all_libraries -prj fir.prj -L smartconnect_v1_0 -L axi_protocol_checker_v1_1_12 -L axi_protocol_checker_v1_1_13 -L axis_protocol_checker_v1_1_11 -L axis_protocol_checker_v1_1_12 -L xil_defaultlib -L unisims_ver -L xpm -L floating_point_v7_1_21 -L floating_point_v7_0_26 --lib ieee_proposed=./ieee_proposed -L uvm -relax -i ./svr -i ./axivip -i ./svtb -i ./file_agent -i ./fir_subsystem -s fir -debug all 
Multi-threading is on. Using 14 slave threads.
INFO: [VRFC 10-2263] Analyzing SystemVerilog file "C:/Users/stefa/Workspace/01-UNICAL/HLS/HLS_projects/projects/project01_FIR/11_partial-unroll/11_partial-unroll_script/hls/sim/verilog/glbl.v" into library xil_defaultlib
INFO: [VRFC 10-311] analyzing module glbl
INFO: [VRFC 10-2263] Analyzing SystemVerilog file "C:/Users/stefa/Workspace/01-UNICAL/HLS/HLS_projects/projects/project01_FIR/11_partial-unroll/11_partial-unroll_script/hls/sim/verilog/fir.autotb.v" into library xil_defaultlib
INFO: [VRFC 10-311] analyzing module apatb_fir_top
INFO: [VRFC 10-2263] Analyzing SystemVerilog file "C:/Users/stefa/Workspace/01-UNICAL/HLS/HLS_projects/projects/project01_FIR/11_partial-unroll/11_partial-unroll_script/hls/sim/verilog/fir.v" into library xil_defaultlib
INFO: [VRFC 10-311] analyzing module fir
INFO: [VRFC 10-2263] Analyzing SystemVerilog file "C:/Users/stefa/Workspace/01-UNICAL/HLS/HLS_projects/projects/project01_FIR/11_partial-unroll/11_partial-unroll_script/hls/sim/verilog/fir_c_ROM_AUTO_1R.v" into library xil_defaultlib
INFO: [VRFC 10-311] analyzing module fir_c_ROM_AUTO_1R
INFO: [VRFC 10-2263] Analyzing SystemVerilog file "C:/Users/stefa/Workspace/01-UNICAL/HLS/HLS_projects/projects/project01_FIR/11_partial-unroll/11_partial-unroll_script/hls/sim/verilog/fir_mac_muladd_12ns_10s_22s_23_4_1.v" into library xil_defaultlib
INFO: [VRFC 10-311] analyzing module fir_mac_muladd_12ns_10s_22s_23_4_1_DSP48_0
INFO: [VRFC 10-311] analyzing module fir_mac_muladd_12ns_10s_22s_23_4_1
INFO: [VRFC 10-2263] Analyzing SystemVerilog file "C:/Users/stefa/Workspace/01-UNICAL/HLS/HLS_projects/projects/project01_FIR/11_partial-unroll/11_partial-unroll_script/hls/sim/verilog/fir_mac_muladd_12ns_10s_23s_24_4_1.v" into library xil_defaultlib
INFO: [VRFC 10-311] analyzing module fir_mac_muladd_12ns_10s_23s_24_4_1_DSP48_0
INFO: [VRFC 10-311] analyzing module fir_mac_muladd_12ns_10s_23s_24_4_1
INFO: [VRFC 10-2263] Analyzing SystemVerilog file "C:/Users/stefa/Workspace/01-UNICAL/HLS/HLS_projects/projects/project01_FIR/11_partial-unroll/11_partial-unroll_script/hls/sim/verilog/fir_mac_muladd_12ns_10s_26s_26_4_1.v" into library xil_defaultlib
INFO: [VRFC 10-311] analyzing module fir_mac_muladd_12ns_10s_26s_26_4_1_DSP48_0
INFO: [VRFC 10-311] analyzing module fir_mac_muladd_12ns_10s_26s_26_4_1
INFO: [VRFC 10-2263] Analyzing SystemVerilog file "C:/Users/stefa/Workspace/01-UNICAL/HLS/HLS_projects/projects/project01_FIR/11_partial-unroll/11_partial-unroll_script/hls/sim/verilog/fir_mul_12ns_10s_22_1_1.v" into library xil_defaultlib
INFO: [VRFC 10-311] analyzing module fir_mul_12ns_10s_22_1_1
INFO: [VRFC 10-2263] Analyzing SystemVerilog file "C:/Users/stefa/Workspace/01-UNICAL/HLS/HLS_projects/projects/project01_FIR/11_partial-unroll/11_partial-unroll_script/hls/sim/verilog/fir_sparsemux_13_3_12_1_1.v" into library xil_defaultlib
INFO: [VRFC 10-311] analyzing module fir_sparsemux_13_3_12_1_1
INFO: [VRFC 10-2263] Analyzing SystemVerilog file "C:/Users/stefa/Workspace/01-UNICAL/HLS/HLS_projects/projects/project01_FIR/11_partial-unroll/11_partial-unroll_script/hls/sim/verilog/fir_sparsemux_23_4_12_1_1.v" into library xil_defaultlib
INFO: [VRFC 10-311] analyzing module fir_sparsemux_23_4_12_1_1
INFO: [VRFC 10-2263] Analyzing SystemVerilog file "C:/Users/stefa/Workspace/01-UNICAL/HLS/HLS_projects/projects/project01_FIR/11_partial-unroll/11_partial-unroll_script/hls/sim/verilog/dataflow_monitor.sv" into library xil_defaultlib
INFO: [VRFC 10-311] analyzing module dataflow_monitor
INFO: [VRFC 10-2263] Analyzing SystemVerilog file "C:/Users/stefa/Workspace/01-UNICAL/HLS/HLS_projects/projects/project01_FIR/11_partial-unroll/11_partial-unroll_script/hls/sim/verilog/file_agent/file_agent_pkg.sv" into library xil_defaultlib
INFO: [VRFC 10-2263] Analyzing SystemVerilog file "C:/Users/stefa/Workspace/01-UNICAL/HLS/HLS_projects/projects/project01_FIR/11_partial-unroll/11_partial-unroll_script/hls/sim/verilog/svr/svr_pkg.sv" into library xil_defaultlib
INFO: [VRFC 10-2263] Analyzing SystemVerilog file "C:/Users/stefa/Workspace/01-UNICAL/HLS/HLS_projects/projects/project01_FIR/11_partial-unroll/11_partial-unroll_script/hls/sim/verilog/svr/svr_if.sv" into library xil_defaultlib
INFO: [VRFC 10-2263] Analyzing SystemVerilog file "C:/Users/stefa/Workspace/01-UNICAL/HLS/HLS_projects/projects/project01_FIR/11_partial-unroll/11_partial-unroll_script/hls/sim/verilog/fir_subsystem/fir_subsystem_pkg.sv" into library xil_defaultlib
INFO: [VRFC 10-2263] Analyzing SystemVerilog file "C:/Users/stefa/Workspace/01-UNICAL/HLS/HLS_projects/projects/project01_FIR/11_partial-unroll/11_partial-unroll_script/hls/sim/verilog/svtb/misc_interface.sv" into library xil_defaultlib
INFO: [VRFC 10-2263] Analyzing SystemVerilog file "C:/Users/stefa/Workspace/01-UNICAL/HLS/HLS_projects/projects/project01_FIR/11_partial-unroll/11_partial-unroll_script/hls/sim/verilog/svtb/sv_module_top.sv" into library xil_defaultlib
INFO: [VRFC 10-311] analyzing module sv_module_top
Starting static elaboration
Pass Through NonSizing Optimizer
Completed static elaboration
Starting simulation data flow analysis
WARNING: [XSIM 43-4099] "/proj/primebuilds/9999.0_PRIME_0428_0031/installs/data/system_verilog/uvm_1.2/xlnx_uvm_package.sv" Line 4356. Module uvm_pkg doesn't have a timescale but at least one module in design has a timescale.
Completed simulation data flow analysis
Time Resolution for simulation is 1ps
Compiling package xil_defaultlib.$unit_sv_module_top_sv
Compiling package uvm.uvm_pkg
Compiling package std.std
Compiling package xil_defaultlib.svr_pkg
Compiling package xil_defaultlib.file_agent_pkg
Compiling package xil_defaultlib.fir_subsystem_pkg
Compiling package xil_defaultlib.$unit_dataflow_monitor_sv
Compiling module xil_defaultlib.fir_c_ROM_AUTO_1R
Compiling module xil_defaultlib.fir_sparsemux_23_4_12_1_1(din0_W...
Compiling module xil_defaultlib.fir_sparsemux_13_3_12_1_1(din0_W...
Compiling module xil_defaultlib.fir_mul_12ns_10s_22_1_1(NUM_STAG...
Compiling module xil_defaultlib.fir_mac_muladd_12ns_10s_26s_26_4...
Compiling module xil_defaultlib.fir_mac_muladd_12ns_10s_26s_26_4...
Compiling module xil_defaultlib.fir_mac_muladd_12ns_10s_22s_23_4...
Compiling module xil_defaultlib.fir_mac_muladd_12ns_10s_22s_23_4...
Compiling module xil_defaultlib.fir_mac_muladd_12ns_10s_23s_24_4...
Compiling module xil_defaultlib.fir_mac_muladd_12ns_10s_23s_24_4...
Compiling module xil_defaultlib.fir
Compiling module xil_defaultlib.misc_interface_default
Compiling module xil_defaultlib.svr_if_default
Compiling module xil_defaultlib.svr_if(DATA_WIDTH=12)
Compiling module xil_defaultlib.sv_module_top
Compiling module xil_defaultlib.nodf_module_intf_default
Compiling module xil_defaultlib.seq_loop_intf(FSM_WIDTH=11)
Compiling module xil_defaultlib.dataflow_monitor_1
Compiling module xil_defaultlib.apatb_fir_top
Compiling module xil_defaultlib.glbl
Built simulation snapshot fir

****** xsim v2025.2 (64-bit)
  **** SW Build 6299465 on Fri Nov 14 19:35:11 GMT 2025
  **** IP Build 6300035 on Fri Nov 14 10:48:45 MST 2025
  **** SharedData Build 6298862 on Thu Nov 13 04:50:51 MST 2025
  **** Start of session at: Thu Jun  4 17:13:06 2026
    ** Copyright 1986-2022 Xilinx, Inc. All Rights Reserved.
    ** Copyright 2022-2025 Advanced Micro Devices, Inc. All Rights Reserved.

source xsim.dir/fir/xsim_script.tcl
# xsim {fir} -testplusarg UVM_VERBOSITY=UVM_NONE -testplusarg UVM_TESTNAME=fir_test_lib -testplusarg UVM_TIMEOUT=20000000000000 -view {{fir_dataflow_ana.wcfg}} -tclbatch {fir.tcl} -protoinst {fir.protoinst}
INFO: [Wavedata 42-565] Reading protoinst file fir.protoinst
INFO: [Wavedata 42-564]   Found protocol instance at /apatb_fir_top/AESL_inst_fir//AESL_inst_fir_activity
Time resolution is 1 ps
open_wave_config fir_dataflow_ana.wcfg
source fir.tcl
## log_wave -r /
## set designtopgroup [add_wave_group "Design Top Signals"]
## set coutputgroup [add_wave_group "C Outputs" -into $designtopgroup]
## set return_group [add_wave_group return(wire) -into $coutputgroup]
## add_wave /apatb_fir_top/AESL_inst_fir/y_ap_vld -into $return_group -color #ffff00 -radix hex
## add_wave /apatb_fir_top/AESL_inst_fir/y -into $return_group -radix hex
## set cinputgroup [add_wave_group "C Inputs" -into $designtopgroup]
## set return_group [add_wave_group return(wire) -into $cinputgroup]
## add_wave /apatb_fir_top/AESL_inst_fir/x -into $return_group -radix hex
## set blocksiggroup [add_wave_group "Block-level IO Handshake" -into $designtopgroup]
## add_wave /apatb_fir_top/AESL_inst_fir/ap_start -into $blocksiggroup
## add_wave /apatb_fir_top/AESL_inst_fir/ap_done -into $blocksiggroup
## add_wave /apatb_fir_top/AESL_inst_fir/ap_idle -into $blocksiggroup
## add_wave /apatb_fir_top/AESL_inst_fir/ap_ready -into $blocksiggroup
## set resetgroup [add_wave_group "Reset" -into $designtopgroup]
## add_wave /apatb_fir_top/AESL_inst_fir/ap_rst -into $resetgroup
## set clockgroup [add_wave_group "Clock" -into $designtopgroup]
## add_wave /apatb_fir_top/AESL_inst_fir/ap_clk -into $clockgroup
## set testbenchgroup [add_wave_group "Test Bench Signals"]
## set tbinternalsiggroup [add_wave_group "Internal Signals" -into $testbenchgroup]
## set tb_simstatus_group [add_wave_group "Simulation Status" -into $tbinternalsiggroup]
## set tb_portdepth_group [add_wave_group "Port Depth" -into $tbinternalsiggroup]
## add_wave /apatb_fir_top/AUTOTB_TRANSACTION_NUM -into $tb_simstatus_group -radix hex
## add_wave /apatb_fir_top/ready_cnt -into $tb_simstatus_group -radix hex
## add_wave /apatb_fir_top/done_cnt -into $tb_simstatus_group -radix hex
## add_wave /apatb_fir_top/LENGTH_x -into $tb_portdepth_group -radix hex
## add_wave /apatb_fir_top/LENGTH_y -into $tb_portdepth_group -radix hex
## set tbcoutputgroup [add_wave_group "C Outputs" -into $testbenchgroup]
## set tb_return_group [add_wave_group return(wire) -into $tbcoutputgroup]
## add_wave /apatb_fir_top/y_ap_vld -into $tb_return_group -color #ffff00 -radix hex
## add_wave /apatb_fir_top/y -into $tb_return_group -radix hex
## set tbcinputgroup [add_wave_group "C Inputs" -into $testbenchgroup]
## set tb_return_group [add_wave_group return(wire) -into $tbcinputgroup]
## add_wave /apatb_fir_top/x -into $tb_return_group -radix hex
## save_wave_config fir.wcfg
## run all
UVM_INFO D:/Softwares/AMD-Design/2025.2/Vivado/data/system_verilog/uvm_1.2/xlnx_uvm_package.sv(18601) @ 0: reporter [UVM/RELNOTES] 
----------------------------------------------------------------
UVM-1.2
(C) 2007-2014 Mentor Graphics Corporation
(C) 2007-2014 Cadence Design Systems, Inc.
(C) 2006-2014 Synopsys, Inc.
(C) 2011-2013 Cypress Semiconductor Corp.
(C) 2013-2014 NVIDIA Corporation
----------------------------------------------------------------

  ***********       IMPORTANT RELEASE NOTES         ************

  You are using a version of the UVM library that has been compiled
  with `UVM_NO_DEPRECATED undefined.

  You are using a version of the UVM library that has been compiled
  with `UVM_OBJECT_DO_NOT_NEED_CONSTRUCTOR undefined.

      (Specify +UVM_NO_RELNOTES to turn off this notice)

UVM_INFO D:/Softwares/AMD-Design/2025.2/Vivado/data/system_verilog/uvm_1.2/xlnx_uvm_package.sv(18648) @ 0: reporter [NO_DPI_TSTNAME] UVM_NO_DPI defined--getting UVM_TESTNAME directly, without DPI
UVM_INFO D:/Softwares/AMD-Design/2025.2/Vivado/data/system_verilog/uvm_1.2/xlnx_uvm_package.sv(18752) @ 0: reporter [UVMTOP] UVM testbench topology:
--------------------------------------------------------------------------------------------------------
Name                                               Type                           Size  Value           
--------------------------------------------------------------------------------------------------------
uvm_test_top                                       fir_test_lib                   -     @352            
  top_env                                          fir_env                        -     @363            
    env_master_svr_x                               uvm_env                        -     @395            
      m_agt                                        uvm_agent                      -     @585            
        drv                                        uvm_driver #(REQ,RSP)          -     @733            
          rsp_port                                 uvm_analysis_port              -     @752            
          seq_item_port                            uvm_seq_item_pull_port         -     @742            
        mon                                        uvm_monitor                    -     @762            
          item_collect_port                        uvm_analysis_port              -     @773            
        sqr                                        uvm_sequencer                  -     @596            
          rsp_export                               uvm_analysis_export            -     @605            
          seq_item_export                          uvm_seq_item_pull_imp          -     @723            
          arbitration_queue                        array                          0     -               
          lock_queue                               array                          0     -               
          num_last_reqs                            integral                       32    'd1             
          num_last_rsps                            integral                       32    'd1             
    env_slave_svr_y                                uvm_env                        -     @382            
      s_agt                                        uvm_agent                      -     @791            
        drv                                        uvm_driver #(REQ,RSP)          -     @939            
          rsp_port                                 uvm_analysis_port              -     @958            
          seq_item_port                            uvm_seq_item_pull_port         -     @948            
        mon                                        uvm_monitor                    -     @968            
          item_collect_port                        uvm_analysis_port              -     @979            
        sqr                                        uvm_sequencer                  -     @802            
          rsp_export                               uvm_analysis_export            -     @811            
          seq_item_export                          uvm_seq_item_pull_imp          -     @929            
          arbitration_queue                        array                          0     -               
          lock_queue                               array                          0     -               
          num_last_reqs                            integral                       32    'd1             
          num_last_rsps                            integral                       32    'd1             
    fir_virtual_sqr                                fir_virtual_sequencer          -     @447            
      rsp_export                                   uvm_analysis_export            -     @456            
      seq_item_export                              uvm_seq_item_pull_imp          -     @574            
      arbitration_queue                            array                          0     -               
      lock_queue                                   array                          0     -               
      num_last_reqs                                integral                       32    'd1             
      num_last_rsps                                integral                       32    'd1             
    refm                                           fir_reference_model            -     @405            
      trans_num_idx                                integral                       32    'h0             
    subsys_mon                                     fir_subsystem_monitor          -     @418            
      scbd                                         fir_scoreboard                 -     @1006           
        refm                                       fir_reference_model            -     @405            
          trans_num_idx                            integral                       32    'h0             
        TVOUT_transaction_size_queue               da(integral)                   0     -               
        file_wr_port_y_y                           <unknown>                      -     @1016           
          TV_FILE                                  string                         0     ""              
          fp                                       integral                       32    'hxxxxxxxx      
          file_open                                integral                       32    'h0             
          write_file_done                          integral                       32    'h0             
          write_section_done                       integral                       32    'h0             
          TRANSACTION_NUM                          integral                       32    'h0             
          transaction_num_idx                      integral                       32    'h0             
          TRANSACTION_DEPTH                        integral                       32    'h0             
          TRANSACTION_DEPTH_queue                  da(integral)                   0     -               
          TRANSACTION_DEPTH_queue_for_depth_check  da(integral)                   0     -               
          transaction_depth_idx                    integral                       32    'h0             
          ap_done_num_idx                          integral                       32    'h0             
          is_binary                                integral                       32    'h0             
        write_file_done_y_y                        integral                       32    'h0             
        write_section_done_y_y                     integral                       32    'h0             
      svr_master_x_imp                             uvm_analysis_imp_svr_master_x  -     @437            
      svr_slave_y_imp                              uvm_analysis_imp_svr_slave_y   -     @427            
    env_slave_svr_y                                uvm_env                        -     @382            
    env_master_svr_x                               uvm_env                        -     @395            
    refm                                           fir_reference_model            -     @405            
    fir_virtual_sqr                                fir_virtual_sequencer          -     @447            
    fir_cfg                                        fir_config                     -     @377            
      port_y_cfg                                   svr_config                     -     @378            
        svr_type                                   svr_inst_type                  32    SVR_SLAVE       
        prt_type                                   svr_protocol_type              32    AP_VLD          
        is_active                                  svr_active_passive_enum        1     SVR_ACTIVE      
        reset_level                                svr_reset_level_enum           1     RESET_LEVEL_HIGH
        spec_cfg                                   svr_spec_cfg_enum              32    NORMAL          
        clatency                                   svr_latency                    -     @379            
          transfer_latency                         integral                       32    'h0             
      port_x_cfg                                   svr_config                     -     @380            
        svr_type                                   svr_inst_type                  32    SVR_MASTER      
        prt_type                                   svr_protocol_type              32    AP_NONE         
        is_active                                  svr_active_passive_enum        1     SVR_ACTIVE      
        reset_level                                svr_reset_level_enum           1     RESET_LEVEL_HIGH
        spec_cfg                                   svr_spec_cfg_enum              32    NORMAL          
        clatency                                   svr_latency                    -     @381            
          transfer_latency                         integral                       32    'h0             
      check_ena                                    integral                       32    'h0             
      cover_ena                                    integral                       32    'h0             
--------------------------------------------------------------------------------------------------------

UVM_INFO D:/Softwares/AMD-Design/2025.2/Vivado/data/system_verilog/uvm_1.2/xlnx_uvm_package.sv(20867) @ 0: reporter [UVM/COMP/NAMECHECK] This implementation of the component name checks requires DPI to be enabled
////////////////////////////////////////////////////////////////////////////////////
// Inter-Transaction Progress: Completed Transaction / Total Transaction
// Intra-Transaction Progress: Measured Latency / Latency Estimation * 100%
//
// RTL Simulation : "Inter-Transaction Progress" ["Intra-Transaction Progress"] @ "Simulation Time"
////////////////////////////////////////////////////////////////////////////////////
// RTL Simulation : 0 / 30 [0.00%] @ "125000"
// RTL Simulation : 1 / 30 [100.00%] @ "415000"
// RTL Simulation : 2 / 30 [100.00%] @ "675000"
// RTL Simulation : 3 / 30 [100.00%] @ "935000"
// RTL Simulation : 4 / 30 [100.00%] @ "1195000"
// RTL Simulation : 5 / 30 [100.00%] @ "1455000"
// RTL Simulation : 6 / 30 [100.00%] @ "1715000"
// RTL Simulation : 7 / 30 [100.00%] @ "1975000"
// RTL Simulation : 8 / 30 [100.00%] @ "2235000"
// RTL Simulation : 9 / 30 [100.00%] @ "2495000"
// RTL Simulation : 10 / 30 [100.00%] @ "2755000"
// RTL Simulation : 11 / 30 [100.00%] @ "3015000"
// RTL Simulation : 12 / 30 [100.00%] @ "3275000"
// RTL Simulation : 13 / 30 [100.00%] @ "3535000"
// RTL Simulation : 14 / 30 [100.00%] @ "3795000"
// RTL Simulation : 15 / 30 [100.00%] @ "4055000"
// RTL Simulation : 16 / 30 [100.00%] @ "4315000"
// RTL Simulation : 17 / 30 [100.00%] @ "4575000"
// RTL Simulation : 18 / 30 [100.00%] @ "4835000"
// RTL Simulation : 19 / 30 [100.00%] @ "5095000"
// RTL Simulation : 20 / 30 [100.00%] @ "5355000"
// RTL Simulation : 21 / 30 [100.00%] @ "5615000"
// RTL Simulation : 22 / 30 [100.00%] @ "5875000"
// RTL Simulation : 23 / 30 [100.00%] @ "6135000"
// RTL Simulation : 24 / 30 [100.00%] @ "6395000"
// RTL Simulation : 25 / 30 [100.00%] @ "6655000"
// RTL Simulation : 26 / 30 [100.00%] @ "6915000"
// RTL Simulation : 27 / 30 [100.00%] @ "7175000"
// RTL Simulation : 28 / 30 [100.00%] @ "7435000"
// RTL Simulation : 29 / 30 [100.00%] @ "7695000"
// RTL Simulation : 30 / 30 [100.00%] @ "7955000"
////////////////////////////////////////////////////////////////////////////////////
$finish called at time : 8025 ns : File "D:/Softwares/AMD-Design/2025.2/Vivado/data/system_verilog/uvm_1.2/xlnx_uvm_package.sv" Line 18699
## quit
INFO: [Common 17-206] Exiting xsim at Thu Jun  4 17:13:09 2026...
INFO: [COSIM 212-316] Starting C post checking ...
==============================================================
                 FIR FILTER HLS TESTBENCH                     
==============================================================
CYCLE     INPUT (x)      DUT OUT (y)    GOLDEN OUT     STATUS    
--------------------------------------------------------------
0         1              53             53             PASS      
1         0              0              0              PASS      
2         0              -91            -91            PASS      
3         0              0              0              PASS      
4         0              313            313            PASS      
5         0              500            500            PASS      
6         0              313            313            PASS      
7         0              0              0              PASS      
8         0              -91            -91            PASS      
9         0              0              0              PASS      
10        0              53             53             PASS      
11        0              0              0              PASS      
12        0              0              0              PASS      
13        0              0              0              PASS      
14        0              0              0              PASS      
15        2              106            106            PASS      
16        0              0              0              PASS      
17        0              -182           -182           PASS      
18        0              0              0              PASS      
19        0              626            626            PASS      
20        0              1000           1000           PASS      
21        0              626            626            PASS      
22        0              0              0              PASS      
23        0              -182           -182           PASS      
24        0              0              0              PASS      
25        0              106            106            PASS      
26        0              0              0              PASS      
27        0              0              0              PASS      
28        0              0              0              PASS      
29        0              0              0              PASS      
--------------------------------------------------------------
>> SIMULATION STATUS: PASSED
==============================================================
INFO: [COSIM 212-1000] *** C/RTL co-simulation finished: PASS ***
INFO: [HLS 200-112] Total CPU user time: 3 seconds. Total CPU system time: 2 seconds. Total elapsed time: 66.191 seconds; peak allocated memory: 213.840 MB.
INFO: [vitis-run 60-791] Total elapsed time: 0h 1m 10s
