

================================================================
== Vitis HLS Report for 'fir'
================================================================
* Date:           Thu Jun  4 18:35:03 2026

* Version:        2025.2 (Build 6295257 on Nov 12 2025)
* Project:        07_loop-fission-array-partition_clk-2.5_script
* Solution:       hls (Vivado IP Flow Target)
* Product family: zynq
* Target device:  xc7z020-clg484-3


================================================================
== Performance Estimates
================================================================
+ Timing: 
    * Summary: 
    +--------+---------+----------+------------+
    |  Clock |  Target | Estimated| Uncertainty|
    +--------+---------+----------+------------+
    |ap_clk  |  2.50 ns|  1.566 ns|     0.68 ns|
    +--------+---------+----------+------------+

+ Latency: 
    * Summary: 
    +---------+---------+----------+----------+-----+-----+---------+
    |  Latency (cycles) |  Latency (absolute) |  Interval | Pipeline|
    |   min   |   max   |    min   |    max   | min | max |   Type  |
    +---------+---------+----------+----------+-----+-----+---------+
    |       78|       78|  0.195 us|  0.195 us|   79|   79|       no|
    +---------+---------+----------+----------+-----+-----+---------+

    + Detail: 
        * Instance: 
        N/A

        * Loop: 
        +------------+---------+---------+----------+-----------+-----------+------+----------+
        |            |  Latency (cycles) | Iteration|  Initiation Interval  | Trip |          |
        |  Loop Name |   min   |   max   |  Latency |  achieved |   target  | Count| Pipelined|
        +------------+---------+---------+----------+-----------+-----------+------+----------+
        |- mac_loop  |       77|       77|         7|          -|          -|    11|        no|
        +------------+---------+---------+----------+-----------+-----------+------+----------+

============================================================
+ Verbose Summary: Synthesis Manager
============================================================
InlineROM: 1
ExposeGlobal: 0
============================================================
+ Verbose Summary: CDFG Model
============================================================
IsTopModel: 1
ResetActiveHigh: 1
IsCombinational: 0
IsDatapathOnly: 0
HasWiredReturn: 1
HasMFsm: 0
HasVarLatency: 1
IsPipeline: 0
IsRtlPipelined: 0
IsInstanceOverlapped: 0
IsDontTouch: 0
HasImplIP: 0
IsGatedGlobalClock: 0


============================================================
+ Verbose Summary: Schedule
============================================================
* Number of FSM states : 8
* Pipeline : 0
* Dataflow Pipeline: 0

* FSM state transitions: 
1 --> 2 
2 --> 3 
3 --> 4 
4 --> 5 
5 --> 6 
6 --> 7 
7 --> 8 
8 --> 2 

* FSM state operations: 

State 1 <SV = 0> <Delay = 1.14>
ST_1 : Operation 9 [1/1] (0.00ns)   --->   "%acc = alloca i32 1" [fir.cpp:11]   --->   Operation 9 'alloca' 'acc' <Predicate = true> <Delay = 0.00>
ST_1 : Operation 10 [1/1] (0.00ns)   --->   "%i = alloca i32 1" [fir.cpp:24]   --->   Operation 10 'alloca' 'i' <Predicate = true> <Delay = 0.00>
ST_1 : Operation 11 [1/1] (0.00ns)   --->   "%spectopmodule_ln3 = spectopmodule void @_ssdm_op_SpecTopModule, void @empty_1" [fir.cpp:3]   --->   Operation 11 'spectopmodule' 'spectopmodule_ln3' <Predicate = true> <Delay = 0.00>
ST_1 : Operation 12 [1/1] (0.00ns)   --->   "%specbitsmap_ln0 = specbitsmap void @_ssdm_op_SpecBitsMap, i32 %y"   --->   Operation 12 'specbitsmap' 'specbitsmap_ln0' <Predicate = true> <Delay = 0.00>
ST_1 : Operation 13 [1/1] (0.00ns)   --->   "%specinterface_ln0 = specinterface void @_ssdm_op_SpecInterface, i32 %y, void @empty, i32 0, i32 0, void @empty_0, i32 0, i32 0, void @empty_0, void @empty_0, void @empty_0, i32 0, i32 0, i32 0, i32 0, void @empty_0, void @empty_0, i32 4294967295, i32 0, i32 0, i32 0"   --->   Operation 13 'specinterface' 'specinterface_ln0' <Predicate = true> <Delay = 0.00>
ST_1 : Operation 14 [1/1] (0.00ns)   --->   "%specbitsmap_ln0 = specbitsmap void @_ssdm_op_SpecBitsMap, i12 %x"   --->   Operation 14 'specbitsmap' 'specbitsmap_ln0' <Predicate = true> <Delay = 0.00>
ST_1 : Operation 15 [1/1] (0.00ns)   --->   "%specinterface_ln0 = specinterface void @_ssdm_op_SpecInterface, i12 %x, void @empty, i32 0, i32 0, void @empty_0, i32 0, i32 0, void @empty_0, void @empty_0, void @empty_0, i32 0, i32 0, i32 0, i32 0, void @empty_0, void @empty_0, i32 4294967295, i32 0, i32 0, i32 0"   --->   Operation 15 'specinterface' 'specinterface_ln0' <Predicate = true> <Delay = 0.00>
ST_1 : Operation 16 [1/1] (0.00ns)   --->   "%x_read = read i12 @_ssdm_op_Read.ap_auto.i12, i12 %x" [fir.cpp:3]   --->   Operation 16 'read' 'x_read' <Predicate = true> <Delay = 0.00>
ST_1 : Operation 17 [1/1] (0.00ns)   --->   "%fir_ap_int_32_ap_uint_12_shift_reg_9_load = load i12 %fir_ap_int_32_ap_uint_12_shift_reg_9" [fir.cpp:18]   --->   Operation 17 'load' 'fir_ap_int_32_ap_uint_12_shift_reg_9_load' <Predicate = true> <Delay = 0.00>
ST_1 : Operation 18 [1/1] (0.00ns)   --->   "%fir_ap_int_32_ap_uint_12_shift_reg_8_load = load i12 %fir_ap_int_32_ap_uint_12_shift_reg_8" [fir.cpp:18]   --->   Operation 18 'load' 'fir_ap_int_32_ap_uint_12_shift_reg_8_load' <Predicate = true> <Delay = 0.00>
ST_1 : Operation 19 [1/1] (0.00ns)   --->   "%fir_ap_int_32_ap_uint_12_shift_reg_7_load = load i12 %fir_ap_int_32_ap_uint_12_shift_reg_7" [fir.cpp:18]   --->   Operation 19 'load' 'fir_ap_int_32_ap_uint_12_shift_reg_7_load' <Predicate = true> <Delay = 0.00>
ST_1 : Operation 20 [1/1] (0.00ns)   --->   "%fir_ap_int_32_ap_uint_12_shift_reg_6_load = load i12 %fir_ap_int_32_ap_uint_12_shift_reg_6" [fir.cpp:18]   --->   Operation 20 'load' 'fir_ap_int_32_ap_uint_12_shift_reg_6_load' <Predicate = true> <Delay = 0.00>
ST_1 : Operation 21 [1/1] (0.00ns)   --->   "%fir_ap_int_32_ap_uint_12_shift_reg_5_load = load i12 %fir_ap_int_32_ap_uint_12_shift_reg_5" [fir.cpp:18]   --->   Operation 21 'load' 'fir_ap_int_32_ap_uint_12_shift_reg_5_load' <Predicate = true> <Delay = 0.00>
ST_1 : Operation 22 [1/1] (0.00ns)   --->   "%fir_ap_int_32_ap_uint_12_shift_reg_4_load = load i12 %fir_ap_int_32_ap_uint_12_shift_reg_4" [fir.cpp:18]   --->   Operation 22 'load' 'fir_ap_int_32_ap_uint_12_shift_reg_4_load' <Predicate = true> <Delay = 0.00>
ST_1 : Operation 23 [1/1] (0.00ns)   --->   "%fir_ap_int_32_ap_uint_12_shift_reg_3_load = load i12 %fir_ap_int_32_ap_uint_12_shift_reg_3" [fir.cpp:18]   --->   Operation 23 'load' 'fir_ap_int_32_ap_uint_12_shift_reg_3_load' <Predicate = true> <Delay = 0.00>
ST_1 : Operation 24 [1/1] (0.00ns)   --->   "%fir_ap_int_32_ap_uint_12_shift_reg_2_load = load i12 %fir_ap_int_32_ap_uint_12_shift_reg_2" [fir.cpp:18]   --->   Operation 24 'load' 'fir_ap_int_32_ap_uint_12_shift_reg_2_load' <Predicate = true> <Delay = 0.00>
ST_1 : Operation 25 [1/1] (0.00ns)   --->   "%fir_ap_int_32_ap_uint_12_shift_reg_1_load = load i12 %fir_ap_int_32_ap_uint_12_shift_reg_1" [fir.cpp:18]   --->   Operation 25 'load' 'fir_ap_int_32_ap_uint_12_shift_reg_1_load' <Predicate = true> <Delay = 0.00>
ST_1 : Operation 26 [1/1] (0.00ns)   --->   "%fir_ap_int_32_ap_uint_12_shift_reg_load = load i12 %fir_ap_int_32_ap_uint_12_shift_reg" [fir.cpp:18]   --->   Operation 26 'load' 'fir_ap_int_32_ap_uint_12_shift_reg_load' <Predicate = true> <Delay = 0.00>
ST_1 : Operation 27 [1/1] (0.00ns)   --->   "%store_ln18 = store i12 %fir_ap_int_32_ap_uint_12_shift_reg_8_load, i12 %fir_ap_int_32_ap_uint_12_shift_reg_9" [fir.cpp:18]   --->   Operation 27 'store' 'store_ln18' <Predicate = true> <Delay = 0.00>
ST_1 : Operation 28 [1/1] (0.00ns)   --->   "%store_ln18 = store i12 %fir_ap_int_32_ap_uint_12_shift_reg_7_load, i12 %fir_ap_int_32_ap_uint_12_shift_reg_8" [fir.cpp:18]   --->   Operation 28 'store' 'store_ln18' <Predicate = true> <Delay = 0.00>
ST_1 : Operation 29 [1/1] (0.00ns)   --->   "%store_ln18 = store i12 %fir_ap_int_32_ap_uint_12_shift_reg_6_load, i12 %fir_ap_int_32_ap_uint_12_shift_reg_7" [fir.cpp:18]   --->   Operation 29 'store' 'store_ln18' <Predicate = true> <Delay = 0.00>
ST_1 : Operation 30 [1/1] (0.00ns)   --->   "%store_ln18 = store i12 %fir_ap_int_32_ap_uint_12_shift_reg_5_load, i12 %fir_ap_int_32_ap_uint_12_shift_reg_6" [fir.cpp:18]   --->   Operation 30 'store' 'store_ln18' <Predicate = true> <Delay = 0.00>
ST_1 : Operation 31 [1/1] (0.00ns)   --->   "%store_ln18 = store i12 %fir_ap_int_32_ap_uint_12_shift_reg_4_load, i12 %fir_ap_int_32_ap_uint_12_shift_reg_5" [fir.cpp:18]   --->   Operation 31 'store' 'store_ln18' <Predicate = true> <Delay = 0.00>
ST_1 : Operation 32 [1/1] (0.00ns)   --->   "%store_ln18 = store i12 %fir_ap_int_32_ap_uint_12_shift_reg_3_load, i12 %fir_ap_int_32_ap_uint_12_shift_reg_4" [fir.cpp:18]   --->   Operation 32 'store' 'store_ln18' <Predicate = true> <Delay = 0.00>
ST_1 : Operation 33 [1/1] (0.00ns)   --->   "%store_ln18 = store i12 %fir_ap_int_32_ap_uint_12_shift_reg_2_load, i12 %fir_ap_int_32_ap_uint_12_shift_reg_3" [fir.cpp:18]   --->   Operation 33 'store' 'store_ln18' <Predicate = true> <Delay = 0.00>
ST_1 : Operation 34 [1/1] (0.00ns)   --->   "%store_ln18 = store i12 %fir_ap_int_32_ap_uint_12_shift_reg_1_load, i12 %fir_ap_int_32_ap_uint_12_shift_reg_2" [fir.cpp:18]   --->   Operation 34 'store' 'store_ln18' <Predicate = true> <Delay = 0.00>
ST_1 : Operation 35 [1/1] (0.00ns)   --->   "%store_ln18 = store i12 %fir_ap_int_32_ap_uint_12_shift_reg_load, i12 %fir_ap_int_32_ap_uint_12_shift_reg_1" [fir.cpp:18]   --->   Operation 35 'store' 'store_ln18' <Predicate = true> <Delay = 0.00>
ST_1 : Operation 36 [1/1] (0.00ns)   --->   "%store_ln21 = store i12 %x_read, i12 %fir_ap_int_32_ap_uint_12_shift_reg" [fir.cpp:21]   --->   Operation 36 'store' 'store_ln21' <Predicate = true> <Delay = 0.00>
ST_1 : Operation 37 [1/1] (1.14ns)   --->   "%store_ln24 = store i4 0, i4 %i" [fir.cpp:24]   --->   Operation 37 'store' 'store_ln24' <Predicate = true> <Delay = 1.14>
ST_1 : Operation 38 [1/1] (1.14ns)   --->   "%store_ln11 = store i26 0, i26 %acc" [fir.cpp:11]   --->   Operation 38 'store' 'store_ln11' <Predicate = true> <Delay = 1.14>
ST_1 : Operation 39 [1/1] (0.00ns)   --->   "%br_ln24 = br void %for.inc22" [fir.cpp:24]   --->   Operation 39 'br' 'br_ln24' <Predicate = true> <Delay = 0.00>

State 2 <SV = 1> <Delay = 1.56>
ST_2 : Operation 40 [1/1] (0.00ns)   --->   "%i_1 = load i4 %i" [fir.cpp:24]   --->   Operation 40 'load' 'i_1' <Predicate = true> <Delay = 0.00>
ST_2 : Operation 41 [1/1] (1.40ns)   --->   "%icmp_ln24 = icmp_eq  i4 %i_1, i4 11" [fir.cpp:24]   --->   Operation 41 'icmp' 'icmp_ln24' <Predicate = true> <Delay = 1.40> <CoreInst = "Cmp">   --->   Core 9 'Cmp' <Latency = 0> <II = 1> <Delay = 1.40> <FuncUnit> <Opcode : 'seteq' 'setne' 'setle' 'setge' 'setlt' 'setgt'> <InPorts = 2> <OutPorts = 1>
ST_2 : Operation 42 [1/1] (1.40ns)   --->   "%add_ln24 = add i4 %i_1, i4 1" [fir.cpp:24]   --->   Operation 42 'add' 'add_ln24' <Predicate = true> <Delay = 1.40> <CoreInst = "Adder">   --->   Core 1 'Adder' <Latency = 0> <II = 1> <Delay = 1.40> <FuncUnit> <Opcode : 'add' 'sub'> <InPorts = 2> <OutPorts = 1>
ST_2 : Operation 43 [1/1] (0.00ns)   --->   "%br_ln24 = br i1 %icmp_ln24, void %for.inc22.split, void %for.end23" [fir.cpp:24]   --->   Operation 43 'br' 'br_ln24' <Predicate = true> <Delay = 0.00>
ST_2 : Operation 44 [1/1] (0.00ns)   --->   "%zext_ln24 = zext i4 %i_1" [fir.cpp:24]   --->   Operation 44 'zext' 'zext_ln24' <Predicate = (!icmp_ln24)> <Delay = 0.00>
ST_2 : Operation 45 [1/1] (1.37ns)   --->   "%tmp = sparsemux i12 @_ssdm_op_SparseMux.ap_auto.11i12.i12.i4, i4 0, i12 %x_read, i4 1, i12 %fir_ap_int_32_ap_uint_12_shift_reg_load, i4 2, i12 %fir_ap_int_32_ap_uint_12_shift_reg_1_load, i4 3, i12 %fir_ap_int_32_ap_uint_12_shift_reg_2_load, i4 4, i12 %fir_ap_int_32_ap_uint_12_shift_reg_3_load, i4 5, i12 %fir_ap_int_32_ap_uint_12_shift_reg_4_load, i4 6, i12 %fir_ap_int_32_ap_uint_12_shift_reg_5_load, i4 7, i12 %fir_ap_int_32_ap_uint_12_shift_reg_6_load, i4 8, i12 %fir_ap_int_32_ap_uint_12_shift_reg_7_load, i4 9, i12 %fir_ap_int_32_ap_uint_12_shift_reg_8_load, i4 10, i12 %fir_ap_int_32_ap_uint_12_shift_reg_9_load, i12 0, i4 %i_1" [fir.cpp:25]   --->   Operation 45 'sparsemux' 'tmp' <Predicate = (!icmp_ln24)> <Delay = 1.37> <CoreInst = "BinarySparseMux_DontCare">   --->   Core 137 'BinarySparseMux_DontCare' <Latency = 0> <II = 1> <Delay = 1.37> <FuncUnit> <Opcode : 'sparsemux'> <InPorts = 2> <OutPorts = 1>
ST_2 : Operation 46 [1/1] (0.00ns)   --->   "%c_addr = getelementptr i10 %c, i64 0, i64 %zext_ln24" [fir.cpp:25]   --->   Operation 46 'getelementptr' 'c_addr' <Predicate = (!icmp_ln24)> <Delay = 0.00>
ST_2 : Operation 47 [2/2] (1.56ns)   --->   "%c_load = load i4 %c_addr" [fir.cpp:25]   --->   Operation 47 'load' 'c_load' <Predicate = (!icmp_ln24)> <Delay = 1.56> <CoreInst = "ROM">   --->   Core 94 'ROM' <Latency = 1> <II = 1> <Delay = 1.56> <Storage> <Opcode : 'load'> <Ports = 0> <Width = 10> <Depth = 11> <ROM>
ST_2 : Operation 48 [1/1] (0.00ns)   --->   "%acc_load_1 = load i26 %acc" [fir.cpp:28]   --->   Operation 48 'load' 'acc_load_1' <Predicate = (icmp_ln24)> <Delay = 0.00>
ST_2 : Operation 49 [1/1] (0.00ns)   --->   "%sext_ln28 = sext i26 %acc_load_1" [fir.cpp:28]   --->   Operation 49 'sext' 'sext_ln28' <Predicate = (icmp_ln24)> <Delay = 0.00>
ST_2 : Operation 50 [1/1] (0.00ns)   --->   "%write_ln28 = write void @_ssdm_op_Write.ap_auto.i32P0A, i32 %y, i32 %sext_ln28" [fir.cpp:28]   --->   Operation 50 'write' 'write_ln28' <Predicate = (icmp_ln24)> <Delay = 0.00>
ST_2 : Operation 51 [1/1] (0.00ns)   --->   "%ret_ln29 = ret" [fir.cpp:29]   --->   Operation 51 'ret' 'ret_ln29' <Predicate = (icmp_ln24)> <Delay = 0.00>

State 3 <SV = 2> <Delay = 1.56>
ST_3 : Operation 52 [1/2] ( I:1.56ns O:1.56ns )   --->   "%c_load = load i4 %c_addr" [fir.cpp:25]   --->   Operation 52 'load' 'c_load' <Predicate = true> <Delay = 1.56> <CoreInst = "ROM">   --->   Core 94 'ROM' <Latency = 1> <II = 1> <Delay = 1.56> <Storage> <Opcode : 'load'> <Ports = 0> <Width = 10> <Depth = 11> <ROM>
ST_3 : Operation 53 [1/1] (1.14ns)   --->   "%store_ln24 = store i4 %add_ln24, i4 %i" [fir.cpp:24]   --->   Operation 53 'store' 'store_ln24' <Predicate = true> <Delay = 1.14>

State 4 <SV = 3> <Delay = 0.93>
ST_4 : Operation 54 [1/1] (0.00ns)   --->   "%zext_ln25 = zext i12 %tmp" [fir.cpp:25]   --->   Operation 54 'zext' 'zext_ln25' <Predicate = true> <Delay = 0.00>
ST_4 : Operation 55 [1/1] (0.00ns)   --->   "%sext_ln25 = sext i10 %c_load" [fir.cpp:25]   --->   Operation 55 'sext' 'sext_ln25' <Predicate = true> <Delay = 0.00>
ST_4 : Operation 56 [3/3] (0.93ns) (grouped into DSP with root node acc_1)   --->   "%mul_ln25 = mul i22 %zext_ln25, i22 %sext_ln25" [fir.cpp:25]   --->   Operation 56 'mul' 'mul_ln25' <Predicate = true> <Delay = 0.93> <CoreInst = "DSP48">   --->   Core 116 'DSP48' <Latency = 3> <II = 1> <Delay = 1.59> <IPBlock> <Opcode : 'add' 'sub' 'mul' 'select'> <InPorts = 0> <OutPorts = 1> <Sync> <CReg>

State 5 <SV = 4> <Delay = 0.93>
ST_5 : Operation 57 [2/3] (0.93ns) (grouped into DSP with root node acc_1)   --->   "%mul_ln25 = mul i22 %zext_ln25, i22 %sext_ln25" [fir.cpp:25]   --->   Operation 57 'mul' 'mul_ln25' <Predicate = true> <Delay = 0.93> <CoreInst = "DSP48">   --->   Core 116 'DSP48' <Latency = 3> <II = 1> <Delay = 1.59> <IPBlock> <Opcode : 'add' 'sub' 'mul' 'select'> <InPorts = 0> <OutPorts = 1> <Sync> <CReg>

State 6 <SV = 5> <Delay = 1.54>
ST_6 : Operation 58 [1/1] (0.00ns)   --->   "%acc_load = load i26 %acc" [fir.cpp:25]   --->   Operation 58 'load' 'acc_load' <Predicate = true> <Delay = 0.00>
ST_6 : Operation 59 [1/3] (0.00ns) (grouped into DSP with root node acc_1)   --->   "%mul_ln25 = mul i22 %zext_ln25, i22 %sext_ln25" [fir.cpp:25]   --->   Operation 59 'mul' 'mul_ln25' <Predicate = true> <Delay = 0.00> <CoreInst = "DSP48">   --->   Core 116 'DSP48' <Latency = 3> <II = 1> <Delay = 1.59> <IPBlock> <Opcode : 'add' 'sub' 'mul' 'select'> <InPorts = 0> <OutPorts = 1> <Sync> <CReg>
ST_6 : Operation 60 [1/1] (0.00ns) (grouped into DSP with root node acc_1)   --->   "%sext_ln25_1 = sext i22 %mul_ln25" [fir.cpp:25]   --->   Operation 60 'sext' 'sext_ln25_1' <Predicate = true> <Delay = 0.00>
ST_6 : Operation 61 [2/2] (1.54ns) (root node of the DSP)   --->   "%acc_1 = add i26 %sext_ln25_1, i26 %acc_load" [fir.cpp:25]   --->   Operation 61 'add' 'acc_1' <Predicate = true> <Delay = 1.54> <CoreInst = "DSP48">   --->   Core 116 'DSP48' <Latency = 3> <II = 1> <Delay = 1.59> <IPBlock> <Opcode : 'add' 'sub' 'mul' 'select'> <InPorts = 0> <OutPorts = 1> <Sync> <CReg>

State 7 <SV = 6> <Delay = 1.54>
ST_7 : Operation 62 [1/2] (1.54ns) (root node of the DSP)   --->   "%acc_1 = add i26 %sext_ln25_1, i26 %acc_load" [fir.cpp:25]   --->   Operation 62 'add' 'acc_1' <Predicate = true> <Delay = 1.54> <CoreInst = "DSP48">   --->   Core 116 'DSP48' <Latency = 3> <II = 1> <Delay = 1.59> <IPBlock> <Opcode : 'add' 'sub' 'mul' 'select'> <InPorts = 0> <OutPorts = 1> <Sync> <CReg>

State 8 <SV = 7> <Delay = 1.14>
ST_8 : Operation 63 [1/1] (0.00ns)   --->   "%speclooptripcount_ln11 = speclooptripcount void @_ssdm_op_SpecLoopTripCount, i64 11, i64 11, i64 11" [fir.cpp:11]   --->   Operation 63 'speclooptripcount' 'speclooptripcount_ln11' <Predicate = true> <Delay = 0.00>
ST_8 : Operation 64 [1/1] (0.00ns)   --->   "%specloopname_ln24 = specloopname void @_ssdm_op_SpecLoopName, void @empty_2" [fir.cpp:24]   --->   Operation 64 'specloopname' 'specloopname_ln24' <Predicate = true> <Delay = 0.00>
ST_8 : Operation 65 [1/1] (1.14ns)   --->   "%store_ln11 = store i26 %acc_1, i26 %acc" [fir.cpp:11]   --->   Operation 65 'store' 'store_ln11' <Predicate = true> <Delay = 1.14>
ST_8 : Operation 66 [1/1] (0.00ns)   --->   "%br_ln24 = br void %for.inc22" [fir.cpp:24]   --->   Operation 66 'br' 'br_ln24' <Predicate = true> <Delay = 0.00>


============================================================
+ Verbose Summary: Timing violations
============================================================
Target clock period: 2.500ns, clock uncertainty: 0.675ns.

 <State 1>: 1.146ns
The critical path consists of the following:
	'alloca' operation 4 bit ('i', fir.cpp:24) [15]  (0.000 ns)
	'store' operation ('store_ln24', fir.cpp:24) of constant 0 4 bit on local variable 'i', fir.cpp:24 [42]  (1.146 ns)

 <State 2>: 1.566ns
The critical path consists of the following:
	'load' operation 4 bit ('i', fir.cpp:24) on local variable 'i', fir.cpp:24 [46]  (0.000 ns)
	'getelementptr' operation 4 bit ('c_addr', fir.cpp:25) [57]  (0.000 ns)
	'load' operation 10 bit ('c_load', fir.cpp:25) on array 'c' [58]  (1.566 ns)

 <State 3>: 1.566ns
The critical path consists of the following:
	'load' operation 10 bit ('c_load', fir.cpp:25) on array 'c' [58]  (1.566 ns)

 <State 4>: 0.930ns
The critical path consists of the following:
	'mul' operation 22 bit of DSP[62] ('mul_ln25', fir.cpp:25) [60]  (0.930 ns)

 <State 5>: 0.930ns
The critical path consists of the following:
	'mul' operation 22 bit of DSP[62] ('mul_ln25', fir.cpp:25) [60]  (0.930 ns)

 <State 6>: 1.540ns
The critical path consists of the following:
	'load' operation 26 bit ('acc_load', fir.cpp:25) on local variable 'acc', fir.cpp:11 [51]  (0.000 ns)
	'add' operation 26 bit of DSP[62] ('acc', fir.cpp:25) [62]  (1.540 ns)

 <State 7>: 1.540ns
The critical path consists of the following:
	'add' operation 26 bit of DSP[62] ('acc', fir.cpp:25) [62]  (1.540 ns)

 <State 8>: 1.146ns
The critical path consists of the following:
	'store' operation ('store_ln11', fir.cpp:11) of variable 'acc', fir.cpp:25 26 bit on local variable 'acc', fir.cpp:11 [64]  (1.146 ns)


============================================================
+ Verbose Summary: Binding
============================================================
N/A
* FSMD analyzer results:
  - Output states:
 - Input state : 
  - Chain level:
	State 1
	State 2
	State 3
	State 4
	State 5
	State 6
	State 7
	State 8


============================================================
+ Verbose Summary: Datapath Resource usage 
============================================================
N/A
