

================================================================
== Vitis HLS Report for 'spmv'
================================================================
* Date:           Mon Jun 15 11:33:42 2026

* Version:        2025.2 (Build 6295257 on Nov 12 2025)
* Project:        05_pipeline-unroll-2-cyclic-2-L2_script
* Solution:       hls (Vivado IP Flow Target)
* Product family: zynq
* Target device:  xc7z020-clg484-3


================================================================
== Performance Estimates
================================================================
+ Timing: 
    * Summary: 
    +--------+----------+----------+------------+
    |  Clock |  Target  | Estimated| Uncertainty|
    +--------+----------+----------+------------+
    |ap_clk  |  10.00 ns|  4.978 ns|     2.70 ns|
    +--------+----------+----------+------------+

+ Latency: 
    * Summary: 
    +---------+---------+-----------+----------+------+-------+---------+
    |  Latency (cycles) |  Latency (absolute)  |   Interval   | Pipeline|
    |   min   |   max   |    min    |    max   |  min |  max  |   Type  |
    +---------+---------+-----------+----------+------+-------+---------+
    |     1665|    17793|  16.650 us|  0.178 ms|  1666|  17794|       no|
    +---------+---------+-----------+----------+------+-------+---------+

    + Detail: 
        * Instance: 
        N/A

        * Loop: 
        +----------+---------+---------+----------+-----------+-----------+------+----------+
        |          |  Latency (cycles) | Iteration|  Initiation Interval  | Trip |          |
        | Loop Name|   min   |   max   |  Latency |  achieved |   target  | Count| Pipelined|
        +----------+---------+---------+----------+-----------+-----------+------+----------+
        |- L1      |     1664|    17792|  13 ~ 139|          -|          -|   128|        no|
        +----------+---------+---------+----------+-----------+-----------+------+----------+

============================================================
+ Verbose Summary: Synthesis Manager
============================================================
InlineROM: 1
ExposeGlobal: 0
============================================================
+ Verbose Summary: CDFG Model
============================================================
IsTopModel: 1
ResetActiveHigh: 1
IsCombinational: 0
IsDatapathOnly: 0
HasWiredReturn: 1
HasMFsm: 0
HasVarLatency: 1
IsPipeline: 0
IsRtlPipelined: 0
IsInstanceOverlapped: 0
IsDontTouch: 0
HasImplIP: 0
IsGatedGlobalClock: 0


============================================================
+ Verbose Summary: Schedule
============================================================
* Number of FSM states : 5
* Pipeline : 0
* Dataflow Pipeline: 0

* FSM state transitions: 
1 --> 2 
2 --> 3 
3 --> 4 
4 --> 5 
5 --> 2 

* FSM state operations: 

State 1 <SV = 0> <Delay = 1.14>
ST_1 : Operation 6 [1/1] (0.00ns)   --->   "%row = alloca i32 1" [spmv.cpp:16]   --->   Operation 6 'alloca' 'row' <Predicate = true> <Delay = 0.00>
ST_1 : Operation 7 [1/1] (0.00ns)   --->   "%sum_ce_loc = alloca i64 1"   --->   Operation 7 'alloca' 'sum_ce_loc' <Predicate = true> <Delay = 0.00>
ST_1 : Operation 8 [1/1] (0.00ns)   --->   "%spectopmodule_ln5 = spectopmodule void @_ssdm_op_SpecTopModule, void @empty_1" [spmv.cpp:5]   --->   Operation 8 'spectopmodule' 'spectopmodule_ln5' <Predicate = true> <Delay = 0.00>
ST_1 : Operation 9 [1/1] (0.00ns)   --->   "%specinterface_ln0 = specinterface void @_ssdm_op_SpecInterface, i8 %values_0, void @empty, i32 0, i32 0, void @empty_0, i32 4294967295, i32 0, void @empty_0, void @empty_0, void @empty_0, i32 0, i32 0, i32 0, i32 0, void @empty_0, void @empty_0, i32 4294967295, i32 0, i32 0, i32 0"   --->   Operation 9 'specinterface' 'specinterface_ln0' <Predicate = true> <Delay = 0.00>
ST_1 : Operation 10 [1/1] (0.00ns)   --->   "%specbitsmap_ln0 = specbitsmap void @_ssdm_op_SpecBitsMap, i8 %values_0"   --->   Operation 10 'specbitsmap' 'specbitsmap_ln0' <Predicate = true> <Delay = 0.00>
ST_1 : Operation 11 [1/1] (0.00ns)   --->   "%specinterface_ln0 = specinterface void @_ssdm_op_SpecInterface, i8 %values_1, void @empty, i32 0, i32 0, void @empty_0, i32 4294967295, i32 0, void @empty_0, void @empty_0, void @empty_0, i32 0, i32 0, i32 0, i32 0, void @empty_0, void @empty_0, i32 4294967295, i32 0, i32 0, i32 0"   --->   Operation 11 'specinterface' 'specinterface_ln0' <Predicate = true> <Delay = 0.00>
ST_1 : Operation 12 [1/1] (0.00ns)   --->   "%specbitsmap_ln0 = specbitsmap void @_ssdm_op_SpecBitsMap, i8 %values_1"   --->   Operation 12 'specbitsmap' 'specbitsmap_ln0' <Predicate = true> <Delay = 0.00>
ST_1 : Operation 13 [1/1] (0.00ns)   --->   "%specinterface_ln0 = specinterface void @_ssdm_op_SpecInterface, i10 %x, void @empty, i32 0, i32 0, void @empty_0, i32 4294967295, i32 0, void @empty_0, void @empty_0, void @empty_0, i32 0, i32 0, i32 0, i32 0, void @empty_0, void @empty_0, i32 4294967295, i32 0, i32 0, i32 0"   --->   Operation 13 'specinterface' 'specinterface_ln0' <Predicate = true> <Delay = 0.00>
ST_1 : Operation 14 [1/1] (0.00ns)   --->   "%specbitsmap_ln0 = specbitsmap void @_ssdm_op_SpecBitsMap, i10 %x"   --->   Operation 14 'specbitsmap' 'specbitsmap_ln0' <Predicate = true> <Delay = 0.00>
ST_1 : Operation 15 [1/1] (0.00ns)   --->   "%specinterface_ln0 = specinterface void @_ssdm_op_SpecInterface, i32 %col_idx, void @empty, i32 0, i32 0, void @empty_0, i32 4294967295, i32 0, void @empty_0, void @empty_0, void @empty_0, i32 0, i32 0, i32 0, i32 0, void @empty_0, void @empty_0, i32 4294967295, i32 0, i32 0, i32 0"   --->   Operation 15 'specinterface' 'specinterface_ln0' <Predicate = true> <Delay = 0.00>
ST_1 : Operation 16 [1/1] (0.00ns)   --->   "%specbitsmap_ln0 = specbitsmap void @_ssdm_op_SpecBitsMap, i32 %col_idx"   --->   Operation 16 'specbitsmap' 'specbitsmap_ln0' <Predicate = true> <Delay = 0.00>
ST_1 : Operation 17 [1/1] (0.00ns)   --->   "%specinterface_ln0 = specinterface void @_ssdm_op_SpecInterface, i32 %row_ptr, void @empty, i32 0, i32 0, void @empty_0, i32 4294967295, i32 0, void @empty_0, void @empty_0, void @empty_0, i32 0, i32 0, i32 0, i32 0, void @empty_0, void @empty_0, i32 4294967295, i32 0, i32 0, i32 0"   --->   Operation 17 'specinterface' 'specinterface_ln0' <Predicate = true> <Delay = 0.00>
ST_1 : Operation 18 [1/1] (0.00ns)   --->   "%specbitsmap_ln0 = specbitsmap void @_ssdm_op_SpecBitsMap, i32 %row_ptr"   --->   Operation 18 'specbitsmap' 'specbitsmap_ln0' <Predicate = true> <Delay = 0.00>
ST_1 : Operation 19 [1/1] (0.00ns)   --->   "%specinterface_ln0 = specinterface void @_ssdm_op_SpecInterface, i32 %y, void @empty, i32 0, i32 0, void @empty_0, i32 4294967295, i32 0, void @empty_0, void @empty_0, void @empty_0, i32 0, i32 0, i32 0, i32 0, void @empty_0, void @empty_0, i32 4294967295, i32 0, i32 0, i32 0"   --->   Operation 19 'specinterface' 'specinterface_ln0' <Predicate = true> <Delay = 0.00>
ST_1 : Operation 20 [1/1] (0.00ns)   --->   "%specbitsmap_ln0 = specbitsmap void @_ssdm_op_SpecBitsMap, i32 %y"   --->   Operation 20 'specbitsmap' 'specbitsmap_ln0' <Predicate = true> <Delay = 0.00>
ST_1 : Operation 21 [1/1] (1.14ns)   --->   "%store_ln16 = store i8 0, i8 %row" [spmv.cpp:16]   --->   Operation 21 'store' 'store_ln16' <Predicate = true> <Delay = 1.14>
ST_1 : Operation 22 [1/1] (0.00ns)   --->   "%br_ln16 = br void %L2" [spmv.cpp:16]   --->   Operation 22 'br' 'br_ln16' <Predicate = true> <Delay = 0.00>

State 2 <SV = 1> <Delay = 2.77>
ST_2 : Operation 23 [1/1] (0.00ns)   --->   "%row_1 = load i8 %row" [spmv.cpp:20]   --->   Operation 23 'load' 'row_1' <Predicate = true> <Delay = 0.00>
ST_2 : Operation 24 [1/1] (1.62ns)   --->   "%icmp_ln16 = icmp_eq  i8 %row_1, i8 128" [spmv.cpp:16]   --->   Operation 24 'icmp' 'icmp_ln16' <Predicate = true> <Delay = 1.62> <CoreInst = "Cmp">   --->   Core 9 'Cmp' <Latency = 0> <II = 1> <Delay = 1.62> <FuncUnit> <Opcode : 'seteq' 'setne' 'setle' 'setge' 'setlt' 'setgt'> <InPorts = 2> <OutPorts = 1>
ST_2 : Operation 25 [1/1] (1.62ns)   --->   "%add_ln20 = add i8 %row_1, i8 1" [spmv.cpp:20]   --->   Operation 25 'add' 'add_ln20' <Predicate = true> <Delay = 1.62> <CoreInst = "Adder">   --->   Core 1 'Adder' <Latency = 0> <II = 1> <Delay = 1.62> <FuncUnit> <Opcode : 'add' 'sub'> <InPorts = 2> <OutPorts = 1>
ST_2 : Operation 26 [1/1] (0.00ns)   --->   "%br_ln16 = br i1 %icmp_ln16, void %L2.split, void %for.end17" [spmv.cpp:16]   --->   Operation 26 'br' 'br_ln16' <Predicate = true> <Delay = 0.00>
ST_2 : Operation 27 [1/1] (0.00ns)   --->   "%zext_ln16 = zext i8 %row_1" [spmv.cpp:16]   --->   Operation 27 'zext' 'zext_ln16' <Predicate = (!icmp_ln16)> <Delay = 0.00>
ST_2 : Operation 28 [1/1] (0.00ns)   --->   "%row_ptr_addr = getelementptr i32 %row_ptr, i64 0, i64 %zext_ln16" [spmv.cpp:20]   --->   Operation 28 'getelementptr' 'row_ptr_addr' <Predicate = (!icmp_ln16)> <Delay = 0.00>
ST_2 : Operation 29 [2/2] (0.00ns)   --->   "%idx = load i8 %row_ptr_addr" [spmv.cpp:20]   --->   Operation 29 'load' 'idx' <Predicate = (!icmp_ln16)> <Delay = 0.00> <CoreInst = "RAM">   --->   Core 81 'RAM' <Latency = 1> <II = 1> <Delay = 2.41> <Storage> <Opcode : 'load' 'store'> <Ports = 2> <Width = 32> <Depth = 129> <RAM>
ST_2 : Operation 30 [1/1] (0.00ns)   --->   "%zext_ln20 = zext i8 %add_ln20" [spmv.cpp:20]   --->   Operation 30 'zext' 'zext_ln20' <Predicate = (!icmp_ln16)> <Delay = 0.00>
ST_2 : Operation 31 [1/1] (0.00ns)   --->   "%row_ptr_addr_1 = getelementptr i32 %row_ptr, i64 0, i64 %zext_ln20" [spmv.cpp:20]   --->   Operation 31 'getelementptr' 'row_ptr_addr_1' <Predicate = (!icmp_ln16)> <Delay = 0.00>
ST_2 : Operation 32 [2/2] (0.00ns)   --->   "%row_ptr_load = load i8 %row_ptr_addr_1" [spmv.cpp:20]   --->   Operation 32 'load' 'row_ptr_load' <Predicate = (!icmp_ln16)> <Delay = 0.00> <CoreInst = "RAM">   --->   Core 81 'RAM' <Latency = 1> <II = 1> <Delay = 2.41> <Storage> <Opcode : 'load' 'store'> <Ports = 2> <Width = 32> <Depth = 129> <RAM>
ST_2 : Operation 33 [1/1] (1.14ns)   --->   "%store_ln16 = store i8 %add_ln20, i8 %row" [spmv.cpp:16]   --->   Operation 33 'store' 'store_ln16' <Predicate = (!icmp_ln16)> <Delay = 1.14>
ST_2 : Operation 34 [1/1] (0.00ns)   --->   "%ret_ln36 = ret" [spmv.cpp:36]   --->   Operation 34 'ret' 'ret_ln36' <Predicate = (icmp_ln16)> <Delay = 0.00>

State 3 <SV = 2> <Delay = 1.14>
ST_3 : Operation 35 [1/2] ( I:0.00ns O:0.00ns )   --->   "%idx = load i8 %row_ptr_addr" [spmv.cpp:20]   --->   Operation 35 'load' 'idx' <Predicate = true> <Delay = 0.00> <CoreInst = "RAM">   --->   Core 81 'RAM' <Latency = 1> <II = 1> <Delay = 2.41> <Storage> <Opcode : 'load' 'store'> <Ports = 2> <Width = 32> <Depth = 129> <RAM>
ST_3 : Operation 36 [1/2] ( I:0.00ns O:0.00ns )   --->   "%row_ptr_load = load i8 %row_ptr_addr_1" [spmv.cpp:20]   --->   Operation 36 'load' 'row_ptr_load' <Predicate = true> <Delay = 0.00> <CoreInst = "RAM">   --->   Core 81 'RAM' <Latency = 1> <II = 1> <Delay = 2.41> <Storage> <Opcode : 'load' 'store'> <Ports = 2> <Width = 32> <Depth = 129> <RAM>
ST_3 : Operation 37 [2/2] (1.14ns)   --->   "%call_ln20 = call void @spmv_Pipeline_L2, i32 %idx, i32 %row_ptr_load, i32 %col_idx, i8 %values_0, i8 %values_1, i10 %x, i32 %sum_ce_loc" [spmv.cpp:20]   --->   Operation 37 'call' 'call_ln20' <Predicate = true> <Delay = 1.14> <CoreType = "Generic">   --->   Generic Core

State 4 <SV = 3> <Delay = 2.68>
ST_4 : Operation 38 [1/2] (2.68ns)   --->   "%call_ln20 = call void @spmv_Pipeline_L2, i32 %idx, i32 %row_ptr_load, i32 %col_idx, i8 %values_0, i8 %values_1, i10 %x, i32 %sum_ce_loc" [spmv.cpp:20]   --->   Operation 38 'call' 'call_ln20' <Predicate = true> <Delay = 2.68> <CoreType = "Generic">   --->   Generic Core

State 5 <SV = 4> <Delay = 0.00>
ST_5 : Operation 39 [1/1] (0.00ns)   --->   "%speclooptripcount_ln16 = speclooptripcount void @_ssdm_op_SpecLoopTripCount, i64 128, i64 128, i64 128" [spmv.cpp:16]   --->   Operation 39 'speclooptripcount' 'speclooptripcount_ln16' <Predicate = true> <Delay = 0.00>
ST_5 : Operation 40 [1/1] (0.00ns)   --->   "%specloopname_ln16 = specloopname void @_ssdm_op_SpecLoopName, void @empty_3" [spmv.cpp:16]   --->   Operation 40 'specloopname' 'specloopname_ln16' <Predicate = true> <Delay = 0.00>
ST_5 : Operation 41 [1/1] (0.00ns)   --->   "%sum = load i32 %sum_ce_loc"   --->   Operation 41 'load' 'sum' <Predicate = true> <Delay = 0.00>
ST_5 : Operation 42 [1/1] (0.00ns)   --->   "%y_addr = getelementptr i32 %y, i64 0, i64 %zext_ln16" [spmv.cpp:34]   --->   Operation 42 'getelementptr' 'y_addr' <Predicate = true> <Delay = 0.00>
ST_5 : Operation 43 [1/1] ( I:0.00ns O:0.00ns )   --->   "%store_ln34 = store i32 %sum, i7 %y_addr" [spmv.cpp:34]   --->   Operation 43 'store' 'store_ln34' <Predicate = true> <Delay = 0.00> <CoreInst = "RAM">   --->   Core 81 'RAM' <Latency = 1> <II = 1> <Delay = 2.41> <Storage> <Opcode : 'load' 'store'> <Ports = 2> <Width = 32> <Depth = 128> <RAM>
ST_5 : Operation 44 [1/1] (0.00ns)   --->   "%br_ln16 = br void %L2" [spmv.cpp:16]   --->   Operation 44 'br' 'br_ln16' <Predicate = true> <Delay = 0.00>


============================================================
+ Verbose Summary: Timing violations
============================================================
Target clock period: 10.000ns, clock uncertainty: 2.700ns.

 <State 1>: 1.146ns
The critical path consists of the following:
	'alloca' operation 8 bit ('row', spmv.cpp:16) [7]  (0.000 ns)
	'store' operation ('store_ln16', spmv.cpp:16) of constant 0 8 bit on local variable 'row', spmv.cpp:16 [22]  (1.146 ns)

 <State 2>: 2.773ns
The critical path consists of the following:
	'load' operation 8 bit ('row', spmv.cpp:20) on local variable 'row', spmv.cpp:16 [25]  (0.000 ns)
	'add' operation 8 bit ('add_ln20', spmv.cpp:20) [27]  (1.627 ns)
	'store' operation ('store_ln16', spmv.cpp:16) of variable 'add_ln20', spmv.cpp:20 8 bit on local variable 'row', spmv.cpp:16 [42]  (1.146 ns)

 <State 3>: 1.146ns
The critical path consists of the following:
	'load' operation 32 bit ('idx', spmv.cpp:20) on array 'row_ptr' [34]  (0.000 ns)
	'call' operation ('call_ln20', spmv.cpp:20) to 'spmv_Pipeline_L2' [38]  (1.146 ns)

 <State 4>: 2.686ns
The critical path consists of the following:
	'call' operation ('call_ln20', spmv.cpp:20) to 'spmv_Pipeline_L2' [38]  (2.686 ns)

 <State 5>: 0.000ns
The critical path consists of the following:


============================================================
+ Verbose Summary: Binding
============================================================
N/A
* FSMD analyzer results:
  - Output states:
 - Input state : 
  - Chain level:
	State 1
	State 2
	State 3
	State 4
	State 5


============================================================
+ Verbose Summary: Datapath Resource usage 
============================================================
N/A
