#-----------------------------------------------------------
# Vivado v2025.2 (64-bit)
# SW Build 6299465 on Fri Nov 14 19:35:11 GMT 2025
# IP Build 6300035 on Fri Nov 14 10:48:45 MST 2025
# SharedData Build 6298862 on Thu Nov 13 04:50:51 MST 2025
# Start of session at: Sat May 30 19:30:28 2026
# Process ID         : 13848
# Current directory  : C:/Users/stefa/Workspace/01-UNICAL/HLS/HLS_projects/build/project01_FIR/fir_ap-int
# Command line       : vivado.exe -mode batch -notrace -source ..\..\..\scripts\vivado_power_report.tcl -tclargs project01_FIR fir_ap-int fir project01_FIR_fir_ap-int_tb project01_FIR_fir_baseline_clk 1000ns
# Log file           : C:/Users/stefa/Workspace/01-UNICAL/HLS/HLS_projects/build/project01_FIR/fir_ap-int/vivado.log
# Journal file       : C:/Users/stefa/Workspace/01-UNICAL/HLS/HLS_projects/build/project01_FIR/fir_ap-int\vivado.jou
# Running On         : Legion5-Stefano
# Platform           : Windows Server 2016 or Windows 10
# Operating System   : 26200
# Processor Detail   : AMD Ryzen 7 260 w/ Radeon 780M Graphics
# CPU Frequency      : 3793 MHz
# CPU Physical cores : 8
# CPU Logical cores  : 16
# Host memory        : 33617 MB
# Swap memory        : 2909 MB
# Total Virtual      : 36527 MB
# Available Virtual  : 5889 MB
#-----------------------------------------------------------
source {..\..\..\scripts\vivado_power_report.tcl} -notrace

========================================================
 TARGET: fir_ap-int  (fir)
 PART  : xc7z020clg484-3
 BUILD : .
========================================================

========================================================
 STEP 1 -- Create project
========================================================
INFO: [ProjectBase 1-489] The host OS only allows 260 characters in a normal path. The project is stored in a path with more than 80 characters. If you experience issues with IP, Block Designs, or files not being found, please consider moving the project to a location with a shorter path. Alternately consider using the OS subst command to map part of the path to a drive letter.
Current project path is 'C:/Users/stefa/Workspace/01-UNICAL/HLS/HLS_projects/build/project01_FIR/fir_ap-int/vivado_prj'
create_project: Time (s): cpu = 00:00:12 ; elapsed = 00:00:10 . Memory (MB): peak = 530.992 ; gain = 219.680
[ OK  ] Project 'vivado_prj' created -- PART: xc7z020clg484-3

========================================================
 STEP 2 -- Import IP repository
========================================================
[ OK  ] IP repository directory: C:/Users/stefa/Workspace/01-UNICAL/HLS/HLS_projects/build/project01_FIR/fir_ap-int/ip_repo
INFO: [IP_Flow 19-234] Refreshing IP repositories
INFO: [IP_Flow 19-1700] Loaded user IP repository 'c:/Users/stefa/Workspace/01-UNICAL/HLS/HLS_projects/build/project01_FIR/fir_ap-int/ip_repo'.
INFO: [IP_Flow 19-2313] Loaded Vivado IP repository 'D:/Softwares/AMD-Design/2025.2/Vivado/data/ip'.
[ OK  ] IP catalog updated -- repo: ./ip_repo

========================================================
 STEP 3 -- Instantiate IP and generate targets
========================================================
[INFO ] Creating IP: xilinx.com:hls:fir:1.0 -> fir_0
INFO: [IP_Flow 19-1686] Generating 'Instantiation Template' target for IP 'fir_0'...
CRITICAL WARNING: [filemgmt 20-730] Could not find a top module in the fileset sources_1.
Resolution: With the gui up, review the source files in the Sources window. Use Add Sources to add any needed sources. If the files are disabled, enable them. You can also select the file and choose Set Used In from the pop-up menu. Review if they are being used at the proper points of the flow.
INFO: [IP_Flow 19-1686] Generating 'Synthesis' target for IP 'fir_0'...
INFO: [IP_Flow 19-1686] Generating 'Simulation' target for IP 'fir_0'...
INFO: [IP_Flow 19-1686] Generating 'Miscellaneous' target for IP 'fir_0'...
[ OK  ] XCI file: C:/Users/stefa/Workspace/01-UNICAL/HLS/HLS_projects/build/project01_FIR/fir_ap-int/vivado_prj/vivado_prj.srcs/sources_1/ip/fir_0/fir_0.xci
[ OK  ] IP 'fir_0' instantiated and all targets generated

========================================================
 STEP 4 -- IP OOC synthesis  (fir_0_synth_1)
========================================================
[INFO ] Launching fir_0_synth_1 (8 jobs)...
[Sat May 30 19:30:46 2026] Launched fir_0_synth_1...
Run output will be captured here: C:/Users/stefa/Workspace/01-UNICAL/HLS/HLS_projects/build/project01_FIR/fir_ap-int/vivado_prj/vivado_prj.runs/fir_0_synth_1/runme.log
[Sat May 30 19:30:46 2026] Waiting for fir_0_synth_1 to finish...

*** Running vivado
    with args -log fir_0.vds -m64 -product Vivado -mode batch -messageDb vivado.pb -notrace -source fir_0.tcl



****** Vivado v2025.2 (64-bit)
  **** SW Build 6299465 on Fri Nov 14 19:35:11 GMT 2025
  **** IP Build 6300035 on Fri Nov 14 10:48:45 MST 2025
  **** SharedData Build 6298862 on Thu Nov 13 04:50:51 MST 2025
  **** Start of session at: Sat May 30 19:30:51 2026
    ** Copyright 1986-2022 Xilinx, Inc. All Rights Reserved.
    ** Copyright 2022-2025 Advanced Micro Devices, Inc. All Rights Reserved.

source fir_0.tcl -notrace
create_project: Time (s): cpu = 00:00:12 ; elapsed = 00:00:09 . Memory (MB): peak = 530.750 ; gain = 218.438
INFO: [IP_Flow 19-234] Refreshing IP repositories
INFO: [IP_Flow 19-1700] Loaded user IP repository 'c:/Users/stefa/Workspace/01-UNICAL/HLS/HLS_projects/build/project01_FIR/fir_ap-int/ip_repo'.
INFO: [IP_Flow 19-2313] Loaded Vivado IP repository 'D:/Softwares/AMD-Design/2025.2/Vivado/data/ip'.
WARNING: [IP_Flow 19-4995] The host OS only allows 260 characters in a normal path. The IP cache path is more than 80 characters. If you experience issues with IP caching, please consider changing the IP cache to a location with a shorter path. Alternately consider using the OS subst command to map part of the path to a drive letter. 
Current IP cache path is c:/Users/stefa/Workspace/01-UNICAL/HLS/HLS_projects/build/project01_FIR/fir_ap-int/vivado_prj/vivado_prj.cache/ip 
Command: synth_design -top fir_0 -part xc7z020clg484-3 -incremental_mode off -mode out_of_context
Starting synth_design
Attempting to get a license for feature 'Synthesis' and/or device 'xc7z020'
INFO: [Common 17-349] Got license for feature 'Synthesis' and/or device 'xc7z020'
INFO: [Device 21-403] Loading part xc7z020clg484-3
INFO: [Synth 8-7079] Multithreading enabled for synth_design using a maximum of 2 processes.
INFO: [Synth 8-7078] Launching helper process for spawning children vivado processes
INFO: [Synth 8-7075] Helper process launched with PID 19284
---------------------------------------------------------------------------------
Starting RTL Elaboration : Time (s): cpu = 00:00:09 ; elapsed = 00:00:12 . Memory (MB): peak = 1314.973 ; gain = 540.152
---------------------------------------------------------------------------------
INFO: [Synth 8-638] synthesizing module 'fir_0' [c:/Users/stefa/Workspace/01-UNICAL/HLS/HLS_projects/build/project01_FIR/fir_ap-int/vivado_prj/vivado_prj.gen/sources_1/ip/fir_0/synth/fir_0.vhd:70]
INFO: [Synth 8-3491] module 'fir' declared at 'c:/Users/stefa/Workspace/01-UNICAL/HLS/HLS_projects/build/project01_FIR/fir_ap-int/vivado_prj/vivado_prj.gen/sources_1/ip/fir_0/hdl/vhdl/fir.vhd:11' bound to instance 'U0' of component 'fir' [c:/Users/stefa/Workspace/01-UNICAL/HLS/HLS_projects/build/project01_FIR/fir_ap-int/vivado_prj/vivado_prj.gen/sources_1/ip/fir_0/synth/fir_0.vhd:121]
INFO: [Synth 8-638] synthesizing module 'fir' [c:/Users/stefa/Workspace/01-UNICAL/HLS/HLS_projects/build/project01_FIR/fir_ap-int/vivado_prj/vivado_prj.gen/sources_1/ip/fir_0/hdl/vhdl/fir.vhd:25]
	Parameter DataWidth bound to: 12 - type: integer 
	Parameter AddressRange bound to: 11 - type: integer 
	Parameter AddressWidth bound to: 4 - type: integer 
INFO: [Synth 8-3491] module 'fir_shift_reg_RAM_AUTO_1R1W' declared at 'c:/Users/stefa/Workspace/01-UNICAL/HLS/HLS_projects/build/project01_FIR/fir_ap-int/vivado_prj/vivado_prj.gen/sources_1/ip/fir_0/hdl/vhdl/fir_shift_reg_RAM_AUTO_1R1W.vhd:11' bound to instance 'shift_reg_U' of component 'fir_shift_reg_RAM_AUTO_1R1W' [c:/Users/stefa/Workspace/01-UNICAL/HLS/HLS_projects/build/project01_FIR/fir_ap-int/vivado_prj/vivado_prj.gen/sources_1/ip/fir_0/hdl/vhdl/fir.vhd:181]
INFO: [Synth 8-638] synthesizing module 'fir_shift_reg_RAM_AUTO_1R1W' [c:/Users/stefa/Workspace/01-UNICAL/HLS/HLS_projects/build/project01_FIR/fir_ap-int/vivado_prj/vivado_prj.gen/sources_1/ip/fir_0/hdl/vhdl/fir_shift_reg_RAM_AUTO_1R1W.vhd:29]
INFO: [Synth 8-256] done synthesizing module 'fir_shift_reg_RAM_AUTO_1R1W' (0#1) [c:/Users/stefa/Workspace/01-UNICAL/HLS/HLS_projects/build/project01_FIR/fir_ap-int/vivado_prj/vivado_prj.gen/sources_1/ip/fir_0/hdl/vhdl/fir_shift_reg_RAM_AUTO_1R1W.vhd:29]
	Parameter DataWidth bound to: 10 - type: integer 
	Parameter AddressRange bound to: 11 - type: integer 
	Parameter AddressWidth bound to: 4 - type: integer 
INFO: [Synth 8-3491] module 'fir_c_ROM_AUTO_1R' declared at 'c:/Users/stefa/Workspace/01-UNICAL/HLS/HLS_projects/build/project01_FIR/fir_ap-int/vivado_prj/vivado_prj.gen/sources_1/ip/fir_0/hdl/vhdl/fir_c_ROM_AUTO_1R.vhd:10' bound to instance 'c_U' of component 'fir_c_ROM_AUTO_1R' [c:/Users/stefa/Workspace/01-UNICAL/HLS/HLS_projects/build/project01_FIR/fir_ap-int/vivado_prj/vivado_prj.gen/sources_1/ip/fir_0/hdl/vhdl/fir.vhd:195]
INFO: [Synth 8-638] synthesizing module 'fir_c_ROM_AUTO_1R' [c:/Users/stefa/Workspace/01-UNICAL/HLS/HLS_projects/build/project01_FIR/fir_ap-int/vivado_prj/vivado_prj.gen/sources_1/ip/fir_0/hdl/vhdl/fir_c_ROM_AUTO_1R.vhd:28]
INFO: [Synth 8-256] done synthesizing module 'fir_c_ROM_AUTO_1R' (0#1) [c:/Users/stefa/Workspace/01-UNICAL/HLS/HLS_projects/build/project01_FIR/fir_ap-int/vivado_prj/vivado_prj.gen/sources_1/ip/fir_0/hdl/vhdl/fir_c_ROM_AUTO_1R.vhd:28]
	Parameter ID bound to: 1 - type: integer 
	Parameter NUM_STAGE bound to: 4 - type: integer 
	Parameter din0_WIDTH bound to: 12 - type: integer 
	Parameter din1_WIDTH bound to: 6 - type: integer 
	Parameter din2_WIDTH bound to: 26 - type: integer 
	Parameter dout_WIDTH bound to: 26 - type: integer 
INFO: [Synth 8-3491] module 'fir_mac_muladd_12ns_6ns_26s_26_4_1' declared at 'c:/Users/stefa/Workspace/01-UNICAL/HLS/HLS_projects/build/project01_FIR/fir_ap-int/vivado_prj/vivado_prj.gen/sources_1/ip/fir_0/hdl/vhdl/fir_mac_muladd_12ns_6ns_26s_26_4_1.vhd:59' bound to instance 'mac_muladd_12ns_6ns_26s_26_4_1_U1' of component 'fir_mac_muladd_12ns_6ns_26s_26_4_1' [c:/Users/stefa/Workspace/01-UNICAL/HLS/HLS_projects/build/project01_FIR/fir_ap-int/vivado_prj/vivado_prj.gen/sources_1/ip/fir_0/hdl/vhdl/fir.vhd:207]
INFO: [Synth 8-638] synthesizing module 'fir_mac_muladd_12ns_6ns_26s_26_4_1' [c:/Users/stefa/Workspace/01-UNICAL/HLS/HLS_projects/build/project01_FIR/fir_ap-int/vivado_prj/vivado_prj.gen/sources_1/ip/fir_0/hdl/vhdl/fir_mac_muladd_12ns_6ns_26s_26_4_1.vhd:77]
INFO: [Synth 8-3491] module 'fir_mac_muladd_12ns_6ns_26s_26_4_1_DSP48_0' declared at 'c:/Users/stefa/Workspace/01-UNICAL/HLS/HLS_projects/build/project01_FIR/fir_ap-int/vivado_prj/vivado_prj.gen/sources_1/ip/fir_0/hdl/vhdl/fir_mac_muladd_12ns_6ns_26s_26_4_1.vhd:10' bound to instance 'fir_mac_muladd_12ns_6ns_26s_26_4_1_DSP48_0_U' of component 'fir_mac_muladd_12ns_6ns_26s_26_4_1_DSP48_0' [c:/Users/stefa/Workspace/01-UNICAL/HLS/HLS_projects/build/project01_FIR/fir_ap-int/vivado_prj/vivado_prj.gen/sources_1/ip/fir_0/hdl/vhdl/fir_mac_muladd_12ns_6ns_26s_26_4_1.vhd:92]
INFO: [Synth 8-638] synthesizing module 'fir_mac_muladd_12ns_6ns_26s_26_4_1_DSP48_0' [c:/Users/stefa/Workspace/01-UNICAL/HLS/HLS_projects/build/project01_FIR/fir_ap-int/vivado_prj/vivado_prj.gen/sources_1/ip/fir_0/hdl/vhdl/fir_mac_muladd_12ns_6ns_26s_26_4_1.vhd:22]
INFO: [Synth 8-256] done synthesizing module 'fir_mac_muladd_12ns_6ns_26s_26_4_1_DSP48_0' (0#1) [c:/Users/stefa/Workspace/01-UNICAL/HLS/HLS_projects/build/project01_FIR/fir_ap-int/vivado_prj/vivado_prj.gen/sources_1/ip/fir_0/hdl/vhdl/fir_mac_muladd_12ns_6ns_26s_26_4_1.vhd:22]
INFO: [Synth 8-256] done synthesizing module 'fir_mac_muladd_12ns_6ns_26s_26_4_1' (0#1) [c:/Users/stefa/Workspace/01-UNICAL/HLS/HLS_projects/build/project01_FIR/fir_ap-int/vivado_prj/vivado_prj.gen/sources_1/ip/fir_0/hdl/vhdl/fir_mac_muladd_12ns_6ns_26s_26_4_1.vhd:77]
	Parameter ID bound to: 1 - type: integer 
	Parameter NUM_STAGE bound to: 4 - type: integer 
	Parameter din0_WIDTH bound to: 12 - type: integer 
	Parameter din1_WIDTH bound to: 10 - type: integer 
	Parameter din2_WIDTH bound to: 26 - type: integer 
	Parameter dout_WIDTH bound to: 26 - type: integer 
INFO: [Synth 8-3491] module 'fir_mac_muladd_12ns_10s_26s_26_4_1' declared at 'c:/Users/stefa/Workspace/01-UNICAL/HLS/HLS_projects/build/project01_FIR/fir_ap-int/vivado_prj/vivado_prj.gen/sources_1/ip/fir_0/hdl/vhdl/fir_mac_muladd_12ns_10s_26s_26_4_1.vhd:59' bound to instance 'mac_muladd_12ns_10s_26s_26_4_1_U2' of component 'fir_mac_muladd_12ns_10s_26s_26_4_1' [c:/Users/stefa/Workspace/01-UNICAL/HLS/HLS_projects/build/project01_FIR/fir_ap-int/vivado_prj/vivado_prj.gen/sources_1/ip/fir_0/hdl/vhdl/fir.vhd:224]
INFO: [Synth 8-638] synthesizing module 'fir_mac_muladd_12ns_10s_26s_26_4_1' [c:/Users/stefa/Workspace/01-UNICAL/HLS/HLS_projects/build/project01_FIR/fir_ap-int/vivado_prj/vivado_prj.gen/sources_1/ip/fir_0/hdl/vhdl/fir_mac_muladd_12ns_10s_26s_26_4_1.vhd:77]
INFO: [Synth 8-3491] module 'fir_mac_muladd_12ns_10s_26s_26_4_1_DSP48_0' declared at 'c:/Users/stefa/Workspace/01-UNICAL/HLS/HLS_projects/build/project01_FIR/fir_ap-int/vivado_prj/vivado_prj.gen/sources_1/ip/fir_0/hdl/vhdl/fir_mac_muladd_12ns_10s_26s_26_4_1.vhd:10' bound to instance 'fir_mac_muladd_12ns_10s_26s_26_4_1_DSP48_0_U' of component 'fir_mac_muladd_12ns_10s_26s_26_4_1_DSP48_0' [c:/Users/stefa/Workspace/01-UNICAL/HLS/HLS_projects/build/project01_FIR/fir_ap-int/vivado_prj/vivado_prj.gen/sources_1/ip/fir_0/hdl/vhdl/fir_mac_muladd_12ns_10s_26s_26_4_1.vhd:92]
INFO: [Synth 8-638] synthesizing module 'fir_mac_muladd_12ns_10s_26s_26_4_1_DSP48_0' [c:/Users/stefa/Workspace/01-UNICAL/HLS/HLS_projects/build/project01_FIR/fir_ap-int/vivado_prj/vivado_prj.gen/sources_1/ip/fir_0/hdl/vhdl/fir_mac_muladd_12ns_10s_26s_26_4_1.vhd:22]
INFO: [Synth 8-256] done synthesizing module 'fir_mac_muladd_12ns_10s_26s_26_4_1_DSP48_0' (0#1) [c:/Users/stefa/Workspace/01-UNICAL/HLS/HLS_projects/build/project01_FIR/fir_ap-int/vivado_prj/vivado_prj.gen/sources_1/ip/fir_0/hdl/vhdl/fir_mac_muladd_12ns_10s_26s_26_4_1.vhd:22]
INFO: [Synth 8-256] done synthesizing module 'fir_mac_muladd_12ns_10s_26s_26_4_1' (0#1) [c:/Users/stefa/Workspace/01-UNICAL/HLS/HLS_projects/build/project01_FIR/fir_ap-int/vivado_prj/vivado_prj.gen/sources_1/ip/fir_0/hdl/vhdl/fir_mac_muladd_12ns_10s_26s_26_4_1.vhd:77]
INFO: [Synth 8-256] done synthesizing module 'fir' (0#1) [c:/Users/stefa/Workspace/01-UNICAL/HLS/HLS_projects/build/project01_FIR/fir_ap-int/vivado_prj/vivado_prj.gen/sources_1/ip/fir_0/hdl/vhdl/fir.vhd:25]
INFO: [Synth 8-256] done synthesizing module 'fir_0' (0#1) [c:/Users/stefa/Workspace/01-UNICAL/HLS/HLS_projects/build/project01_FIR/fir_ap-int/vivado_prj/vivado_prj.gen/sources_1/ip/fir_0/synth/fir_0.vhd:70]
INFO: [Synth 8-4490] FSM extraction disabled for register 'ap_CS_fsm_reg' through user attribute
INFO: [Synth 8-7129] Port rst in module fir_mac_muladd_12ns_10s_26s_26_4_1_DSP48_0 is either unconnected or has no load
INFO: [Synth 8-7129] Port rst in module fir_mac_muladd_12ns_6ns_26s_26_4_1_DSP48_0 is either unconnected or has no load
INFO: [Synth 8-7129] Port reset in module fir_c_ROM_AUTO_1R is either unconnected or has no load
INFO: [Synth 8-7129] Port reset in module fir_shift_reg_RAM_AUTO_1R1W is either unconnected or has no load
---------------------------------------------------------------------------------
Finished RTL Elaboration : Time (s): cpu = 00:00:13 ; elapsed = 00:00:16 . Memory (MB): peak = 1434.543 ; gain = 659.723
---------------------------------------------------------------------------------
---------------------------------------------------------------------------------
Start Handling Custom Attributes
---------------------------------------------------------------------------------
---------------------------------------------------------------------------------
Finished Handling Custom Attributes : Time (s): cpu = 00:00:13 ; elapsed = 00:00:17 . Memory (MB): peak = 1434.543 ; gain = 659.723
---------------------------------------------------------------------------------
---------------------------------------------------------------------------------
Finished RTL Optimization Phase 1 : Time (s): cpu = 00:00:13 ; elapsed = 00:00:17 . Memory (MB): peak = 1434.543 ; gain = 659.723
---------------------------------------------------------------------------------
Netlist sorting complete. Time (s): cpu = 00:00:00 ; elapsed = 00:00:00.012 . Memory (MB): peak = 1434.543 ; gain = 0.000
INFO: [Project 1-570] Preparing netlist for logic optimization

Processing XDC Constraints
Initializing timing engine
Parsing XDC File [c:/Users/stefa/Workspace/01-UNICAL/HLS/HLS_projects/build/project01_FIR/fir_ap-int/vivado_prj/vivado_prj.gen/sources_1/ip/fir_0/constraints/fir_ooc.xdc] for cell 'U0'
Finished Parsing XDC File [c:/Users/stefa/Workspace/01-UNICAL/HLS/HLS_projects/build/project01_FIR/fir_ap-int/vivado_prj/vivado_prj.gen/sources_1/ip/fir_0/constraints/fir_ooc.xdc] for cell 'U0'
Parsing XDC File [C:/Users/stefa/Workspace/01-UNICAL/HLS/HLS_projects/build/project01_FIR/fir_ap-int/vivado_prj/vivado_prj.runs/fir_0_synth_1/dont_touch.xdc]
Finished Parsing XDC File [C:/Users/stefa/Workspace/01-UNICAL/HLS/HLS_projects/build/project01_FIR/fir_ap-int/vivado_prj/vivado_prj.runs/fir_0_synth_1/dont_touch.xdc]
Completed Processing XDC Constraints

Netlist sorting complete. Time (s): cpu = 00:00:00 ; elapsed = 00:00:00 . Memory (MB): peak = 1477.902 ; gain = 0.000
INFO: [Project 1-111] Unisim Transformation Summary:
No Unisim elements were transformed.

Constraint Validation Runtime : Time (s): cpu = 00:00:00 ; elapsed = 00:00:00.043 . Memory (MB): peak = 1477.902 ; gain = 0.000
INFO: [Designutils 20-5008] Incremental synthesis strategy off
---------------------------------------------------------------------------------
Finished Constraint Validation : Time (s): cpu = 00:00:28 ; elapsed = 00:00:34 . Memory (MB): peak = 1477.902 ; gain = 703.082
---------------------------------------------------------------------------------
---------------------------------------------------------------------------------
Start Loading Part and Timing Information
---------------------------------------------------------------------------------
Loading part: xc7z020clg484-3
---------------------------------------------------------------------------------
Finished Loading Part and Timing Information : Time (s): cpu = 00:00:28 ; elapsed = 00:00:34 . Memory (MB): peak = 1477.902 ; gain = 703.082
---------------------------------------------------------------------------------
---------------------------------------------------------------------------------
Start Applying 'set_property' XDC Constraints
---------------------------------------------------------------------------------
---------------------------------------------------------------------------------
Finished applying 'set_property' XDC Constraints : Time (s): cpu = 00:00:28 ; elapsed = 00:00:34 . Memory (MB): peak = 1477.902 ; gain = 703.082
---------------------------------------------------------------------------------
INFO: [Synth 8-3936] Found unconnected internal register 'p_reg_reg' and it is trimmed from '48' to '26' bits. [c:/Users/stefa/Workspace/01-UNICAL/HLS/HLS_projects/build/project01_FIR/fir_ap-int/vivado_prj/vivado_prj.gen/sources_1/ip/fir_0/hdl/vhdl/fir_mac_muladd_12ns_6ns_26s_26_4_1.vhd:47]
INFO: [Synth 8-3936] Found unconnected internal register 'm_reg_reg' and it is trimmed from '43' to '26' bits. [c:/Users/stefa/Workspace/01-UNICAL/HLS/HLS_projects/build/project01_FIR/fir_ap-int/vivado_prj/vivado_prj.gen/sources_1/ip/fir_0/hdl/vhdl/fir_mac_muladd_12ns_6ns_26s_26_4_1.vhd:40]
INFO: [Synth 8-3936] Found unconnected internal register 'p_reg_reg' and it is trimmed from '48' to '26' bits. [c:/Users/stefa/Workspace/01-UNICAL/HLS/HLS_projects/build/project01_FIR/fir_ap-int/vivado_prj/vivado_prj.gen/sources_1/ip/fir_0/hdl/vhdl/fir_mac_muladd_12ns_10s_26s_26_4_1.vhd:47]
INFO: [Synth 8-3936] Found unconnected internal register 'm_reg_reg' and it is trimmed from '43' to '26' bits. [c:/Users/stefa/Workspace/01-UNICAL/HLS/HLS_projects/build/project01_FIR/fir_ap-int/vivado_prj/vivado_prj.gen/sources_1/ip/fir_0/hdl/vhdl/fir_mac_muladd_12ns_10s_26s_26_4_1.vhd:40]
INFO: [Synth 8-4490] FSM extraction disabled for register 'ap_CS_fsm_reg' through user attribute
INFO: [Synth 8-4490] FSM extraction disabled for register 'ap_CS_fsm_reg' through user attribute
---------------------------------------------------------------------------------
Finished RTL Optimization Phase 2 : Time (s): cpu = 00:00:28 ; elapsed = 00:00:35 . Memory (MB): peak = 1477.902 ; gain = 703.082
---------------------------------------------------------------------------------
---------------------------------------------------------------------------------
Start RTL Component Statistics 
---------------------------------------------------------------------------------
Detailed RTL Component Info : 
+---Adders : 
	   2 Input    4 Bit       Adders := 2     
+---Registers : 
	               26 Bit    Registers := 1     
	               18 Bit    Registers := 2     
	               12 Bit    Registers := 2     
	               10 Bit    Registers := 1     
	                9 Bit    Registers := 1     
	                4 Bit    Registers := 2     
+---RAMs : 
	              132 Bit	(11 X 12 bit)          RAMs := 1     
+---Muxes : 
	   2 Input   12 Bit        Muxes := 1     
	  12 Input   10 Bit        Muxes := 1     
	   2 Input    7 Bit        Muxes := 1     
	   2 Input    4 Bit        Muxes := 2     
	   2 Input    2 Bit        Muxes := 1     
	   2 Input    1 Bit        Muxes := 1     
---------------------------------------------------------------------------------
Finished RTL Component Statistics 
---------------------------------------------------------------------------------
---------------------------------------------------------------------------------
Start Part Resource Summary
---------------------------------------------------------------------------------
Part Resources:
DSPs: 220 (col length:60)
BRAMs: 280 (col length: RAMB18 60 RAMB36 30)
---------------------------------------------------------------------------------
Finished Part Resource Summary
---------------------------------------------------------------------------------
---------------------------------------------------------------------------------
Start Cross Boundary and Area Optimization
---------------------------------------------------------------------------------
DSP Report: Generating DSP mac_muladd_12ns_10s_26s_26_4_1_U2/fir_mac_muladd_12ns_10s_26s_26_4_1_DSP48_0_U/p_reg_reg, operation Mode is: (C+(A''*B'')')'.
DSP Report: register c_U/q0_reg is absorbed into DSP mac_muladd_12ns_10s_26s_26_4_1_U2/fir_mac_muladd_12ns_10s_26s_26_4_1_DSP48_0_U/p_reg_reg.
DSP Report: register mac_muladd_12ns_10s_26s_26_4_1_U2/fir_mac_muladd_12ns_10s_26s_26_4_1_DSP48_0_U/b_reg_reg is absorbed into DSP mac_muladd_12ns_10s_26s_26_4_1_U2/fir_mac_muladd_12ns_10s_26s_26_4_1_DSP48_0_U/p_reg_reg.
DSP Report: register mac_muladd_12ns_10s_26s_26_4_1_U2/fir_mac_muladd_12ns_10s_26s_26_4_1_DSP48_0_U/p_reg_reg is absorbed into DSP mac_muladd_12ns_10s_26s_26_4_1_U2/fir_mac_muladd_12ns_10s_26s_26_4_1_DSP48_0_U/p_reg_reg.
DSP Report: register mac_muladd_12ns_10s_26s_26_4_1_U2/fir_mac_muladd_12ns_10s_26s_26_4_1_DSP48_0_U/p_reg_reg is absorbed into DSP mac_muladd_12ns_10s_26s_26_4_1_U2/fir_mac_muladd_12ns_10s_26s_26_4_1_DSP48_0_U/p_reg_reg.
DSP Report: register mac_muladd_12ns_10s_26s_26_4_1_U2/fir_mac_muladd_12ns_10s_26s_26_4_1_DSP48_0_U/p_reg_reg is absorbed into DSP mac_muladd_12ns_10s_26s_26_4_1_U2/fir_mac_muladd_12ns_10s_26s_26_4_1_DSP48_0_U/p_reg_reg.
DSP Report: register mac_muladd_12ns_10s_26s_26_4_1_U2/fir_mac_muladd_12ns_10s_26s_26_4_1_DSP48_0_U/m_reg_reg is absorbed into DSP mac_muladd_12ns_10s_26s_26_4_1_U2/fir_mac_muladd_12ns_10s_26s_26_4_1_DSP48_0_U/p_reg_reg.
DSP Report: operator mac_muladd_12ns_10s_26s_26_4_1_U2/fir_mac_muladd_12ns_10s_26s_26_4_1_DSP48_0_U/p is absorbed into DSP mac_muladd_12ns_10s_26s_26_4_1_U2/fir_mac_muladd_12ns_10s_26s_26_4_1_DSP48_0_U/p_reg_reg.
DSP Report: operator mac_muladd_12ns_10s_26s_26_4_1_U2/fir_mac_muladd_12ns_10s_26s_26_4_1_DSP48_0_U/m is absorbed into DSP mac_muladd_12ns_10s_26s_26_4_1_U2/fir_mac_muladd_12ns_10s_26s_26_4_1_DSP48_0_U/p_reg_reg.
DSP Report: Generating DSP mac_muladd_12ns_6ns_26s_26_4_1_U1/fir_mac_muladd_12ns_6ns_26s_26_4_1_DSP48_0_U/p_reg_reg, operation Mode is: (C'+(A''*(B:0x35)')')'.
DSP Report: register mac_muladd_12ns_6ns_26s_26_4_1_U1/fir_mac_muladd_12ns_6ns_26s_26_4_1_DSP48_0_U/b_reg_reg is absorbed into DSP mac_muladd_12ns_6ns_26s_26_4_1_U1/fir_mac_muladd_12ns_6ns_26s_26_4_1_DSP48_0_U/p_reg_reg.
DSP Report: register mac_muladd_12ns_6ns_26s_26_4_1_U1/fir_mac_muladd_12ns_6ns_26s_26_4_1_DSP48_0_U/p_reg_reg is absorbed into DSP mac_muladd_12ns_6ns_26s_26_4_1_U1/fir_mac_muladd_12ns_6ns_26s_26_4_1_DSP48_0_U/p_reg_reg.
DSP Report: register mac_muladd_12ns_6ns_26s_26_4_1_U1/fir_mac_muladd_12ns_6ns_26s_26_4_1_DSP48_0_U/p_reg_reg is absorbed into DSP mac_muladd_12ns_6ns_26s_26_4_1_U1/fir_mac_muladd_12ns_6ns_26s_26_4_1_DSP48_0_U/p_reg_reg.
DSP Report: register acc_fu_52_reg is absorbed into DSP mac_muladd_12ns_6ns_26s_26_4_1_U1/fir_mac_muladd_12ns_6ns_26s_26_4_1_DSP48_0_U/p_reg_reg.
DSP Report: register mac_muladd_12ns_6ns_26s_26_4_1_U1/fir_mac_muladd_12ns_6ns_26s_26_4_1_DSP48_0_U/p_reg_reg is absorbed into DSP mac_muladd_12ns_6ns_26s_26_4_1_U1/fir_mac_muladd_12ns_6ns_26s_26_4_1_DSP48_0_U/p_reg_reg.
DSP Report: register mac_muladd_12ns_6ns_26s_26_4_1_U1/fir_mac_muladd_12ns_6ns_26s_26_4_1_DSP48_0_U/m_reg_reg is absorbed into DSP mac_muladd_12ns_6ns_26s_26_4_1_U1/fir_mac_muladd_12ns_6ns_26s_26_4_1_DSP48_0_U/p_reg_reg.
DSP Report: operator mac_muladd_12ns_6ns_26s_26_4_1_U1/fir_mac_muladd_12ns_6ns_26s_26_4_1_DSP48_0_U/p is absorbed into DSP mac_muladd_12ns_6ns_26s_26_4_1_U1/fir_mac_muladd_12ns_6ns_26s_26_4_1_DSP48_0_U/p_reg_reg.
DSP Report: operator mac_muladd_12ns_6ns_26s_26_4_1_U1/fir_mac_muladd_12ns_6ns_26s_26_4_1_DSP48_0_U/m is absorbed into DSP mac_muladd_12ns_6ns_26s_26_4_1_U1/fir_mac_muladd_12ns_6ns_26s_26_4_1_DSP48_0_U/p_reg_reg.
---------------------------------------------------------------------------------
Finished Cross Boundary and Area Optimization : Time (s): cpu = 00:00:33 ; elapsed = 00:00:40 . Memory (MB): peak = 1485.945 ; gain = 711.125
---------------------------------------------------------------------------------
 Sort Area is  mac_muladd_12ns_6ns_26s_26_4_1_U1/fir_mac_muladd_12ns_6ns_26s_26_4_1_DSP48_0_U/p_reg_reg_2 : 0 0 : 3446 3446 : Used 1 time 0
 Sort Area is  mac_muladd_12ns_10s_26s_26_4_1_U2/fir_mac_muladd_12ns_10s_26s_26_4_1_DSP48_0_U/p_reg_reg_0 : 0 0 : 1757 1757 : Used 1 time 0
---------------------------------------------------------------------------------
Start ROM, RAM, DSP, Shift Register and Retiming Reporting
---------------------------------------------------------------------------------

Distributed RAM: Preliminary Mapping Report (see note below)
+------------+---------------------+-----------+----------------------+----------------+
|Module Name | RTL Object          | Inference | Size (Depth x Width) | Primitives     | 
+------------+---------------------+-----------+----------------------+----------------+
|U0          | shift_reg_U/ram_reg | Implied   | 16 x 12              | RAM16X1S x 12  | 
+------------+---------------------+-----------+----------------------+----------------+

Note: The table above is a preliminary report that shows the Distributed RAMs at the current stage of the synthesis flow. Some Distributed RAMs may be reimplemented as non Distributed RAM primitives later in the synthesis flow. Multiple instantiated RAMs are reported only once.

DSP: Preliminary Mapping Report (see note below. The ' indicates corresponding REG is set)
+-------------------------------------------+------------------------+--------+--------+--------+--------+--------+------+------+------+------+-------+------+------+
|Module Name                                | DSP Mapping            | A Size | B Size | C Size | D Size | P Size | AREG | BREG | CREG | DREG | ADREG | MREG | PREG | 
+-------------------------------------------+------------------------+--------+--------+--------+--------+--------+------+------+------+------+-------+------+------+
|fir                                        | (C+(A''*B'')')'        | 25     | 10     | 26     | -      | 26     | 2    | 2    | 0    | -    | -     | 1    | 1    | 
|fir_mac_muladd_12ns_6ns_26s_26_4_1_DSP48_0 | (C'+(A''*(B:0x35)')')' | 25     | 18     | 26     | -      | 26     | 2    | 1    | 1    | -    | -     | 1    | 1    | 
+-------------------------------------------+------------------------+--------+--------+--------+--------+--------+------+------+------+------+-------+------+------+

Note: The table above is a preliminary report that shows the DSPs inferred at the current stage of the synthesis flow. Some DSP may be reimplemented as non DSP primitives later in the synthesis flow. Multiple instantiated DSPs are reported only once.
---------------------------------------------------------------------------------
Finished ROM, RAM, DSP, Shift Register and Retiming Reporting
---------------------------------------------------------------------------------
---------------------------------------------------------------------------------
Start Applying XDC Timing Constraints
---------------------------------------------------------------------------------
---------------------------------------------------------------------------------
Finished Applying XDC Timing Constraints : Time (s): cpu = 00:00:46 ; elapsed = 00:00:56 . Memory (MB): peak = 1672.746 ; gain = 897.926
---------------------------------------------------------------------------------
---------------------------------------------------------------------------------
Start Timing Optimization
---------------------------------------------------------------------------------
---------------------------------------------------------------------------------
Finished Timing Optimization : Time (s): cpu = 00:00:46 ; elapsed = 00:00:57 . Memory (MB): peak = 1702.047 ; gain = 927.227
---------------------------------------------------------------------------------
---------------------------------------------------------------------------------
Start ROM, RAM, DSP, Shift Register and Retiming Reporting
---------------------------------------------------------------------------------

Distributed RAM: Final Mapping Report
+------------+---------------------+-----------+----------------------+----------------+
|Module Name | RTL Object          | Inference | Size (Depth x Width) | Primitives     | 
+------------+---------------------+-----------+----------------------+----------------+
|U0          | shift_reg_U/ram_reg | Implied   | 16 x 12              | RAM16X1S x 12  | 
+------------+---------------------+-----------+----------------------+----------------+

---------------------------------------------------------------------------------
Finished ROM, RAM, DSP, Shift Register and Retiming Reporting
---------------------------------------------------------------------------------
---------------------------------------------------------------------------------
Start Technology Mapping
---------------------------------------------------------------------------------
---------------------------------------------------------------------------------
Finished Technology Mapping : Time (s): cpu = 00:00:46 ; elapsed = 00:00:57 . Memory (MB): peak = 1702.047 ; gain = 927.227
---------------------------------------------------------------------------------
---------------------------------------------------------------------------------
Start IO Insertion
---------------------------------------------------------------------------------
---------------------------------------------------------------------------------
Start Flattening Before IO Insertion
---------------------------------------------------------------------------------
---------------------------------------------------------------------------------
Finished Flattening Before IO Insertion
---------------------------------------------------------------------------------
---------------------------------------------------------------------------------
Start Final Netlist Cleanup
---------------------------------------------------------------------------------
---------------------------------------------------------------------------------
Finished Final Netlist Cleanup
---------------------------------------------------------------------------------
---------------------------------------------------------------------------------
Finished IO Insertion : Time (s): cpu = 00:00:54 ; elapsed = 00:01:06 . Memory (MB): peak = 1932.871 ; gain = 1158.051
---------------------------------------------------------------------------------
---------------------------------------------------------------------------------
Start Renaming Generated Instances
---------------------------------------------------------------------------------
---------------------------------------------------------------------------------
Finished Renaming Generated Instances : Time (s): cpu = 00:00:54 ; elapsed = 00:01:06 . Memory (MB): peak = 1932.871 ; gain = 1158.051
---------------------------------------------------------------------------------
---------------------------------------------------------------------------------
Start Rebuilding User Hierarchy
---------------------------------------------------------------------------------
---------------------------------------------------------------------------------
Finished Rebuilding User Hierarchy : Time (s): cpu = 00:00:54 ; elapsed = 00:01:06 . Memory (MB): peak = 1932.871 ; gain = 1158.051
---------------------------------------------------------------------------------
---------------------------------------------------------------------------------
Start Renaming Generated Ports
---------------------------------------------------------------------------------
---------------------------------------------------------------------------------
Finished Renaming Generated Ports : Time (s): cpu = 00:00:54 ; elapsed = 00:01:06 . Memory (MB): peak = 1932.871 ; gain = 1158.051
---------------------------------------------------------------------------------
---------------------------------------------------------------------------------
Start Handling Custom Attributes
---------------------------------------------------------------------------------
---------------------------------------------------------------------------------
Finished Handling Custom Attributes : Time (s): cpu = 00:00:54 ; elapsed = 00:01:06 . Memory (MB): peak = 1932.871 ; gain = 1158.051
---------------------------------------------------------------------------------
---------------------------------------------------------------------------------
Start Renaming Generated Nets
---------------------------------------------------------------------------------
---------------------------------------------------------------------------------
Finished Renaming Generated Nets : Time (s): cpu = 00:00:54 ; elapsed = 00:01:06 . Memory (MB): peak = 1932.871 ; gain = 1158.051
---------------------------------------------------------------------------------
---------------------------------------------------------------------------------
Start Writing Synthesis Report
---------------------------------------------------------------------------------

DSP Final Report (the ' indicates corresponding REG is set)
+-------------------------------------------+------------------+--------+--------+--------+--------+--------+------+------+------+------+-------+------+------+
|Module Name                                | DSP Mapping      | A Size | B Size | C Size | D Size | P Size | AREG | BREG | CREG | DREG | ADREG | MREG | PREG | 
+-------------------------------------------+------------------+--------+--------+--------+--------+--------+------+------+------+------+-------+------+------+
|fir                                        | (C'+(A''*B'')')' | 12     | 18     | 48     | -      | 26     | 2    | 2    | 1    | -    | -     | 1    | 1    | 
|fir_mac_muladd_12ns_6ns_26s_26_4_1_DSP48_0 | (C'+(A''*B')')'  | 12     | 6      | 48     | -      | 26     | 2    | 1    | 1    | -    | -     | 1    | 1    | 
+-------------------------------------------+------------------+--------+--------+--------+--------+--------+------+------+------+------+-------+------+------+


Report BlackBoxes: 
+-+--------------+----------+
| |BlackBox name |Instances |
+-+--------------+----------+
+-+--------------+----------+

Report Cell Usage: 
+------+---------+------+
|      |Cell     |Count |
+------+---------+------+
|1     |DSP48E1  |     2|
|3     |LUT1     |     1|
|4     |LUT2     |     5|
|5     |LUT3     |    18|
|6     |LUT4     |     8|
|7     |LUT5     |     5|
|8     |LUT6     |     2|
|9     |RAM16X1S |    12|
|10    |FDRE     |    38|
|11    |FDSE     |     3|
+------+---------+------+
---------------------------------------------------------------------------------
Finished Writing Synthesis Report : Time (s): cpu = 00:00:54 ; elapsed = 00:01:06 . Memory (MB): peak = 1932.871 ; gain = 1158.051
---------------------------------------------------------------------------------
Synthesis finished with 0 errors, 0 critical warnings and 0 warnings.
Synthesis Optimization Runtime : Time (s): cpu = 00:00:37 ; elapsed = 00:01:02 . Memory (MB): peak = 1932.871 ; gain = 1114.691
Synthesis Optimization Complete : Time (s): cpu = 00:00:54 ; elapsed = 00:01:07 . Memory (MB): peak = 1932.871 ; gain = 1158.051
INFO: [Project 1-571] Translating synthesized netlist
Netlist sorting complete. Time (s): cpu = 00:00:00 ; elapsed = 00:00:00.005 . Memory (MB): peak = 1942.043 ; gain = 0.000
INFO: [Netlist 29-17] Analyzing 14 Unisim elements for replacement
INFO: [Netlist 29-28] Unisim Transformation completed in 0 CPU seconds
INFO: [Project 1-570] Preparing netlist for logic optimization
INFO: [Opt 31-138] Pushed 0 inverter(s) to 0 load pin(s).
Netlist sorting complete. Time (s): cpu = 00:00:00 ; elapsed = 00:00:00 . Memory (MB): peak = 1945.688 ; gain = 0.000
INFO: [Project 1-111] Unisim Transformation Summary:
  A total of 12 instances were transformed.
  RAM16X1S => RAM32X1S (RAMS32): 12 instances

Synth Design complete | Checksum: 3d88e4a2
INFO: [Common 17-83] Releasing license: Synthesis
52 Infos, 1 Warnings, 0 Critical Warnings and 0 Errors encountered.
synth_design completed successfully
synth_design: Time (s): cpu = 00:01:01 ; elapsed = 00:01:17 . Memory (MB): peak = 1945.688 ; gain = 1401.406
Write ShapeDB Complete: Time (s): cpu = 00:00:00 ; elapsed = 00:00:00.002 . Memory (MB): peak = 1945.688 ; gain = 0.000
INFO: [Common 17-1381] The checkpoint 'C:/Users/stefa/Workspace/01-UNICAL/HLS/HLS_projects/build/project01_FIR/fir_ap-int/vivado_prj/vivado_prj.runs/fir_0_synth_1/fir_0.dcp' has been generated.
INFO: [Coretcl 2-1648] Added synthesis output to IP cache for IP fir_0, cache-ID = 5aec68d68b855d4c
INFO: [Coretcl 2-1174] Renamed 6 cell refs.
Write ShapeDB Complete: Time (s): cpu = 00:00:00 ; elapsed = 00:00:00.002 . Memory (MB): peak = 1945.688 ; gain = 0.000
INFO: [Common 17-1381] The checkpoint 'C:/Users/stefa/Workspace/01-UNICAL/HLS/HLS_projects/build/project01_FIR/fir_ap-int/vivado_prj/vivado_prj.runs/fir_0_synth_1/fir_0.dcp' has been generated.
INFO: [Vivado 12-24828] Executing command : report_utilization -file fir_0_utilization_synth.rpt -pb fir_0_utilization_synth.pb
INFO: [Common 17-206] Exiting Vivado at Sat May 30 19:32:25 2026...
[Sat May 30 19:32:27 2026] fir_0_synth_1 finished
wait_on_runs: Time (s): cpu = 00:00:00 ; elapsed = 00:01:41 . Memory (MB): peak = 559.043 ; gain = 0.000
[ OK  ] Run 'fir_0_synth_1' -- synth_design Complete!

========================================================
 STEP 5 -- Generate IP RTL wrapper
========================================================
INFO: [IP_Flow 19-1706] Not generating 'Instantiation Template' target for IP 'fir_0'. Target already exists and is up to date.
[ OK  ] Wrapper generated -- synthesis top: 'fir_0_sv'

========================================================
 STEP 6 -- Import clock constraint
========================================================
[ OK  ] Clock constraint file: ../../../srcs/vivado/const/project01_FIR_fir_baseline_clk.xdc
[ OK  ] Constraint added: ../../../srcs/vivado/const/project01_FIR_fir_baseline_clk.xdc

========================================================
 STEP 7 -- Import testbench
========================================================
[ OK  ] Testbench file: ../../../srcs/vivado/project01_FIR_fir_ap-int_tb.vhd
[ OK  ] Testbench 'fir_tb' added to sim_1

========================================================
 STEP 8 -- Top-level synthesis  (synth_1)
========================================================
[INFO ] Launching synth_1 (8 jobs)...
WARNING: [Vivado 12-7122] Auto Incremental Compile:: No reference checkpoint was found in run synth_1. Auto-incremental flow will not be run, the standard flow will be run instead.
[Sat May 30 19:32:28 2026] Launched synth_1...
Run output will be captured here: C:/Users/stefa/Workspace/01-UNICAL/HLS/HLS_projects/build/project01_FIR/fir_ap-int/vivado_prj/vivado_prj.runs/synth_1/runme.log
[Sat May 30 19:32:28 2026] Waiting for synth_1 to finish...

*** Running vivado
    with args -log fir_0_sv.vds -m64 -product Vivado -mode batch -messageDb vivado.pb -notrace -source fir_0_sv.tcl



****** Vivado v2025.2 (64-bit)
  **** SW Build 6299465 on Fri Nov 14 19:35:11 GMT 2025
  **** IP Build 6300035 on Fri Nov 14 10:48:45 MST 2025
  **** SharedData Build 6298862 on Thu Nov 13 04:50:51 MST 2025
  **** Start of session at: Sat May 30 19:32:33 2026
    ** Copyright 1986-2022 Xilinx, Inc. All Rights Reserved.
    ** Copyright 2022-2025 Advanced Micro Devices, Inc. All Rights Reserved.

source fir_0_sv.tcl -notrace
create_project: Time (s): cpu = 00:00:14 ; elapsed = 00:00:11 . Memory (MB): peak = 534.883 ; gain = 220.992
INFO: [IP_Flow 19-234] Refreshing IP repositories
INFO: [IP_Flow 19-1700] Loaded user IP repository 'c:/Users/stefa/Workspace/01-UNICAL/HLS/HLS_projects/build/project01_FIR/fir_ap-int/ip_repo'.
INFO: [IP_Flow 19-2313] Loaded Vivado IP repository 'D:/Softwares/AMD-Design/2025.2/Vivado/data/ip'.
WARNING: [IP_Flow 19-4995] The host OS only allows 260 characters in a normal path. The IP cache path is more than 80 characters. If you experience issues with IP caching, please consider changing the IP cache to a location with a shorter path. Alternately consider using the OS subst command to map part of the path to a drive letter. 
Current IP cache path is c:/Users/stefa/Workspace/01-UNICAL/HLS/HLS_projects/build/project01_FIR/fir_ap-int/vivado_prj/vivado_prj.cache/ip 
Command: synth_design -top fir_0_sv -part xc7z020clg484-3
Starting synth_design
Attempting to get a license for feature 'Synthesis' and/or device 'xc7z020'
INFO: [Common 17-349] Got license for feature 'Synthesis' and/or device 'xc7z020'
INFO: [Device 21-403] Loading part xc7z020clg484-3
INFO: [Synth 8-7079] Multithreading enabled for synth_design using a maximum of 2 processes.
INFO: [Synth 8-7078] Launching helper process for spawning children vivado processes
INFO: [Synth 8-7075] Helper process launched with PID 31612
---------------------------------------------------------------------------------
Starting RTL Elaboration : Time (s): cpu = 00:00:10 ; elapsed = 00:00:12 . Memory (MB): peak = 1315.047 ; gain = 540.738
---------------------------------------------------------------------------------
INFO: [Synth 8-6157] synthesizing module 'fir_0_sv' [c:/Users/stefa/Workspace/01-UNICAL/HLS/HLS_projects/build/project01_FIR/fir_ap-int/vivado_prj/vivado_prj.gen/sources_1/ip/fir_0/fir_0_sv.sv:55]
INFO: [Synth 8-638] synthesizing module 'fir_0' [C:/Users/stefa/Workspace/01-UNICAL/HLS/HLS_projects/build/project01_FIR/fir_ap-int/vivado_prj/vivado_prj.runs/synth_1/.Xil/Vivado-23560-Legion5-Stefano/realtime/fir_0_stub.vhdl:29]
INFO: [Synth 8-6155] done synthesizing module 'fir_0_sv' (0#1) [c:/Users/stefa/Workspace/01-UNICAL/HLS/HLS_projects/build/project01_FIR/fir_ap-int/vivado_prj/vivado_prj.gen/sources_1/ip/fir_0/fir_0_sv.sv:55]
---------------------------------------------------------------------------------
Finished RTL Elaboration : Time (s): cpu = 00:00:13 ; elapsed = 00:00:16 . Memory (MB): peak = 1432.477 ; gain = 658.168
---------------------------------------------------------------------------------
---------------------------------------------------------------------------------
Start Handling Custom Attributes
---------------------------------------------------------------------------------
---------------------------------------------------------------------------------
Finished Handling Custom Attributes : Time (s): cpu = 00:00:13 ; elapsed = 00:00:16 . Memory (MB): peak = 1432.477 ; gain = 658.168
---------------------------------------------------------------------------------
---------------------------------------------------------------------------------
Finished RTL Optimization Phase 1 : Time (s): cpu = 00:00:13 ; elapsed = 00:00:16 . Memory (MB): peak = 1432.477 ; gain = 658.168
---------------------------------------------------------------------------------
Netlist sorting complete. Time (s): cpu = 00:00:00 ; elapsed = 00:00:00.001 . Memory (MB): peak = 1432.477 ; gain = 0.000
INFO: [Project 1-570] Preparing netlist for logic optimization

Processing XDC Constraints
Initializing timing engine
Parsing XDC File [c:/Users/stefa/Workspace/01-UNICAL/HLS/HLS_projects/build/project01_FIR/fir_ap-int/vivado_prj/vivado_prj.gen/sources_1/ip/fir_0/fir_0/fir_0_in_context.xdc] for cell 'inst'
Finished Parsing XDC File [c:/Users/stefa/Workspace/01-UNICAL/HLS/HLS_projects/build/project01_FIR/fir_ap-int/vivado_prj/vivado_prj.gen/sources_1/ip/fir_0/fir_0/fir_0_in_context.xdc] for cell 'inst'
Parsing XDC File [C:/Users/stefa/Workspace/01-UNICAL/HLS/HLS_projects/srcs/vivado/const/project01_FIR_fir_baseline_clk.xdc]
Finished Parsing XDC File [C:/Users/stefa/Workspace/01-UNICAL/HLS/HLS_projects/srcs/vivado/const/project01_FIR_fir_baseline_clk.xdc]
Completed Processing XDC Constraints

Netlist sorting complete. Time (s): cpu = 00:00:00 ; elapsed = 00:00:00 . Memory (MB): peak = 1432.477 ; gain = 0.000
INFO: [Project 1-111] Unisim Transformation Summary:
No Unisim elements were transformed.

Constraint Validation Runtime : Time (s): cpu = 00:00:00 ; elapsed = 00:00:00.007 . Memory (MB): peak = 1432.477 ; gain = 0.000
---------------------------------------------------------------------------------
Finished Constraint Validation : Time (s): cpu = 00:00:27 ; elapsed = 00:00:33 . Memory (MB): peak = 1432.477 ; gain = 658.168
---------------------------------------------------------------------------------
---------------------------------------------------------------------------------
Start Loading Part and Timing Information
---------------------------------------------------------------------------------
Loading part: xc7z020clg484-3
---------------------------------------------------------------------------------
Finished Loading Part and Timing Information : Time (s): cpu = 00:00:27 ; elapsed = 00:00:33 . Memory (MB): peak = 1432.477 ; gain = 658.168
---------------------------------------------------------------------------------
---------------------------------------------------------------------------------
Start Applying 'set_property' XDC Constraints
---------------------------------------------------------------------------------
---------------------------------------------------------------------------------
Finished applying 'set_property' XDC Constraints : Time (s): cpu = 00:00:27 ; elapsed = 00:00:33 . Memory (MB): peak = 1432.477 ; gain = 658.168
---------------------------------------------------------------------------------
---------------------------------------------------------------------------------
Finished RTL Optimization Phase 2 : Time (s): cpu = 00:00:27 ; elapsed = 00:00:33 . Memory (MB): peak = 1432.477 ; gain = 658.168
---------------------------------------------------------------------------------
---------------------------------------------------------------------------------
Start RTL Component Statistics 
---------------------------------------------------------------------------------
Detailed RTL Component Info : 
---------------------------------------------------------------------------------
Finished RTL Component Statistics 
---------------------------------------------------------------------------------
---------------------------------------------------------------------------------
Start Part Resource Summary
---------------------------------------------------------------------------------
Part Resources:
DSPs: 220 (col length:60)
BRAMs: 280 (col length: RAMB18 60 RAMB36 30)
---------------------------------------------------------------------------------
Finished Part Resource Summary
---------------------------------------------------------------------------------
---------------------------------------------------------------------------------
Start Cross Boundary and Area Optimization
---------------------------------------------------------------------------------
---------------------------------------------------------------------------------
Finished Cross Boundary and Area Optimization : Time (s): cpu = 00:00:32 ; elapsed = 00:00:39 . Memory (MB): peak = 1443.250 ; gain = 668.941
---------------------------------------------------------------------------------
---------------------------------------------------------------------------------
Start Applying XDC Timing Constraints
---------------------------------------------------------------------------------
---------------------------------------------------------------------------------
Finished Applying XDC Timing Constraints : Time (s): cpu = 00:00:41 ; elapsed = 00:00:50 . Memory (MB): peak = 1618.906 ; gain = 844.598
---------------------------------------------------------------------------------
---------------------------------------------------------------------------------
Start Timing Optimization
---------------------------------------------------------------------------------
---------------------------------------------------------------------------------
Finished Timing Optimization : Time (s): cpu = 00:00:41 ; elapsed = 00:00:50 . Memory (MB): peak = 1618.906 ; gain = 844.598
---------------------------------------------------------------------------------
---------------------------------------------------------------------------------
Start Technology Mapping
---------------------------------------------------------------------------------
---------------------------------------------------------------------------------
Finished Technology Mapping : Time (s): cpu = 00:00:41 ; elapsed = 00:00:50 . Memory (MB): peak = 1628.500 ; gain = 854.191
---------------------------------------------------------------------------------
---------------------------------------------------------------------------------
Start IO Insertion
---------------------------------------------------------------------------------
---------------------------------------------------------------------------------
Start Flattening Before IO Insertion
---------------------------------------------------------------------------------
---------------------------------------------------------------------------------
Finished Flattening Before IO Insertion
---------------------------------------------------------------------------------
---------------------------------------------------------------------------------
Start Final Netlist Cleanup
---------------------------------------------------------------------------------
---------------------------------------------------------------------------------
Finished Final Netlist Cleanup
---------------------------------------------------------------------------------
---------------------------------------------------------------------------------
Finished IO Insertion : Time (s): cpu = 00:00:48 ; elapsed = 00:00:59 . Memory (MB): peak = 1877.906 ; gain = 1103.598
---------------------------------------------------------------------------------
---------------------------------------------------------------------------------
Start Renaming Generated Instances
---------------------------------------------------------------------------------
---------------------------------------------------------------------------------
Finished Renaming Generated Instances : Time (s): cpu = 00:00:48 ; elapsed = 00:00:59 . Memory (MB): peak = 1877.906 ; gain = 1103.598
---------------------------------------------------------------------------------
---------------------------------------------------------------------------------
Start Rebuilding User Hierarchy
---------------------------------------------------------------------------------
---------------------------------------------------------------------------------
Finished Rebuilding User Hierarchy : Time (s): cpu = 00:00:48 ; elapsed = 00:00:59 . Memory (MB): peak = 1877.906 ; gain = 1103.598
---------------------------------------------------------------------------------
---------------------------------------------------------------------------------
Start Renaming Generated Ports
---------------------------------------------------------------------------------
---------------------------------------------------------------------------------
Finished Renaming Generated Ports : Time (s): cpu = 00:00:48 ; elapsed = 00:00:59 . Memory (MB): peak = 1877.906 ; gain = 1103.598
---------------------------------------------------------------------------------
---------------------------------------------------------------------------------
Start Handling Custom Attributes
---------------------------------------------------------------------------------
---------------------------------------------------------------------------------
Finished Handling Custom Attributes : Time (s): cpu = 00:00:48 ; elapsed = 00:00:59 . Memory (MB): peak = 1877.906 ; gain = 1103.598
---------------------------------------------------------------------------------
---------------------------------------------------------------------------------
Start Renaming Generated Nets
---------------------------------------------------------------------------------
---------------------------------------------------------------------------------
Finished Renaming Generated Nets : Time (s): cpu = 00:00:48 ; elapsed = 00:00:59 . Memory (MB): peak = 1877.906 ; gain = 1103.598
---------------------------------------------------------------------------------
---------------------------------------------------------------------------------
Start Writing Synthesis Report
---------------------------------------------------------------------------------

Report BlackBoxes: 
+------+--------------+----------+
|      |BlackBox name |Instances |
+------+--------------+----------+
|1     |fir_0         |         1|
+------+--------------+----------+

Report Cell Usage: 
+------+-----+------+
|      |Cell |Count |
+------+-----+------+
|1     |fir  |     1|
|2     |IBUF |    15|
|3     |OBUF |    36|
+------+-----+------+
---------------------------------------------------------------------------------
Finished Writing Synthesis Report : Time (s): cpu = 00:00:48 ; elapsed = 00:00:59 . Memory (MB): peak = 1877.906 ; gain = 1103.598
---------------------------------------------------------------------------------
Synthesis finished with 0 errors, 0 critical warnings and 0 warnings.
Synthesis Optimization Runtime : Time (s): cpu = 00:00:32 ; elapsed = 00:00:55 . Memory (MB): peak = 1877.906 ; gain = 1103.598
Synthesis Optimization Complete : Time (s): cpu = 00:00:48 ; elapsed = 00:00:59 . Memory (MB): peak = 1877.906 ; gain = 1103.598
INFO: [Project 1-571] Translating synthesized netlist
Netlist sorting complete. Time (s): cpu = 00:00:00 ; elapsed = 00:00:00.002 . Memory (MB): peak = 1887.016 ; gain = 0.000
INFO: [Project 1-570] Preparing netlist for logic optimization
INFO: [Opt 31-138] Pushed 0 inverter(s) to 0 load pin(s).
Netlist sorting complete. Time (s): cpu = 00:00:00 ; elapsed = 00:00:00 . Memory (MB): peak = 1890.680 ; gain = 0.000
INFO: [Project 1-111] Unisim Transformation Summary:
No Unisim elements were transformed.

Synth Design complete | Checksum: fe838c78
INFO: [Common 17-83] Releasing license: Synthesis
18 Infos, 1 Warnings, 0 Critical Warnings and 0 Errors encountered.
synth_design completed successfully
synth_design: Time (s): cpu = 00:00:55 ; elapsed = 00:01:11 . Memory (MB): peak = 1890.680 ; gain = 1343.797
Write ShapeDB Complete: Time (s): cpu = 00:00:00 ; elapsed = 00:00:00.003 . Memory (MB): peak = 1890.680 ; gain = 0.000
INFO: [Common 17-1381] The checkpoint 'C:/Users/stefa/Workspace/01-UNICAL/HLS/HLS_projects/build/project01_FIR/fir_ap-int/vivado_prj/vivado_prj.runs/synth_1/fir_0_sv.dcp' has been generated.
INFO: [Vivado 12-24828] Executing command : report_utilization -file fir_0_sv_utilization_synth.rpt -pb fir_0_sv_utilization_synth.pb
INFO: [Common 17-206] Exiting Vivado at Sat May 30 19:34:01 2026...
[Sat May 30 19:34:04 2026] synth_1 finished
wait_on_runs: Time (s): cpu = 00:00:01 ; elapsed = 00:01:36 . Memory (MB): peak = 559.043 ; gain = 0.000
[ OK  ] Run 'synth_1' -- synth_design Complete!

========================================================
 STEP 9 -- Post-synthesis timing simulation + SAIF
========================================================
[INFO ] Simulation runtime : 1000ns
[INFO ] SAIF output        : ./vivado_prj/vivado_prj.sim/sim_1/synth/timing/xsim/dump.saif
[INFO ] Launching post-synthesis timing simulation...
Command: launch_simulation  -mode post-synthesis -type timing
INFO: [Vivado 12-25911] Executing simulation for 'XSim' simulator
INFO: [Vivado 12-28535] Process started - Sat May 30 19:34:04 2026

INFO: [Vivado 12-12493] Simulation top is 'fir_tb'
INFO: [Vivado 12-5698] Checking validity of IPs in the design for the 'XSim' simulator...
INFO: [Vivado 12-5682] Launching post-synthesis timing simulation in 'C:/Users/stefa/Workspace/01-UNICAL/HLS/HLS_projects/build/project01_FIR/fir_ap-int/vivado_prj/vivado_prj.sim/sim_1/synth/timing/xsim'
INFO: [Vivado 12-4795] Using compiled simulation libraries for IPs
INFO: [SIM-utils-51] Simulation object is 'sim_1'
INFO: [SIM-utils-72] Using boost library from 'D:/Softwares/AMD-Design/2025.2/Vivado/tps/boost_1_72_0'
INFO: [SIM-utils-20] The target language is set to VHDL, it is not supported for simulation type 'timing', using Verilog instead.
Design is defaulting to impl run constrset: constrs_1
Design is defaulting to synth run part: xc7z020clg484-3
INFO: [Device 21-403] Loading part xc7z020clg484-3
INFO: [Project 1-5699] Read binary netlist with skipMacroContent - 1
INFO: [Project 1-454] Reading design checkpoint 'c:/Users/stefa/Workspace/01-UNICAL/HLS/HLS_projects/build/project01_FIR/fir_ap-int/vivado_prj/vivado_prj.gen/sources_1/ip/fir_0/fir_0.dcp' for cell 'inst'
Netlist sorting complete. Time (s): cpu = 00:00:00 ; elapsed = 00:00:00.004 . Memory (MB): peak = 812.605 ; gain = 0.000
INFO: [Netlist 29-17] Analyzing 14 Unisim elements for replacement
INFO: [Netlist 29-28] Unisim Transformation completed in 0 CPU seconds
INFO: [Project 1-479] Netlist was created with Vivado 2025.2
INFO: [Project 1-570] Preparing netlist for logic optimization
Parsing XDC File [C:/Users/stefa/Workspace/01-UNICAL/HLS/HLS_projects/srcs/vivado/const/project01_FIR_fir_baseline_clk.xdc]
Finished Parsing XDC File [C:/Users/stefa/Workspace/01-UNICAL/HLS/HLS_projects/srcs/vivado/const/project01_FIR_fir_baseline_clk.xdc]
INFO: [Opt 31-138] Pushed 0 inverter(s) to 0 load pin(s).
Netlist sorting complete. Time (s): cpu = 00:00:00 ; elapsed = 00:00:00 . Memory (MB): peak = 955.988 ; gain = 0.000
INFO: [Project 1-111] Unisim Transformation Summary:
  A total of 12 instances were transformed.
  RAM16X1S => RAM32X1S (RAMS32): 12 instances

open_run: Time (s): cpu = 00:00:07 ; elapsed = 00:00:10 . Memory (MB): peak = 955.988 ; gain = 396.945
INFO: [SIM-utils-24] Writing simulation netlist file for design 'synth_1'...
INFO: [SIM-utils-25] write_verilog -mode timesim -nolib -sdf_anno true -force -file "C:/Users/stefa/Workspace/01-UNICAL/HLS/HLS_projects/build/project01_FIR/fir_ap-int/vivado_prj/vivado_prj.sim/sim_1/synth/timing/xsim/fir_tb_time_synth.v"
write_verilog: Time (s): cpu = 00:00:06 ; elapsed = 00:00:08 . Memory (MB): peak = 1050.309 ; gain = 94.320
INFO: [SIM-utils-27] Writing SDF file...
INFO: [SIM-utils-28] write_sdf -mode timesim -process_corner slow -force -file "C:/Users/stefa/Workspace/01-UNICAL/HLS/HLS_projects/build/project01_FIR/fir_ap-int/vivado_prj/vivado_prj.sim/sim_1/synth/timing/xsim/fir_tb_time_synth.sdf"
INFO: [SIM-utils-36] Netlist generated:C:/Users/stefa/Workspace/01-UNICAL/HLS/HLS_projects/build/project01_FIR/fir_ap-int/vivado_prj/vivado_prj.sim/sim_1/synth/timing/xsim/fir_tb_time_synth.v
INFO: [SIM-utils-37] SDF generated:C:/Users/stefa/Workspace/01-UNICAL/HLS/HLS_projects/build/project01_FIR/fir_ap-int/vivado_prj/vivado_prj.sim/sim_1/synth/timing/xsim/fir_tb_time_synth.sdf
INFO: [USF-XSim-7] Finding pre-compiled libraries...
INFO: [USF-XSim-11] File 'D:/Softwares/AMD-Design/2025.2/Vivado/data/xsim/xsim.ini' copied to run dir:'C:/Users/stefa/Workspace/01-UNICAL/HLS/HLS_projects/build/project01_FIR/fir_ap-int/vivado_prj/vivado_prj.sim/sim_1/synth/timing/xsim'
INFO: [SIM-utils-54] Inspecting design source files for 'fir_tb' in fileset 'sim_1'...
INFO: [USF-XSim-2] XSim::Compile design
INFO: [USF-XSim-61] Executing 'COMPILE and ANALYZE' step in 'C:/Users/stefa/Workspace/01-UNICAL/HLS/HLS_projects/build/project01_FIR/fir_ap-int/vivado_prj/vivado_prj.sim/sim_1/synth/timing/xsim'
"xvlog --incr --relax -prj fir_tb_vlog.prj"
INFO: [VRFC 10-2263] Analyzing Verilog file "C:/Users/stefa/Workspace/01-UNICAL/HLS/HLS_projects/build/project01_FIR/fir_ap-int/vivado_prj/vivado_prj.sim/sim_1/synth/timing/xsim/fir_tb_time_synth.v" into library xil_defaultlib
INFO: [VRFC 10-311] analyzing module RAM32X1S_UNIQ_BASE_
INFO: [VRFC 10-311] analyzing module RAM32X1S_HD1
INFO: [VRFC 10-311] analyzing module RAM32X1S_HD10
INFO: [VRFC 10-311] analyzing module RAM32X1S_HD11
INFO: [VRFC 10-311] analyzing module RAM32X1S_HD2
INFO: [VRFC 10-311] analyzing module RAM32X1S_HD3
INFO: [VRFC 10-311] analyzing module RAM32X1S_HD4
INFO: [VRFC 10-311] analyzing module RAM32X1S_HD5
INFO: [VRFC 10-311] analyzing module RAM32X1S_HD6
INFO: [VRFC 10-311] analyzing module RAM32X1S_HD7
INFO: [VRFC 10-311] analyzing module RAM32X1S_HD8
INFO: [VRFC 10-311] analyzing module RAM32X1S_HD9
INFO: [VRFC 10-311] analyzing module fir_0
INFO: [VRFC 10-311] analyzing module fir_0_fir
INFO: [VRFC 10-311] analyzing module fir_0_fir_mac_muladd_12ns_10s_26s_26_4_1
INFO: [VRFC 10-311] analyzing module fir_0_fir_mac_muladd_12ns_10s_26s_26_4_1_DSP48_0
INFO: [VRFC 10-311] analyzing module fir_0_fir_mac_muladd_12ns_6ns_26s_26_4_1
INFO: [VRFC 10-311] analyzing module fir_0_fir_mac_muladd_12ns_6ns_26s_26_4_1_DSP48_0
INFO: [VRFC 10-311] analyzing module fir_0_fir_shift_reg_RAM_AUTO_1R1W
INFO: [VRFC 10-311] analyzing module fir_0_sv
INFO: [VRFC 10-311] analyzing module glbl
"xvhdl --incr --relax -prj fir_tb_vhdl.prj"
INFO: [VRFC 10-163] Analyzing VHDL file "C:/Users/stefa/Workspace/01-UNICAL/HLS/HLS_projects/srcs/vivado/project01_FIR_fir_ap-int_tb.vhd" into library xil_defaultlib
INFO: [VRFC 10-3107] analyzing entity 'fir_tb'
run_program: Time (s): cpu = 00:00:00 ; elapsed = 00:00:06 . Memory (MB): peak = 1433.078 ; gain = 0.000
INFO: [USF-XSim-69] 'compile' step finished in '6' seconds
INFO: [USF-XSim-3] XSim::Elaborate design
INFO: [USF-XSim-61] Executing 'ELABORATE' step in 'C:/Users/stefa/Workspace/01-UNICAL/HLS/HLS_projects/build/project01_FIR/fir_ap-int/vivado_prj/vivado_prj.sim/sim_1/synth/timing/xsim'
"xelab --incr --debug typical --relax --mt 2 --maxdelay -L xil_defaultlib -L simprims_ver -L secureip --snapshot fir_tb_time_synth -transport_int_delays -pulse_r 0 -pulse_int_r 0 -pulse_e 0 -pulse_int_e 0 xil_defaultlib.fir_tb xil_defaultlib.glbl -log elaborate.log"
Vivado Simulator v2025.2
Copyright 1986-2022 Xilinx, Inc. All Rights Reserved.
Copyright 2022-2025 Advanced Micro Devices, Inc. All Rights Reserved.
Running: D:/Softwares/AMD-Design/2025.2/Vivado/bin/unwrapped/win64.o/xelab.exe --incr --debug typical --relax --mt 2 --maxdelay -L xil_defaultlib -L simprims_ver -L secureip --snapshot fir_tb_time_synth -transport_int_delays -pulse_r 0 -pulse_int_r 0 -pulse_e 0 -pulse_int_e 0 xil_defaultlib.fir_tb xil_defaultlib.glbl -log elaborate.log 
Using 2 slave threads.
Starting static elaboration
Pass Through NonSizing Optimizer
Completed static elaboration
Starting simulation data flow analysis
Completed simulation data flow analysis
Time Resolution for simulation is 1ps
Compiling package std.standard
Compiling package std.textio
Compiling package ieee.std_logic_1164
Compiling package ieee.numeric_std
Compiling package vl.vl_types
Compiling module xil_defaultlib.glbl
Compiling module simprims_ver.x_lut3_mux8
Compiling module simprims_ver.LUT3
Compiling module simprims_ver.LUT5
Compiling module simprims_ver.FDSE_default
Compiling module simprims_ver.FDRE_default
Compiling module simprims_ver.x_lut2_mux4
Compiling module simprims_ver.LUT2
Compiling module simprims_ver.LUT4
Compiling module simprims_ver.DSP48E1(ACASCREG=2,ALUMODEREG=0,...
Compiling module simprims_ver.x_lut1_mux2
Compiling module simprims_ver.LUT1(INIT=2'b01)
Compiling module xil_defaultlib.fir_0_fir_mac_muladd_12ns_10s_26...
Compiling module xil_defaultlib.fir_0_fir_mac_muladd_12ns_10s_26...
Compiling module simprims_ver.DSP48E1(ACASCREG=2,ALUMODEREG=0,...
Compiling module xil_defaultlib.fir_0_fir_mac_muladd_12ns_6ns_26...
Compiling module xil_defaultlib.fir_0_fir_mac_muladd_12ns_6ns_26...
Compiling module simprims_ver.RAMS32
Compiling module xil_defaultlib.RAM32X1S_UNIQ_BASE_
Compiling module simprims_ver.LUT6
Compiling module xil_defaultlib.RAM32X1S_HD1
Compiling module xil_defaultlib.RAM32X1S_HD2
Compiling module xil_defaultlib.RAM32X1S_HD3
Compiling module xil_defaultlib.RAM32X1S_HD4
Compiling module xil_defaultlib.RAM32X1S_HD5
Compiling module xil_defaultlib.RAM32X1S_HD6
Compiling module xil_defaultlib.RAM32X1S_HD7
Compiling module xil_defaultlib.RAM32X1S_HD8
Compiling module xil_defaultlib.RAM32X1S_HD9
Compiling module xil_defaultlib.RAM32X1S_HD10
Compiling module xil_defaultlib.RAM32X1S_HD11
Compiling module xil_defaultlib.fir_0_fir_shift_reg_RAM_AUTO_1R1...
Compiling module xil_defaultlib.fir_0_fir
Compiling module xil_defaultlib.fir_0
Compiling architecture behavioral of entity xil_defaultlib.fir_tb
Built simulation snapshot fir_tb_time_synth
run_program: Time (s): cpu = 00:00:00 ; elapsed = 00:00:10 . Memory (MB): peak = 1433.078 ; gain = 0.000
INFO: [USF-XSim-69] 'elaborate' step finished in '10' seconds
INFO: [USF-XSim-4] XSim::Simulate design
INFO: [USF-XSim-61] Executing 'SIMULATE' step in 'C:/Users/stefa/Workspace/01-UNICAL/HLS/HLS_projects/build/project01_FIR/fir_ap-int/vivado_prj/vivado_prj.sim/sim_1/synth/timing/xsim'
INFO: [USF-XSim-98] *** Running xsim
   with args "fir_tb_time_synth -key {Post-Synthesis:sim_1:Timing:fir_tb} -tclbatch {fir_tb.tcl} -log {simulate.log}"
INFO: [USF-XSim-8] Loading simulator feature
Time resolution is 1 ps
source fir_tb.tcl
Note: =========================================================
Time: 0 ps  Iteration: 0  Process: /fir_tb/stim_process  File: C:/Users/stefa/Workspace/01-UNICAL/HLS/HLS_projects/srcs/vivado/project01_FIR_fir_ap-int_tb.vhd
Note:  INIZIO SIMULAZIONE E GENERAZIONE STIMOLI
Time: 0 ps  Iteration: 0  Process: /fir_tb/stim_process  File: C:/Users/stefa/Workspace/01-UNICAL/HLS/HLS_projects/srcs/vivado/project01_FIR_fir_ap-int_tb.vhd
Note: =========================================================
Time: 0 ps  Iteration: 0  Process: /fir_tb/stim_process  File: C:/Users/stefa/Workspace/01-UNICAL/HLS/HLS_projects/srcs/vivado/project01_FIR_fir_ap-int_tb.vhd
INFO: [USF-XSim-96] XSim completed. Design snapshot 'fir_tb_time_synth' loaded.
INFO: [USF-XSim-97] XSim simulation ran for 1000ns
launch_simulation: Time (s): cpu = 00:00:16 ; elapsed = 00:00:42 . Memory (MB): peak = 1433.078 ; gain = 874.035
[ OK  ] SAIF file: ./vivado_prj/vivado_prj.sim/sim_1/synth/timing/xsim/dump.saif
[ OK  ] SAIF written to: ./vivado_prj/vivado_prj.sim/sim_1/synth/timing/xsim/dump.saif

========================================================
 STEP 10 -- Power report  (OOC netlist + SAIF annotation)
========================================================
Design is defaulting to impl run constrset: fir_0
Design is defaulting to synth run part: xc7z020clg484-3
Netlist sorting complete. Time (s): cpu = 00:00:00 ; elapsed = 00:00:00.014 . Memory (MB): peak = 1433.078 ; gain = 0.000
INFO: [Netlist 29-17] Analyzing 14 Unisim elements for replacement
INFO: [Netlist 29-28] Unisim Transformation completed in 0 CPU seconds
INFO: [Project 1-479] Netlist was created with Vivado 2025.2
INFO: [Project 1-570] Preparing netlist for logic optimization
Parsing XDC File [c:/Users/stefa/Workspace/01-UNICAL/HLS/HLS_projects/build/project01_FIR/fir_ap-int/vivado_prj/vivado_prj.gen/sources_1/ip/fir_0/constraints/fir_ooc.xdc] for cell 'U0'
Finished Parsing XDC File [c:/Users/stefa/Workspace/01-UNICAL/HLS/HLS_projects/build/project01_FIR/fir_ap-int/vivado_prj/vivado_prj.gen/sources_1/ip/fir_0/constraints/fir_ooc.xdc] for cell 'U0'
INFO: [Opt 31-138] Pushed 0 inverter(s) to 0 load pin(s).
Netlist sorting complete. Time (s): cpu = 00:00:00 ; elapsed = 00:00:00 . Memory (MB): peak = 1544.375 ; gain = 0.000
INFO: [Project 1-111] Unisim Transformation Summary:
  A total of 12 instances were transformed.
  RAM16X1S => RAM32X1S (RAMS32): 12 instances

INFO: [Timing 38-35] Done setting XDC timing constraints.
INFO: [Power 33-167] Parsing SAIF file C:/Users/stefa/Workspace/01-UNICAL/HLS/HLS_projects/build/project01_FIR/fir_ap-int/vivado_prj/vivado_prj.sim/sim_1/synth/timing/xsim/dump.saif
WARNING: [Power 33-330] Read_saif is trying to annotate activities on clock net and this will be ignored. Users shall manually specify clock net frequency using sdc timing constraints(e.g. create_clock)
INFO: [Power 33-177] SAIF annotation done from file C:/Users/stefa/Workspace/01-UNICAL/HLS/HLS_projects/build/project01_FIR/fir_ap-int/vivado_prj/vivado_prj.sim/sim_1/synth/timing/xsim/dump.saif
INFO: [Power 33-26] Design nets matched = 158 of 159
[ OK  ] SAIF annotation loaded
Command: report_power -name fir_0_power_1 -file ../../../reports/project01_FIR/fir_ap-int/vivado/power/fir_post-synth_power_report.txt -format text -hier all -xpe ../../../reports/project01_FIR/fir_ap-int/vivado/power/fir_post-synth_power_report.xml -rpx ../../../reports/project01_FIR/fir_ap-int/vivado/power/fir_post-synth_power_report.rpx
WARNING: [Common 17-708] report_power: The '-name' option will be ignored because it is only relevant in GUI mode.
99.371% of nets annotated
Doing probabilistic computation for the remaining nets

WARNING: [Timing 38-242] The property HD.CLK_SRC of clock port "ap_clk" is not set. In out-of-context mode, this prevents timing estimation for clock delay/skew
Resolution: Set the HD.CLK_SRC property of the out-of-context port to the location of the clock buffer instance in the top-level design
12 Infos, 3 Warnings, 0 Critical Warnings and 0 Errors encountered.
report_power completed successfully
[ OK  ] Text-Power report: ../../../reports/project01_FIR/fir_ap-int/vivado/power/fir_post-synth_power_report.txt
[ OK  ] Text-Power report written to: ../../../reports/project01_FIR/fir_ap-int/vivado/power/fir_post-synth_power_report.txt
[ OK  ] XML-Power report: ../../../reports/project01_FIR/fir_ap-int/vivado/power/fir_post-synth_power_report.xml
[ OK  ] XML-Power report written to: ../../../reports/project01_FIR/fir_ap-int/vivado/power/fir_post-synth_power_report.xml
[ OK  ] RPX-Power report: ../../../reports/project01_FIR/fir_ap-int/vivado/power/fir_post-synth_power_report.rpx
[ OK  ] RPX-Power report written to: ../../../reports/project01_FIR/fir_ap-int/vivado/power/fir_post-synth_power_report.rpx

========================================================
 VIVADO WORKFLOW COMPLETED SUCCESSFULLY
 Target : fir_ap-int  (fir)
 Report : ../../../reports/project01_FIR/fir_ap-int/vivado/power/fir_post-synth_power_report
========================================================

INFO: [Common 17-206] Exiting Vivado at Sat May 30 19:34:50 2026...
