

================================================================
== Vitis HLS Report for 'spmv'
================================================================
* Date:           Mon Jun 15 09:58:20 2026

* Version:        2025.2 (Build 6295257 on Nov 12 2025)
* Project:        00_baseline-tripcount_script
* Solution:       hls (Vivado IP Flow Target)
* Product family: zynq
* Target device:  xc7z020-clg484-3


================================================================
== Performance Estimates
================================================================
+ Timing: 
    * Summary: 
    +--------+----------+----------+------------+
    |  Clock |  Target  | Estimated| Uncertainty|
    +--------+----------+----------+------------+
    |ap_clk  |  10.00 ns|  3.062 ns|     2.70 ns|
    +--------+----------+----------+------------+

+ Latency: 
    * Summary: 
    +---------+---------+-----------+----------+------+-------+---------+
    |  Latency (cycles) |  Latency (absolute)  |   Interval   | Pipeline|
    |   min   |   max   |    min    |    max   |  min |  max  |   Type  |
    +---------+---------+-----------+----------+------+-------+---------+
    |     1153|    98689|  11.530 us|  0.987 ms|  1154|  98690|       no|
    +---------+---------+-----------+----------+------+-------+---------+

    + Detail: 
        * Instance: 
        N/A

        * Loop: 
        +----------+---------+---------+----------+-----------+-----------+---------+----------+
        |          |  Latency (cycles) | Iteration|  Initiation Interval  |   Trip  |          |
        | Loop Name|   min   |   max   |  Latency |  achieved |   target  |  Count  | Pipelined|
        +----------+---------+---------+----------+-----------+-----------+---------+----------+
        |- L1      |     1152|    98688|   9 ~ 771|          -|          -|      128|        no|
        | + L2     |        6|      768|         6|          -|          -|  1 ~ 128|        no|
        +----------+---------+---------+----------+-----------+-----------+---------+----------+

============================================================
+ Verbose Summary: Synthesis Manager
============================================================
InlineROM: 1
ExposeGlobal: 0
============================================================
+ Verbose Summary: CDFG Model
============================================================
IsTopModel: 1
ResetActiveHigh: 1
IsCombinational: 0
IsDatapathOnly: 0
HasWiredReturn: 1
HasMFsm: 0
HasVarLatency: 1
IsPipeline: 0
IsRtlPipelined: 0
IsInstanceOverlapped: 0
IsDontTouch: 0
HasImplIP: 0
IsGatedGlobalClock: 0


============================================================
+ Verbose Summary: Schedule
============================================================
* Number of FSM states : 9
* Pipeline : 0
* Dataflow Pipeline: 0

* FSM state transitions: 
1 --> 2 
2 --> 3 
3 --> 4 
4 --> 5 2 
5 --> 6 
6 --> 7 
7 --> 8 
8 --> 9 
9 --> 4 

* FSM state operations: 

State 1 <SV = 0> <Delay = 1.14>
ST_1 : Operation 10 [1/1] (0.00ns)   --->   "%row = alloca i32 1" [spmv.cpp:9]   --->   Operation 10 'alloca' 'row' <Predicate = true> <Delay = 0.00>
ST_1 : Operation 11 [1/1] (0.00ns)   --->   "%spectopmodule_ln3 = spectopmodule void @_ssdm_op_SpecTopModule, void @empty_1" [spmv.cpp:3]   --->   Operation 11 'spectopmodule' 'spectopmodule_ln3' <Predicate = true> <Delay = 0.00>
ST_1 : Operation 12 [1/1] (0.00ns)   --->   "%specinterface_ln0 = specinterface void @_ssdm_op_SpecInterface, i8 %values, void @empty, i32 0, i32 0, void @empty_0, i32 4294967295, i32 0, void @empty_0, void @empty_0, void @empty_0, i32 0, i32 0, i32 0, i32 0, void @empty_0, void @empty_0, i32 4294967295, i32 0, i32 0, i32 0"   --->   Operation 12 'specinterface' 'specinterface_ln0' <Predicate = true> <Delay = 0.00>
ST_1 : Operation 13 [1/1] (0.00ns)   --->   "%specbitsmap_ln0 = specbitsmap void @_ssdm_op_SpecBitsMap, i8 %values"   --->   Operation 13 'specbitsmap' 'specbitsmap_ln0' <Predicate = true> <Delay = 0.00>
ST_1 : Operation 14 [1/1] (0.00ns)   --->   "%specinterface_ln0 = specinterface void @_ssdm_op_SpecInterface, i10 %x, void @empty, i32 0, i32 0, void @empty_0, i32 4294967295, i32 0, void @empty_0, void @empty_0, void @empty_0, i32 0, i32 0, i32 0, i32 0, void @empty_0, void @empty_0, i32 4294967295, i32 0, i32 0, i32 0"   --->   Operation 14 'specinterface' 'specinterface_ln0' <Predicate = true> <Delay = 0.00>
ST_1 : Operation 15 [1/1] (0.00ns)   --->   "%specbitsmap_ln0 = specbitsmap void @_ssdm_op_SpecBitsMap, i10 %x"   --->   Operation 15 'specbitsmap' 'specbitsmap_ln0' <Predicate = true> <Delay = 0.00>
ST_1 : Operation 16 [1/1] (0.00ns)   --->   "%specinterface_ln0 = specinterface void @_ssdm_op_SpecInterface, i32 %col_idx, void @empty, i32 0, i32 0, void @empty_0, i32 4294967295, i32 0, void @empty_0, void @empty_0, void @empty_0, i32 0, i32 0, i32 0, i32 0, void @empty_0, void @empty_0, i32 4294967295, i32 0, i32 0, i32 0"   --->   Operation 16 'specinterface' 'specinterface_ln0' <Predicate = true> <Delay = 0.00>
ST_1 : Operation 17 [1/1] (0.00ns)   --->   "%specbitsmap_ln0 = specbitsmap void @_ssdm_op_SpecBitsMap, i32 %col_idx"   --->   Operation 17 'specbitsmap' 'specbitsmap_ln0' <Predicate = true> <Delay = 0.00>
ST_1 : Operation 18 [1/1] (0.00ns)   --->   "%specinterface_ln0 = specinterface void @_ssdm_op_SpecInterface, i32 %row_ptr, void @empty, i32 0, i32 0, void @empty_0, i32 4294967295, i32 0, void @empty_0, void @empty_0, void @empty_0, i32 0, i32 0, i32 0, i32 0, void @empty_0, void @empty_0, i32 4294967295, i32 0, i32 0, i32 0"   --->   Operation 18 'specinterface' 'specinterface_ln0' <Predicate = true> <Delay = 0.00>
ST_1 : Operation 19 [1/1] (0.00ns)   --->   "%specbitsmap_ln0 = specbitsmap void @_ssdm_op_SpecBitsMap, i32 %row_ptr"   --->   Operation 19 'specbitsmap' 'specbitsmap_ln0' <Predicate = true> <Delay = 0.00>
ST_1 : Operation 20 [1/1] (0.00ns)   --->   "%specinterface_ln0 = specinterface void @_ssdm_op_SpecInterface, i32 %y, void @empty, i32 0, i32 0, void @empty_0, i32 4294967295, i32 0, void @empty_0, void @empty_0, void @empty_0, i32 0, i32 0, i32 0, i32 0, void @empty_0, void @empty_0, i32 4294967295, i32 0, i32 0, i32 0"   --->   Operation 20 'specinterface' 'specinterface_ln0' <Predicate = true> <Delay = 0.00>
ST_1 : Operation 21 [1/1] (0.00ns)   --->   "%specbitsmap_ln0 = specbitsmap void @_ssdm_op_SpecBitsMap, i32 %y"   --->   Operation 21 'specbitsmap' 'specbitsmap_ln0' <Predicate = true> <Delay = 0.00>
ST_1 : Operation 22 [1/1] (1.14ns)   --->   "%store_ln9 = store i8 0, i8 %row" [spmv.cpp:9]   --->   Operation 22 'store' 'store_ln9' <Predicate = true> <Delay = 1.14>
ST_1 : Operation 23 [1/1] (0.00ns)   --->   "%br_ln9 = br void %L2" [spmv.cpp:9]   --->   Operation 23 'br' 'br_ln9' <Predicate = true> <Delay = 0.00>

State 2 <SV = 1> <Delay = 1.62>
ST_2 : Operation 24 [1/1] (0.00ns)   --->   "%row_1 = load i8 %row" [spmv.cpp:13]   --->   Operation 24 'load' 'row_1' <Predicate = true> <Delay = 0.00>
ST_2 : Operation 25 [1/1] (1.62ns)   --->   "%icmp_ln9 = icmp_eq  i8 %row_1, i8 128" [spmv.cpp:9]   --->   Operation 25 'icmp' 'icmp_ln9' <Predicate = true> <Delay = 1.62> <CoreInst = "Cmp">   --->   Core 9 'Cmp' <Latency = 0> <II = 1> <Delay = 1.62> <FuncUnit> <Opcode : 'seteq' 'setne' 'setle' 'setge' 'setlt' 'setgt'> <InPorts = 2> <OutPorts = 1>
ST_2 : Operation 26 [1/1] (1.62ns)   --->   "%add_ln13 = add i8 %row_1, i8 1" [spmv.cpp:13]   --->   Operation 26 'add' 'add_ln13' <Predicate = true> <Delay = 1.62> <CoreInst = "Adder">   --->   Core 1 'Adder' <Latency = 0> <II = 1> <Delay = 1.62> <FuncUnit> <Opcode : 'add' 'sub'> <InPorts = 2> <OutPorts = 1>
ST_2 : Operation 27 [1/1] (0.00ns)   --->   "%br_ln9 = br i1 %icmp_ln9, void %L2.split, void %for.end17" [spmv.cpp:9]   --->   Operation 27 'br' 'br_ln9' <Predicate = true> <Delay = 0.00>
ST_2 : Operation 28 [1/1] (0.00ns)   --->   "%zext_ln9 = zext i8 %row_1" [spmv.cpp:9]   --->   Operation 28 'zext' 'zext_ln9' <Predicate = (!icmp_ln9)> <Delay = 0.00>
ST_2 : Operation 29 [1/1] (0.00ns)   --->   "%row_ptr_addr = getelementptr i32 %row_ptr, i64 0, i64 %zext_ln9" [spmv.cpp:13]   --->   Operation 29 'getelementptr' 'row_ptr_addr' <Predicate = (!icmp_ln9)> <Delay = 0.00>
ST_2 : Operation 30 [2/2] (0.00ns)   --->   "%idx = load i8 %row_ptr_addr" [spmv.cpp:13]   --->   Operation 30 'load' 'idx' <Predicate = (!icmp_ln9)> <Delay = 0.00> <CoreInst = "RAM">   --->   Core 81 'RAM' <Latency = 1> <II = 1> <Delay = 2.41> <Storage> <Opcode : 'load' 'store'> <Ports = 2> <Width = 32> <Depth = 129> <RAM>
ST_2 : Operation 31 [1/1] (0.00ns)   --->   "%zext_ln13 = zext i8 %add_ln13" [spmv.cpp:13]   --->   Operation 31 'zext' 'zext_ln13' <Predicate = (!icmp_ln9)> <Delay = 0.00>
ST_2 : Operation 32 [1/1] (0.00ns)   --->   "%row_ptr_addr_1 = getelementptr i32 %row_ptr, i64 0, i64 %zext_ln13" [spmv.cpp:13]   --->   Operation 32 'getelementptr' 'row_ptr_addr_1' <Predicate = (!icmp_ln9)> <Delay = 0.00>
ST_2 : Operation 33 [2/2] (0.00ns)   --->   "%row_ptr_load = load i8 %row_ptr_addr_1" [spmv.cpp:13]   --->   Operation 33 'load' 'row_ptr_load' <Predicate = (!icmp_ln9)> <Delay = 0.00> <CoreInst = "RAM">   --->   Core 81 'RAM' <Latency = 1> <II = 1> <Delay = 2.41> <Storage> <Opcode : 'load' 'store'> <Ports = 2> <Width = 32> <Depth = 129> <RAM>
ST_2 : Operation 34 [1/1] (0.00ns)   --->   "%ret_ln25 = ret" [spmv.cpp:25]   --->   Operation 34 'ret' 'ret_ln25' <Predicate = (icmp_ln9)> <Delay = 0.00>

State 3 <SV = 2> <Delay = 1.14>
ST_3 : Operation 35 [1/1] (0.00ns)   --->   "%speclooptripcount_ln9 = speclooptripcount void @_ssdm_op_SpecLoopTripCount, i64 128, i64 128, i64 128" [spmv.cpp:9]   --->   Operation 35 'speclooptripcount' 'speclooptripcount_ln9' <Predicate = true> <Delay = 0.00>
ST_3 : Operation 36 [1/1] (0.00ns)   --->   "%specloopname_ln9 = specloopname void @_ssdm_op_SpecLoopName, void @empty_3" [spmv.cpp:9]   --->   Operation 36 'specloopname' 'specloopname_ln9' <Predicate = true> <Delay = 0.00>
ST_3 : Operation 37 [1/2] ( I:0.00ns O:0.00ns )   --->   "%idx = load i8 %row_ptr_addr" [spmv.cpp:13]   --->   Operation 37 'load' 'idx' <Predicate = true> <Delay = 0.00> <CoreInst = "RAM">   --->   Core 81 'RAM' <Latency = 1> <II = 1> <Delay = 2.41> <Storage> <Opcode : 'load' 'store'> <Ports = 2> <Width = 32> <Depth = 129> <RAM>
ST_3 : Operation 38 [1/2] ( I:0.00ns O:0.00ns )   --->   "%row_ptr_load = load i8 %row_ptr_addr_1" [spmv.cpp:13]   --->   Operation 38 'load' 'row_ptr_load' <Predicate = true> <Delay = 0.00> <CoreInst = "RAM">   --->   Core 81 'RAM' <Latency = 1> <II = 1> <Delay = 2.41> <Storage> <Opcode : 'load' 'store'> <Ports = 2> <Width = 32> <Depth = 129> <RAM>
ST_3 : Operation 39 [1/1] (1.14ns)   --->   "%br_ln13 = br void %for.inc" [spmv.cpp:13]   --->   Operation 39 'br' 'br_ln13' <Predicate = true> <Delay = 1.14>

State 4 <SV = 3> <Delay = 3.06>
ST_4 : Operation 40 [1/1] (0.00ns)   --->   "%idx_1 = phi i32 %idx, void %L2.split, i32 %add_ln13_1, void %for.inc.split"   --->   Operation 40 'phi' 'idx_1' <Predicate = true> <Delay = 0.00>
ST_4 : Operation 41 [1/1] (0.00ns)   --->   "%sum = phi i32 0, void %L2.split, i32 %add_ln20, void %for.inc.split" [spmv.cpp:20]   --->   Operation 41 'phi' 'sum' <Predicate = true> <Delay = 0.00>
ST_4 : Operation 42 [1/1] (1.91ns)   --->   "%icmp_ln13 = icmp_slt  i32 %idx_1, i32 %row_ptr_load" [spmv.cpp:13]   --->   Operation 42 'icmp' 'icmp_ln13' <Predicate = true> <Delay = 1.91> <CoreInst = "Cmp">   --->   Core 9 'Cmp' <Latency = 0> <II = 1> <Delay = 1.91> <FuncUnit> <Opcode : 'seteq' 'setne' 'setle' 'setge' 'setlt' 'setgt'> <InPorts = 2> <OutPorts = 1>
ST_4 : Operation 43 [1/1] (0.00ns)   --->   "%br_ln13 = br i1 %icmp_ln13, void %for.inc15, void %for.inc.split" [spmv.cpp:13]   --->   Operation 43 'br' 'br_ln13' <Predicate = true> <Delay = 0.00>
ST_4 : Operation 44 [1/1] (0.00ns)   --->   "%zext_ln13_1 = zext i32 %idx_1" [spmv.cpp:13]   --->   Operation 44 'zext' 'zext_ln13_1' <Predicate = (icmp_ln13)> <Delay = 0.00>
ST_4 : Operation 45 [1/1] (0.00ns)   --->   "%col_idx_addr = getelementptr i32 %col_idx, i64 0, i64 %zext_ln13_1" [spmv.cpp:20]   --->   Operation 45 'getelementptr' 'col_idx_addr' <Predicate = (icmp_ln13)> <Delay = 0.00>
ST_4 : Operation 46 [2/2] (0.00ns)   --->   "%col_idx_load = load i9 %col_idx_addr" [spmv.cpp:20]   --->   Operation 46 'load' 'col_idx_load' <Predicate = (icmp_ln13)> <Delay = 0.00> <CoreInst = "RAM">   --->   Core 81 'RAM' <Latency = 1> <II = 1> <Delay = 2.41> <Storage> <Opcode : 'load' 'store'> <Ports = 2> <Width = 32> <Depth = 512> <RAM>
ST_4 : Operation 47 [1/1] (0.00ns)   --->   "%values_addr = getelementptr i8 %values, i64 0, i64 %zext_ln13_1" [spmv.cpp:20]   --->   Operation 47 'getelementptr' 'values_addr' <Predicate = (icmp_ln13)> <Delay = 0.00>
ST_4 : Operation 48 [2/2] (0.00ns)   --->   "%values_load = load i9 %values_addr" [spmv.cpp:20]   --->   Operation 48 'load' 'values_load' <Predicate = (icmp_ln13)> <Delay = 0.00> <CoreInst = "RAM">   --->   Core 81 'RAM' <Latency = 1> <II = 1> <Delay = 2.41> <Storage> <Opcode : 'load' 'store'> <Ports = 2> <Width = 8> <Depth = 512> <RAM>
ST_4 : Operation 49 [1/1] (1.91ns)   --->   "%add_ln13_1 = add i32 %idx_1, i32 1" [spmv.cpp:13]   --->   Operation 49 'add' 'add_ln13_1' <Predicate = (icmp_ln13)> <Delay = 1.91> <CoreInst = "Adder">   --->   Core 1 'Adder' <Latency = 0> <II = 1> <Delay = 1.91> <FuncUnit> <Opcode : 'add' 'sub'> <InPorts = 2> <OutPorts = 1>
ST_4 : Operation 50 [1/1] (0.00ns)   --->   "%y_addr = getelementptr i32 %y, i64 0, i64 %zext_ln9" [spmv.cpp:23]   --->   Operation 50 'getelementptr' 'y_addr' <Predicate = (!icmp_ln13)> <Delay = 0.00>
ST_4 : Operation 51 [1/1] ( I:0.00ns O:0.00ns )   --->   "%store_ln23 = store i32 %sum, i7 %y_addr" [spmv.cpp:23]   --->   Operation 51 'store' 'store_ln23' <Predicate = (!icmp_ln13)> <Delay = 0.00> <CoreInst = "RAM">   --->   Core 81 'RAM' <Latency = 1> <II = 1> <Delay = 2.41> <Storage> <Opcode : 'load' 'store'> <Ports = 2> <Width = 32> <Depth = 128> <RAM>
ST_4 : Operation 52 [1/1] (1.14ns)   --->   "%store_ln9 = store i8 %add_ln13, i8 %row" [spmv.cpp:9]   --->   Operation 52 'store' 'store_ln9' <Predicate = (!icmp_ln13)> <Delay = 1.14>
ST_4 : Operation 53 [1/1] (0.00ns)   --->   "%br_ln9 = br void %L2" [spmv.cpp:9]   --->   Operation 53 'br' 'br_ln9' <Predicate = (!icmp_ln13)> <Delay = 0.00>

State 5 <SV = 4> <Delay = 0.00>
ST_5 : Operation 54 [1/2] ( I:0.00ns O:0.00ns )   --->   "%col_idx_load = load i9 %col_idx_addr" [spmv.cpp:20]   --->   Operation 54 'load' 'col_idx_load' <Predicate = true> <Delay = 0.00> <CoreInst = "RAM">   --->   Core 81 'RAM' <Latency = 1> <II = 1> <Delay = 2.41> <Storage> <Opcode : 'load' 'store'> <Ports = 2> <Width = 32> <Depth = 512> <RAM>
ST_5 : Operation 55 [1/1] (0.00ns)   --->   "%zext_ln20 = zext i32 %col_idx_load" [spmv.cpp:20]   --->   Operation 55 'zext' 'zext_ln20' <Predicate = true> <Delay = 0.00>
ST_5 : Operation 56 [1/2] ( I:0.00ns O:0.00ns )   --->   "%values_load = load i9 %values_addr" [spmv.cpp:20]   --->   Operation 56 'load' 'values_load' <Predicate = true> <Delay = 0.00> <CoreInst = "RAM">   --->   Core 81 'RAM' <Latency = 1> <II = 1> <Delay = 2.41> <Storage> <Opcode : 'load' 'store'> <Ports = 2> <Width = 8> <Depth = 512> <RAM>
ST_5 : Operation 57 [1/1] (0.00ns)   --->   "%x_addr = getelementptr i10 %x, i64 0, i64 %zext_ln20" [spmv.cpp:20]   --->   Operation 57 'getelementptr' 'x_addr' <Predicate = true> <Delay = 0.00>
ST_5 : Operation 58 [2/2] (0.00ns)   --->   "%x_load = load i7 %x_addr" [spmv.cpp:20]   --->   Operation 58 'load' 'x_load' <Predicate = true> <Delay = 0.00> <CoreInst = "RAM">   --->   Core 81 'RAM' <Latency = 1> <II = 1> <Delay = 2.41> <Storage> <Opcode : 'load' 'store'> <Ports = 2> <Width = 10> <Depth = 128> <RAM>

State 6 <SV = 5> <Delay = 0.93>
ST_6 : Operation 59 [1/1] (0.00ns)   --->   "%sext_ln20 = sext i8 %values_load" [spmv.cpp:20]   --->   Operation 59 'sext' 'sext_ln20' <Predicate = true> <Delay = 0.00>
ST_6 : Operation 60 [1/2] ( I:0.00ns O:0.00ns )   --->   "%x_load = load i7 %x_addr" [spmv.cpp:20]   --->   Operation 60 'load' 'x_load' <Predicate = true> <Delay = 0.00> <CoreInst = "RAM">   --->   Core 81 'RAM' <Latency = 1> <II = 1> <Delay = 2.41> <Storage> <Opcode : 'load' 'store'> <Ports = 2> <Width = 10> <Depth = 128> <RAM>
ST_6 : Operation 61 [1/1] (0.00ns)   --->   "%sext_ln20_1 = sext i10 %x_load" [spmv.cpp:20]   --->   Operation 61 'sext' 'sext_ln20_1' <Predicate = true> <Delay = 0.00>
ST_6 : Operation 62 [3/3] (0.93ns) (grouped into DSP with root node add_ln20)   --->   "%mul_ln20 = mul i18 %sext_ln20_1, i18 %sext_ln20" [spmv.cpp:20]   --->   Operation 62 'mul' 'mul_ln20' <Predicate = true> <Delay = 0.93> <CoreInst = "DSP48">   --->   Core 116 'DSP48' <Latency = 3> <II = 1> <Delay = 1.59> <IPBlock> <Opcode : 'add' 'sub' 'mul' 'select'> <InPorts = 0> <OutPorts = 1> <Sync> <CReg>

State 7 <SV = 6> <Delay = 0.93>
ST_7 : Operation 63 [2/3] (0.93ns) (grouped into DSP with root node add_ln20)   --->   "%mul_ln20 = mul i18 %sext_ln20_1, i18 %sext_ln20" [spmv.cpp:20]   --->   Operation 63 'mul' 'mul_ln20' <Predicate = true> <Delay = 0.93> <CoreInst = "DSP48">   --->   Core 116 'DSP48' <Latency = 3> <II = 1> <Delay = 1.59> <IPBlock> <Opcode : 'add' 'sub' 'mul' 'select'> <InPorts = 0> <OutPorts = 1> <Sync> <CReg>

State 8 <SV = 7> <Delay = 1.54>
ST_8 : Operation 64 [1/3] (0.00ns) (grouped into DSP with root node add_ln20)   --->   "%mul_ln20 = mul i18 %sext_ln20_1, i18 %sext_ln20" [spmv.cpp:20]   --->   Operation 64 'mul' 'mul_ln20' <Predicate = true> <Delay = 0.00> <CoreInst = "DSP48">   --->   Core 116 'DSP48' <Latency = 3> <II = 1> <Delay = 1.59> <IPBlock> <Opcode : 'add' 'sub' 'mul' 'select'> <InPorts = 0> <OutPorts = 1> <Sync> <CReg>
ST_8 : Operation 65 [1/1] (0.00ns) (grouped into DSP with root node add_ln20)   --->   "%sext_ln20_2 = sext i18 %mul_ln20" [spmv.cpp:20]   --->   Operation 65 'sext' 'sext_ln20_2' <Predicate = true> <Delay = 0.00>
ST_8 : Operation 66 [2/2] (1.54ns) (root node of the DSP)   --->   "%add_ln20 = add i32 %sext_ln20_2, i32 %sum" [spmv.cpp:20]   --->   Operation 66 'add' 'add_ln20' <Predicate = true> <Delay = 1.54> <CoreInst = "DSP48">   --->   Core 116 'DSP48' <Latency = 3> <II = 1> <Delay = 1.59> <IPBlock> <Opcode : 'add' 'sub' 'mul' 'select'> <InPorts = 0> <OutPorts = 1> <Sync> <CReg>

State 9 <SV = 8> <Delay = 1.54>
ST_9 : Operation 67 [1/1] (0.00ns)   --->   "%speclooptripcount_ln17 = speclooptripcount void @_ssdm_op_SpecLoopTripCount, i64 1, i64 128, i64 4" [spmv.cpp:17]   --->   Operation 67 'speclooptripcount' 'speclooptripcount_ln17' <Predicate = true> <Delay = 0.00>
ST_9 : Operation 68 [1/1] (0.00ns)   --->   "%specloopname_ln13 = specloopname void @_ssdm_op_SpecLoopName, void @empty_2" [spmv.cpp:13]   --->   Operation 68 'specloopname' 'specloopname_ln13' <Predicate = true> <Delay = 0.00>
ST_9 : Operation 69 [1/2] (1.54ns) (root node of the DSP)   --->   "%add_ln20 = add i32 %sext_ln20_2, i32 %sum" [spmv.cpp:20]   --->   Operation 69 'add' 'add_ln20' <Predicate = true> <Delay = 1.54> <CoreInst = "DSP48">   --->   Core 116 'DSP48' <Latency = 3> <II = 1> <Delay = 1.59> <IPBlock> <Opcode : 'add' 'sub' 'mul' 'select'> <InPorts = 0> <OutPorts = 1> <Sync> <CReg>
ST_9 : Operation 70 [1/1] (0.00ns)   --->   "%br_ln13 = br void %for.inc" [spmv.cpp:13]   --->   Operation 70 'br' 'br_ln13' <Predicate = true> <Delay = 0.00>


============================================================
+ Verbose Summary: Timing violations
============================================================
Target clock period: 10.000ns, clock uncertainty: 2.700ns.

 <State 1>: 1.146ns
The critical path consists of the following:
	'alloca' operation 8 bit ('row', spmv.cpp:9) [6]  (0.000 ns)
	'store' operation ('store_ln9', spmv.cpp:9) of constant 0 8 bit on local variable 'row', spmv.cpp:9 [18]  (1.146 ns)

 <State 2>: 1.627ns
The critical path consists of the following:
	'load' operation 8 bit ('row', spmv.cpp:13) on local variable 'row', spmv.cpp:9 [21]  (0.000 ns)
	'icmp' operation 1 bit ('icmp_ln9', spmv.cpp:9) [22]  (1.627 ns)

 <State 3>: 1.146ns
The critical path consists of the following:
	multiplexor before 'phi' operation 32 bit ('idx') with incoming values : ('idx', spmv.cpp:13) ('add_ln13_1', spmv.cpp:13) [36]  (1.146 ns)
	'br' operation ('br_ln13', spmv.cpp:13) [34]  (1.146 ns)

 <State 4>: 3.062ns
The critical path consists of the following:
	'phi' operation 32 bit ('idx') with incoming values : ('idx', spmv.cpp:13) ('add_ln13_1', spmv.cpp:13) [36]  (0.000 ns)
	'icmp' operation 1 bit ('icmp_ln13', spmv.cpp:13) [38]  (1.916 ns)
	'store' operation ('store_ln23', spmv.cpp:23) of variable 'sum', spmv.cpp:20 32 bit on array 'y' [60]  (0.000 ns)
	blocking operation 1.146 ns on control path)

 <State 5>: 0.000ns
The critical path consists of the following:

 <State 6>: 0.930ns
The critical path consists of the following:
	'mul' operation 18 bit of DSP[55] ('mul_ln20', spmv.cpp:20) [53]  (0.930 ns)

 <State 7>: 0.930ns
The critical path consists of the following:
	'mul' operation 18 bit of DSP[55] ('mul_ln20', spmv.cpp:20) [53]  (0.930 ns)

 <State 8>: 1.540ns
The critical path consists of the following:
	'mul' operation 18 bit of DSP[55] ('mul_ln20', spmv.cpp:20) [53]  (0.000 ns)
	'add' operation 32 bit of DSP[55] ('add_ln20', spmv.cpp:20) [55]  (1.540 ns)

 <State 9>: 1.540ns
The critical path consists of the following:
	'add' operation 32 bit of DSP[55] ('add_ln20', spmv.cpp:20) [55]  (1.540 ns)


============================================================
+ Verbose Summary: Binding
============================================================
N/A
* FSMD analyzer results:
  - Output states:
 - Input state : 
  - Chain level:
	State 1
	State 2
	State 3
	State 4
	State 5
	State 6
	State 7
	State 8
	State 9


============================================================
+ Verbose Summary: Datapath Resource usage 
============================================================
N/A
