================================================================
== Design Size Report
================================================================

* Total Instructions per Compilation Phase
+---------------+----------------------------+--------------+----------------------------------------------------------------------------------------+
| Phase         | Step                       | Instructions | Description                                                                            |
+---------------+----------------------------+--------------+----------------------------------------------------------------------------------------+
| Compile/Link  |                            | 438          | After all functions are compiled and linked into a single design                       |
|               |                            |              |                                                                                        |
| Unroll/Inline |                            |              | After user unroll and inline pragmas are applied                                       |
|               | (1) unroll                 |  88          | user unroll pragmas are applied                                                        |
|               | (2) simplification         |  68          | simplification of applied user unroll pragmas                                          |
|               | (3) inline                 |  61          | user inline pragmas are applied                                                        |
|               | (4) simplification         |  61          | simplification of applied user inline pragmas                                          |
|               |                            |              |                                                                                        |
| Array/Struct  |                            |              | After user array partition and struct aggregate/disaggregate pragmas are applied       |
|               | (1) array partition        |  61          | user array partition pragmas are applied                                               |
|               | (2) simplification         |  61          | simplification of applied user array partition & struct aggregate/disaggregate pragmas |
|               | (3) aggregate/disaggregate |  68          | user struct aggregate/disaggregate pragmas are applied                                 |
|               | (4) array reshape          | 100          | apply array reshape pragmas                                                            |
|               | (5) access patterns        |  93          | array access pattern optmizations                                                      |
|               |                            |              |                                                                                        |
| Performance   |                            |              | After transformations are applied to meet performance pragma targets                   |
|               | (1) loop simplification    |  86          | loop and instruction simplification                                                    |
|               | (2) parallelization        |  86          | loops are unrolled or pipelined to meet performance targets                            |
|               | (3) array partition        |  58          | arrays are partitioned to meet performance targets                                     |
|               | (4) simplification         |  58          | simplification of design after performance transformations                             |
|               |                            |              |                                                                                        |
| HW Transforms |                            |              | After hardware transfomations                                                          |
|               | (1) lowering               |  56          | initial conversion to HW specific instructions                                         |
|               | (2) optimizations          |  82          | high level synthesis optimizations                                                     |
+---------------+----------------------------+--------------+----------------------------------------------------------------------------------------+

* Instructions per Function for each Compilation Phase
+----------+-----------+--------------+---------------+--------------+-------------+---------------+
| Function | Location  | Compile/Link | Unroll/Inline | Array/Struct | Performance | HW Transforms |
+----------+-----------+--------------+---------------+--------------+-------------+---------------+
|   fir    | fir.cpp:5 | 438          | 61            | 93           | 58          | 82            |
+----------+-----------+--------------+---------------+--------------+-------------+---------------+

* Design Size Message Settings
+---------------------------------------------+--------+------------------------------------------------------------------+
| Message Setting                             | Value  | Description                                                      |
+---------------------------------------------+--------+------------------------------------------------------------------+
| config_compile -design_size_maximum_warning | 100000 | Show a warning when total design instructions exceeds this value |
+---------------------------------------------+--------+------------------------------------------------------------------+


