
*** Running vivado
    with args -log spmv_0.vds -m64 -product Vivado -mode batch -messageDb vivado.pb -notrace -source spmv_0.tcl



****** Vivado v2025.2 (64-bit)
  **** SW Build 6299465 on Fri Nov 14 19:35:11 GMT 2025
  **** IP Build 6300035 on Fri Nov 14 10:48:45 MST 2025
  **** SharedData Build 6298862 on Thu Nov 13 04:50:51 MST 2025
  **** Start of session at: Mon Jun 15 10:36:57 2026
    ** Copyright 1986-2022 Xilinx, Inc. All Rights Reserved.
    ** Copyright 2022-2025 Advanced Micro Devices, Inc. All Rights Reserved.

source spmv_0.tcl -notrace
INFO: [IP_Flow 19-234] Refreshing IP repositories
INFO: [IP_Flow 19-1700] Loaded user IP repository 'c:/Users/stefa/Workspace/01-UNICAL/HLS/HLS_projects/build/project02_SpMV/03_unroll-2-L1/ip_repo'.
INFO: [IP_Flow 19-2313] Loaded Vivado IP repository 'D:/Softwares/AMD-Design/2025.2/Vivado/data/ip'.
WARNING: [IP_Flow 19-4995] The host OS only allows 260 characters in a normal path. The IP cache path is more than 80 characters. If you experience issues with IP caching, please consider changing the IP cache to a location with a shorter path. Alternately consider using the OS subst command to map part of the path to a drive letter. 
Current IP cache path is c:/Users/stefa/Workspace/01-UNICAL/HLS/HLS_projects/build/project02_SpMV/03_unroll-2-L1/vivado_prj/vivado_prj.cache/ip 
Command: synth_design -top spmv_0 -part xc7z020clg484-3 -incremental_mode off -mode out_of_context
Starting synth_design
Attempting to get a license for feature 'Synthesis' and/or device 'xc7z020'
INFO: [Common 17-349] Got license for feature 'Synthesis' and/or device 'xc7z020'
INFO: [Device 21-403] Loading part xc7z020clg484-3
INFO: [Synth 8-7079] Multithreading enabled for synth_design using a maximum of 2 processes.
INFO: [Synth 8-7078] Launching helper process for spawning children vivado processes
INFO: [Synth 8-7075] Helper process launched with PID 4632
---------------------------------------------------------------------------------
Starting RTL Elaboration : Time (s): cpu = 00:00:05 ; elapsed = 00:00:06 . Memory (MB): peak = 1320.375 ; gain = 540.543
---------------------------------------------------------------------------------
INFO: [Synth 8-638] synthesizing module 'spmv_0' [c:/Users/stefa/Workspace/01-UNICAL/HLS/HLS_projects/build/project02_SpMV/03_unroll-2-L1/vivado_prj/vivado_prj.gen/sources_1/ip/spmv_0/synth/spmv_0.vhd:86]
INFO: [Synth 8-3491] module 'spmv' declared at 'c:/Users/stefa/Workspace/01-UNICAL/HLS/HLS_projects/build/project02_SpMV/03_unroll-2-L1/vivado_prj/vivado_prj.gen/sources_1/ip/spmv_0/hdl/vhdl/spmv.vhd:11' bound to instance 'U0' of component 'spmv' [c:/Users/stefa/Workspace/01-UNICAL/HLS/HLS_projects/build/project02_SpMV/03_unroll-2-L1/vivado_prj/vivado_prj.gen/sources_1/ip/spmv_0/synth/spmv_0.vhd:183]
INFO: [Synth 8-638] synthesizing module 'spmv' [c:/Users/stefa/Workspace/01-UNICAL/HLS/HLS_projects/build/project02_SpMV/03_unroll-2-L1/vivado_prj/vivado_prj.gen/sources_1/ip/spmv_0/hdl/vhdl/spmv.vhd:41]
	Parameter ID bound to: 1 - type: integer 
	Parameter NUM_STAGE bound to: 4 - type: integer 
	Parameter din0_WIDTH bound to: 10 - type: integer 
	Parameter din1_WIDTH bound to: 8 - type: integer 
	Parameter din2_WIDTH bound to: 32 - type: integer 
	Parameter dout_WIDTH bound to: 32 - type: integer 
INFO: [Synth 8-3491] module 'spmv_mac_muladd_10s_8s_32s_32_4_1' declared at 'c:/Users/stefa/Workspace/01-UNICAL/HLS/HLS_projects/build/project02_SpMV/03_unroll-2-L1/vivado_prj/vivado_prj.gen/sources_1/ip/spmv_0/hdl/vhdl/spmv_mac_muladd_10s_8s_32s_32_4_1.vhd:59' bound to instance 'mac_muladd_10s_8s_32s_32_4_1_U1' of component 'spmv_mac_muladd_10s_8s_32s_32_4_1' [c:/Users/stefa/Workspace/01-UNICAL/HLS/HLS_projects/build/project02_SpMV/03_unroll-2-L1/vivado_prj/vivado_prj.gen/sources_1/ip/spmv_0/hdl/vhdl/spmv.vhd:200]
INFO: [Synth 8-638] synthesizing module 'spmv_mac_muladd_10s_8s_32s_32_4_1' [c:/Users/stefa/Workspace/01-UNICAL/HLS/HLS_projects/build/project02_SpMV/03_unroll-2-L1/vivado_prj/vivado_prj.gen/sources_1/ip/spmv_0/hdl/vhdl/spmv_mac_muladd_10s_8s_32s_32_4_1.vhd:77]
INFO: [Synth 8-3491] module 'spmv_mac_muladd_10s_8s_32s_32_4_1_DSP48_0' declared at 'c:/Users/stefa/Workspace/01-UNICAL/HLS/HLS_projects/build/project02_SpMV/03_unroll-2-L1/vivado_prj/vivado_prj.gen/sources_1/ip/spmv_0/hdl/vhdl/spmv_mac_muladd_10s_8s_32s_32_4_1.vhd:10' bound to instance 'spmv_mac_muladd_10s_8s_32s_32_4_1_DSP48_0_U' of component 'spmv_mac_muladd_10s_8s_32s_32_4_1_DSP48_0' [c:/Users/stefa/Workspace/01-UNICAL/HLS/HLS_projects/build/project02_SpMV/03_unroll-2-L1/vivado_prj/vivado_prj.gen/sources_1/ip/spmv_0/hdl/vhdl/spmv_mac_muladd_10s_8s_32s_32_4_1.vhd:92]
INFO: [Synth 8-638] synthesizing module 'spmv_mac_muladd_10s_8s_32s_32_4_1_DSP48_0' [c:/Users/stefa/Workspace/01-UNICAL/HLS/HLS_projects/build/project02_SpMV/03_unroll-2-L1/vivado_prj/vivado_prj.gen/sources_1/ip/spmv_0/hdl/vhdl/spmv_mac_muladd_10s_8s_32s_32_4_1.vhd:22]
INFO: [Synth 8-256] done synthesizing module 'spmv_mac_muladd_10s_8s_32s_32_4_1_DSP48_0' (0#1) [c:/Users/stefa/Workspace/01-UNICAL/HLS/HLS_projects/build/project02_SpMV/03_unroll-2-L1/vivado_prj/vivado_prj.gen/sources_1/ip/spmv_0/hdl/vhdl/spmv_mac_muladd_10s_8s_32s_32_4_1.vhd:22]
INFO: [Synth 8-256] done synthesizing module 'spmv_mac_muladd_10s_8s_32s_32_4_1' (0#1) [c:/Users/stefa/Workspace/01-UNICAL/HLS/HLS_projects/build/project02_SpMV/03_unroll-2-L1/vivado_prj/vivado_prj.gen/sources_1/ip/spmv_0/hdl/vhdl/spmv_mac_muladd_10s_8s_32s_32_4_1.vhd:77]
	Parameter ID bound to: 1 - type: integer 
	Parameter NUM_STAGE bound to: 4 - type: integer 
	Parameter din0_WIDTH bound to: 10 - type: integer 
	Parameter din1_WIDTH bound to: 8 - type: integer 
	Parameter din2_WIDTH bound to: 32 - type: integer 
	Parameter dout_WIDTH bound to: 32 - type: integer 
INFO: [Synth 8-3491] module 'spmv_mac_muladd_10s_8s_32s_32_4_1' declared at 'c:/Users/stefa/Workspace/01-UNICAL/HLS/HLS_projects/build/project02_SpMV/03_unroll-2-L1/vivado_prj/vivado_prj.gen/sources_1/ip/spmv_0/hdl/vhdl/spmv_mac_muladd_10s_8s_32s_32_4_1.vhd:59' bound to instance 'mac_muladd_10s_8s_32s_32_4_1_U2' of component 'spmv_mac_muladd_10s_8s_32s_32_4_1' [c:/Users/stefa/Workspace/01-UNICAL/HLS/HLS_projects/build/project02_SpMV/03_unroll-2-L1/vivado_prj/vivado_prj.gen/sources_1/ip/spmv_0/hdl/vhdl/spmv.vhd:217]
INFO: [Synth 8-256] done synthesizing module 'spmv' (0#1) [c:/Users/stefa/Workspace/01-UNICAL/HLS/HLS_projects/build/project02_SpMV/03_unroll-2-L1/vivado_prj/vivado_prj.gen/sources_1/ip/spmv_0/hdl/vhdl/spmv.vhd:41]
INFO: [Synth 8-256] done synthesizing module 'spmv_0' (0#1) [c:/Users/stefa/Workspace/01-UNICAL/HLS/HLS_projects/build/project02_SpMV/03_unroll-2-L1/vivado_prj/vivado_prj.gen/sources_1/ip/spmv_0/synth/spmv_0.vhd:86]
INFO: [Synth 8-4490] FSM extraction disabled for register 'ap_CS_fsm_reg' through user attribute
INFO: [Synth 8-7129] Port rst in module spmv_mac_muladd_10s_8s_32s_32_4_1_DSP48_0 is either unconnected or has no load
INFO: [Synth 8-7129] Port col_idx_q0[31] in module spmv is either unconnected or has no load
INFO: [Synth 8-7129] Port col_idx_q0[30] in module spmv is either unconnected or has no load
INFO: [Synth 8-7129] Port col_idx_q0[29] in module spmv is either unconnected or has no load
INFO: [Synth 8-7129] Port col_idx_q0[28] in module spmv is either unconnected or has no load
INFO: [Synth 8-7129] Port col_idx_q0[27] in module spmv is either unconnected or has no load
INFO: [Synth 8-7129] Port col_idx_q0[26] in module spmv is either unconnected or has no load
INFO: [Synth 8-7129] Port col_idx_q0[25] in module spmv is either unconnected or has no load
INFO: [Synth 8-7129] Port col_idx_q0[24] in module spmv is either unconnected or has no load
INFO: [Synth 8-7129] Port col_idx_q0[23] in module spmv is either unconnected or has no load
INFO: [Synth 8-7129] Port col_idx_q0[22] in module spmv is either unconnected or has no load
INFO: [Synth 8-7129] Port col_idx_q0[21] in module spmv is either unconnected or has no load
INFO: [Synth 8-7129] Port col_idx_q0[20] in module spmv is either unconnected or has no load
INFO: [Synth 8-7129] Port col_idx_q0[19] in module spmv is either unconnected or has no load
INFO: [Synth 8-7129] Port col_idx_q0[18] in module spmv is either unconnected or has no load
INFO: [Synth 8-7129] Port col_idx_q0[17] in module spmv is either unconnected or has no load
INFO: [Synth 8-7129] Port col_idx_q0[16] in module spmv is either unconnected or has no load
INFO: [Synth 8-7129] Port col_idx_q0[15] in module spmv is either unconnected or has no load
INFO: [Synth 8-7129] Port col_idx_q0[14] in module spmv is either unconnected or has no load
INFO: [Synth 8-7129] Port col_idx_q0[13] in module spmv is either unconnected or has no load
INFO: [Synth 8-7129] Port col_idx_q0[12] in module spmv is either unconnected or has no load
INFO: [Synth 8-7129] Port col_idx_q0[11] in module spmv is either unconnected or has no load
INFO: [Synth 8-7129] Port col_idx_q0[10] in module spmv is either unconnected or has no load
INFO: [Synth 8-7129] Port col_idx_q0[9] in module spmv is either unconnected or has no load
INFO: [Synth 8-7129] Port col_idx_q0[8] in module spmv is either unconnected or has no load
INFO: [Synth 8-7129] Port col_idx_q0[7] in module spmv is either unconnected or has no load
---------------------------------------------------------------------------------
Finished RTL Elaboration : Time (s): cpu = 00:00:06 ; elapsed = 00:00:07 . Memory (MB): peak = 1440.398 ; gain = 660.566
---------------------------------------------------------------------------------
---------------------------------------------------------------------------------
Start Handling Custom Attributes
---------------------------------------------------------------------------------
---------------------------------------------------------------------------------
Finished Handling Custom Attributes : Time (s): cpu = 00:00:06 ; elapsed = 00:00:07 . Memory (MB): peak = 1440.398 ; gain = 660.566
---------------------------------------------------------------------------------
---------------------------------------------------------------------------------
Finished RTL Optimization Phase 1 : Time (s): cpu = 00:00:06 ; elapsed = 00:00:07 . Memory (MB): peak = 1440.398 ; gain = 660.566
---------------------------------------------------------------------------------
Netlist sorting complete. Time (s): cpu = 00:00:00 ; elapsed = 00:00:00.013 . Memory (MB): peak = 1440.398 ; gain = 0.000
INFO: [Project 1-570] Preparing netlist for logic optimization

Processing XDC Constraints
Initializing timing engine
Parsing XDC File [c:/Users/stefa/Workspace/01-UNICAL/HLS/HLS_projects/build/project02_SpMV/03_unroll-2-L1/vivado_prj/vivado_prj.gen/sources_1/ip/spmv_0/constraints/spmv_ooc.xdc] for cell 'U0'
Finished Parsing XDC File [c:/Users/stefa/Workspace/01-UNICAL/HLS/HLS_projects/build/project02_SpMV/03_unroll-2-L1/vivado_prj/vivado_prj.gen/sources_1/ip/spmv_0/constraints/spmv_ooc.xdc] for cell 'U0'
Parsing XDC File [C:/Users/stefa/Workspace/01-UNICAL/HLS/HLS_projects/build/project02_SpMV/03_unroll-2-L1/vivado_prj/vivado_prj.runs/spmv_0_synth_1/dont_touch.xdc]
Finished Parsing XDC File [C:/Users/stefa/Workspace/01-UNICAL/HLS/HLS_projects/build/project02_SpMV/03_unroll-2-L1/vivado_prj/vivado_prj.runs/spmv_0_synth_1/dont_touch.xdc]
Completed Processing XDC Constraints

Netlist sorting complete. Time (s): cpu = 00:00:00 ; elapsed = 00:00:00 . Memory (MB): peak = 1519.723 ; gain = 0.000
INFO: [Project 1-111] Unisim Transformation Summary:
No Unisim elements were transformed.

Constraint Validation Runtime : Time (s): cpu = 00:00:00 ; elapsed = 00:00:00.028 . Memory (MB): peak = 1519.723 ; gain = 0.000
INFO: [Designutils 20-5008] Incremental synthesis strategy off
---------------------------------------------------------------------------------
Finished Constraint Validation : Time (s): cpu = 00:00:14 ; elapsed = 00:00:15 . Memory (MB): peak = 1519.723 ; gain = 739.891
---------------------------------------------------------------------------------
---------------------------------------------------------------------------------
Start Loading Part and Timing Information
---------------------------------------------------------------------------------
Loading part: xc7z020clg484-3
---------------------------------------------------------------------------------
Finished Loading Part and Timing Information : Time (s): cpu = 00:00:14 ; elapsed = 00:00:15 . Memory (MB): peak = 1519.723 ; gain = 739.891
---------------------------------------------------------------------------------
---------------------------------------------------------------------------------
Start Applying 'set_property' XDC Constraints
---------------------------------------------------------------------------------
---------------------------------------------------------------------------------
Finished applying 'set_property' XDC Constraints : Time (s): cpu = 00:00:14 ; elapsed = 00:00:15 . Memory (MB): peak = 1519.723 ; gain = 739.891
---------------------------------------------------------------------------------
INFO: [Synth 8-3936] Found unconnected internal register 'p_reg_reg' and it is trimmed from '48' to '32' bits. [c:/Users/stefa/Workspace/01-UNICAL/HLS/HLS_projects/build/project02_SpMV/03_unroll-2-L1/vivado_prj/vivado_prj.gen/sources_1/ip/spmv_0/hdl/vhdl/spmv_mac_muladd_10s_8s_32s_32_4_1.vhd:47]
INFO: [Synth 8-3936] Found unconnected internal register 'm_reg_reg' and it is trimmed from '43' to '32' bits. [c:/Users/stefa/Workspace/01-UNICAL/HLS/HLS_projects/build/project02_SpMV/03_unroll-2-L1/vivado_prj/vivado_prj.gen/sources_1/ip/spmv_0/hdl/vhdl/spmv_mac_muladd_10s_8s_32s_32_4_1.vhd:40]
INFO: [Synth 8-4490] FSM extraction disabled for register 'ap_CS_fsm_reg' through user attribute
INFO: [Synth 8-4490] FSM extraction disabled for register 'ap_CS_fsm_reg' through user attribute
---------------------------------------------------------------------------------
Finished RTL Optimization Phase 2 : Time (s): cpu = 00:00:14 ; elapsed = 00:00:16 . Memory (MB): peak = 1519.723 ; gain = 739.891
---------------------------------------------------------------------------------
---------------------------------------------------------------------------------
Start RTL Component Statistics 
---------------------------------------------------------------------------------
Detailed RTL Component Info : 
+---Adders : 
	   2 Input   32 Bit       Adders := 2     
	   2 Input    8 Bit       Adders := 1     
+---Registers : 
	               32 Bit    Registers := 8     
	               18 Bit    Registers := 2     
	               16 Bit    Registers := 1     
	                8 Bit    Registers := 4     
	                6 Bit    Registers := 1     
+---Muxes : 
	   2 Input   32 Bit        Muxes := 4     
	   2 Input   12 Bit        Muxes := 1     
	   2 Input   10 Bit        Muxes := 1     
	   2 Input    9 Bit        Muxes := 1     
	   2 Input    8 Bit        Muxes := 1     
	   2 Input    7 Bit        Muxes := 1     
	   2 Input    3 Bit        Muxes := 1     
	   2 Input    2 Bit        Muxes := 1     
	   2 Input    1 Bit        Muxes := 2     
---------------------------------------------------------------------------------
Finished RTL Component Statistics 
---------------------------------------------------------------------------------
---------------------------------------------------------------------------------
Start Part Resource Summary
---------------------------------------------------------------------------------
Part Resources:
DSPs: 220 (col length:60)
BRAMs: 280 (col length: RAMB18 60 RAMB36 30)
---------------------------------------------------------------------------------
Finished Part Resource Summary
---------------------------------------------------------------------------------
---------------------------------------------------------------------------------
Start Cross Boundary and Area Optimization
---------------------------------------------------------------------------------
DSP Report: Generating DSP mac_muladd_10s_8s_32s_32_4_1_U1/spmv_mac_muladd_10s_8s_32s_32_4_1_DSP48_0_U/p_reg_reg, operation Mode is: (C+(A2*B'')')'.
DSP Report: register reg_227_reg is absorbed into DSP mac_muladd_10s_8s_32s_32_4_1_U1/spmv_mac_muladd_10s_8s_32s_32_4_1_DSP48_0_U/p_reg_reg.
DSP Report: register mac_muladd_10s_8s_32s_32_4_1_U1/spmv_mac_muladd_10s_8s_32s_32_4_1_DSP48_0_U/b_reg_reg is absorbed into DSP mac_muladd_10s_8s_32s_32_4_1_U1/spmv_mac_muladd_10s_8s_32s_32_4_1_DSP48_0_U/p_reg_reg.
DSP Report: register mac_muladd_10s_8s_32s_32_4_1_U1/spmv_mac_muladd_10s_8s_32s_32_4_1_DSP48_0_U/a_reg_reg is absorbed into DSP mac_muladd_10s_8s_32s_32_4_1_U1/spmv_mac_muladd_10s_8s_32s_32_4_1_DSP48_0_U/p_reg_reg.
DSP Report: register mac_muladd_10s_8s_32s_32_4_1_U1/spmv_mac_muladd_10s_8s_32s_32_4_1_DSP48_0_U/p_reg_reg is absorbed into DSP mac_muladd_10s_8s_32s_32_4_1_U1/spmv_mac_muladd_10s_8s_32s_32_4_1_DSP48_0_U/p_reg_reg.
DSP Report: register mac_muladd_10s_8s_32s_32_4_1_U1/spmv_mac_muladd_10s_8s_32s_32_4_1_DSP48_0_U/m_reg_reg is absorbed into DSP mac_muladd_10s_8s_32s_32_4_1_U1/spmv_mac_muladd_10s_8s_32s_32_4_1_DSP48_0_U/p_reg_reg.
DSP Report: operator mac_muladd_10s_8s_32s_32_4_1_U1/spmv_mac_muladd_10s_8s_32s_32_4_1_DSP48_0_U/p is absorbed into DSP mac_muladd_10s_8s_32s_32_4_1_U1/spmv_mac_muladd_10s_8s_32s_32_4_1_DSP48_0_U/p_reg_reg.
DSP Report: operator mac_muladd_10s_8s_32s_32_4_1_U1/spmv_mac_muladd_10s_8s_32s_32_4_1_DSP48_0_U/m is absorbed into DSP mac_muladd_10s_8s_32s_32_4_1_U1/spmv_mac_muladd_10s_8s_32s_32_4_1_DSP48_0_U/p_reg_reg.
DSP Report: Generating DSP mac_muladd_10s_8s_32s_32_4_1_U2/spmv_mac_muladd_10s_8s_32s_32_4_1_DSP48_0_U/p_reg_reg, operation Mode is: (C+(A2*B'')')'.
DSP Report: register reg_227_reg is absorbed into DSP mac_muladd_10s_8s_32s_32_4_1_U2/spmv_mac_muladd_10s_8s_32s_32_4_1_DSP48_0_U/p_reg_reg.
DSP Report: register mac_muladd_10s_8s_32s_32_4_1_U1/spmv_mac_muladd_10s_8s_32s_32_4_1_DSP48_0_U/a_reg_reg is absorbed into DSP mac_muladd_10s_8s_32s_32_4_1_U2/spmv_mac_muladd_10s_8s_32s_32_4_1_DSP48_0_U/p_reg_reg.
DSP Report: register mac_muladd_10s_8s_32s_32_4_1_U1/spmv_mac_muladd_10s_8s_32s_32_4_1_DSP48_0_U/b_reg_reg is absorbed into DSP mac_muladd_10s_8s_32s_32_4_1_U2/spmv_mac_muladd_10s_8s_32s_32_4_1_DSP48_0_U/p_reg_reg.
DSP Report: register mac_muladd_10s_8s_32s_32_4_1_U2/spmv_mac_muladd_10s_8s_32s_32_4_1_DSP48_0_U/p_reg_reg is absorbed into DSP mac_muladd_10s_8s_32s_32_4_1_U2/spmv_mac_muladd_10s_8s_32s_32_4_1_DSP48_0_U/p_reg_reg.
DSP Report: register mac_muladd_10s_8s_32s_32_4_1_U1/spmv_mac_muladd_10s_8s_32s_32_4_1_DSP48_0_U/m_reg_reg is absorbed into DSP mac_muladd_10s_8s_32s_32_4_1_U2/spmv_mac_muladd_10s_8s_32s_32_4_1_DSP48_0_U/p_reg_reg.
DSP Report: operator mac_muladd_10s_8s_32s_32_4_1_U2/spmv_mac_muladd_10s_8s_32s_32_4_1_DSP48_0_U/p is absorbed into DSP mac_muladd_10s_8s_32s_32_4_1_U2/spmv_mac_muladd_10s_8s_32s_32_4_1_DSP48_0_U/p_reg_reg.
DSP Report: operator mac_muladd_10s_8s_32s_32_4_1_U1/spmv_mac_muladd_10s_8s_32s_32_4_1_DSP48_0_U/m is absorbed into DSP mac_muladd_10s_8s_32s_32_4_1_U2/spmv_mac_muladd_10s_8s_32s_32_4_1_DSP48_0_U/p_reg_reg.
INFO: [Synth 8-7129] Port col_idx_q0[31] in module spmv is either unconnected or has no load
INFO: [Synth 8-7129] Port col_idx_q0[30] in module spmv is either unconnected or has no load
INFO: [Synth 8-7129] Port col_idx_q0[29] in module spmv is either unconnected or has no load
INFO: [Synth 8-7129] Port col_idx_q0[28] in module spmv is either unconnected or has no load
INFO: [Synth 8-7129] Port col_idx_q0[27] in module spmv is either unconnected or has no load
INFO: [Synth 8-7129] Port col_idx_q0[26] in module spmv is either unconnected or has no load
INFO: [Synth 8-7129] Port col_idx_q0[25] in module spmv is either unconnected or has no load
INFO: [Synth 8-7129] Port col_idx_q0[24] in module spmv is either unconnected or has no load
INFO: [Synth 8-7129] Port col_idx_q0[23] in module spmv is either unconnected or has no load
INFO: [Synth 8-7129] Port col_idx_q0[22] in module spmv is either unconnected or has no load
INFO: [Synth 8-7129] Port col_idx_q0[21] in module spmv is either unconnected or has no load
INFO: [Synth 8-7129] Port col_idx_q0[20] in module spmv is either unconnected or has no load
INFO: [Synth 8-7129] Port col_idx_q0[19] in module spmv is either unconnected or has no load
INFO: [Synth 8-7129] Port col_idx_q0[18] in module spmv is either unconnected or has no load
INFO: [Synth 8-7129] Port col_idx_q0[17] in module spmv is either unconnected or has no load
INFO: [Synth 8-7129] Port col_idx_q0[16] in module spmv is either unconnected or has no load
INFO: [Synth 8-7129] Port col_idx_q0[15] in module spmv is either unconnected or has no load
INFO: [Synth 8-7129] Port col_idx_q0[14] in module spmv is either unconnected or has no load
INFO: [Synth 8-7129] Port col_idx_q0[13] in module spmv is either unconnected or has no load
INFO: [Synth 8-7129] Port col_idx_q0[12] in module spmv is either unconnected or has no load
INFO: [Synth 8-7129] Port col_idx_q0[11] in module spmv is either unconnected or has no load
INFO: [Synth 8-7129] Port col_idx_q0[10] in module spmv is either unconnected or has no load
INFO: [Synth 8-7129] Port col_idx_q0[9] in module spmv is either unconnected or has no load
INFO: [Synth 8-7129] Port col_idx_q0[8] in module spmv is either unconnected or has no load
INFO: [Synth 8-7129] Port col_idx_q0[7] in module spmv is either unconnected or has no load
---------------------------------------------------------------------------------
Finished Cross Boundary and Area Optimization : Time (s): cpu = 00:00:16 ; elapsed = 00:00:18 . Memory (MB): peak = 1519.723 ; gain = 739.891
---------------------------------------------------------------------------------
 Sort Area is  mac_muladd_10s_8s_32s_32_4_1_U1/spmv_mac_muladd_10s_8s_32s_32_4_1_DSP48_0_U/p_reg_reg_2 : 0 0 : 734 734 : Used 1 time 0
 Sort Area is  mac_muladd_10s_8s_32s_32_4_1_U2/spmv_mac_muladd_10s_8s_32s_32_4_1_DSP48_0_U/p_reg_reg_0 : 0 0 : 734 734 : Used 1 time 0
---------------------------------------------------------------------------------
Start ROM, RAM, DSP, Shift Register and Retiming Reporting
---------------------------------------------------------------------------------

DSP: Preliminary Mapping Report (see note below. The ' indicates corresponding REG is set)
+------------+----------------+--------+--------+--------+--------+--------+------+------+------+------+-------+------+------+
|Module Name | DSP Mapping    | A Size | B Size | C Size | D Size | P Size | AREG | BREG | CREG | DREG | ADREG | MREG | PREG | 
+------------+----------------+--------+--------+--------+--------+--------+------+------+------+------+-------+------+------+
|spmv        | (C+(A2*B'')')' | 10     | 8      | 32     | -      | 32     | 1    | 2    | 0    | -    | -     | 1    | 1    | 
|spmv        | (C+(A2*B'')')' | 10     | 8      | 32     | -      | 32     | 1    | 2    | 0    | -    | -     | 1    | 1    | 
+------------+----------------+--------+--------+--------+--------+--------+------+------+------+------+-------+------+------+

Note: The table above is a preliminary report that shows the DSPs inferred at the current stage of the synthesis flow. Some DSP may be reimplemented as non DSP primitives later in the synthesis flow. Multiple instantiated DSPs are reported only once.
---------------------------------------------------------------------------------
Finished ROM, RAM, DSP, Shift Register and Retiming Reporting
---------------------------------------------------------------------------------
---------------------------------------------------------------------------------
Start Applying XDC Timing Constraints
---------------------------------------------------------------------------------
---------------------------------------------------------------------------------
Finished Applying XDC Timing Constraints : Time (s): cpu = 00:00:22 ; elapsed = 00:00:24 . Memory (MB): peak = 1679.941 ; gain = 900.109
---------------------------------------------------------------------------------
---------------------------------------------------------------------------------
Start Timing Optimization
---------------------------------------------------------------------------------
---------------------------------------------------------------------------------
Finished Timing Optimization : Time (s): cpu = 00:00:22 ; elapsed = 00:00:25 . Memory (MB): peak = 1719.754 ; gain = 939.922
---------------------------------------------------------------------------------
---------------------------------------------------------------------------------
Start Technology Mapping
---------------------------------------------------------------------------------
---------------------------------------------------------------------------------
Finished Technology Mapping : Time (s): cpu = 00:00:23 ; elapsed = 00:00:25 . Memory (MB): peak = 1719.754 ; gain = 939.922
---------------------------------------------------------------------------------
---------------------------------------------------------------------------------
Start IO Insertion
---------------------------------------------------------------------------------
---------------------------------------------------------------------------------
Start Flattening Before IO Insertion
---------------------------------------------------------------------------------
---------------------------------------------------------------------------------
Finished Flattening Before IO Insertion
---------------------------------------------------------------------------------
---------------------------------------------------------------------------------
Start Final Netlist Cleanup
---------------------------------------------------------------------------------
---------------------------------------------------------------------------------
Finished Final Netlist Cleanup
---------------------------------------------------------------------------------
---------------------------------------------------------------------------------
Finished IO Insertion : Time (s): cpu = 00:00:26 ; elapsed = 00:00:29 . Memory (MB): peak = 1947.871 ; gain = 1168.039
---------------------------------------------------------------------------------
---------------------------------------------------------------------------------
Start Renaming Generated Instances
---------------------------------------------------------------------------------
---------------------------------------------------------------------------------
Finished Renaming Generated Instances : Time (s): cpu = 00:00:26 ; elapsed = 00:00:29 . Memory (MB): peak = 1947.871 ; gain = 1168.039
---------------------------------------------------------------------------------
---------------------------------------------------------------------------------
Start Rebuilding User Hierarchy
---------------------------------------------------------------------------------
---------------------------------------------------------------------------------
Finished Rebuilding User Hierarchy : Time (s): cpu = 00:00:26 ; elapsed = 00:00:29 . Memory (MB): peak = 1947.871 ; gain = 1168.039
---------------------------------------------------------------------------------
---------------------------------------------------------------------------------
Start Renaming Generated Ports
---------------------------------------------------------------------------------
---------------------------------------------------------------------------------
Finished Renaming Generated Ports : Time (s): cpu = 00:00:26 ; elapsed = 00:00:29 . Memory (MB): peak = 1947.871 ; gain = 1168.039
---------------------------------------------------------------------------------
---------------------------------------------------------------------------------
Start Handling Custom Attributes
---------------------------------------------------------------------------------
---------------------------------------------------------------------------------
Finished Handling Custom Attributes : Time (s): cpu = 00:00:26 ; elapsed = 00:00:29 . Memory (MB): peak = 1947.871 ; gain = 1168.039
---------------------------------------------------------------------------------
---------------------------------------------------------------------------------
Start Renaming Generated Nets
---------------------------------------------------------------------------------
---------------------------------------------------------------------------------
Finished Renaming Generated Nets : Time (s): cpu = 00:00:26 ; elapsed = 00:00:29 . Memory (MB): peak = 1947.871 ; gain = 1168.039
---------------------------------------------------------------------------------
---------------------------------------------------------------------------------
Start Writing Synthesis Report
---------------------------------------------------------------------------------

DSP Final Report (the ' indicates corresponding REG is set)
+------------+-----------------+--------+--------+--------+--------+--------+------+------+------+------+-------+------+------+
|Module Name | DSP Mapping     | A Size | B Size | C Size | D Size | P Size | AREG | BREG | CREG | DREG | ADREG | MREG | PREG | 
+------------+-----------------+--------+--------+--------+--------+--------+------+------+------+------+-------+------+------+
|spmv        | (C'+(A'*B'')')' | 30     | 18     | 48     | -      | 32     | 1    | 2    | 1    | -    | -     | 1    | 1    | 
|spmv        | (C'+(A'*B'')')' | 30     | 18     | 48     | -      | 32     | 1    | 2    | 1    | -    | -     | 1    | 1    | 
+------------+-----------------+--------+--------+--------+--------+--------+------+------+------+------+-------+------+------+


Report BlackBoxes: 
+-+--------------+----------+
| |BlackBox name |Instances |
+-+--------------+----------+
+-+--------------+----------+

Report Cell Usage: 
+------+--------+------+
|      |Cell    |Count |
+------+--------+------+
|1     |CARRY4  |    24|
|2     |DSP48E1 |     2|
|3     |LUT1    |     4|
|4     |LUT2    |    48|
|5     |LUT3    |   108|
|6     |LUT4    |    68|
|7     |LUT5    |     6|
|8     |LUT6    |     5|
|9     |FDRE    |   291|
|10    |FDSE    |     1|
+------+--------+------+
---------------------------------------------------------------------------------
Finished Writing Synthesis Report : Time (s): cpu = 00:00:26 ; elapsed = 00:00:29 . Memory (MB): peak = 1947.871 ; gain = 1168.039
---------------------------------------------------------------------------------
Synthesis finished with 0 errors, 0 critical warnings and 0 warnings.
Synthesis Optimization Runtime : Time (s): cpu = 00:00:18 ; elapsed = 00:00:27 . Memory (MB): peak = 1947.871 ; gain = 1088.715
Synthesis Optimization Complete : Time (s): cpu = 00:00:26 ; elapsed = 00:00:29 . Memory (MB): peak = 1947.871 ; gain = 1168.039
INFO: [Project 1-571] Translating synthesized netlist
Netlist sorting complete. Time (s): cpu = 00:00:00 ; elapsed = 00:00:00.007 . Memory (MB): peak = 1947.871 ; gain = 0.000
INFO: [Netlist 29-17] Analyzing 26 Unisim elements for replacement
INFO: [Netlist 29-28] Unisim Transformation completed in 0 CPU seconds
INFO: [Project 1-570] Preparing netlist for logic optimization
INFO: [Opt 31-138] Pushed 0 inverter(s) to 0 load pin(s).
Netlist sorting complete. Time (s): cpu = 00:00:00 ; elapsed = 00:00:00 . Memory (MB): peak = 1949.598 ; gain = 0.000
INFO: [Project 1-111] Unisim Transformation Summary:
No Unisim elements were transformed.

Synth Design complete | Checksum: c4185a5f
INFO: [Common 17-83] Releasing license: Synthesis
86 Infos, 1 Warnings, 0 Critical Warnings and 0 Errors encountered.
synth_design completed successfully
synth_design: Time (s): cpu = 00:00:31 ; elapsed = 00:00:34 . Memory (MB): peak = 1949.598 ; gain = 1403.957
Write ShapeDB Complete: Time (s): cpu = 00:00:00 ; elapsed = 00:00:00.001 . Memory (MB): peak = 1949.598 ; gain = 0.000
INFO: [Common 17-1381] The checkpoint 'C:/Users/stefa/Workspace/01-UNICAL/HLS/HLS_projects/build/project02_SpMV/03_unroll-2-L1/vivado_prj/vivado_prj.runs/spmv_0_synth_1/spmv_0.dcp' has been generated.
INFO: [Coretcl 2-1648] Added synthesis output to IP cache for IP spmv_0, cache-ID = 95031da5465d498d
INFO: [Coretcl 2-1174] Renamed 5 cell refs.
Write ShapeDB Complete: Time (s): cpu = 00:00:00 ; elapsed = 00:00:00.002 . Memory (MB): peak = 1949.598 ; gain = 0.000
INFO: [Common 17-1381] The checkpoint 'C:/Users/stefa/Workspace/01-UNICAL/HLS/HLS_projects/build/project02_SpMV/03_unroll-2-L1/vivado_prj/vivado_prj.runs/spmv_0_synth_1/spmv_0.dcp' has been generated.
INFO: [Vivado 12-24828] Executing command : report_utilization -file spmv_0_utilization_synth.rpt -pb spmv_0_utilization_synth.pb
INFO: [Common 17-206] Exiting Vivado at Mon Jun 15 10:37:39 2026...
