  **** HLS Build v2025.2 6295257
INFO: [HLS 200-2005] Using work_dir C:/Users/stefa/Workspace/01-UNICAL/HLS/HLS_projects/projects/project01_FIR/07_loop-fission-array-partition/07_loop-fission-array-partition_clk-8.0_script 
INFO: [HLS 200-2176] Writing Vitis IDE component file C:/Users/stefa/Workspace/01-UNICAL/HLS/HLS_projects/projects/project01_FIR/07_loop-fission-array-partition/07_loop-fission-array-partition_clk-8.0_script/vitis-comp.json
INFO: [HLS 200-10] Creating and opening component 'C:/Users/stefa/Workspace/01-UNICAL/HLS/HLS_projects/projects/project01_FIR/07_loop-fission-array-partition/07_loop-fission-array-partition_clk-8.0_script'.
INFO: [HLS 200-1505] Using default flow_target 'vivado'
Resolution: For help on HLS 200-1505 see docs.amd.com/access/sources/dita/topic?Doc_Version=2025.2%20English&url=ug1448-hls-guidance&resourceid=200-1505.html
INFO: [HLS 200-2174] Applying component config ini file hls_config_clk.cfg
INFO: [HLS 200-1465] Applying config ini 'syn.file=fir.hpp' from hls_config_clk.cfg(9)
INFO: [HLS 200-10] Adding design file 'C:/Users/stefa/Workspace/01-UNICAL/HLS/HLS_projects/projects/project01_FIR/07_loop-fission-array-partition/fir.hpp' to the project
INFO: [HLS 200-1465] Applying config ini 'syn.file=fir.cpp' from hls_config_clk.cfg(10)
INFO: [HLS 200-10] Adding design file 'C:/Users/stefa/Workspace/01-UNICAL/HLS/HLS_projects/projects/project01_FIR/07_loop-fission-array-partition/fir.cpp' to the project
INFO: [HLS 200-1465] Applying config ini 'tb.file=fir_tb.cpp' from hls_config_clk.cfg(11)
INFO: [HLS 200-10] Adding test bench file 'C:/Users/stefa/Workspace/01-UNICAL/HLS/HLS_projects/projects/project01_FIR/07_loop-fission-array-partition/fir_tb.cpp' to the project
INFO: [HLS 200-1465] Applying config ini 'syn.top=fir' from hls_config_clk.cfg(12)
INFO: [HLS 200-1465] Applying config ini 'flow_target=vivado' from hls_config_clk.cfg(4)
INFO: [HLS 200-1505] Using flow_target 'vivado'
Resolution: For help on HLS 200-1505 see docs.amd.com/access/sources/dita/topic?Doc_Version=2025.2%20English&url=ug1448-hls-guidance&resourceid=200-1505.html
INFO: [HLS 200-1465] Applying config ini 'part=xc7z020clg484-3' from hls_config_clk.cfg(1)
INFO: [HLS 200-1611] Setting target device to 'xc7z020-clg484-3'
INFO: [HLS 200-1465] Applying config ini 'cosim.trace_level=all' from hls_config_clk.cfg(13)
INFO: [HLS 200-1465] Applying config ini 'package.output.format=ip_catalog' from hls_config_clk.cfg(5)
INFO: [HLS 200-1465] Applying config ini 'syn.array_partition.throughput_driven=off' from hls_config_clk.cfg(8)
INFO: [HLS 200-1465] Applying config ini 'syn.compile.pipeline_loops=0' from hls_config_clk.cfg(7)
INFO: [HLS 200-2176] Writing Vitis IDE component file C:/Users/stefa/Workspace/01-UNICAL/HLS/HLS_projects/projects/project01_FIR/07_loop-fission-array-partition/07_loop-fission-array-partition_clk-8.0_script/vitis-comp.json
INFO: [HLS 200-1465] Applying config ini 'clock=8.0' from command line
INFO: [SYN 201-201] Setting up clock 'default' with a period of 8ns.
INFO: [HLS 200-111] Finished File checks and directory preparation: CPU user time: 1 seconds. CPU system time: 1 seconds. Elapsed time: 2.274 seconds; current allocated memory: 137.512 MB.
INFO: [HLS 200-2191] C-Synthesis will use clang-16 as the compiler
INFO: [HLS 200-10] Analyzing design file 'fir.cpp' ... 
INFO: [HLS 200-111] Finished Source Code Analysis and Preprocessing: CPU user time: 0 seconds. CPU system time: 0 seconds. Elapsed time: 5.787 seconds; current allocated memory: 139.945 MB.
INFO: [HLS 200-777] Using interface defaults for 'Vivado' flow target.
INFO: [HLS 200-1995] There were 452 instructions in the design after the 'Compile/Link' phase of compilation. See the Design Size Report for more details (C:/Users/stefa/Workspace/01-UNICAL/HLS/HLS_projects/projects/project01_FIR/07_loop-fission-array-partition/07_loop-fission-array-partition_clk-8.0_script/hls/syn/report/csynth_design_size.rpt:2)
INFO: [HLS 200-1995] There were 54 instructions in the design after the 'Unroll/Inline (step 1)' phase of compilation. See the Design Size Report for more details (C:/Users/stefa/Workspace/01-UNICAL/HLS/HLS_projects/projects/project01_FIR/07_loop-fission-array-partition/07_loop-fission-array-partition_clk-8.0_script/hls/syn/report/csynth_design_size.rpt:2)
INFO: [HLS 200-1995] There were 46 instructions in the design after the 'Unroll/Inline (step 2)' phase of compilation. See the Design Size Report for more details (C:/Users/stefa/Workspace/01-UNICAL/HLS/HLS_projects/projects/project01_FIR/07_loop-fission-array-partition/07_loop-fission-array-partition_clk-8.0_script/hls/syn/report/csynth_design_size.rpt:2)
INFO: [HLS 200-1995] There were 44 instructions in the design after the 'Unroll/Inline (step 3)' phase of compilation. See the Design Size Report for more details (C:/Users/stefa/Workspace/01-UNICAL/HLS/HLS_projects/projects/project01_FIR/07_loop-fission-array-partition/07_loop-fission-array-partition_clk-8.0_script/hls/syn/report/csynth_design_size.rpt:2)
INFO: [HLS 200-1995] There were 44 instructions in the design after the 'Unroll/Inline (step 4)' phase of compilation. See the Design Size Report for more details (C:/Users/stefa/Workspace/01-UNICAL/HLS/HLS_projects/projects/project01_FIR/07_loop-fission-array-partition/07_loop-fission-array-partition_clk-8.0_script/hls/syn/report/csynth_design_size.rpt:2)
INFO: [HLS 200-1995] There were 53 instructions in the design after the 'Array/Struct (step 1)' phase of compilation. See the Design Size Report for more details (C:/Users/stefa/Workspace/01-UNICAL/HLS/HLS_projects/projects/project01_FIR/07_loop-fission-array-partition/07_loop-fission-array-partition_clk-8.0_script/hls/syn/report/csynth_design_size.rpt:2)
INFO: [HLS 200-1995] There were 53 instructions in the design after the 'Array/Struct (step 2)' phase of compilation. See the Design Size Report for more details (C:/Users/stefa/Workspace/01-UNICAL/HLS/HLS_projects/projects/project01_FIR/07_loop-fission-array-partition/07_loop-fission-array-partition_clk-8.0_script/hls/syn/report/csynth_design_size.rpt:2)
INFO: [HLS 200-1995] There were 53 instructions in the design after the 'Array/Struct (step 3)' phase of compilation. See the Design Size Report for more details (C:/Users/stefa/Workspace/01-UNICAL/HLS/HLS_projects/projects/project01_FIR/07_loop-fission-array-partition/07_loop-fission-array-partition_clk-8.0_script/hls/syn/report/csynth_design_size.rpt:2)
INFO: [HLS 200-1995] There were 53 instructions in the design after the 'Array/Struct (step 4)' phase of compilation. See the Design Size Report for more details (C:/Users/stefa/Workspace/01-UNICAL/HLS/HLS_projects/projects/project01_FIR/07_loop-fission-array-partition/07_loop-fission-array-partition_clk-8.0_script/hls/syn/report/csynth_design_size.rpt:2)
INFO: [HLS 200-1995] There were 54 instructions in the design after the 'Array/Struct (step 5)' phase of compilation. See the Design Size Report for more details (C:/Users/stefa/Workspace/01-UNICAL/HLS/HLS_projects/projects/project01_FIR/07_loop-fission-array-partition/07_loop-fission-array-partition_clk-8.0_script/hls/syn/report/csynth_design_size.rpt:2)
INFO: [HLS 200-1995] There were 43 instructions in the design after the 'Performance (step 1)' phase of compilation. See the Design Size Report for more details (C:/Users/stefa/Workspace/01-UNICAL/HLS/HLS_projects/projects/project01_FIR/07_loop-fission-array-partition/07_loop-fission-array-partition_clk-8.0_script/hls/syn/report/csynth_design_size.rpt:2)
INFO: [HLS 200-1995] There were 42 instructions in the design after the 'Performance (step 2)' phase of compilation. See the Design Size Report for more details (C:/Users/stefa/Workspace/01-UNICAL/HLS/HLS_projects/projects/project01_FIR/07_loop-fission-array-partition/07_loop-fission-array-partition_clk-8.0_script/hls/syn/report/csynth_design_size.rpt:2)
INFO: [HLS 200-1995] There were 42 instructions in the design after the 'Performance (step 3)' phase of compilation. See the Design Size Report for more details (C:/Users/stefa/Workspace/01-UNICAL/HLS/HLS_projects/projects/project01_FIR/07_loop-fission-array-partition/07_loop-fission-array-partition_clk-8.0_script/hls/syn/report/csynth_design_size.rpt:2)
INFO: [HLS 200-1995] There were 42 instructions in the design after the 'Performance (step 4)' phase of compilation. See the Design Size Report for more details (C:/Users/stefa/Workspace/01-UNICAL/HLS/HLS_projects/projects/project01_FIR/07_loop-fission-array-partition/07_loop-fission-array-partition_clk-8.0_script/hls/syn/report/csynth_design_size.rpt:2)
INFO: [HLS 200-1995] There were 45 instructions in the design after the 'HW Transforms (step 1)' phase of compilation. See the Design Size Report for more details (C:/Users/stefa/Workspace/01-UNICAL/HLS/HLS_projects/projects/project01_FIR/07_loop-fission-array-partition/07_loop-fission-array-partition_clk-8.0_script/hls/syn/report/csynth_design_size.rpt:2)
INFO: [HLS 200-1995] There were 49 instructions in the design after the 'HW Transforms (step 2)' phase of compilation. See the Design Size Report for more details (C:/Users/stefa/Workspace/01-UNICAL/HLS/HLS_projects/projects/project01_FIR/07_loop-fission-array-partition/07_loop-fission-array-partition_clk-8.0_script/hls/syn/report/csynth_design_size.rpt:2)
INFO: [HLS 214-186] Unrolling loop 'shift_loop' (fir.cpp:15:17) in function 'fir' completely with a factor of 10 (fir.cpp:3:0)
INFO: [HLS 214-248] Applying array_partition to '_ZZ3firP6ap_intILi32EE7ap_uintILi12EEE9shift_reg': Complete partitioning on dimension 1. (fir.cpp:8:0)
INFO: [HLS 200-111] Finished Compiling Optimization and Transform: CPU user time: 0 seconds. CPU system time: 0 seconds. Elapsed time: 7.799 seconds; current allocated memory: 141.734 MB.
INFO: [HLS 200-111] Finished Checking Pragmas: CPU user time: 0 seconds. CPU system time: 0 seconds. Elapsed time: 0.004 seconds; current allocated memory: 141.734 MB.
INFO: [HLS 200-10] Starting code transformations ...
INFO: [HLS 200-111] Finished Standard Transforms: CPU user time: 0 seconds. CPU system time: 0 seconds. Elapsed time: 0.04 seconds; current allocated memory: 146.121 MB.
INFO: [HLS 200-10] Checking synthesizability ...
INFO: [HLS 200-111] Finished Checking Synthesizability: CPU user time: 0 seconds. CPU system time: 0 seconds. Elapsed time: 0.029 seconds; current allocated memory: 147.438 MB.
INFO: [HLS 200-111] Finished Loop, function and other optimizations: CPU user time: 0 seconds. CPU system time: 0 seconds. Elapsed time: 0.043 seconds; current allocated memory: 168.398 MB.
INFO: [HLS 200-111] Finished Architecture Synthesis: CPU user time: 0 seconds. CPU system time: 0 seconds. Elapsed time: 0.038 seconds; current allocated memory: 168.402 MB.
INFO: [HLS 200-10] Starting hardware synthesis ...
INFO: [HLS 200-10] Synthesizing 'fir' ...
INFO: [HLS 200-10] ----------------------------------------------------------------
INFO: [HLS 200-42] -- Implementing module 'fir' 
INFO: [HLS 200-10] ----------------------------------------------------------------
INFO: [SCHED 204-11] Starting scheduling ...
INFO: [HLS 200-486] Changing DSP latency (root=acc_1) to 3 in order to utilize available DSP registers.
INFO: [SCHED 204-11] Finished scheduling.
INFO: [HLS 200-111] Finished Scheduling: CPU user time: 0 seconds. CPU system time: 0 seconds. Elapsed time: 0.121 seconds; current allocated memory: 168.402 MB.
INFO: [BIND 205-100] Starting micro-architecture generation ...
INFO: [BIND 205-101] Performing variable lifetime analysis.
INFO: [BIND 205-101] Exploring resource sharing.
INFO: [BIND 205-101] Binding ...
INFO: [BIND 205-100] Finished micro-architecture generation.
INFO: [HLS 200-111] Finished Binding: CPU user time: 0 seconds. CPU system time: 0 seconds. Elapsed time: 0.025 seconds; current allocated memory: 168.402 MB.
INFO: [HLS 200-10] ----------------------------------------------------------------
INFO: [HLS 200-10] -- Generating RTL for module 'fir' 
INFO: [HLS 200-10] ----------------------------------------------------------------
INFO: [RTGEN 206-500] Setting interface mode on port 'fir/y' to 'ap_vld'.
INFO: [RTGEN 206-500] Setting interface mode on port 'fir/x' to 'ap_none'.
INFO: [RTGEN 206-500] Setting interface mode on function 'fir' to 'ap_ctrl_hs'.
WARNING: [RTGEN 206-101] Register 'fir_ap_int_32_ap_uint_12_shift_reg_9' is power-on initialization.
WARNING: [RTGEN 206-101] Register 'fir_ap_int_32_ap_uint_12_shift_reg_8' is power-on initialization.
WARNING: [RTGEN 206-101] Register 'fir_ap_int_32_ap_uint_12_shift_reg_7' is power-on initialization.
WARNING: [RTGEN 206-101] Register 'fir_ap_int_32_ap_uint_12_shift_reg_6' is power-on initialization.
WARNING: [RTGEN 206-101] Register 'fir_ap_int_32_ap_uint_12_shift_reg_5' is power-on initialization.
WARNING: [RTGEN 206-101] Register 'fir_ap_int_32_ap_uint_12_shift_reg_4' is power-on initialization.
WARNING: [RTGEN 206-101] Register 'fir_ap_int_32_ap_uint_12_shift_reg_3' is power-on initialization.
WARNING: [RTGEN 206-101] Register 'fir_ap_int_32_ap_uint_12_shift_reg_2' is power-on initialization.
WARNING: [RTGEN 206-101] Register 'fir_ap_int_32_ap_uint_12_shift_reg_1' is power-on initialization.
WARNING: [RTGEN 206-101] Register 'fir_ap_int_32_ap_uint_12_shift_reg' is power-on initialization.
INFO: [RTGEN 206-100] Generating core module 'mac_muladd_12ns_10s_26s_26_4_1': 1 instance(s).
INFO: [RTGEN 206-100] Generating core module 'sparsemux_23_4_12_1_1': 1 instance(s).
INFO: [RTGEN 206-100] Finished creating RTL model for 'fir'.
INFO: [RTMG 210-279] Implementing memory 'fir_c_ROM_AUTO_1R' using auto ROMs.
INFO: [HLS 200-111] Finished Creating RTL model: CPU user time: 0 seconds. CPU system time: 0 seconds. Elapsed time: 1.697 seconds; current allocated memory: 168.844 MB.
INFO: [HLS 200-111] Finished Generating all RTL models: CPU user time: 1 seconds. CPU system time: 0 seconds. Elapsed time: 0.35 seconds; current allocated memory: 172.316 MB.
INFO: [HLS 200-2225] Wrote inferred directives to file C:/Users/stefa/Workspace/01-UNICAL/HLS/HLS_projects/projects/project01_FIR/07_loop-fission-array-partition/07_loop-fission-array-partition_clk-8.0_script/hls/syn/inferred_directives.ini
INFO: [HLS 200-111] Finished Updating report files: CPU user time: 0 seconds. CPU system time: 1 seconds. Elapsed time: 0.88 seconds; current allocated memory: 174.082 MB.
INFO: [VHDL 208-304] Generating VHDL RTL for fir.
INFO: [VLOG 209-307] Generating Verilog RTL for fir.
INFO: [HLS 200-790] **** Loop Constraint Status: All loop constraints were satisfied.
INFO: [HLS 200-789] **** Estimated Fmax: 372.30 MHz
INFO: [HLS 200-112] Total CPU user time: 2 seconds. Total CPU system time: 2 seconds. Total elapsed time: 19.114 seconds; peak allocated memory: 174.168 MB.
INFO: [v++ 60-791] Total elapsed time: 0h 0m 23s
