

================================================================
== Vitis HLS Report for 'spmv'
================================================================
* Date:           Mon Jun 15 10:07:02 2026

* Version:        2025.2 (Build 6295257 on Nov 12 2025)
* Project:        01_pipeline-L2_script
* Solution:       hls (Vivado IP Flow Target)
* Product family: zynq
* Target device:  xc7z020-clg484-3


================================================================
== Performance Estimates
================================================================
+ Timing: 
    * Summary: 
    +--------+----------+----------+------------+
    |  Clock |  Target  | Estimated| Uncertainty|
    +--------+----------+----------+------------+
    |ap_clk  |  10.00 ns|  4.226 ns|     2.70 ns|
    +--------+----------+----------+------------+

+ Latency: 
    * Summary: 
    +---------+---------+-----------+----------+------+-------+---------+
    |  Latency (cycles) |  Latency (absolute)  |   Interval   | Pipeline|
    |   min   |   max   |    min    |    max   |  min |  max  |   Type  |
    +---------+---------+-----------+----------+------+-------+---------+
    |     1409|    17665|  14.090 us|  0.177 ms|  1410|  17666|       no|
    +---------+---------+-----------+----------+------+-------+---------+

    + Detail: 
        * Instance: 
        N/A

        * Loop: 
        +----------+---------+---------+----------+-----------+-----------+------+----------+
        |          |  Latency (cycles) | Iteration|  Initiation Interval  | Trip |          |
        | Loop Name|   min   |   max   |  Latency |  achieved |   target  | Count| Pipelined|
        +----------+---------+---------+----------+-----------+-----------+------+----------+
        |- L1      |     1408|    17664|  11 ~ 138|          -|          -|   128|        no|
        +----------+---------+---------+----------+-----------+-----------+------+----------+

============================================================
+ Verbose Summary: Synthesis Manager
============================================================
InlineROM: 1
ExposeGlobal: 0
============================================================
+ Verbose Summary: CDFG Model
============================================================
IsTopModel: 1
ResetActiveHigh: 1
IsCombinational: 0
IsDatapathOnly: 0
HasWiredReturn: 1
HasMFsm: 0
HasVarLatency: 1
IsPipeline: 0
IsRtlPipelined: 0
IsInstanceOverlapped: 0
IsDontTouch: 0
HasImplIP: 0
IsGatedGlobalClock: 0


============================================================
+ Verbose Summary: Schedule
============================================================
* Number of FSM states : 5
* Pipeline : 0
* Dataflow Pipeline: 0

* FSM state transitions: 
1 --> 2 
2 --> 3 
3 --> 4 
4 --> 5 
5 --> 2 

* FSM state operations: 

State 1 <SV = 0> <Delay = 1.14>
ST_1 : Operation 6 [1/1] (0.00ns)   --->   "%row = alloca i32 1" [spmv.cpp:9]   --->   Operation 6 'alloca' 'row' <Predicate = true> <Delay = 0.00>
ST_1 : Operation 7 [1/1] (0.00ns)   --->   "%sum_loc = alloca i64 1"   --->   Operation 7 'alloca' 'sum_loc' <Predicate = true> <Delay = 0.00>
ST_1 : Operation 8 [1/1] (0.00ns)   --->   "%spectopmodule_ln3 = spectopmodule void @_ssdm_op_SpecTopModule, void @empty_1" [spmv.cpp:3]   --->   Operation 8 'spectopmodule' 'spectopmodule_ln3' <Predicate = true> <Delay = 0.00>
ST_1 : Operation 9 [1/1] (0.00ns)   --->   "%specinterface_ln0 = specinterface void @_ssdm_op_SpecInterface, i8 %values, void @empty, i32 0, i32 0, void @empty_0, i32 4294967295, i32 0, void @empty_0, void @empty_0, void @empty_0, i32 0, i32 0, i32 0, i32 0, void @empty_0, void @empty_0, i32 4294967295, i32 0, i32 0, i32 0"   --->   Operation 9 'specinterface' 'specinterface_ln0' <Predicate = true> <Delay = 0.00>
ST_1 : Operation 10 [1/1] (0.00ns)   --->   "%specbitsmap_ln0 = specbitsmap void @_ssdm_op_SpecBitsMap, i8 %values"   --->   Operation 10 'specbitsmap' 'specbitsmap_ln0' <Predicate = true> <Delay = 0.00>
ST_1 : Operation 11 [1/1] (0.00ns)   --->   "%specinterface_ln0 = specinterface void @_ssdm_op_SpecInterface, i10 %x, void @empty, i32 0, i32 0, void @empty_0, i32 4294967295, i32 0, void @empty_0, void @empty_0, void @empty_0, i32 0, i32 0, i32 0, i32 0, void @empty_0, void @empty_0, i32 4294967295, i32 0, i32 0, i32 0"   --->   Operation 11 'specinterface' 'specinterface_ln0' <Predicate = true> <Delay = 0.00>
ST_1 : Operation 12 [1/1] (0.00ns)   --->   "%specbitsmap_ln0 = specbitsmap void @_ssdm_op_SpecBitsMap, i10 %x"   --->   Operation 12 'specbitsmap' 'specbitsmap_ln0' <Predicate = true> <Delay = 0.00>
ST_1 : Operation 13 [1/1] (0.00ns)   --->   "%specinterface_ln0 = specinterface void @_ssdm_op_SpecInterface, i32 %col_idx, void @empty, i32 0, i32 0, void @empty_0, i32 4294967295, i32 0, void @empty_0, void @empty_0, void @empty_0, i32 0, i32 0, i32 0, i32 0, void @empty_0, void @empty_0, i32 4294967295, i32 0, i32 0, i32 0"   --->   Operation 13 'specinterface' 'specinterface_ln0' <Predicate = true> <Delay = 0.00>
ST_1 : Operation 14 [1/1] (0.00ns)   --->   "%specbitsmap_ln0 = specbitsmap void @_ssdm_op_SpecBitsMap, i32 %col_idx"   --->   Operation 14 'specbitsmap' 'specbitsmap_ln0' <Predicate = true> <Delay = 0.00>
ST_1 : Operation 15 [1/1] (0.00ns)   --->   "%specinterface_ln0 = specinterface void @_ssdm_op_SpecInterface, i32 %row_ptr, void @empty, i32 0, i32 0, void @empty_0, i32 4294967295, i32 0, void @empty_0, void @empty_0, void @empty_0, i32 0, i32 0, i32 0, i32 0, void @empty_0, void @empty_0, i32 4294967295, i32 0, i32 0, i32 0"   --->   Operation 15 'specinterface' 'specinterface_ln0' <Predicate = true> <Delay = 0.00>
ST_1 : Operation 16 [1/1] (0.00ns)   --->   "%specbitsmap_ln0 = specbitsmap void @_ssdm_op_SpecBitsMap, i32 %row_ptr"   --->   Operation 16 'specbitsmap' 'specbitsmap_ln0' <Predicate = true> <Delay = 0.00>
ST_1 : Operation 17 [1/1] (0.00ns)   --->   "%specinterface_ln0 = specinterface void @_ssdm_op_SpecInterface, i32 %y, void @empty, i32 0, i32 0, void @empty_0, i32 4294967295, i32 0, void @empty_0, void @empty_0, void @empty_0, i32 0, i32 0, i32 0, i32 0, void @empty_0, void @empty_0, i32 4294967295, i32 0, i32 0, i32 0"   --->   Operation 17 'specinterface' 'specinterface_ln0' <Predicate = true> <Delay = 0.00>
ST_1 : Operation 18 [1/1] (0.00ns)   --->   "%specbitsmap_ln0 = specbitsmap void @_ssdm_op_SpecBitsMap, i32 %y"   --->   Operation 18 'specbitsmap' 'specbitsmap_ln0' <Predicate = true> <Delay = 0.00>
ST_1 : Operation 19 [1/1] (1.14ns)   --->   "%store_ln9 = store i8 0, i8 %row" [spmv.cpp:9]   --->   Operation 19 'store' 'store_ln9' <Predicate = true> <Delay = 1.14>
ST_1 : Operation 20 [1/1] (0.00ns)   --->   "%br_ln9 = br void %L2" [spmv.cpp:9]   --->   Operation 20 'br' 'br_ln9' <Predicate = true> <Delay = 0.00>

State 2 <SV = 1> <Delay = 2.77>
ST_2 : Operation 21 [1/1] (0.00ns)   --->   "%row_1 = load i8 %row" [spmv.cpp:13]   --->   Operation 21 'load' 'row_1' <Predicate = true> <Delay = 0.00>
ST_2 : Operation 22 [1/1] (1.62ns)   --->   "%icmp_ln9 = icmp_eq  i8 %row_1, i8 128" [spmv.cpp:9]   --->   Operation 22 'icmp' 'icmp_ln9' <Predicate = true> <Delay = 1.62> <CoreInst = "Cmp">   --->   Core 9 'Cmp' <Latency = 0> <II = 1> <Delay = 1.62> <FuncUnit> <Opcode : 'seteq' 'setne' 'setle' 'setge' 'setlt' 'setgt'> <InPorts = 2> <OutPorts = 1>
ST_2 : Operation 23 [1/1] (1.62ns)   --->   "%add_ln13 = add i8 %row_1, i8 1" [spmv.cpp:13]   --->   Operation 23 'add' 'add_ln13' <Predicate = true> <Delay = 1.62> <CoreInst = "Adder">   --->   Core 1 'Adder' <Latency = 0> <II = 1> <Delay = 1.62> <FuncUnit> <Opcode : 'add' 'sub'> <InPorts = 2> <OutPorts = 1>
ST_2 : Operation 24 [1/1] (0.00ns)   --->   "%br_ln9 = br i1 %icmp_ln9, void %L2.split, void %for.end17" [spmv.cpp:9]   --->   Operation 24 'br' 'br_ln9' <Predicate = true> <Delay = 0.00>
ST_2 : Operation 25 [1/1] (0.00ns)   --->   "%zext_ln9 = zext i8 %row_1" [spmv.cpp:9]   --->   Operation 25 'zext' 'zext_ln9' <Predicate = (!icmp_ln9)> <Delay = 0.00>
ST_2 : Operation 26 [1/1] (0.00ns)   --->   "%row_ptr_addr = getelementptr i32 %row_ptr, i64 0, i64 %zext_ln9" [spmv.cpp:13]   --->   Operation 26 'getelementptr' 'row_ptr_addr' <Predicate = (!icmp_ln9)> <Delay = 0.00>
ST_2 : Operation 27 [2/2] (0.00ns)   --->   "%idx = load i8 %row_ptr_addr" [spmv.cpp:13]   --->   Operation 27 'load' 'idx' <Predicate = (!icmp_ln9)> <Delay = 0.00> <CoreInst = "RAM">   --->   Core 81 'RAM' <Latency = 1> <II = 1> <Delay = 2.41> <Storage> <Opcode : 'load' 'store'> <Ports = 2> <Width = 32> <Depth = 129> <RAM>
ST_2 : Operation 28 [1/1] (0.00ns)   --->   "%zext_ln13 = zext i8 %add_ln13" [spmv.cpp:13]   --->   Operation 28 'zext' 'zext_ln13' <Predicate = (!icmp_ln9)> <Delay = 0.00>
ST_2 : Operation 29 [1/1] (0.00ns)   --->   "%row_ptr_addr_1 = getelementptr i32 %row_ptr, i64 0, i64 %zext_ln13" [spmv.cpp:13]   --->   Operation 29 'getelementptr' 'row_ptr_addr_1' <Predicate = (!icmp_ln9)> <Delay = 0.00>
ST_2 : Operation 30 [2/2] (0.00ns)   --->   "%row_ptr_load = load i8 %row_ptr_addr_1" [spmv.cpp:13]   --->   Operation 30 'load' 'row_ptr_load' <Predicate = (!icmp_ln9)> <Delay = 0.00> <CoreInst = "RAM">   --->   Core 81 'RAM' <Latency = 1> <II = 1> <Delay = 2.41> <Storage> <Opcode : 'load' 'store'> <Ports = 2> <Width = 32> <Depth = 129> <RAM>
ST_2 : Operation 31 [1/1] (1.14ns)   --->   "%store_ln9 = store i8 %add_ln13, i8 %row" [spmv.cpp:9]   --->   Operation 31 'store' 'store_ln9' <Predicate = (!icmp_ln9)> <Delay = 1.14>
ST_2 : Operation 32 [1/1] (0.00ns)   --->   "%ret_ln27 = ret" [spmv.cpp:27]   --->   Operation 32 'ret' 'ret_ln27' <Predicate = (icmp_ln9)> <Delay = 0.00>

State 3 <SV = 2> <Delay = 4.20>
ST_3 : Operation 33 [1/2] ( I:0.00ns O:0.00ns )   --->   "%idx = load i8 %row_ptr_addr" [spmv.cpp:13]   --->   Operation 33 'load' 'idx' <Predicate = true> <Delay = 0.00> <CoreInst = "RAM">   --->   Core 81 'RAM' <Latency = 1> <II = 1> <Delay = 2.41> <Storage> <Opcode : 'load' 'store'> <Ports = 2> <Width = 32> <Depth = 129> <RAM>
ST_3 : Operation 34 [1/2] ( I:0.00ns O:0.00ns )   --->   "%row_ptr_load = load i8 %row_ptr_addr_1" [spmv.cpp:13]   --->   Operation 34 'load' 'row_ptr_load' <Predicate = true> <Delay = 0.00> <CoreInst = "RAM">   --->   Core 81 'RAM' <Latency = 1> <II = 1> <Delay = 2.41> <Storage> <Opcode : 'load' 'store'> <Ports = 2> <Width = 32> <Depth = 129> <RAM>
ST_3 : Operation 35 [2/2] (4.20ns)   --->   "%call_ln13 = call void @spmv_Pipeline_L2, i32 %idx, i32 %row_ptr_load, i32 %col_idx, i8 %values, i10 %x, i32 %sum_loc" [spmv.cpp:13]   --->   Operation 35 'call' 'call_ln13' <Predicate = true> <Delay = 4.20> <CoreType = "Generic">   --->   Generic Core

State 4 <SV = 3> <Delay = 0.00>
ST_4 : Operation 36 [1/2] (0.00ns)   --->   "%call_ln13 = call void @spmv_Pipeline_L2, i32 %idx, i32 %row_ptr_load, i32 %col_idx, i8 %values, i10 %x, i32 %sum_loc" [spmv.cpp:13]   --->   Operation 36 'call' 'call_ln13' <Predicate = true> <Delay = 0.00> <CoreType = "Generic">   --->   Generic Core

State 5 <SV = 4> <Delay = 0.00>
ST_5 : Operation 37 [1/1] (0.00ns)   --->   "%speclooptripcount_ln9 = speclooptripcount void @_ssdm_op_SpecLoopTripCount, i64 128, i64 128, i64 128" [spmv.cpp:9]   --->   Operation 37 'speclooptripcount' 'speclooptripcount_ln9' <Predicate = true> <Delay = 0.00>
ST_5 : Operation 38 [1/1] (0.00ns)   --->   "%specloopname_ln9 = specloopname void @_ssdm_op_SpecLoopName, void @empty_3" [spmv.cpp:9]   --->   Operation 38 'specloopname' 'specloopname_ln9' <Predicate = true> <Delay = 0.00>
ST_5 : Operation 39 [1/1] (0.00ns)   --->   "%sum_loc_load = load i32 %sum_loc"   --->   Operation 39 'load' 'sum_loc_load' <Predicate = true> <Delay = 0.00>
ST_5 : Operation 40 [1/1] (0.00ns)   --->   "%y_addr = getelementptr i32 %y, i64 0, i64 %zext_ln9" [spmv.cpp:25]   --->   Operation 40 'getelementptr' 'y_addr' <Predicate = true> <Delay = 0.00>
ST_5 : Operation 41 [1/1] ( I:0.00ns O:0.00ns )   --->   "%store_ln25 = store i32 %sum_loc_load, i7 %y_addr" [spmv.cpp:25]   --->   Operation 41 'store' 'store_ln25' <Predicate = true> <Delay = 0.00> <CoreInst = "RAM">   --->   Core 81 'RAM' <Latency = 1> <II = 1> <Delay = 2.41> <Storage> <Opcode : 'load' 'store'> <Ports = 2> <Width = 32> <Depth = 128> <RAM>
ST_5 : Operation 42 [1/1] (0.00ns)   --->   "%br_ln9 = br void %L2" [spmv.cpp:9]   --->   Operation 42 'br' 'br_ln9' <Predicate = true> <Delay = 0.00>


============================================================
+ Verbose Summary: Timing violations
============================================================
Target clock period: 10.000ns, clock uncertainty: 2.700ns.

 <State 1>: 1.146ns
The critical path consists of the following:
	'alloca' operation 8 bit ('row', spmv.cpp:9) [6]  (0.000 ns)
	'store' operation ('store_ln9', spmv.cpp:9) of constant 0 8 bit on local variable 'row', spmv.cpp:9 [19]  (1.146 ns)

 <State 2>: 2.773ns
The critical path consists of the following:
	'load' operation 8 bit ('row', spmv.cpp:13) on local variable 'row', spmv.cpp:9 [22]  (0.000 ns)
	'icmp' operation 1 bit ('icmp_ln9', spmv.cpp:9) [23]  (1.627 ns)
	'store' operation ('store_ln9', spmv.cpp:9) of variable 'add_ln13', spmv.cpp:13 8 bit on local variable 'row', spmv.cpp:9 [39]  (1.146 ns)

 <State 3>: 4.208ns
The critical path consists of the following:
	'load' operation 32 bit ('idx', spmv.cpp:13) on array 'row_ptr' [31]  (0.000 ns)
	'call' operation ('call_ln13', spmv.cpp:13) to 'spmv_Pipeline_L2' [35]  (4.208 ns)

 <State 4>: 0.000ns
The critical path consists of the following:

 <State 5>: 0.000ns
The critical path consists of the following:


============================================================
+ Verbose Summary: Binding
============================================================
N/A
* FSMD analyzer results:
  - Output states:
 - Input state : 
  - Chain level:
	State 1
	State 2
	State 3
	State 4
	State 5


============================================================
+ Verbose Summary: Datapath Resource usage 
============================================================
N/A
