#-----------------------------------------------------------
# Vivado v2025.2 (64-bit)
# SW Build 6299465 on Fri Nov 14 19:35:11 GMT 2025
# IP Build 6300035 on Fri Nov 14 10:48:45 MST 2025
# SharedData Build 6298862 on Thu Nov 13 04:50:51 MST 2025
# Start of session at: Tue May 26 15:04:17 2026
# Process ID         : 36092
# Current directory  : C:/Users/stefa/Workspace/01-UNICAL/HLS/HLS_projects/projects/project01_FIR/fir_baseline/fir_baseline_script/hls/impl/ip
# Command line       : vivado.exe -notrace -mode batch -source run_ippack.tcl
# Log file           : C:/Users/stefa/Workspace/01-UNICAL/HLS/HLS_projects/projects/project01_FIR/fir_baseline/fir_baseline_script/hls/impl/ip/vivado.log
# Journal file       : C:/Users/stefa/Workspace/01-UNICAL/HLS/HLS_projects/projects/project01_FIR/fir_baseline/fir_baseline_script/hls/impl/ip\vivado.jou
# Running On         : Legion5-Stefano
# Platform           : Windows Server 2016 or Windows 10
# Operating System   : 26200
# Processor Detail   : AMD Ryzen 7 260 w/ Radeon 780M Graphics
# CPU Frequency      : 3793 MHz
# CPU Physical cores : 8
# CPU Logical cores  : 16
# Host memory        : 33617 MB
# Swap memory        : 2736 MB
# Total Virtual      : 36354 MB
# Available Virtual  : 9489 MB
#-----------------------------------------------------------
source run_ippack.tcl -notrace
INFO: calling package_hls_ip ip_types=vitis sysgen json_file=C:/Users/stefa/Workspace/01-UNICAL/HLS/HLS_projects/projects/project01_FIR/fir_baseline/fir_baseline_script/hls/hls_data.json outdir=C:/Users/stefa/Workspace/01-UNICAL/HLS/HLS_projects/projects/project01_FIR/fir_baseline/fir_baseline_script/hls/impl/ip srcdir=C:/Users/stefa/Workspace/01-UNICAL/HLS/HLS_projects/projects/project01_FIR/fir_baseline/fir_baseline_script/hls ippack_options_dict= ippack_options_dict=
INFO: Copied 1 ipmisc file(s) to C:/Users/stefa/Workspace/01-UNICAL/HLS/HLS_projects/projects/project01_FIR/fir_baseline/fir_baseline_script/hls/impl/ip/misc
INFO: Copied 6 verilog file(s) to C:/Users/stefa/Workspace/01-UNICAL/HLS/HLS_projects/projects/project01_FIR/fir_baseline/fir_baseline_script/hls/impl/ip/hdl/verilog
INFO: Copied 4 vhdl file(s) to C:/Users/stefa/Workspace/01-UNICAL/HLS/HLS_projects/projects/project01_FIR/fir_baseline/fir_baseline_script/hls/impl/ip/hdl/vhdl
ipx::create_core: Time (s): cpu = 00:00:14 ; elapsed = 00:00:11 . Memory (MB): peak = 541.781 ; gain = 217.590
INFO: Import ports from HDL: C:/Users/stefa/Workspace/01-UNICAL/HLS/HLS_projects/projects/project01_FIR/fir_baseline/fir_baseline_script/hls/impl/ip/hdl/vhdl/fir.vhd (fir)
INFO: Add clock interface ap_clk
INFO: Add reset interface ap_rst
INFO: Add ap_ctrl interface ap_ctrl
INFO: Add data interface y
INFO: [IP_Flow 19-234] Refreshing IP repositories
INFO: [IP_Flow 19-1704] No user IP repositories specified
INFO: [IP_Flow 19-2313] Loaded Vivado IP repository 'D:/Softwares/AMD-Design/2025.2/Vivado/data/ip'.
INFO: Add data interface x
INFO: Calling post_process_vitis to specialize IP
INFO: Calling post_process_sysgen to specialize IP
Generating sysgen info xml from json file
INFO: Created IP C:/Users/stefa/Workspace/01-UNICAL/HLS/HLS_projects/projects/project01_FIR/fir_baseline/fir_baseline_script/hls/impl/ip/component.xml
INFO: Created IP archive C:/Users/stefa/Workspace/01-UNICAL/HLS/HLS_projects/projects/project01_FIR/fir_baseline/fir_baseline_script/hls/impl/ip/xilinx_com_hls_fir_1_0.zip
INFO: [Common 17-206] Exiting Vivado at Tue May 26 15:04:36 2026...
