
*** Running vivado
    with args -log spmv_0.vds -m64 -product Vivado -mode batch -messageDb vivado.pb -notrace -source spmv_0.tcl



****** Vivado v2025.2 (64-bit)
  **** SW Build 6299465 on Fri Nov 14 19:35:11 GMT 2025
  **** IP Build 6300035 on Fri Nov 14 10:48:45 MST 2025
  **** SharedData Build 6298862 on Thu Nov 13 04:50:51 MST 2025
  **** Start of session at: Mon Jun 15 11:17:07 2026
    ** Copyright 1986-2022 Xilinx, Inc. All Rights Reserved.
    ** Copyright 2022-2025 Advanced Micro Devices, Inc. All Rights Reserved.

source spmv_0.tcl -notrace
INFO: [IP_Flow 19-234] Refreshing IP repositories
INFO: [IP_Flow 19-1700] Loaded user IP repository 'c:/Users/stefa/Workspace/01-UNICAL/HLS/HLS_projects/build/project02_SpMV/06_pipeline-unroll-2-cyclic-2-v2-L2/ip_repo'.
INFO: [IP_Flow 19-2313] Loaded Vivado IP repository 'D:/Softwares/AMD-Design/2025.2/Vivado/data/ip'.
WARNING: [IP_Flow 19-4995] The host OS only allows 260 characters in a normal path. The IP cache path is more than 80 characters. If you experience issues with IP caching, please consider changing the IP cache to a location with a shorter path. Alternately consider using the OS subst command to map part of the path to a drive letter. 
Current IP cache path is c:/Users/stefa/Workspace/01-UNICAL/HLS/HLS_projects/build/project02_SpMV/06_pipeline-unroll-2-cyclic-2-v2-L2/vivado_prj/vivado_prj.cache/ip 
Command: synth_design -top spmv_0 -part xc7z020clg484-3 -incremental_mode off -mode out_of_context
Starting synth_design
Attempting to get a license for feature 'Synthesis' and/or device 'xc7z020'
INFO: [Common 17-349] Got license for feature 'Synthesis' and/or device 'xc7z020'
INFO: [Device 21-403] Loading part xc7z020clg484-3
INFO: [Synth 8-7079] Multithreading enabled for synth_design using a maximum of 2 processes.
INFO: [Synth 8-7078] Launching helper process for spawning children vivado processes
INFO: [Synth 8-7075] Helper process launched with PID 35364
---------------------------------------------------------------------------------
Starting RTL Elaboration : Time (s): cpu = 00:00:05 ; elapsed = 00:00:05 . Memory (MB): peak = 1317.613 ; gain = 540.230
---------------------------------------------------------------------------------
INFO: [Synth 8-638] synthesizing module 'spmv_0' [c:/Users/stefa/Workspace/01-UNICAL/HLS/HLS_projects/build/project02_SpMV/06_pipeline-unroll-2-cyclic-2-v2-L2/vivado_prj/vivado_prj.gen/sources_1/ip/spmv_0/synth/spmv_0.vhd:107]
INFO: [Synth 8-3491] module 'spmv' declared at 'c:/Users/stefa/Workspace/01-UNICAL/HLS/HLS_projects/build/project02_SpMV/06_pipeline-unroll-2-cyclic-2-v2-L2/vivado_prj/vivado_prj.gen/sources_1/ip/spmv_0/hdl/vhdl/spmv.vhd:11' bound to instance 'U0' of component 'spmv' [c:/Users/stefa/Workspace/01-UNICAL/HLS/HLS_projects/build/project02_SpMV/06_pipeline-unroll-2-cyclic-2-v2-L2/vivado_prj/vivado_prj.gen/sources_1/ip/spmv_0/synth/spmv_0.vhd:267]
INFO: [Synth 8-638] synthesizing module 'spmv' [c:/Users/stefa/Workspace/01-UNICAL/HLS/HLS_projects/build/project02_SpMV/06_pipeline-unroll-2-cyclic-2-v2-L2/vivado_prj/vivado_prj.gen/sources_1/ip/spmv_0/hdl/vhdl/spmv.vhd:62]
INFO: [Synth 8-3491] module 'spmv_spmv_Pipeline_L2' declared at 'c:/Users/stefa/Workspace/01-UNICAL/HLS/HLS_projects/build/project02_SpMV/06_pipeline-unroll-2-cyclic-2-v2-L2/vivado_prj/vivado_prj.gen/sources_1/ip/spmv_0/hdl/vhdl/spmv_spmv_Pipeline_L2.vhd:11' bound to instance 'grp_spmv_Pipeline_L2_fu_98' of component 'spmv_spmv_Pipeline_L2' [c:/Users/stefa/Workspace/01-UNICAL/HLS/HLS_projects/build/project02_SpMV/06_pipeline-unroll-2-cyclic-2-v2-L2/vivado_prj/vivado_prj.gen/sources_1/ip/spmv_0/hdl/vhdl/spmv.vhd:194]
INFO: [Synth 8-638] synthesizing module 'spmv_spmv_Pipeline_L2' [c:/Users/stefa/Workspace/01-UNICAL/HLS/HLS_projects/build/project02_SpMV/06_pipeline-unroll-2-cyclic-2-v2-L2/vivado_prj/vivado_prj.gen/sources_1/ip/spmv_0/hdl/vhdl/spmv_spmv_Pipeline_L2.vhd:56]
	Parameter ID bound to: 1 - type: integer 
	Parameter NUM_STAGE bound to: 4 - type: integer 
	Parameter din0_WIDTH bound to: 10 - type: integer 
	Parameter din1_WIDTH bound to: 8 - type: integer 
	Parameter din2_WIDTH bound to: 32 - type: integer 
	Parameter dout_WIDTH bound to: 32 - type: integer 
INFO: [Synth 8-3491] module 'spmv_mac_muladd_10s_8s_32s_32_4_1' declared at 'c:/Users/stefa/Workspace/01-UNICAL/HLS/HLS_projects/build/project02_SpMV/06_pipeline-unroll-2-cyclic-2-v2-L2/vivado_prj/vivado_prj.gen/sources_1/ip/spmv_0/hdl/vhdl/spmv_mac_muladd_10s_8s_32s_32_4_1.vhd:59' bound to instance 'mac_muladd_10s_8s_32s_32_4_1_U1' of component 'spmv_mac_muladd_10s_8s_32s_32_4_1' [c:/Users/stefa/Workspace/01-UNICAL/HLS/HLS_projects/build/project02_SpMV/06_pipeline-unroll-2-cyclic-2-v2-L2/vivado_prj/vivado_prj.gen/sources_1/ip/spmv_0/hdl/vhdl/spmv_spmv_Pipeline_L2.vhd:203]
INFO: [Synth 8-638] synthesizing module 'spmv_mac_muladd_10s_8s_32s_32_4_1' [c:/Users/stefa/Workspace/01-UNICAL/HLS/HLS_projects/build/project02_SpMV/06_pipeline-unroll-2-cyclic-2-v2-L2/vivado_prj/vivado_prj.gen/sources_1/ip/spmv_0/hdl/vhdl/spmv_mac_muladd_10s_8s_32s_32_4_1.vhd:77]
INFO: [Synth 8-3491] module 'spmv_mac_muladd_10s_8s_32s_32_4_1_DSP48_0' declared at 'c:/Users/stefa/Workspace/01-UNICAL/HLS/HLS_projects/build/project02_SpMV/06_pipeline-unroll-2-cyclic-2-v2-L2/vivado_prj/vivado_prj.gen/sources_1/ip/spmv_0/hdl/vhdl/spmv_mac_muladd_10s_8s_32s_32_4_1.vhd:10' bound to instance 'spmv_mac_muladd_10s_8s_32s_32_4_1_DSP48_0_U' of component 'spmv_mac_muladd_10s_8s_32s_32_4_1_DSP48_0' [c:/Users/stefa/Workspace/01-UNICAL/HLS/HLS_projects/build/project02_SpMV/06_pipeline-unroll-2-cyclic-2-v2-L2/vivado_prj/vivado_prj.gen/sources_1/ip/spmv_0/hdl/vhdl/spmv_mac_muladd_10s_8s_32s_32_4_1.vhd:92]
INFO: [Synth 8-638] synthesizing module 'spmv_mac_muladd_10s_8s_32s_32_4_1_DSP48_0' [c:/Users/stefa/Workspace/01-UNICAL/HLS/HLS_projects/build/project02_SpMV/06_pipeline-unroll-2-cyclic-2-v2-L2/vivado_prj/vivado_prj.gen/sources_1/ip/spmv_0/hdl/vhdl/spmv_mac_muladd_10s_8s_32s_32_4_1.vhd:22]
INFO: [Synth 8-256] done synthesizing module 'spmv_mac_muladd_10s_8s_32s_32_4_1_DSP48_0' (0#1) [c:/Users/stefa/Workspace/01-UNICAL/HLS/HLS_projects/build/project02_SpMV/06_pipeline-unroll-2-cyclic-2-v2-L2/vivado_prj/vivado_prj.gen/sources_1/ip/spmv_0/hdl/vhdl/spmv_mac_muladd_10s_8s_32s_32_4_1.vhd:22]
INFO: [Synth 8-256] done synthesizing module 'spmv_mac_muladd_10s_8s_32s_32_4_1' (0#1) [c:/Users/stefa/Workspace/01-UNICAL/HLS/HLS_projects/build/project02_SpMV/06_pipeline-unroll-2-cyclic-2-v2-L2/vivado_prj/vivado_prj.gen/sources_1/ip/spmv_0/hdl/vhdl/spmv_mac_muladd_10s_8s_32s_32_4_1.vhd:77]
	Parameter ID bound to: 1 - type: integer 
	Parameter NUM_STAGE bound to: 4 - type: integer 
	Parameter din0_WIDTH bound to: 10 - type: integer 
	Parameter din1_WIDTH bound to: 8 - type: integer 
	Parameter din2_WIDTH bound to: 32 - type: integer 
	Parameter dout_WIDTH bound to: 32 - type: integer 
INFO: [Synth 8-3491] module 'spmv_mac_muladd_10s_8s_32s_32_4_1' declared at 'c:/Users/stefa/Workspace/01-UNICAL/HLS/HLS_projects/build/project02_SpMV/06_pipeline-unroll-2-cyclic-2-v2-L2/vivado_prj/vivado_prj.gen/sources_1/ip/spmv_0/hdl/vhdl/spmv_mac_muladd_10s_8s_32s_32_4_1.vhd:59' bound to instance 'mac_muladd_10s_8s_32s_32_4_1_U2' of component 'spmv_mac_muladd_10s_8s_32s_32_4_1' [c:/Users/stefa/Workspace/01-UNICAL/HLS/HLS_projects/build/project02_SpMV/06_pipeline-unroll-2-cyclic-2-v2-L2/vivado_prj/vivado_prj.gen/sources_1/ip/spmv_0/hdl/vhdl/spmv_spmv_Pipeline_L2.vhd:220]
INFO: [Synth 8-3491] module 'spmv_flow_control_loop_pipe_sequential_init' declared at 'c:/Users/stefa/Workspace/01-UNICAL/HLS/HLS_projects/build/project02_SpMV/06_pipeline-unroll-2-cyclic-2-v2-L2/vivado_prj/vivado_prj.gen/sources_1/ip/spmv_0/hdl/vhdl/spmv_flow_control_loop_pipe_sequential_init.vhd:13' bound to instance 'flow_control_loop_pipe_sequential_init_U' of component 'spmv_flow_control_loop_pipe_sequential_init' [c:/Users/stefa/Workspace/01-UNICAL/HLS/HLS_projects/build/project02_SpMV/06_pipeline-unroll-2-cyclic-2-v2-L2/vivado_prj/vivado_prj.gen/sources_1/ip/spmv_0/hdl/vhdl/spmv_spmv_Pipeline_L2.vhd:237]
INFO: [Synth 8-638] synthesizing module 'spmv_flow_control_loop_pipe_sequential_init' [c:/Users/stefa/Workspace/01-UNICAL/HLS/HLS_projects/build/project02_SpMV/06_pipeline-unroll-2-cyclic-2-v2-L2/vivado_prj/vivado_prj.gen/sources_1/ip/spmv_0/hdl/vhdl/spmv_flow_control_loop_pipe_sequential_init.vhd:39]
INFO: [Synth 8-256] done synthesizing module 'spmv_flow_control_loop_pipe_sequential_init' (0#1) [c:/Users/stefa/Workspace/01-UNICAL/HLS/HLS_projects/build/project02_SpMV/06_pipeline-unroll-2-cyclic-2-v2-L2/vivado_prj/vivado_prj.gen/sources_1/ip/spmv_0/hdl/vhdl/spmv_flow_control_loop_pipe_sequential_init.vhd:39]
INFO: [Synth 8-256] done synthesizing module 'spmv_spmv_Pipeline_L2' (0#1) [c:/Users/stefa/Workspace/01-UNICAL/HLS/HLS_projects/build/project02_SpMV/06_pipeline-unroll-2-cyclic-2-v2-L2/vivado_prj/vivado_prj.gen/sources_1/ip/spmv_0/hdl/vhdl/spmv_spmv_Pipeline_L2.vhd:56]
INFO: [Synth 8-256] done synthesizing module 'spmv' (0#1) [c:/Users/stefa/Workspace/01-UNICAL/HLS/HLS_projects/build/project02_SpMV/06_pipeline-unroll-2-cyclic-2-v2-L2/vivado_prj/vivado_prj.gen/sources_1/ip/spmv_0/hdl/vhdl/spmv.vhd:62]
INFO: [Synth 8-256] done synthesizing module 'spmv_0' (0#1) [c:/Users/stefa/Workspace/01-UNICAL/HLS/HLS_projects/build/project02_SpMV/06_pipeline-unroll-2-cyclic-2-v2-L2/vivado_prj/vivado_prj.gen/sources_1/ip/spmv_0/synth/spmv_0.vhd:107]
INFO: [Synth 8-4490] FSM extraction disabled for register 'ap_CS_fsm_reg' through user attribute
INFO: [Synth 8-4490] FSM extraction disabled for register 'ap_CS_fsm_reg' through user attribute
INFO: [Synth 8-7129] Port ap_done_int in module spmv_flow_control_loop_pipe_sequential_init is either unconnected or has no load
INFO: [Synth 8-7129] Port rst in module spmv_mac_muladd_10s_8s_32s_32_4_1_DSP48_0 is either unconnected or has no load
INFO: [Synth 8-7129] Port col_idx_0_q0[31] in module spmv_spmv_Pipeline_L2 is either unconnected or has no load
INFO: [Synth 8-7129] Port col_idx_0_q0[30] in module spmv_spmv_Pipeline_L2 is either unconnected or has no load
INFO: [Synth 8-7129] Port col_idx_0_q0[29] in module spmv_spmv_Pipeline_L2 is either unconnected or has no load
INFO: [Synth 8-7129] Port col_idx_0_q0[28] in module spmv_spmv_Pipeline_L2 is either unconnected or has no load
INFO: [Synth 8-7129] Port col_idx_0_q0[27] in module spmv_spmv_Pipeline_L2 is either unconnected or has no load
INFO: [Synth 8-7129] Port col_idx_0_q0[26] in module spmv_spmv_Pipeline_L2 is either unconnected or has no load
INFO: [Synth 8-7129] Port col_idx_0_q0[25] in module spmv_spmv_Pipeline_L2 is either unconnected or has no load
INFO: [Synth 8-7129] Port col_idx_0_q0[24] in module spmv_spmv_Pipeline_L2 is either unconnected or has no load
INFO: [Synth 8-7129] Port col_idx_0_q0[23] in module spmv_spmv_Pipeline_L2 is either unconnected or has no load
INFO: [Synth 8-7129] Port col_idx_0_q0[22] in module spmv_spmv_Pipeline_L2 is either unconnected or has no load
INFO: [Synth 8-7129] Port col_idx_0_q0[21] in module spmv_spmv_Pipeline_L2 is either unconnected or has no load
INFO: [Synth 8-7129] Port col_idx_0_q0[20] in module spmv_spmv_Pipeline_L2 is either unconnected or has no load
INFO: [Synth 8-7129] Port col_idx_0_q0[19] in module spmv_spmv_Pipeline_L2 is either unconnected or has no load
INFO: [Synth 8-7129] Port col_idx_0_q0[18] in module spmv_spmv_Pipeline_L2 is either unconnected or has no load
INFO: [Synth 8-7129] Port col_idx_0_q0[17] in module spmv_spmv_Pipeline_L2 is either unconnected or has no load
INFO: [Synth 8-7129] Port col_idx_0_q0[16] in module spmv_spmv_Pipeline_L2 is either unconnected or has no load
INFO: [Synth 8-7129] Port col_idx_0_q0[15] in module spmv_spmv_Pipeline_L2 is either unconnected or has no load
INFO: [Synth 8-7129] Port col_idx_0_q0[14] in module spmv_spmv_Pipeline_L2 is either unconnected or has no load
INFO: [Synth 8-7129] Port col_idx_0_q0[13] in module spmv_spmv_Pipeline_L2 is either unconnected or has no load
INFO: [Synth 8-7129] Port col_idx_0_q0[12] in module spmv_spmv_Pipeline_L2 is either unconnected or has no load
INFO: [Synth 8-7129] Port col_idx_0_q0[11] in module spmv_spmv_Pipeline_L2 is either unconnected or has no load
INFO: [Synth 8-7129] Port col_idx_0_q0[10] in module spmv_spmv_Pipeline_L2 is either unconnected or has no load
INFO: [Synth 8-7129] Port col_idx_0_q0[9] in module spmv_spmv_Pipeline_L2 is either unconnected or has no load
INFO: [Synth 8-7129] Port col_idx_0_q0[8] in module spmv_spmv_Pipeline_L2 is either unconnected or has no load
INFO: [Synth 8-7129] Port col_idx_0_q0[7] in module spmv_spmv_Pipeline_L2 is either unconnected or has no load
INFO: [Synth 8-7129] Port col_idx_0_q1[31] in module spmv_spmv_Pipeline_L2 is either unconnected or has no load
INFO: [Synth 8-7129] Port col_idx_0_q1[30] in module spmv_spmv_Pipeline_L2 is either unconnected or has no load
INFO: [Synth 8-7129] Port col_idx_0_q1[29] in module spmv_spmv_Pipeline_L2 is either unconnected or has no load
INFO: [Synth 8-7129] Port col_idx_0_q1[28] in module spmv_spmv_Pipeline_L2 is either unconnected or has no load
INFO: [Synth 8-7129] Port col_idx_0_q1[27] in module spmv_spmv_Pipeline_L2 is either unconnected or has no load
INFO: [Synth 8-7129] Port col_idx_0_q1[26] in module spmv_spmv_Pipeline_L2 is either unconnected or has no load
INFO: [Synth 8-7129] Port col_idx_0_q1[25] in module spmv_spmv_Pipeline_L2 is either unconnected or has no load
INFO: [Synth 8-7129] Port col_idx_0_q1[24] in module spmv_spmv_Pipeline_L2 is either unconnected or has no load
INFO: [Synth 8-7129] Port col_idx_0_q1[23] in module spmv_spmv_Pipeline_L2 is either unconnected or has no load
INFO: [Synth 8-7129] Port col_idx_0_q1[22] in module spmv_spmv_Pipeline_L2 is either unconnected or has no load
INFO: [Synth 8-7129] Port col_idx_0_q1[21] in module spmv_spmv_Pipeline_L2 is either unconnected or has no load
INFO: [Synth 8-7129] Port col_idx_0_q1[20] in module spmv_spmv_Pipeline_L2 is either unconnected or has no load
INFO: [Synth 8-7129] Port col_idx_0_q1[19] in module spmv_spmv_Pipeline_L2 is either unconnected or has no load
INFO: [Synth 8-7129] Port col_idx_0_q1[18] in module spmv_spmv_Pipeline_L2 is either unconnected or has no load
INFO: [Synth 8-7129] Port col_idx_0_q1[17] in module spmv_spmv_Pipeline_L2 is either unconnected or has no load
INFO: [Synth 8-7129] Port col_idx_0_q1[16] in module spmv_spmv_Pipeline_L2 is either unconnected or has no load
INFO: [Synth 8-7129] Port col_idx_0_q1[15] in module spmv_spmv_Pipeline_L2 is either unconnected or has no load
INFO: [Synth 8-7129] Port col_idx_0_q1[14] in module spmv_spmv_Pipeline_L2 is either unconnected or has no load
INFO: [Synth 8-7129] Port col_idx_0_q1[13] in module spmv_spmv_Pipeline_L2 is either unconnected or has no load
INFO: [Synth 8-7129] Port col_idx_0_q1[12] in module spmv_spmv_Pipeline_L2 is either unconnected or has no load
INFO: [Synth 8-7129] Port col_idx_0_q1[11] in module spmv_spmv_Pipeline_L2 is either unconnected or has no load
INFO: [Synth 8-7129] Port col_idx_0_q1[10] in module spmv_spmv_Pipeline_L2 is either unconnected or has no load
INFO: [Synth 8-7129] Port col_idx_0_q1[9] in module spmv_spmv_Pipeline_L2 is either unconnected or has no load
INFO: [Synth 8-7129] Port col_idx_0_q1[8] in module spmv_spmv_Pipeline_L2 is either unconnected or has no load
INFO: [Synth 8-7129] Port col_idx_0_q1[7] in module spmv_spmv_Pipeline_L2 is either unconnected or has no load
INFO: [Synth 8-7129] Port col_idx_1_q0[31] in module spmv_spmv_Pipeline_L2 is either unconnected or has no load
INFO: [Synth 8-7129] Port col_idx_1_q0[30] in module spmv_spmv_Pipeline_L2 is either unconnected or has no load
INFO: [Synth 8-7129] Port col_idx_1_q0[29] in module spmv_spmv_Pipeline_L2 is either unconnected or has no load
INFO: [Synth 8-7129] Port col_idx_1_q0[28] in module spmv_spmv_Pipeline_L2 is either unconnected or has no load
INFO: [Synth 8-7129] Port col_idx_1_q0[27] in module spmv_spmv_Pipeline_L2 is either unconnected or has no load
INFO: [Synth 8-7129] Port col_idx_1_q0[26] in module spmv_spmv_Pipeline_L2 is either unconnected or has no load
INFO: [Synth 8-7129] Port col_idx_1_q0[25] in module spmv_spmv_Pipeline_L2 is either unconnected or has no load
INFO: [Synth 8-7129] Port col_idx_1_q0[24] in module spmv_spmv_Pipeline_L2 is either unconnected or has no load
INFO: [Synth 8-7129] Port col_idx_1_q0[23] in module spmv_spmv_Pipeline_L2 is either unconnected or has no load
INFO: [Synth 8-7129] Port col_idx_1_q0[22] in module spmv_spmv_Pipeline_L2 is either unconnected or has no load
INFO: [Synth 8-7129] Port col_idx_1_q0[21] in module spmv_spmv_Pipeline_L2 is either unconnected or has no load
INFO: [Synth 8-7129] Port col_idx_1_q0[20] in module spmv_spmv_Pipeline_L2 is either unconnected or has no load
INFO: [Synth 8-7129] Port col_idx_1_q0[19] in module spmv_spmv_Pipeline_L2 is either unconnected or has no load
INFO: [Synth 8-7129] Port col_idx_1_q0[18] in module spmv_spmv_Pipeline_L2 is either unconnected or has no load
INFO: [Synth 8-7129] Port col_idx_1_q0[17] in module spmv_spmv_Pipeline_L2 is either unconnected or has no load
INFO: [Synth 8-7129] Port col_idx_1_q0[16] in module spmv_spmv_Pipeline_L2 is either unconnected or has no load
INFO: [Synth 8-7129] Port col_idx_1_q0[15] in module spmv_spmv_Pipeline_L2 is either unconnected or has no load
INFO: [Synth 8-7129] Port col_idx_1_q0[14] in module spmv_spmv_Pipeline_L2 is either unconnected or has no load
INFO: [Synth 8-7129] Port col_idx_1_q0[13] in module spmv_spmv_Pipeline_L2 is either unconnected or has no load
INFO: [Synth 8-7129] Port col_idx_1_q0[12] in module spmv_spmv_Pipeline_L2 is either unconnected or has no load
INFO: [Synth 8-7129] Port col_idx_1_q0[11] in module spmv_spmv_Pipeline_L2 is either unconnected or has no load
INFO: [Synth 8-7129] Port col_idx_1_q0[10] in module spmv_spmv_Pipeline_L2 is either unconnected or has no load
INFO: [Synth 8-7129] Port col_idx_1_q0[9] in module spmv_spmv_Pipeline_L2 is either unconnected or has no load
INFO: [Synth 8-7129] Port col_idx_1_q0[8] in module spmv_spmv_Pipeline_L2 is either unconnected or has no load
INFO: [Synth 8-7129] Port col_idx_1_q0[7] in module spmv_spmv_Pipeline_L2 is either unconnected or has no load
INFO: [Synth 8-7129] Port col_idx_1_q1[31] in module spmv_spmv_Pipeline_L2 is either unconnected or has no load
INFO: [Synth 8-7129] Port col_idx_1_q1[30] in module spmv_spmv_Pipeline_L2 is either unconnected or has no load
INFO: [Synth 8-7129] Port col_idx_1_q1[29] in module spmv_spmv_Pipeline_L2 is either unconnected or has no load
INFO: [Synth 8-7129] Port col_idx_1_q1[28] in module spmv_spmv_Pipeline_L2 is either unconnected or has no load
INFO: [Synth 8-7129] Port col_idx_1_q1[27] in module spmv_spmv_Pipeline_L2 is either unconnected or has no load
INFO: [Synth 8-7129] Port col_idx_1_q1[26] in module spmv_spmv_Pipeline_L2 is either unconnected or has no load
INFO: [Synth 8-7129] Port col_idx_1_q1[25] in module spmv_spmv_Pipeline_L2 is either unconnected or has no load
INFO: [Synth 8-7129] Port col_idx_1_q1[24] in module spmv_spmv_Pipeline_L2 is either unconnected or has no load
INFO: [Synth 8-7129] Port col_idx_1_q1[23] in module spmv_spmv_Pipeline_L2 is either unconnected or has no load
INFO: [Synth 8-7129] Port col_idx_1_q1[22] in module spmv_spmv_Pipeline_L2 is either unconnected or has no load
INFO: [Synth 8-7129] Port col_idx_1_q1[21] in module spmv_spmv_Pipeline_L2 is either unconnected or has no load
INFO: [Synth 8-7129] Port col_idx_1_q1[20] in module spmv_spmv_Pipeline_L2 is either unconnected or has no load
INFO: [Synth 8-7129] Port col_idx_1_q1[19] in module spmv_spmv_Pipeline_L2 is either unconnected or has no load
INFO: [Synth 8-7129] Port col_idx_1_q1[18] in module spmv_spmv_Pipeline_L2 is either unconnected or has no load
INFO: [Synth 8-7129] Port col_idx_1_q1[17] in module spmv_spmv_Pipeline_L2 is either unconnected or has no load
INFO: [Synth 8-7129] Port col_idx_1_q1[16] in module spmv_spmv_Pipeline_L2 is either unconnected or has no load
INFO: [Synth 8-7129] Port col_idx_1_q1[15] in module spmv_spmv_Pipeline_L2 is either unconnected or has no load
INFO: [Synth 8-7129] Port col_idx_1_q1[14] in module spmv_spmv_Pipeline_L2 is either unconnected or has no load
INFO: [Synth 8-7129] Port col_idx_1_q1[13] in module spmv_spmv_Pipeline_L2 is either unconnected or has no load
INFO: [Synth 8-7129] Port col_idx_1_q1[12] in module spmv_spmv_Pipeline_L2 is either unconnected or has no load
INFO: [Synth 8-7129] Port col_idx_1_q1[11] in module spmv_spmv_Pipeline_L2 is either unconnected or has no load
INFO: [Synth 8-7129] Port col_idx_1_q1[10] in module spmv_spmv_Pipeline_L2 is either unconnected or has no load
INFO: [Synth 8-7129] Port col_idx_1_q1[9] in module spmv_spmv_Pipeline_L2 is either unconnected or has no load
INFO: [Common 17-14] Message 'Synth 8-7129' appears 100 times and further instances of the messages will be disabled. Use the Tcl command set_msg_config to change the current settings.
---------------------------------------------------------------------------------
Finished RTL Elaboration : Time (s): cpu = 00:00:07 ; elapsed = 00:00:07 . Memory (MB): peak = 1439.363 ; gain = 661.980
---------------------------------------------------------------------------------
---------------------------------------------------------------------------------
Start Handling Custom Attributes
---------------------------------------------------------------------------------
---------------------------------------------------------------------------------
Finished Handling Custom Attributes : Time (s): cpu = 00:00:07 ; elapsed = 00:00:07 . Memory (MB): peak = 1439.363 ; gain = 661.980
---------------------------------------------------------------------------------
---------------------------------------------------------------------------------
Finished RTL Optimization Phase 1 : Time (s): cpu = 00:00:07 ; elapsed = 00:00:07 . Memory (MB): peak = 1439.363 ; gain = 661.980
---------------------------------------------------------------------------------
Netlist sorting complete. Time (s): cpu = 00:00:00 ; elapsed = 00:00:00.013 . Memory (MB): peak = 1439.363 ; gain = 0.000
INFO: [Project 1-570] Preparing netlist for logic optimization

Processing XDC Constraints
Initializing timing engine
Parsing XDC File [c:/Users/stefa/Workspace/01-UNICAL/HLS/HLS_projects/build/project02_SpMV/06_pipeline-unroll-2-cyclic-2-v2-L2/vivado_prj/vivado_prj.gen/sources_1/ip/spmv_0/constraints/spmv_ooc.xdc] for cell 'U0'
Finished Parsing XDC File [c:/Users/stefa/Workspace/01-UNICAL/HLS/HLS_projects/build/project02_SpMV/06_pipeline-unroll-2-cyclic-2-v2-L2/vivado_prj/vivado_prj.gen/sources_1/ip/spmv_0/constraints/spmv_ooc.xdc] for cell 'U0'
Parsing XDC File [C:/Users/stefa/Workspace/01-UNICAL/HLS/HLS_projects/build/project02_SpMV/06_pipeline-unroll-2-cyclic-2-v2-L2/vivado_prj/vivado_prj.runs/spmv_0_synth_1/dont_touch.xdc]
Finished Parsing XDC File [C:/Users/stefa/Workspace/01-UNICAL/HLS/HLS_projects/build/project02_SpMV/06_pipeline-unroll-2-cyclic-2-v2-L2/vivado_prj/vivado_prj.runs/spmv_0_synth_1/dont_touch.xdc]
Completed Processing XDC Constraints

Netlist sorting complete. Time (s): cpu = 00:00:00 ; elapsed = 00:00:00.001 . Memory (MB): peak = 1514.277 ; gain = 0.000
INFO: [Project 1-111] Unisim Transformation Summary:
No Unisim elements were transformed.

Constraint Validation Runtime : Time (s): cpu = 00:00:00 ; elapsed = 00:00:00.049 . Memory (MB): peak = 1514.277 ; gain = 0.000
INFO: [Designutils 20-5008] Incremental synthesis strategy off
---------------------------------------------------------------------------------
Finished Constraint Validation : Time (s): cpu = 00:00:15 ; elapsed = 00:00:15 . Memory (MB): peak = 1514.277 ; gain = 736.895
---------------------------------------------------------------------------------
---------------------------------------------------------------------------------
Start Loading Part and Timing Information
---------------------------------------------------------------------------------
Loading part: xc7z020clg484-3
---------------------------------------------------------------------------------
Finished Loading Part and Timing Information : Time (s): cpu = 00:00:15 ; elapsed = 00:00:15 . Memory (MB): peak = 1514.277 ; gain = 736.895
---------------------------------------------------------------------------------
---------------------------------------------------------------------------------
Start Applying 'set_property' XDC Constraints
---------------------------------------------------------------------------------
---------------------------------------------------------------------------------
Finished applying 'set_property' XDC Constraints : Time (s): cpu = 00:00:15 ; elapsed = 00:00:15 . Memory (MB): peak = 1514.277 ; gain = 736.895
---------------------------------------------------------------------------------
INFO: [Synth 8-3936] Found unconnected internal register 'p_reg_reg' and it is trimmed from '48' to '32' bits. [c:/Users/stefa/Workspace/01-UNICAL/HLS/HLS_projects/build/project02_SpMV/06_pipeline-unroll-2-cyclic-2-v2-L2/vivado_prj/vivado_prj.gen/sources_1/ip/spmv_0/hdl/vhdl/spmv_mac_muladd_10s_8s_32s_32_4_1.vhd:47]
INFO: [Synth 8-3936] Found unconnected internal register 'm_reg_reg' and it is trimmed from '43' to '32' bits. [c:/Users/stefa/Workspace/01-UNICAL/HLS/HLS_projects/build/project02_SpMV/06_pipeline-unroll-2-cyclic-2-v2-L2/vivado_prj/vivado_prj.gen/sources_1/ip/spmv_0/hdl/vhdl/spmv_mac_muladd_10s_8s_32s_32_4_1.vhd:40]
INFO: [Synth 8-4490] FSM extraction disabled for register 'ap_CS_fsm_reg' through user attribute
INFO: [Synth 8-4490] FSM extraction disabled for register 'ap_CS_fsm_reg' through user attribute
INFO: [Synth 8-4490] FSM extraction disabled for register 'ap_CS_fsm_reg' through user attribute
INFO: [Synth 8-4490] FSM extraction disabled for register 'ap_CS_fsm_reg' through user attribute
INFO: [Synth 8-4490] FSM extraction disabled for register 'ap_CS_fsm_reg' through user attribute
---------------------------------------------------------------------------------
Finished RTL Optimization Phase 2 : Time (s): cpu = 00:00:15 ; elapsed = 00:00:16 . Memory (MB): peak = 1514.277 ; gain = 736.895
---------------------------------------------------------------------------------
---------------------------------------------------------------------------------
Start RTL Component Statistics 
---------------------------------------------------------------------------------
Detailed RTL Component Info : 
+---Adders : 
	   2 Input   32 Bit       Adders := 1     
	   2 Input    8 Bit       Adders := 2     
+---Registers : 
	               33 Bit    Registers := 1     
	               32 Bit    Registers := 4     
	               18 Bit    Registers := 2     
	               10 Bit    Registers := 1     
	                8 Bit    Registers := 4     
	                5 Bit    Registers := 1     
	                2 Bit    Registers := 1     
	                1 Bit    Registers := 19    
+---Muxes : 
	   2 Input   32 Bit        Muxes := 4     
	   2 Input    8 Bit        Muxes := 2     
	   2 Input    7 Bit        Muxes := 2     
	   2 Input    5 Bit        Muxes := 1     
	   2 Input    3 Bit        Muxes := 1     
	   5 Input    2 Bit        Muxes := 1     
	   2 Input    2 Bit        Muxes := 1     
	   2 Input    1 Bit        Muxes := 9     
---------------------------------------------------------------------------------
Finished RTL Component Statistics 
---------------------------------------------------------------------------------
---------------------------------------------------------------------------------
Start Part Resource Summary
---------------------------------------------------------------------------------
Part Resources:
DSPs: 220 (col length:60)
BRAMs: 280 (col length: RAMB18 60 RAMB36 30)
---------------------------------------------------------------------------------
Finished Part Resource Summary
---------------------------------------------------------------------------------
---------------------------------------------------------------------------------
Start Cross Boundary and Area Optimization
---------------------------------------------------------------------------------
DSP Report: Generating DSP grp_spmv_Pipeline_L2_fu_98/mac_muladd_10s_8s_32s_32_4_1_U1/spmv_mac_muladd_10s_8s_32s_32_4_1_DSP48_0_U/p_reg_reg, operation Mode is: (C+(A2*B'')')'.
DSP Report: register grp_spmv_Pipeline_L2_fu_98/select_ln31_1_reg_477_reg is absorbed into DSP grp_spmv_Pipeline_L2_fu_98/mac_muladd_10s_8s_32s_32_4_1_U1/spmv_mac_muladd_10s_8s_32s_32_4_1_DSP48_0_U/p_reg_reg.
DSP Report: register grp_spmv_Pipeline_L2_fu_98/mac_muladd_10s_8s_32s_32_4_1_U1/spmv_mac_muladd_10s_8s_32s_32_4_1_DSP48_0_U/b_reg_reg is absorbed into DSP grp_spmv_Pipeline_L2_fu_98/mac_muladd_10s_8s_32s_32_4_1_U1/spmv_mac_muladd_10s_8s_32s_32_4_1_DSP48_0_U/p_reg_reg.
DSP Report: register grp_spmv_Pipeline_L2_fu_98/mac_muladd_10s_8s_32s_32_4_1_U1/spmv_mac_muladd_10s_8s_32s_32_4_1_DSP48_0_U/a_reg_reg is absorbed into DSP grp_spmv_Pipeline_L2_fu_98/mac_muladd_10s_8s_32s_32_4_1_U1/spmv_mac_muladd_10s_8s_32s_32_4_1_DSP48_0_U/p_reg_reg.
DSP Report: register grp_spmv_Pipeline_L2_fu_98/mac_muladd_10s_8s_32s_32_4_1_U1/spmv_mac_muladd_10s_8s_32s_32_4_1_DSP48_0_U/p_reg_reg is absorbed into DSP grp_spmv_Pipeline_L2_fu_98/mac_muladd_10s_8s_32s_32_4_1_U1/spmv_mac_muladd_10s_8s_32s_32_4_1_DSP48_0_U/p_reg_reg.
DSP Report: register grp_spmv_Pipeline_L2_fu_98/mac_muladd_10s_8s_32s_32_4_1_U1/spmv_mac_muladd_10s_8s_32s_32_4_1_DSP48_0_U/m_reg_reg is absorbed into DSP grp_spmv_Pipeline_L2_fu_98/mac_muladd_10s_8s_32s_32_4_1_U1/spmv_mac_muladd_10s_8s_32s_32_4_1_DSP48_0_U/p_reg_reg.
DSP Report: operator grp_spmv_Pipeline_L2_fu_98/mac_muladd_10s_8s_32s_32_4_1_U1/spmv_mac_muladd_10s_8s_32s_32_4_1_DSP48_0_U/p is absorbed into DSP grp_spmv_Pipeline_L2_fu_98/mac_muladd_10s_8s_32s_32_4_1_U1/spmv_mac_muladd_10s_8s_32s_32_4_1_DSP48_0_U/p_reg_reg.
DSP Report: operator grp_spmv_Pipeline_L2_fu_98/mac_muladd_10s_8s_32s_32_4_1_U1/spmv_mac_muladd_10s_8s_32s_32_4_1_DSP48_0_U/m is absorbed into DSP grp_spmv_Pipeline_L2_fu_98/mac_muladd_10s_8s_32s_32_4_1_U1/spmv_mac_muladd_10s_8s_32s_32_4_1_DSP48_0_U/p_reg_reg.
DSP Report: Generating DSP grp_spmv_Pipeline_L2_fu_98/mac_muladd_10s_8s_32s_32_4_1_U2/spmv_mac_muladd_10s_8s_32s_32_4_1_DSP48_0_U/p_reg_reg, operation Mode is: (PCIN+(A''*B2)')'.
DSP Report: register grp_spmv_Pipeline_L2_fu_98/mac_muladd_10s_8s_32s_32_4_1_U2/spmv_mac_muladd_10s_8s_32s_32_4_1_DSP48_0_U/b_reg_reg is absorbed into DSP grp_spmv_Pipeline_L2_fu_98/mac_muladd_10s_8s_32s_32_4_1_U2/spmv_mac_muladd_10s_8s_32s_32_4_1_DSP48_0_U/p_reg_reg.
DSP Report: register grp_spmv_Pipeline_L2_fu_98/x_load_1_reg_512_reg is absorbed into DSP grp_spmv_Pipeline_L2_fu_98/mac_muladd_10s_8s_32s_32_4_1_U2/spmv_mac_muladd_10s_8s_32s_32_4_1_DSP48_0_U/p_reg_reg.
DSP Report: register grp_spmv_Pipeline_L2_fu_98/mac_muladd_10s_8s_32s_32_4_1_U2/spmv_mac_muladd_10s_8s_32s_32_4_1_DSP48_0_U/a_reg_reg is absorbed into DSP grp_spmv_Pipeline_L2_fu_98/mac_muladd_10s_8s_32s_32_4_1_U2/spmv_mac_muladd_10s_8s_32s_32_4_1_DSP48_0_U/p_reg_reg.
DSP Report: register grp_spmv_Pipeline_L2_fu_98/mac_muladd_10s_8s_32s_32_4_1_U2/spmv_mac_muladd_10s_8s_32s_32_4_1_DSP48_0_U/p_reg_reg is absorbed into DSP grp_spmv_Pipeline_L2_fu_98/mac_muladd_10s_8s_32s_32_4_1_U2/spmv_mac_muladd_10s_8s_32s_32_4_1_DSP48_0_U/p_reg_reg.
DSP Report: register grp_spmv_Pipeline_L2_fu_98/mac_muladd_10s_8s_32s_32_4_1_U2/spmv_mac_muladd_10s_8s_32s_32_4_1_DSP48_0_U/m_reg_reg is absorbed into DSP grp_spmv_Pipeline_L2_fu_98/mac_muladd_10s_8s_32s_32_4_1_U2/spmv_mac_muladd_10s_8s_32s_32_4_1_DSP48_0_U/p_reg_reg.
DSP Report: operator grp_spmv_Pipeline_L2_fu_98/mac_muladd_10s_8s_32s_32_4_1_U2/spmv_mac_muladd_10s_8s_32s_32_4_1_DSP48_0_U/p is absorbed into DSP grp_spmv_Pipeline_L2_fu_98/mac_muladd_10s_8s_32s_32_4_1_U2/spmv_mac_muladd_10s_8s_32s_32_4_1_DSP48_0_U/p_reg_reg.
DSP Report: operator grp_spmv_Pipeline_L2_fu_98/mac_muladd_10s_8s_32s_32_4_1_U2/spmv_mac_muladd_10s_8s_32s_32_4_1_DSP48_0_U/m is absorbed into DSP grp_spmv_Pipeline_L2_fu_98/mac_muladd_10s_8s_32s_32_4_1_U2/spmv_mac_muladd_10s_8s_32s_32_4_1_DSP48_0_U/p_reg_reg.
---------------------------------------------------------------------------------
Finished Cross Boundary and Area Optimization : Time (s): cpu = 00:00:17 ; elapsed = 00:00:19 . Memory (MB): peak = 1514.277 ; gain = 736.895
---------------------------------------------------------------------------------
 Sort Area is  grp_spmv_Pipeline_L2_fu_98/mac_muladd_10s_8s_32s_32_4_1_U1/spmv_mac_muladd_10s_8s_32s_32_4_1_DSP48_0_U/p_reg_reg_0 : 0 0 : 734 1470 : Used 1 time 0
 Sort Area is  grp_spmv_Pipeline_L2_fu_98/mac_muladd_10s_8s_32s_32_4_1_U1/spmv_mac_muladd_10s_8s_32s_32_4_1_DSP48_0_U/p_reg_reg_0 : 0 1 : 736 1470 : Used 1 time 0
---------------------------------------------------------------------------------
Start ROM, RAM, DSP, Shift Register and Retiming Reporting
---------------------------------------------------------------------------------

DSP: Preliminary Mapping Report (see note below. The ' indicates corresponding REG is set)
+------------------------------------------+-------------------+--------+--------+--------+--------+--------+------+------+------+------+-------+------+------+
|Module Name                               | DSP Mapping       | A Size | B Size | C Size | D Size | P Size | AREG | BREG | CREG | DREG | ADREG | MREG | PREG | 
+------------------------------------------+-------------------+--------+--------+--------+--------+--------+------+------+------+------+-------+------+------+
|spmv                                      | (C+(A2*B'')')'    | 10     | 8      | 32     | -      | 32     | 1    | 2    | 0    | -    | -     | 1    | 1    | 
|spmv_mac_muladd_10s_8s_32s_32_4_1_DSP48_0 | (PCIN+(A''*B2)')' | 10     | 8      | -      | -      | 32     | 2    | 1    | -    | -    | -     | 1    | 1    | 
+------------------------------------------+-------------------+--------+--------+--------+--------+--------+------+------+------+------+-------+------+------+

Note: The table above is a preliminary report that shows the DSPs inferred at the current stage of the synthesis flow. Some DSP may be reimplemented as non DSP primitives later in the synthesis flow. Multiple instantiated DSPs are reported only once.
---------------------------------------------------------------------------------
Finished ROM, RAM, DSP, Shift Register and Retiming Reporting
---------------------------------------------------------------------------------
---------------------------------------------------------------------------------
Start Applying XDC Timing Constraints
---------------------------------------------------------------------------------
---------------------------------------------------------------------------------
Finished Applying XDC Timing Constraints : Time (s): cpu = 00:00:26 ; elapsed = 00:00:27 . Memory (MB): peak = 1681.293 ; gain = 903.910
---------------------------------------------------------------------------------
---------------------------------------------------------------------------------
Start Timing Optimization
---------------------------------------------------------------------------------
---------------------------------------------------------------------------------
Finished Timing Optimization : Time (s): cpu = 00:00:26 ; elapsed = 00:00:28 . Memory (MB): peak = 1711.133 ; gain = 933.750
---------------------------------------------------------------------------------
---------------------------------------------------------------------------------
Start Technology Mapping
---------------------------------------------------------------------------------
---------------------------------------------------------------------------------
Finished Technology Mapping : Time (s): cpu = 00:00:26 ; elapsed = 00:00:28 . Memory (MB): peak = 1722.789 ; gain = 945.406
---------------------------------------------------------------------------------
---------------------------------------------------------------------------------
Start IO Insertion
---------------------------------------------------------------------------------
---------------------------------------------------------------------------------
Start Flattening Before IO Insertion
---------------------------------------------------------------------------------
---------------------------------------------------------------------------------
Finished Flattening Before IO Insertion
---------------------------------------------------------------------------------
---------------------------------------------------------------------------------
Start Final Netlist Cleanup
---------------------------------------------------------------------------------
---------------------------------------------------------------------------------
Finished Final Netlist Cleanup
---------------------------------------------------------------------------------
---------------------------------------------------------------------------------
Finished IO Insertion : Time (s): cpu = 00:00:33 ; elapsed = 00:00:35 . Memory (MB): peak = 1948.609 ; gain = 1171.227
---------------------------------------------------------------------------------
---------------------------------------------------------------------------------
Start Renaming Generated Instances
---------------------------------------------------------------------------------
---------------------------------------------------------------------------------
Finished Renaming Generated Instances : Time (s): cpu = 00:00:33 ; elapsed = 00:00:35 . Memory (MB): peak = 1948.609 ; gain = 1171.227
---------------------------------------------------------------------------------
---------------------------------------------------------------------------------
Start Rebuilding User Hierarchy
---------------------------------------------------------------------------------
---------------------------------------------------------------------------------
Finished Rebuilding User Hierarchy : Time (s): cpu = 00:00:33 ; elapsed = 00:00:35 . Memory (MB): peak = 1948.609 ; gain = 1171.227
---------------------------------------------------------------------------------
---------------------------------------------------------------------------------
Start Renaming Generated Ports
---------------------------------------------------------------------------------
---------------------------------------------------------------------------------
Finished Renaming Generated Ports : Time (s): cpu = 00:00:33 ; elapsed = 00:00:35 . Memory (MB): peak = 1948.609 ; gain = 1171.227
---------------------------------------------------------------------------------
---------------------------------------------------------------------------------
Start Handling Custom Attributes
---------------------------------------------------------------------------------
---------------------------------------------------------------------------------
Finished Handling Custom Attributes : Time (s): cpu = 00:00:33 ; elapsed = 00:00:35 . Memory (MB): peak = 1948.609 ; gain = 1171.227
---------------------------------------------------------------------------------
---------------------------------------------------------------------------------
Start Renaming Generated Nets
---------------------------------------------------------------------------------
---------------------------------------------------------------------------------
Finished Renaming Generated Nets : Time (s): cpu = 00:00:33 ; elapsed = 00:00:35 . Memory (MB): peak = 1948.609 ; gain = 1171.227
---------------------------------------------------------------------------------
---------------------------------------------------------------------------------
Start ROM, RAM, DSP, Shift Register and Retiming Reporting
---------------------------------------------------------------------------------

Static Shift Register Report:
+------------+---------------------------------------------------------------------+--------+-------+--------------+--------------------+-------------------+--------+---------+
|Module Name | RTL Name                                                            | Length | Width | Reset Signal | Pull out first Reg | Pull out last Reg | SRL16E | SRLC32E | 
+------------+---------------------------------------------------------------------+--------+-------+--------------+--------------------+-------------------+--------+---------+
|spmv        | grp_spmv_Pipeline_L2_fu_98/icmp_ln20_1_reg_463_pp0_iter2_reg_reg[0] | 3      | 1     | NO           | NO                 | YES               | 1      | 0       | 
+------------+---------------------------------------------------------------------+--------+-------+--------------+--------------------+-------------------+--------+---------+

---------------------------------------------------------------------------------
Finished ROM, RAM, DSP, Shift Register and Retiming Reporting
---------------------------------------------------------------------------------
---------------------------------------------------------------------------------
Start Writing Synthesis Report
---------------------------------------------------------------------------------

DSP Final Report (the ' indicates corresponding REG is set)
+------------------------------------------+-------------------+--------+--------+--------+--------+--------+------+------+------+------+-------+------+------+
|Module Name                               | DSP Mapping       | A Size | B Size | C Size | D Size | P Size | AREG | BREG | CREG | DREG | ADREG | MREG | PREG | 
+------------------------------------------+-------------------+--------+--------+--------+--------+--------+------+------+------+------+-------+------+------+
|spmv                                      | (C+(A'*B'')')'    | 30     | 18     | 48     | -      | 32     | 1    | 2    | 0    | -    | -     | 1    | 1    | 
|spmv_mac_muladd_10s_8s_32s_32_4_1_DSP48_0 | (PCIN+(A''*B')')' | 30     | 18     | -      | -      | 32     | 2    | 1    | -    | -    | -     | 1    | 1    | 
+------------------------------------------+-------------------+--------+--------+--------+--------+--------+------+------+------+------+-------+------+------+


Report BlackBoxes: 
+-+--------------+----------+
| |BlackBox name |Instances |
+-+--------------+----------+
+-+--------------+----------+

Report Cell Usage: 
+------+--------+------+
|      |Cell    |Count |
+------+--------+------+
|1     |CARRY4  |    26|
|2     |DSP48E1 |     2|
|4     |LUT1    |     1|
|5     |LUT2    |    10|
|6     |LUT3    |    37|
|7     |LUT4    |   105|
|8     |LUT5    |    41|
|9     |LUT6    |    42|
|10    |SRL16E  |     1|
|11    |FDRE    |   237|
|12    |FDSE    |     2|
+------+--------+------+
---------------------------------------------------------------------------------
Finished Writing Synthesis Report : Time (s): cpu = 00:00:33 ; elapsed = 00:00:35 . Memory (MB): peak = 1948.609 ; gain = 1171.227
---------------------------------------------------------------------------------
Synthesis finished with 0 errors, 0 critical warnings and 0 warnings.
Synthesis Optimization Runtime : Time (s): cpu = 00:00:24 ; elapsed = 00:00:33 . Memory (MB): peak = 1948.609 ; gain = 1096.312
Synthesis Optimization Complete : Time (s): cpu = 00:00:33 ; elapsed = 00:00:35 . Memory (MB): peak = 1948.609 ; gain = 1171.227
INFO: [Project 1-571] Translating synthesized netlist
Netlist sorting complete. Time (s): cpu = 00:00:00 ; elapsed = 00:00:00.027 . Memory (MB): peak = 1957.695 ; gain = 0.000
INFO: [Netlist 29-17] Analyzing 28 Unisim elements for replacement
INFO: [Netlist 29-28] Unisim Transformation completed in 0 CPU seconds
INFO: [Project 1-570] Preparing netlist for logic optimization
INFO: [Opt 31-138] Pushed 0 inverter(s) to 0 load pin(s).
Netlist sorting complete. Time (s): cpu = 00:00:00 ; elapsed = 00:00:00 . Memory (MB): peak = 1961.383 ; gain = 0.000
INFO: [Project 1-111] Unisim Transformation Summary:
No Unisim elements were transformed.

Synth Design complete | Checksum: eb44a759
INFO: [Common 17-83] Releasing license: Synthesis
146 Infos, 1 Warnings, 0 Critical Warnings and 0 Errors encountered.
synth_design completed successfully
synth_design: Time (s): cpu = 00:00:37 ; elapsed = 00:00:41 . Memory (MB): peak = 1961.383 ; gain = 1416.016
Write ShapeDB Complete: Time (s): cpu = 00:00:00 ; elapsed = 00:00:00.002 . Memory (MB): peak = 1961.383 ; gain = 0.000
INFO: [Common 17-1381] The checkpoint 'C:/Users/stefa/Workspace/01-UNICAL/HLS/HLS_projects/build/project02_SpMV/06_pipeline-unroll-2-cyclic-2-v2-L2/vivado_prj/vivado_prj.runs/spmv_0_synth_1/spmv_0.dcp' has been generated.
INFO: [Coretcl 2-1648] Added synthesis output to IP cache for IP spmv_0, cache-ID = 9c2c5f71ed98a3da
INFO: [Coretcl 2-1174] Renamed 7 cell refs.
Write ShapeDB Complete: Time (s): cpu = 00:00:00 ; elapsed = 00:00:00.002 . Memory (MB): peak = 1961.383 ; gain = 0.000
INFO: [Common 17-1381] The checkpoint 'C:/Users/stefa/Workspace/01-UNICAL/HLS/HLS_projects/build/project02_SpMV/06_pipeline-unroll-2-cyclic-2-v2-L2/vivado_prj/vivado_prj.runs/spmv_0_synth_1/spmv_0.dcp' has been generated.
INFO: [Vivado 12-24828] Executing command : report_utilization -file spmv_0_utilization_synth.rpt -pb spmv_0_utilization_synth.pb
INFO: [Common 17-206] Exiting Vivado at Mon Jun 15 11:17:57 2026...
