

================================================================
== Vitis HLS Report for 'fir'
================================================================
* Date:           Thu Jun  4 17:03:15 2026

* Version:        2025.2 (Build 6295257 on Nov 12 2025)
* Project:        06_loop-fission-unroll_script
* Solution:       hls (Vivado IP Flow Target)
* Product family: zynq
* Target device:  xc7z020-clg484-3


================================================================
== Performance Estimates
================================================================
+ Timing: 
    * Summary: 
    +--------+----------+----------+------------+
    |  Clock |  Target  | Estimated| Uncertainty|
    +--------+----------+----------+------------+
    |ap_clk  |  10.00 ns|  2.686 ns|     2.70 ns|
    +--------+----------+----------+------------+

+ Latency: 
    * Summary: 
    +---------+---------+----------+----------+-----+-----+---------+
    |  Latency (cycles) |  Latency (absolute) |  Interval | Pipeline|
    |   min   |   max   |    min   |    max   | min | max |   Type  |
    +---------+---------+----------+----------+-----+-----+---------+
    |       65|       65|  0.650 us|  0.650 us|   66|   66|       no|
    +---------+---------+----------+----------+-----+-----+---------+

    + Detail: 
        * Instance: 
        N/A

        * Loop: 
        +------------+---------+---------+----------+-----------+-----------+------+----------+
        |            |  Latency (cycles) | Iteration|  Initiation Interval  | Trip |          |
        |  Loop Name |   min   |   max   |  Latency |  achieved |   target  | Count| Pipelined|
        +------------+---------+---------+----------+-----------+-----------+------+----------+
        |- mac_loop  |       55|       55|         5|          -|          -|    11|        no|
        +------------+---------+---------+----------+-----------+-----------+------+----------+

============================================================
+ Verbose Summary: Synthesis Manager
============================================================
InlineROM: 1
ExposeGlobal: 0
============================================================
+ Verbose Summary: CDFG Model
============================================================
IsTopModel: 1
ResetActiveHigh: 1
IsCombinational: 0
IsDatapathOnly: 0
HasWiredReturn: 1
HasMFsm: 0
HasVarLatency: 1
IsPipeline: 0
IsRtlPipelined: 0
IsInstanceOverlapped: 0
IsDontTouch: 0
HasImplIP: 0
IsGatedGlobalClock: 0


============================================================
+ Verbose Summary: Schedule
============================================================
* Number of FSM states : 15
* Pipeline : 0
* Dataflow Pipeline: 0

* FSM state transitions: 
1 --> 2 
2 --> 3 
3 --> 4 
4 --> 5 
5 --> 6 
6 --> 7 
7 --> 8 
8 --> 9 
9 --> 10 
10 --> 11 
11 --> 12 
12 --> 13 
13 --> 14 
14 --> 15 
15 --> 11 

* FSM state operations: 

State 1 <SV = 0> <Delay = 1.14>
ST_1 : Operation 16 [1/1] (0.00ns)   --->   "%acc = alloca i32 1" [fir.cpp:10]   --->   Operation 16 'alloca' 'acc' <Predicate = true> <Delay = 0.00>
ST_1 : Operation 17 [1/1] (0.00ns)   --->   "%i = alloca i32 1" [fir.cpp:23]   --->   Operation 17 'alloca' 'i' <Predicate = true> <Delay = 0.00>
ST_1 : Operation 18 [2/2] (1.56ns)   --->   "%shift_reg_load = load i12 9" [fir.cpp:17]   --->   Operation 18 'load' 'shift_reg_load' <Predicate = true> <Delay = 1.56> <CoreInst = "RAM">   --->   Core 81 'RAM' <Latency = 1> <II = 1> <Delay = 1.56> <Storage> <Opcode : 'load' 'store'> <Ports = 2> <Width = 12> <Depth = 11> <RAM>
ST_1 : Operation 19 [2/2] (1.56ns)   --->   "%shift_reg_load_1 = load i12 8" [fir.cpp:17]   --->   Operation 19 'load' 'shift_reg_load_1' <Predicate = true> <Delay = 1.56> <CoreInst = "RAM">   --->   Core 81 'RAM' <Latency = 1> <II = 1> <Delay = 1.56> <Storage> <Opcode : 'load' 'store'> <Ports = 2> <Width = 12> <Depth = 11> <RAM>
ST_1 : Operation 20 [1/1] (1.14ns)   --->   "%store_ln23 = store i4 0, i4 %i" [fir.cpp:23]   --->   Operation 20 'store' 'store_ln23' <Predicate = true> <Delay = 1.14>
ST_1 : Operation 21 [1/1] (1.14ns)   --->   "%store_ln10 = store i26 0, i26 %acc" [fir.cpp:10]   --->   Operation 21 'store' 'store_ln10' <Predicate = true> <Delay = 1.14>

State 2 <SV = 1> <Delay = 1.56>
ST_2 : Operation 22 [1/2] ( I:1.56ns O:1.56ns )   --->   "%shift_reg_load = load i12 9" [fir.cpp:17]   --->   Operation 22 'load' 'shift_reg_load' <Predicate = true> <Delay = 1.56> <CoreInst = "RAM">   --->   Core 81 'RAM' <Latency = 1> <II = 1> <Delay = 1.56> <Storage> <Opcode : 'load' 'store'> <Ports = 2> <Width = 12> <Depth = 11> <RAM>
ST_2 : Operation 23 [1/2] ( I:1.56ns O:1.56ns )   --->   "%shift_reg_load_1 = load i12 8" [fir.cpp:17]   --->   Operation 23 'load' 'shift_reg_load_1' <Predicate = true> <Delay = 1.56> <CoreInst = "RAM">   --->   Core 81 'RAM' <Latency = 1> <II = 1> <Delay = 1.56> <Storage> <Opcode : 'load' 'store'> <Ports = 2> <Width = 12> <Depth = 11> <RAM>
ST_2 : Operation 24 [2/2] (1.56ns)   --->   "%shift_reg_load_2 = load i12 7" [fir.cpp:17]   --->   Operation 24 'load' 'shift_reg_load_2' <Predicate = true> <Delay = 1.56> <CoreInst = "RAM">   --->   Core 81 'RAM' <Latency = 1> <II = 1> <Delay = 1.56> <Storage> <Opcode : 'load' 'store'> <Ports = 2> <Width = 12> <Depth = 11> <RAM>
ST_2 : Operation 25 [2/2] (1.56ns)   --->   "%shift_reg_load_3 = load i12 6" [fir.cpp:17]   --->   Operation 25 'load' 'shift_reg_load_3' <Predicate = true> <Delay = 1.56> <CoreInst = "RAM">   --->   Core 81 'RAM' <Latency = 1> <II = 1> <Delay = 1.56> <Storage> <Opcode : 'load' 'store'> <Ports = 2> <Width = 12> <Depth = 11> <RAM>

State 3 <SV = 2> <Delay = 1.56>
ST_3 : Operation 26 [1/2] ( I:1.56ns O:1.56ns )   --->   "%shift_reg_load_2 = load i12 7" [fir.cpp:17]   --->   Operation 26 'load' 'shift_reg_load_2' <Predicate = true> <Delay = 1.56> <CoreInst = "RAM">   --->   Core 81 'RAM' <Latency = 1> <II = 1> <Delay = 1.56> <Storage> <Opcode : 'load' 'store'> <Ports = 2> <Width = 12> <Depth = 11> <RAM>
ST_3 : Operation 27 [1/2] ( I:1.56ns O:1.56ns )   --->   "%shift_reg_load_3 = load i12 6" [fir.cpp:17]   --->   Operation 27 'load' 'shift_reg_load_3' <Predicate = true> <Delay = 1.56> <CoreInst = "RAM">   --->   Core 81 'RAM' <Latency = 1> <II = 1> <Delay = 1.56> <Storage> <Opcode : 'load' 'store'> <Ports = 2> <Width = 12> <Depth = 11> <RAM>
ST_3 : Operation 28 [2/2] (1.56ns)   --->   "%shift_reg_load_4 = load i12 5" [fir.cpp:17]   --->   Operation 28 'load' 'shift_reg_load_4' <Predicate = true> <Delay = 1.56> <CoreInst = "RAM">   --->   Core 81 'RAM' <Latency = 1> <II = 1> <Delay = 1.56> <Storage> <Opcode : 'load' 'store'> <Ports = 2> <Width = 12> <Depth = 11> <RAM>
ST_3 : Operation 29 [2/2] (1.56ns)   --->   "%shift_reg_load_5 = load i12 4" [fir.cpp:17]   --->   Operation 29 'load' 'shift_reg_load_5' <Predicate = true> <Delay = 1.56> <CoreInst = "RAM">   --->   Core 81 'RAM' <Latency = 1> <II = 1> <Delay = 1.56> <Storage> <Opcode : 'load' 'store'> <Ports = 2> <Width = 12> <Depth = 11> <RAM>

State 4 <SV = 3> <Delay = 1.56>
ST_4 : Operation 30 [1/2] ( I:1.56ns O:1.56ns )   --->   "%shift_reg_load_4 = load i12 5" [fir.cpp:17]   --->   Operation 30 'load' 'shift_reg_load_4' <Predicate = true> <Delay = 1.56> <CoreInst = "RAM">   --->   Core 81 'RAM' <Latency = 1> <II = 1> <Delay = 1.56> <Storage> <Opcode : 'load' 'store'> <Ports = 2> <Width = 12> <Depth = 11> <RAM>
ST_4 : Operation 31 [1/2] ( I:1.56ns O:1.56ns )   --->   "%shift_reg_load_5 = load i12 4" [fir.cpp:17]   --->   Operation 31 'load' 'shift_reg_load_5' <Predicate = true> <Delay = 1.56> <CoreInst = "RAM">   --->   Core 81 'RAM' <Latency = 1> <II = 1> <Delay = 1.56> <Storage> <Opcode : 'load' 'store'> <Ports = 2> <Width = 12> <Depth = 11> <RAM>
ST_4 : Operation 32 [2/2] (1.56ns)   --->   "%shift_reg_load_6 = load i12 3" [fir.cpp:17]   --->   Operation 32 'load' 'shift_reg_load_6' <Predicate = true> <Delay = 1.56> <CoreInst = "RAM">   --->   Core 81 'RAM' <Latency = 1> <II = 1> <Delay = 1.56> <Storage> <Opcode : 'load' 'store'> <Ports = 2> <Width = 12> <Depth = 11> <RAM>
ST_4 : Operation 33 [2/2] (1.56ns)   --->   "%shift_reg_load_7 = load i12 2" [fir.cpp:17]   --->   Operation 33 'load' 'shift_reg_load_7' <Predicate = true> <Delay = 1.56> <CoreInst = "RAM">   --->   Core 81 'RAM' <Latency = 1> <II = 1> <Delay = 1.56> <Storage> <Opcode : 'load' 'store'> <Ports = 2> <Width = 12> <Depth = 11> <RAM>

State 5 <SV = 4> <Delay = 1.56>
ST_5 : Operation 34 [1/1] (0.00ns)   --->   "%x_read = read i12 @_ssdm_op_Read.ap_auto.i12, i12 %x" [fir.cpp:3]   --->   Operation 34 'read' 'x_read' <Predicate = true> <Delay = 0.00>
ST_5 : Operation 35 [1/2] ( I:1.56ns O:1.56ns )   --->   "%shift_reg_load_6 = load i12 3" [fir.cpp:17]   --->   Operation 35 'load' 'shift_reg_load_6' <Predicate = true> <Delay = 1.56> <CoreInst = "RAM">   --->   Core 81 'RAM' <Latency = 1> <II = 1> <Delay = 1.56> <Storage> <Opcode : 'load' 'store'> <Ports = 2> <Width = 12> <Depth = 11> <RAM>
ST_5 : Operation 36 [1/2] ( I:1.56ns O:1.56ns )   --->   "%shift_reg_load_7 = load i12 2" [fir.cpp:17]   --->   Operation 36 'load' 'shift_reg_load_7' <Predicate = true> <Delay = 1.56> <CoreInst = "RAM">   --->   Core 81 'RAM' <Latency = 1> <II = 1> <Delay = 1.56> <Storage> <Opcode : 'load' 'store'> <Ports = 2> <Width = 12> <Depth = 11> <RAM>
ST_5 : Operation 37 [2/2] (1.56ns)   --->   "%shift_reg_load_8 = load i12 1" [fir.cpp:17]   --->   Operation 37 'load' 'shift_reg_load_8' <Predicate = true> <Delay = 1.56> <CoreInst = "RAM">   --->   Core 81 'RAM' <Latency = 1> <II = 1> <Delay = 1.56> <Storage> <Opcode : 'load' 'store'> <Ports = 2> <Width = 12> <Depth = 11> <RAM>
ST_5 : Operation 38 [2/2] (1.56ns)   --->   "%shift_reg_load_9 = load i12 0" [fir.cpp:17]   --->   Operation 38 'load' 'shift_reg_load_9' <Predicate = true> <Delay = 1.56> <CoreInst = "RAM">   --->   Core 81 'RAM' <Latency = 1> <II = 1> <Delay = 1.56> <Storage> <Opcode : 'load' 'store'> <Ports = 2> <Width = 12> <Depth = 11> <RAM>
ST_5 : Operation 39 [1/1] ( I:1.56ns O:1.56ns )   --->   "%store_ln20 = store i12 %x_read, i12 0" [fir.cpp:20]   --->   Operation 39 'store' 'store_ln20' <Predicate = true> <Delay = 1.56> <CoreInst = "RAM">   --->   Core 81 'RAM' <Latency = 1> <II = 1> <Delay = 1.56> <Storage> <Opcode : 'load' 'store'> <Ports = 2> <Width = 12> <Depth = 11> <RAM>

State 6 <SV = 5> <Delay = 1.56>
ST_6 : Operation 40 [1/1] ( I:1.56ns O:1.56ns )   --->   "%store_ln17 = store i12 %shift_reg_load, i12 10" [fir.cpp:17]   --->   Operation 40 'store' 'store_ln17' <Predicate = true> <Delay = 1.56> <CoreInst = "RAM">   --->   Core 81 'RAM' <Latency = 1> <II = 1> <Delay = 1.56> <Storage> <Opcode : 'load' 'store'> <Ports = 2> <Width = 12> <Depth = 11> <RAM>
ST_6 : Operation 41 [1/1] ( I:1.56ns O:1.56ns )   --->   "%store_ln17 = store i12 %shift_reg_load_1, i12 9" [fir.cpp:17]   --->   Operation 41 'store' 'store_ln17' <Predicate = true> <Delay = 1.56> <CoreInst = "RAM">   --->   Core 81 'RAM' <Latency = 1> <II = 1> <Delay = 1.56> <Storage> <Opcode : 'load' 'store'> <Ports = 2> <Width = 12> <Depth = 11> <RAM>
ST_6 : Operation 42 [1/2] ( I:1.56ns O:1.56ns )   --->   "%shift_reg_load_8 = load i12 1" [fir.cpp:17]   --->   Operation 42 'load' 'shift_reg_load_8' <Predicate = true> <Delay = 1.56> <CoreInst = "RAM">   --->   Core 81 'RAM' <Latency = 1> <II = 1> <Delay = 1.56> <Storage> <Opcode : 'load' 'store'> <Ports = 2> <Width = 12> <Depth = 11> <RAM>
ST_6 : Operation 43 [1/2] ( I:1.56ns O:1.56ns )   --->   "%shift_reg_load_9 = load i12 0" [fir.cpp:17]   --->   Operation 43 'load' 'shift_reg_load_9' <Predicate = true> <Delay = 1.56> <CoreInst = "RAM">   --->   Core 81 'RAM' <Latency = 1> <II = 1> <Delay = 1.56> <Storage> <Opcode : 'load' 'store'> <Ports = 2> <Width = 12> <Depth = 11> <RAM>

State 7 <SV = 6> <Delay = 1.56>
ST_7 : Operation 44 [1/1] ( I:1.56ns O:1.56ns )   --->   "%store_ln17 = store i12 %shift_reg_load_2, i12 8" [fir.cpp:17]   --->   Operation 44 'store' 'store_ln17' <Predicate = true> <Delay = 1.56> <CoreInst = "RAM">   --->   Core 81 'RAM' <Latency = 1> <II = 1> <Delay = 1.56> <Storage> <Opcode : 'load' 'store'> <Ports = 2> <Width = 12> <Depth = 11> <RAM>
ST_7 : Operation 45 [1/1] ( I:1.56ns O:1.56ns )   --->   "%store_ln17 = store i12 %shift_reg_load_3, i12 7" [fir.cpp:17]   --->   Operation 45 'store' 'store_ln17' <Predicate = true> <Delay = 1.56> <CoreInst = "RAM">   --->   Core 81 'RAM' <Latency = 1> <II = 1> <Delay = 1.56> <Storage> <Opcode : 'load' 'store'> <Ports = 2> <Width = 12> <Depth = 11> <RAM>

State 8 <SV = 7> <Delay = 1.56>
ST_8 : Operation 46 [1/1] ( I:1.56ns O:1.56ns )   --->   "%store_ln17 = store i12 %shift_reg_load_4, i12 6" [fir.cpp:17]   --->   Operation 46 'store' 'store_ln17' <Predicate = true> <Delay = 1.56> <CoreInst = "RAM">   --->   Core 81 'RAM' <Latency = 1> <II = 1> <Delay = 1.56> <Storage> <Opcode : 'load' 'store'> <Ports = 2> <Width = 12> <Depth = 11> <RAM>
ST_8 : Operation 47 [1/1] ( I:1.56ns O:1.56ns )   --->   "%store_ln17 = store i12 %shift_reg_load_5, i12 5" [fir.cpp:17]   --->   Operation 47 'store' 'store_ln17' <Predicate = true> <Delay = 1.56> <CoreInst = "RAM">   --->   Core 81 'RAM' <Latency = 1> <II = 1> <Delay = 1.56> <Storage> <Opcode : 'load' 'store'> <Ports = 2> <Width = 12> <Depth = 11> <RAM>

State 9 <SV = 8> <Delay = 1.56>
ST_9 : Operation 48 [1/1] ( I:1.56ns O:1.56ns )   --->   "%store_ln17 = store i12 %shift_reg_load_6, i12 4" [fir.cpp:17]   --->   Operation 48 'store' 'store_ln17' <Predicate = true> <Delay = 1.56> <CoreInst = "RAM">   --->   Core 81 'RAM' <Latency = 1> <II = 1> <Delay = 1.56> <Storage> <Opcode : 'load' 'store'> <Ports = 2> <Width = 12> <Depth = 11> <RAM>
ST_9 : Operation 49 [1/1] ( I:1.56ns O:1.56ns )   --->   "%store_ln17 = store i12 %shift_reg_load_7, i12 3" [fir.cpp:17]   --->   Operation 49 'store' 'store_ln17' <Predicate = true> <Delay = 1.56> <CoreInst = "RAM">   --->   Core 81 'RAM' <Latency = 1> <II = 1> <Delay = 1.56> <Storage> <Opcode : 'load' 'store'> <Ports = 2> <Width = 12> <Depth = 11> <RAM>

State 10 <SV = 9> <Delay = 1.56>
ST_10 : Operation 50 [1/1] (0.00ns)   --->   "%spectopmodule_ln3 = spectopmodule void @_ssdm_op_SpecTopModule, void @empty_1" [fir.cpp:3]   --->   Operation 50 'spectopmodule' 'spectopmodule_ln3' <Predicate = true> <Delay = 0.00>
ST_10 : Operation 51 [1/1] (0.00ns)   --->   "%specbitsmap_ln0 = specbitsmap void @_ssdm_op_SpecBitsMap, i32 %y"   --->   Operation 51 'specbitsmap' 'specbitsmap_ln0' <Predicate = true> <Delay = 0.00>
ST_10 : Operation 52 [1/1] (0.00ns)   --->   "%specinterface_ln0 = specinterface void @_ssdm_op_SpecInterface, i32 %y, void @empty, i32 0, i32 0, void @empty_0, i32 0, i32 0, void @empty_0, void @empty_0, void @empty_0, i32 0, i32 0, i32 0, i32 0, void @empty_0, void @empty_0, i32 4294967295, i32 0, i32 0, i32 0"   --->   Operation 52 'specinterface' 'specinterface_ln0' <Predicate = true> <Delay = 0.00>
ST_10 : Operation 53 [1/1] (0.00ns)   --->   "%specbitsmap_ln0 = specbitsmap void @_ssdm_op_SpecBitsMap, i12 %x"   --->   Operation 53 'specbitsmap' 'specbitsmap_ln0' <Predicate = true> <Delay = 0.00>
ST_10 : Operation 54 [1/1] (0.00ns)   --->   "%specinterface_ln0 = specinterface void @_ssdm_op_SpecInterface, i12 %x, void @empty, i32 0, i32 0, void @empty_0, i32 0, i32 0, void @empty_0, void @empty_0, void @empty_0, i32 0, i32 0, i32 0, i32 0, void @empty_0, void @empty_0, i32 4294967295, i32 0, i32 0, i32 0"   --->   Operation 54 'specinterface' 'specinterface_ln0' <Predicate = true> <Delay = 0.00>
ST_10 : Operation 55 [1/1] ( I:1.56ns O:1.56ns )   --->   "%store_ln17 = store i12 %shift_reg_load_8, i12 2" [fir.cpp:17]   --->   Operation 55 'store' 'store_ln17' <Predicate = true> <Delay = 1.56> <CoreInst = "RAM">   --->   Core 81 'RAM' <Latency = 1> <II = 1> <Delay = 1.56> <Storage> <Opcode : 'load' 'store'> <Ports = 2> <Width = 12> <Depth = 11> <RAM>
ST_10 : Operation 56 [1/1] ( I:1.56ns O:1.56ns )   --->   "%store_ln17 = store i12 %shift_reg_load_9, i12 1" [fir.cpp:17]   --->   Operation 56 'store' 'store_ln17' <Predicate = true> <Delay = 1.56> <CoreInst = "RAM">   --->   Core 81 'RAM' <Latency = 1> <II = 1> <Delay = 1.56> <Storage> <Opcode : 'load' 'store'> <Ports = 2> <Width = 12> <Depth = 11> <RAM>
ST_10 : Operation 57 [1/1] (0.00ns)   --->   "%br_ln23 = br void %for.inc22" [fir.cpp:23]   --->   Operation 57 'br' 'br_ln23' <Predicate = true> <Delay = 0.00>

State 11 <SV = 10> <Delay = 2.55>
ST_11 : Operation 58 [1/1] (0.00ns)   --->   "%i_1 = load i4 %i" [fir.cpp:23]   --->   Operation 58 'load' 'i_1' <Predicate = true> <Delay = 0.00>
ST_11 : Operation 59 [1/1] (1.40ns)   --->   "%icmp_ln23 = icmp_eq  i4 %i_1, i4 11" [fir.cpp:23]   --->   Operation 59 'icmp' 'icmp_ln23' <Predicate = true> <Delay = 1.40> <CoreInst = "Cmp">   --->   Core 9 'Cmp' <Latency = 0> <II = 1> <Delay = 1.40> <FuncUnit> <Opcode : 'seteq' 'setne' 'setle' 'setge' 'setlt' 'setgt'> <InPorts = 2> <OutPorts = 1>
ST_11 : Operation 60 [1/1] (1.40ns)   --->   "%add_ln23 = add i4 %i_1, i4 1" [fir.cpp:23]   --->   Operation 60 'add' 'add_ln23' <Predicate = true> <Delay = 1.40> <CoreInst = "Adder">   --->   Core 1 'Adder' <Latency = 0> <II = 1> <Delay = 1.40> <FuncUnit> <Opcode : 'add' 'sub'> <InPorts = 2> <OutPorts = 1>
ST_11 : Operation 61 [1/1] (0.00ns)   --->   "%br_ln23 = br i1 %icmp_ln23, void %for.inc22.split, void %for.end23" [fir.cpp:23]   --->   Operation 61 'br' 'br_ln23' <Predicate = true> <Delay = 0.00>
ST_11 : Operation 62 [1/1] (0.00ns)   --->   "%zext_ln23 = zext i4 %i_1" [fir.cpp:23]   --->   Operation 62 'zext' 'zext_ln23' <Predicate = (!icmp_ln23)> <Delay = 0.00>
ST_11 : Operation 63 [1/1] (0.00ns)   --->   "%shift_reg_addr = getelementptr i12 %shift_reg, i64 0, i64 %zext_ln23" [fir.cpp:24]   --->   Operation 63 'getelementptr' 'shift_reg_addr' <Predicate = (!icmp_ln23)> <Delay = 0.00>
ST_11 : Operation 64 [2/2] (1.56ns)   --->   "%shift_reg_load_10 = load i4 %shift_reg_addr" [fir.cpp:24]   --->   Operation 64 'load' 'shift_reg_load_10' <Predicate = (!icmp_ln23)> <Delay = 1.56> <CoreInst = "RAM">   --->   Core 81 'RAM' <Latency = 1> <II = 1> <Delay = 1.56> <Storage> <Opcode : 'load' 'store'> <Ports = 2> <Width = 12> <Depth = 11> <RAM>
ST_11 : Operation 65 [1/1] (0.00ns)   --->   "%c_addr = getelementptr i10 %c, i64 0, i64 %zext_ln23" [fir.cpp:24]   --->   Operation 65 'getelementptr' 'c_addr' <Predicate = (!icmp_ln23)> <Delay = 0.00>
ST_11 : Operation 66 [2/2] (1.56ns)   --->   "%c_load = load i4 %c_addr" [fir.cpp:24]   --->   Operation 66 'load' 'c_load' <Predicate = (!icmp_ln23)> <Delay = 1.56> <CoreInst = "ROM">   --->   Core 94 'ROM' <Latency = 1> <II = 1> <Delay = 1.56> <Storage> <Opcode : 'load'> <Ports = 0> <Width = 10> <Depth = 11> <ROM>
ST_11 : Operation 67 [1/1] (1.14ns)   --->   "%store_ln23 = store i4 %add_ln23, i4 %i" [fir.cpp:23]   --->   Operation 67 'store' 'store_ln23' <Predicate = (!icmp_ln23)> <Delay = 1.14>
ST_11 : Operation 68 [1/1] (0.00ns)   --->   "%acc_load_1 = load i26 %acc" [fir.cpp:27]   --->   Operation 68 'load' 'acc_load_1' <Predicate = (icmp_ln23)> <Delay = 0.00>
ST_11 : Operation 69 [1/1] (0.00ns)   --->   "%sext_ln27 = sext i26 %acc_load_1" [fir.cpp:27]   --->   Operation 69 'sext' 'sext_ln27' <Predicate = (icmp_ln23)> <Delay = 0.00>
ST_11 : Operation 70 [1/1] (0.00ns)   --->   "%write_ln27 = write void @_ssdm_op_Write.ap_auto.i32P0A, i32 %y, i32 %sext_ln27" [fir.cpp:27]   --->   Operation 70 'write' 'write_ln27' <Predicate = (icmp_ln23)> <Delay = 0.00>
ST_11 : Operation 71 [1/1] (0.00ns)   --->   "%ret_ln28 = ret" [fir.cpp:28]   --->   Operation 71 'ret' 'ret_ln28' <Predicate = (icmp_ln23)> <Delay = 0.00>

State 12 <SV = 11> <Delay = 2.49>
ST_12 : Operation 72 [1/2] ( I:1.56ns O:1.56ns )   --->   "%shift_reg_load_10 = load i4 %shift_reg_addr" [fir.cpp:24]   --->   Operation 72 'load' 'shift_reg_load_10' <Predicate = true> <Delay = 1.56> <CoreInst = "RAM">   --->   Core 81 'RAM' <Latency = 1> <II = 1> <Delay = 1.56> <Storage> <Opcode : 'load' 'store'> <Ports = 2> <Width = 12> <Depth = 11> <RAM>
ST_12 : Operation 73 [1/1] (0.00ns)   --->   "%zext_ln24 = zext i12 %shift_reg_load_10" [fir.cpp:24]   --->   Operation 73 'zext' 'zext_ln24' <Predicate = true> <Delay = 0.00>
ST_12 : Operation 74 [1/2] ( I:1.56ns O:1.56ns )   --->   "%c_load = load i4 %c_addr" [fir.cpp:24]   --->   Operation 74 'load' 'c_load' <Predicate = true> <Delay = 1.56> <CoreInst = "ROM">   --->   Core 94 'ROM' <Latency = 1> <II = 1> <Delay = 1.56> <Storage> <Opcode : 'load'> <Ports = 0> <Width = 10> <Depth = 11> <ROM>
ST_12 : Operation 75 [1/1] (0.00ns)   --->   "%sext_ln24 = sext i10 %c_load" [fir.cpp:24]   --->   Operation 75 'sext' 'sext_ln24' <Predicate = true> <Delay = 0.00>
ST_12 : Operation 76 [3/3] (0.93ns) (grouped into DSP with root node acc_1)   --->   "%mul_ln24 = mul i22 %zext_ln24, i22 %sext_ln24" [fir.cpp:24]   --->   Operation 76 'mul' 'mul_ln24' <Predicate = true> <Delay = 0.93> <CoreInst = "DSP48">   --->   Core 116 'DSP48' <Latency = 3> <II = 1> <Delay = 1.59> <IPBlock> <Opcode : 'add' 'sub' 'mul' 'select'> <InPorts = 0> <OutPorts = 1> <Sync> <CReg>

State 13 <SV = 12> <Delay = 0.93>
ST_13 : Operation 77 [2/3] (0.93ns) (grouped into DSP with root node acc_1)   --->   "%mul_ln24 = mul i22 %zext_ln24, i22 %sext_ln24" [fir.cpp:24]   --->   Operation 77 'mul' 'mul_ln24' <Predicate = true> <Delay = 0.93> <CoreInst = "DSP48">   --->   Core 116 'DSP48' <Latency = 3> <II = 1> <Delay = 1.59> <IPBlock> <Opcode : 'add' 'sub' 'mul' 'select'> <InPorts = 0> <OutPorts = 1> <Sync> <CReg>

State 14 <SV = 13> <Delay = 1.54>
ST_14 : Operation 78 [1/1] (0.00ns)   --->   "%acc_load = load i26 %acc" [fir.cpp:24]   --->   Operation 78 'load' 'acc_load' <Predicate = true> <Delay = 0.00>
ST_14 : Operation 79 [1/3] (0.00ns) (grouped into DSP with root node acc_1)   --->   "%mul_ln24 = mul i22 %zext_ln24, i22 %sext_ln24" [fir.cpp:24]   --->   Operation 79 'mul' 'mul_ln24' <Predicate = true> <Delay = 0.00> <CoreInst = "DSP48">   --->   Core 116 'DSP48' <Latency = 3> <II = 1> <Delay = 1.59> <IPBlock> <Opcode : 'add' 'sub' 'mul' 'select'> <InPorts = 0> <OutPorts = 1> <Sync> <CReg>
ST_14 : Operation 80 [1/1] (0.00ns) (grouped into DSP with root node acc_1)   --->   "%sext_ln24_1 = sext i22 %mul_ln24" [fir.cpp:24]   --->   Operation 80 'sext' 'sext_ln24_1' <Predicate = true> <Delay = 0.00>
ST_14 : Operation 81 [2/2] (1.54ns) (root node of the DSP)   --->   "%acc_1 = add i26 %sext_ln24_1, i26 %acc_load" [fir.cpp:24]   --->   Operation 81 'add' 'acc_1' <Predicate = true> <Delay = 1.54> <CoreInst = "DSP48">   --->   Core 116 'DSP48' <Latency = 3> <II = 1> <Delay = 1.59> <IPBlock> <Opcode : 'add' 'sub' 'mul' 'select'> <InPorts = 0> <OutPorts = 1> <Sync> <CReg>

State 15 <SV = 14> <Delay = 2.68>
ST_15 : Operation 82 [1/1] (0.00ns)   --->   "%speclooptripcount_ln10 = speclooptripcount void @_ssdm_op_SpecLoopTripCount, i64 11, i64 11, i64 11" [fir.cpp:10]   --->   Operation 82 'speclooptripcount' 'speclooptripcount_ln10' <Predicate = true> <Delay = 0.00>
ST_15 : Operation 83 [1/1] (0.00ns)   --->   "%specloopname_ln23 = specloopname void @_ssdm_op_SpecLoopName, void @empty_2" [fir.cpp:23]   --->   Operation 83 'specloopname' 'specloopname_ln23' <Predicate = true> <Delay = 0.00>
ST_15 : Operation 84 [1/2] (1.54ns) (root node of the DSP)   --->   "%acc_1 = add i26 %sext_ln24_1, i26 %acc_load" [fir.cpp:24]   --->   Operation 84 'add' 'acc_1' <Predicate = true> <Delay = 1.54> <CoreInst = "DSP48">   --->   Core 116 'DSP48' <Latency = 3> <II = 1> <Delay = 1.59> <IPBlock> <Opcode : 'add' 'sub' 'mul' 'select'> <InPorts = 0> <OutPorts = 1> <Sync> <CReg>
ST_15 : Operation 85 [1/1] (1.14ns)   --->   "%store_ln10 = store i26 %acc_1, i26 %acc" [fir.cpp:10]   --->   Operation 85 'store' 'store_ln10' <Predicate = true> <Delay = 1.14>
ST_15 : Operation 86 [1/1] (0.00ns)   --->   "%br_ln23 = br void %for.inc22" [fir.cpp:23]   --->   Operation 86 'br' 'br_ln23' <Predicate = true> <Delay = 0.00>


============================================================
+ Verbose Summary: Timing violations
============================================================
Target clock period: 10.000ns, clock uncertainty: 2.700ns.

 <State 1>: 1.146ns
The critical path consists of the following:
	'alloca' operation 4 bit ('i', fir.cpp:23) [6]  (0.000 ns)
	'store' operation ('store_ln23', fir.cpp:23) of constant 0 4 bit on local variable 'i', fir.cpp:23 [34]  (1.146 ns)

 <State 2>: 1.566ns
The critical path consists of the following:
	'load' operation 12 bit ('shift_reg_load', fir.cpp:17) on array 'shift_reg' [13]  (1.566 ns)

 <State 3>: 1.566ns
The critical path consists of the following:
	'load' operation 12 bit ('shift_reg_load_2', fir.cpp:17) on array 'shift_reg' [17]  (1.566 ns)

 <State 4>: 1.566ns
The critical path consists of the following:
	'load' operation 12 bit ('shift_reg_load_4', fir.cpp:17) on array 'shift_reg' [21]  (1.566 ns)

 <State 5>: 1.566ns
The critical path consists of the following:
	'load' operation 12 bit ('shift_reg_load_6', fir.cpp:17) on array 'shift_reg' [25]  (1.566 ns)

 <State 6>: 1.566ns
The critical path consists of the following:
	'store' operation ('store_ln17', fir.cpp:17) of variable 'shift_reg_load', fir.cpp:17 12 bit on array 'shift_reg' [14]  (1.566 ns)

 <State 7>: 1.566ns
The critical path consists of the following:
	'store' operation ('store_ln17', fir.cpp:17) of variable 'shift_reg_load_2', fir.cpp:17 12 bit on array 'shift_reg' [18]  (1.566 ns)

 <State 8>: 1.566ns
The critical path consists of the following:
	'store' operation ('store_ln17', fir.cpp:17) of variable 'shift_reg_load_4', fir.cpp:17 12 bit on array 'shift_reg' [22]  (1.566 ns)

 <State 9>: 1.566ns
The critical path consists of the following:
	'store' operation ('store_ln17', fir.cpp:17) of variable 'shift_reg_load_6', fir.cpp:17 12 bit on array 'shift_reg' [26]  (1.566 ns)

 <State 10>: 1.566ns
The critical path consists of the following:
	'store' operation ('store_ln17', fir.cpp:17) of variable 'shift_reg_load_8', fir.cpp:17 12 bit on array 'shift_reg' [30]  (1.566 ns)

 <State 11>: 2.552ns
The critical path consists of the following:
	'load' operation 4 bit ('i', fir.cpp:23) on local variable 'i', fir.cpp:23 [38]  (0.000 ns)
	'add' operation 4 bit ('add_ln23', fir.cpp:23) [40]  (1.406 ns)
	'store' operation ('store_ln23', fir.cpp:23) of variable 'add_ln23', fir.cpp:23 4 bit on local variable 'i', fir.cpp:23 [56]  (1.146 ns)

 <State 12>: 2.496ns
The critical path consists of the following:
	'load' operation 12 bit ('shift_reg_load_10', fir.cpp:24) on array 'shift_reg' [48]  (1.566 ns)
	'mul' operation 22 bit of DSP[55] ('mul_ln24', fir.cpp:24) [53]  (0.930 ns)

 <State 13>: 0.930ns
The critical path consists of the following:
	'mul' operation 22 bit of DSP[55] ('mul_ln24', fir.cpp:24) [53]  (0.930 ns)

 <State 14>: 1.540ns
The critical path consists of the following:
	'load' operation 26 bit ('acc_load', fir.cpp:24) on local variable 'acc', fir.cpp:10 [43]  (0.000 ns)
	'add' operation 26 bit of DSP[55] ('acc', fir.cpp:24) [55]  (1.540 ns)

 <State 15>: 2.686ns
The critical path consists of the following:
	'add' operation 26 bit of DSP[55] ('acc', fir.cpp:24) [55]  (1.540 ns)
	'store' operation ('store_ln10', fir.cpp:10) of variable 'acc', fir.cpp:24 26 bit on local variable 'acc', fir.cpp:10 [57]  (1.146 ns)


============================================================
+ Verbose Summary: Binding
============================================================
N/A
* FSMD analyzer results:
  - Output states:
 - Input state : 
  - Chain level:
	State 1
	State 2
	State 3
	State 4
	State 5
	State 6
	State 7
	State 8
	State 9
	State 10
	State 11
	State 12
	State 13
	State 14
	State 15


============================================================
+ Verbose Summary: Datapath Resource usage 
============================================================
N/A
